CRITICAL - 2022-06-23 13:31:07 --> Undefined variable $categoria
#0 C:\xampp\htdocs\proyecto_ci\app\Views\categorias\categoria.php(36): CodeIgniter\Debug\Exceptions->errorHandler(2, 'Undefined varia...', 'C:\\xampp\\htdocs...', 36)
#1 C:\xampp\htdocs\proyecto_ci\system\View\View.php(210): include('C:\\xampp\\htdocs...')
#2 C:\xampp\htdocs\proyecto_ci\system\View\View.php(213): CodeIgniter\View\View->CodeIgniter\View\{closure}()
#3 C:\xampp\htdocs\proyecto_ci\system\Common.php(1089): CodeIgniter\View\View->render('categorias/cate...', Array, true)
#4 C:\xampp\htdocs\proyecto_ci\app\Views\index.php(245): view('categorias/cate...')
#5 C:\xampp\htdocs\proyecto_ci\system\View\View.php(210): include('C:\\xampp\\htdocs...')
#6 C:\xampp\htdocs\proyecto_ci\system\View\View.php(213): CodeIgniter\View\View->CodeIgniter\View\{closure}()
#7 C:\xampp\htdocs\proyecto_ci\system\Common.php(1089): CodeIgniter\View\View->render('index', Array, true)
#8 C:\xampp\htdocs\proyecto_ci\app\Controllers\Categorias.php(17): view('index', Array)
#9 C:\xampp\htdocs\proyecto_ci\system\CodeIgniter.php(832): App\Controllers\Categorias->index()
#10 C:\xampp\htdocs\proyecto_ci\system\CodeIgniter.php(419): CodeIgniter\CodeIgniter->runController(Object(App\Controllers\Categorias))
#11 C:\xampp\htdocs\proyecto_ci\system\CodeIgniter.php(326): CodeIgniter\CodeIgniter->handleRequest(NULL, Object(Config\Cache), false)
#12 C:\xampp\htdocs\proyecto_ci\index.php(37): CodeIgniter\CodeIgniter->run()
#13 {main}
CRITICAL - 2022-06-23 14:06:45 --> Undefined property: CodeIgniter\HTTP\IncomingRequest::$getMethod
#0 C:\xampp\htdocs\proyecto_ci\app\Controllers\Categorias.php(28): CodeIgniter\Debug\Exceptions->errorHandler(2, 'Undefined prope...', 'C:\\xampp\\htdocs...', 28)
#1 C:\xampp\htdocs\proyecto_ci\system\CodeIgniter.php(832): App\Controllers\Categorias->registrarDatos()
#2 C:\xampp\htdocs\proyecto_ci\system\CodeIgniter.php(419): CodeIgniter\CodeIgniter->runController(Object(App\Controllers\Categorias))
#3 C:\xampp\htdocs\proyecto_ci\system\CodeIgniter.php(326): CodeIgniter\CodeIgniter->handleRequest(NULL, Object(Config\Cache), false)
#4 C:\xampp\htdocs\proyecto_ci\index.php(37): CodeIgniter\CodeIgniter->run()
#5 {main}
CRITICAL - 2022-06-23 14:46:23 --> Undefined property: App\Controllers\Categorias::$validation
#0 C:\xampp\htdocs\proyecto_ci\app\Controllers\Categorias.php(56): CodeIgniter\Debug\Exceptions->errorHandler(2, 'Undefined prope...', 'C:\\xampp\\htdocs...', 56)
#1 C:\xampp\htdocs\proyecto_ci\system\CodeIgniter.php(832): App\Controllers\Categorias->registrarDatos()
#2 C:\xampp\htdocs\proyecto_ci\system\CodeIgniter.php(419): CodeIgniter\CodeIgniter->runController(Object(App\Controllers\Categorias))
#3 C:\xampp\htdocs\proyecto_ci\system\CodeIgniter.php(326): CodeIgniter\CodeIgniter->handleRequest(NULL, Object(Config\Cache), false)
#4 C:\xampp\htdocs\proyecto_ci\index.php(37): CodeIgniter\CodeIgniter->run()
#5 {main}
ERROR - 2022-06-23 16:06:37 --> Cannot delete or update a parent row: a foreign key constraint fails (`blog`.`post`, CONSTRAINT `fk_post_categoria` FOREIGN KEY (`id_categoria`) REFERENCES `categoria` (`id_categoria`))
CRITICAL - 2022-06-23 16:06:37 --> Cannot delete or update a parent row: a foreign key constraint fails (`blog`.`post`, CONSTRAINT `fk_post_categoria` FOREIGN KEY (`id_categoria`) REFERENCES `categoria` (`id_categoria`))
#0 C:\xampp\htdocs\proyecto_ci\system\Database\MySQLi\Connection.php(292): mysqli->query('DELETE FROM `ca...', 0)
#1 C:\xampp\htdocs\proyecto_ci\system\Database\BaseConnection.php(670): CodeIgniter\Database\MySQLi\Connection->execute('DELETE FROM `ca...')
#2 C:\xampp\htdocs\proyecto_ci\system\Database\BaseConnection.php(598): CodeIgniter\Database\BaseConnection->simpleQuery('DELETE FROM `ca...')
#3 C:\xampp\htdocs\proyecto_ci\system\Database\BaseBuilder.php(2225): CodeIgniter\Database\BaseConnection->query('DELETE FROM `ca...', Array, false)
#4 C:\xampp\htdocs\proyecto_ci\system\Model.php(359): CodeIgniter\Database\BaseBuilder->delete()
#5 C:\xampp\htdocs\proyecto_ci\system\BaseModel.php(963): CodeIgniter\Model->doDelete(NULL, false)
#6 C:\xampp\htdocs\proyecto_ci\app\Controllers\Categorias.php(92): CodeIgniter\BaseModel->delete()
#7 C:\xampp\htdocs\proyecto_ci\system\CodeIgniter.php(832): App\Controllers\Categorias->eliminarRegistro('79')
#8 C:\xampp\htdocs\proyecto_ci\system\CodeIgniter.php(419): CodeIgniter\CodeIgniter->runController(Object(App\Controllers\Categorias))
#9 C:\xampp\htdocs\proyecto_ci\system\CodeIgniter.php(326): CodeIgniter\CodeIgniter->handleRequest(NULL, Object(Config\Cache), false)
#10 C:\xampp\htdocs\proyecto_ci\index.php(37): CodeIgniter\CodeIgniter->run()
#11 {main}
ERROR - 2022-06-23 16:08:59 --> Cannot delete or update a parent row: a foreign key constraint fails (`blog`.`post`, CONSTRAINT `fk_post_categoria` FOREIGN KEY (`id_categoria`) REFERENCES `categoria` (`id_categoria`))
ERROR - 2022-06-23 16:10:07 --> Cannot delete or update a parent row: a foreign key constraint fails (`blog`.`post`, CONSTRAINT `fk_post_categoria` FOREIGN KEY (`id_categoria`) REFERENCES `categoria` (`id_categoria`))
ERROR - 2022-06-23 16:11:38 --> Cannot delete or update a parent row: a foreign key constraint fails (`blog`.`post`, CONSTRAINT `fk_post_categoria` FOREIGN KEY (`id_categoria`) REFERENCES `categoria` (`id_categoria`))
ERROR - 2022-06-23 16:12:31 --> Cannot delete or update a parent row: a foreign key constraint fails (`blog`.`post`, CONSTRAINT `fk_post_categoria` FOREIGN KEY (`id_categoria`) REFERENCES `categoria` (`id_categoria`))
CRITICAL - 2022-06-23 16:28:49 --> Call to undefined method App\Models\CategoriaModel::upadate
#0 C:\xampp\htdocs\proyecto_ci\app\Controllers\Categorias.php(105): CodeIgniter\Model->__call('upadate', Array)
#1 C:\xampp\htdocs\proyecto_ci\system\CodeIgniter.php(832): App\Controllers\Categorias->actualizarDatos('79')
#2 C:\xampp\htdocs\proyecto_ci\system\CodeIgniter.php(419): CodeIgniter\CodeIgniter->runController(Object(App\Controllers\Categorias))
#3 C:\xampp\htdocs\proyecto_ci\system\CodeIgniter.php(326): CodeIgniter\CodeIgniter->handleRequest(NULL, Object(Config\Cache), false)
#4 C:\xampp\htdocs\proyecto_ci\index.php(37): CodeIgniter\CodeIgniter->run()
#5 {main}
ERROR - 2022-06-23 16:52:03 --> Cannot delete or update a parent row: a foreign key constraint fails (`blog`.`post`, CONSTRAINT `fk_post_categoria` FOREIGN KEY (`id_categoria`) REFERENCES `categoria` (`id_categoria`))
