ERROR - 2022-06-25 18:08:28 --> Cannot delete or update a parent row: a foreign key constraint fails (`blog`.`post`, CONSTRAINT `fk_post_categoria` FOREIGN KEY (`id_categoria`) REFERENCES `categoria` (`id_categoria`))
ERROR - 2022-06-25 18:08:36 --> Cannot delete or update a parent row: a foreign key constraint fails (`blog`.`post`, CONSTRAINT `fk_post_categoria` FOREIGN KEY (`id_categoria`) REFERENCES `categoria` (`id_categoria`))
CRITICAL - 2022-06-25 19:59:36 --> Invalid file: usuarios/registrar.php
#0 C:\xampp\htdocs\proyecto_ci\system\View\View.php(198): CodeIgniter\Exceptions\FrameworkException::forInvalidFile('usuarios/regist...')
#1 C:\xampp\htdocs\proyecto_ci\system\Common.php(1089): CodeIgniter\View\View->render('usuarios/regist...', Array, true)
#2 C:\xampp\htdocs\proyecto_ci\app\Views\index.php(251): view('usuarios/regist...')
#3 C:\xampp\htdocs\proyecto_ci\system\View\View.php(210): include('C:\\xampp\\htdocs...')
#4 C:\xampp\htdocs\proyecto_ci\system\View\View.php(213): CodeIgniter\View\View->CodeIgniter\View\{closure}()
#5 C:\xampp\htdocs\proyecto_ci\system\Common.php(1089): CodeIgniter\View\View->render('index', Array, true)
#6 C:\xampp\htdocs\proyecto_ci\app\Controllers\Usuarios.php(28): view('index', Array)
#7 C:\xampp\htdocs\proyecto_ci\system\CodeIgniter.php(832): App\Controllers\Usuarios->registrar()
#8 C:\xampp\htdocs\proyecto_ci\system\CodeIgniter.php(419): CodeIgniter\CodeIgniter->runController(Object(App\Controllers\Usuarios))
#9 C:\xampp\htdocs\proyecto_ci\system\CodeIgniter.php(326): CodeIgniter\CodeIgniter->handleRequest(NULL, Object(Config\Cache), false)
#10 C:\xampp\htdocs\proyecto_ci\index.php(37): CodeIgniter\CodeIgniter->run()
#11 {main}
CRITICAL - 2022-06-25 20:04:08 --> Undefined array key "txtNombres"
#0 C:\xampp\htdocs\proyecto_ci\app\Views\usuarios\registrar.php(29): CodeIgniter\Debug\Exceptions->errorHandler(2, 'Undefined array...', 'C:\\xampp\\htdocs...', 29)
#1 C:\xampp\htdocs\proyecto_ci\system\View\View.php(210): include('C:\\xampp\\htdocs...')
#2 C:\xampp\htdocs\proyecto_ci\system\View\View.php(213): CodeIgniter\View\View->CodeIgniter\View\{closure}()
#3 C:\xampp\htdocs\proyecto_ci\system\Common.php(1089): CodeIgniter\View\View->render('usuarios/regist...', Array, true)
#4 C:\xampp\htdocs\proyecto_ci\app\Views\index.php(251): view('usuarios/regist...')
#5 C:\xampp\htdocs\proyecto_ci\system\View\View.php(210): include('C:\\xampp\\htdocs...')
#6 C:\xampp\htdocs\proyecto_ci\system\View\View.php(213): CodeIgniter\View\View->CodeIgniter\View\{closure}()
#7 C:\xampp\htdocs\proyecto_ci\system\Common.php(1089): CodeIgniter\View\View->render('index', Array, true)
#8 C:\xampp\htdocs\proyecto_ci\app\Controllers\Usuarios.php(28): view('index', Array)
#9 C:\xampp\htdocs\proyecto_ci\system\CodeIgniter.php(832): App\Controllers\Usuarios->registrar()
#10 C:\xampp\htdocs\proyecto_ci\system\CodeIgniter.php(419): CodeIgniter\CodeIgniter->runController(Object(App\Controllers\Usuarios))
#11 C:\xampp\htdocs\proyecto_ci\system\CodeIgniter.php(326): CodeIgniter\CodeIgniter->handleRequest(NULL, Object(Config\Cache), false)
#12 C:\xampp\htdocs\proyecto_ci\index.php(37): CodeIgniter\CodeIgniter->run()
#13 {main}
CRITICAL - 2022-06-25 20:07:00 --> Undefined property: App\Controllers\Usuarios::$categoria
#0 C:\xampp\htdocs\proyecto_ci\app\Controllers\Usuarios.php(42): CodeIgniter\Debug\Exceptions->errorHandler(2, 'Undefined prope...', 'C:\\xampp\\htdocs...', 42)
#1 C:\xampp\htdocs\proyecto_ci\system\CodeIgniter.php(832): App\Controllers\Usuarios->registrarDatos()
#2 C:\xampp\htdocs\proyecto_ci\system\CodeIgniter.php(419): CodeIgniter\CodeIgniter->runController(Object(App\Controllers\Usuarios))
#3 C:\xampp\htdocs\proyecto_ci\system\CodeIgniter.php(326): CodeIgniter\CodeIgniter->handleRequest(NULL, Object(Config\Cache), false)
#4 C:\xampp\htdocs\proyecto_ci\index.php(37): CodeIgniter\CodeIgniter->run()
#5 {main}
CRITICAL - 2022-06-25 20:07:34 --> Cannot redeclare App\Controllers\Usuarios::registrarDatos()
#0 [internal function]: CodeIgniter\Debug\Exceptions->shutdownHandler()
#1 {main}
CRITICAL - 2022-06-25 20:07:43 --> Cannot redeclare App\Controllers\Usuarios::registrarDatos()
#0 [internal function]: CodeIgniter\Debug\Exceptions->shutdownHandler()
#1 {main}
CRITICAL - 2022-06-25 20:07:43 --> Cannot redeclare App\Controllers\Usuarios::registrarDatos()
#0 [internal function]: CodeIgniter\Debug\Exceptions->shutdownHandler()
#1 {main}
CRITICAL - 2022-06-25 20:15:33 --> array_key_exists(): Argument #1 ($key) must be a valid array offset type
#0 C:\xampp\htdocs\proyecto_ci\system\BaseModel.php(724): array_key_exists(Array, Array)
#1 C:\xampp\htdocs\proyecto_ci\system\Model.php(625): CodeIgniter\BaseModel->insert(Array, false)
#2 C:\xampp\htdocs\proyecto_ci\system\BaseModel.php(658): CodeIgniter\Model->insert(Array, false)
#3 C:\xampp\htdocs\proyecto_ci\app\Controllers\Usuarios.php(53): CodeIgniter\BaseModel->save(Array)
#4 C:\xampp\htdocs\proyecto_ci\system\CodeIgniter.php(832): App\Controllers\Usuarios->registrarDatos()
#5 C:\xampp\htdocs\proyecto_ci\system\CodeIgniter.php(419): CodeIgniter\CodeIgniter->runController(Object(App\Controllers\Usuarios))
#6 C:\xampp\htdocs\proyecto_ci\system\CodeIgniter.php(326): CodeIgniter\CodeIgniter->handleRequest(NULL, Object(Config\Cache), false)
#7 C:\xampp\htdocs\proyecto_ci\index.php(37): CodeIgniter\CodeIgniter->run()
#8 {main}
CRITICAL - 2022-06-25 20:17:32 --> array_key_exists(): Argument #1 ($key) must be a valid array offset type
#0 C:\xampp\htdocs\proyecto_ci\system\BaseModel.php(724): array_key_exists(Array, Array)
#1 C:\xampp\htdocs\proyecto_ci\system\Model.php(625): CodeIgniter\BaseModel->insert(Array, false)
#2 C:\xampp\htdocs\proyecto_ci\system\BaseModel.php(658): CodeIgniter\Model->insert(Array, false)
#3 C:\xampp\htdocs\proyecto_ci\app\Controllers\Usuarios.php(53): CodeIgniter\BaseModel->save(Array)
#4 C:\xampp\htdocs\proyecto_ci\system\CodeIgniter.php(832): App\Controllers\Usuarios->registrarDatos()
#5 C:\xampp\htdocs\proyecto_ci\system\CodeIgniter.php(419): CodeIgniter\CodeIgniter->runController(Object(App\Controllers\Usuarios))
#6 C:\xampp\htdocs\proyecto_ci\system\CodeIgniter.php(326): CodeIgniter\CodeIgniter->handleRequest(NULL, Object(Config\Cache), false)
#7 C:\xampp\htdocs\proyecto_ci\index.php(37): CodeIgniter\CodeIgniter->run()
#8 {main}
CRITICAL - 2022-06-25 20:20:25 --> array_key_exists(): Argument #1 ($key) must be a valid array offset type
#0 C:\xampp\htdocs\proyecto_ci\system\BaseModel.php(724): array_key_exists(Array, Array)
#1 C:\xampp\htdocs\proyecto_ci\system\Model.php(625): CodeIgniter\BaseModel->insert(Array, false)
#2 C:\xampp\htdocs\proyecto_ci\system\BaseModel.php(658): CodeIgniter\Model->insert(Array, false)
#3 C:\xampp\htdocs\proyecto_ci\app\Controllers\Usuarios.php(56): CodeIgniter\BaseModel->save(Array)
#4 C:\xampp\htdocs\proyecto_ci\system\CodeIgniter.php(832): App\Controllers\Usuarios->registrarDatos()
#5 C:\xampp\htdocs\proyecto_ci\system\CodeIgniter.php(419): CodeIgniter\CodeIgniter->runController(Object(App\Controllers\Usuarios))
#6 C:\xampp\htdocs\proyecto_ci\system\CodeIgniter.php(326): CodeIgniter\CodeIgniter->handleRequest(NULL, Object(Config\Cache), false)
#7 C:\xampp\htdocs\proyecto_ci\index.php(37): CodeIgniter\CodeIgniter->run()
#8 {main}
CRITICAL - 2022-06-25 20:21:03 --> array_key_exists(): Argument #1 ($key) must be a valid array offset type
#0 C:\xampp\htdocs\proyecto_ci\system\BaseModel.php(724): array_key_exists(Array, Array)
#1 C:\xampp\htdocs\proyecto_ci\system\Model.php(625): CodeIgniter\BaseModel->insert(Array, false)
#2 C:\xampp\htdocs\proyecto_ci\system\BaseModel.php(658): CodeIgniter\Model->insert(Array, false)
#3 C:\xampp\htdocs\proyecto_ci\app\Controllers\Usuarios.php(56): CodeIgniter\BaseModel->save(Array)
#4 C:\xampp\htdocs\proyecto_ci\system\CodeIgniter.php(832): App\Controllers\Usuarios->registrarDatos()
#5 C:\xampp\htdocs\proyecto_ci\system\CodeIgniter.php(419): CodeIgniter\CodeIgniter->runController(Object(App\Controllers\Usuarios))
#6 C:\xampp\htdocs\proyecto_ci\system\CodeIgniter.php(326): CodeIgniter\CodeIgniter->handleRequest(NULL, Object(Config\Cache), false)
#7 C:\xampp\htdocs\proyecto_ci\index.php(37): CodeIgniter\CodeIgniter->run()
#8 {main}
CRITICAL - 2022-06-25 20:24:03 --> array_key_exists(): Argument #1 ($key) must be a valid array offset type
#0 C:\xampp\htdocs\proyecto_ci\system\BaseModel.php(724): array_key_exists(Array, Array)
#1 C:\xampp\htdocs\proyecto_ci\system\Model.php(625): CodeIgniter\BaseModel->insert(Array, false)
#2 C:\xampp\htdocs\proyecto_ci\system\BaseModel.php(658): CodeIgniter\Model->insert(Array, false)
#3 C:\xampp\htdocs\proyecto_ci\app\Controllers\Usuarios.php(66): CodeIgniter\BaseModel->save(Array)
#4 C:\xampp\htdocs\proyecto_ci\system\CodeIgniter.php(832): App\Controllers\Usuarios->registrarDatos()
#5 C:\xampp\htdocs\proyecto_ci\system\CodeIgniter.php(419): CodeIgniter\CodeIgniter->runController(Object(App\Controllers\Usuarios))
#6 C:\xampp\htdocs\proyecto_ci\system\CodeIgniter.php(326): CodeIgniter\CodeIgniter->handleRequest(NULL, Object(Config\Cache), false)
#7 C:\xampp\htdocs\proyecto_ci\index.php(37): CodeIgniter\CodeIgniter->run()
#8 {main}
CRITICAL - 2022-06-25 20:24:30 --> array_key_exists(): Argument #1 ($key) must be a valid array offset type
#0 C:\xampp\htdocs\proyecto_ci\system\BaseModel.php(724): array_key_exists(Array, Array)
#1 C:\xampp\htdocs\proyecto_ci\system\Model.php(625): CodeIgniter\BaseModel->insert(Array, false)
#2 C:\xampp\htdocs\proyecto_ci\system\BaseModel.php(658): CodeIgniter\Model->insert(Array, false)
#3 C:\xampp\htdocs\proyecto_ci\app\Controllers\Usuarios.php(45): CodeIgniter\BaseModel->save(Array)
#4 C:\xampp\htdocs\proyecto_ci\system\CodeIgniter.php(832): App\Controllers\Usuarios->registrarDatos()
#5 C:\xampp\htdocs\proyecto_ci\system\CodeIgniter.php(419): CodeIgniter\CodeIgniter->runController(Object(App\Controllers\Usuarios))
#6 C:\xampp\htdocs\proyecto_ci\system\CodeIgniter.php(326): CodeIgniter\CodeIgniter->handleRequest(NULL, Object(Config\Cache), false)
#7 C:\xampp\htdocs\proyecto_ci\index.php(37): CodeIgniter\CodeIgniter->run()
#8 {main}
CRITICAL - 2022-06-25 20:26:26 --> array_key_exists(): Argument #1 ($key) must be a valid array offset type
#0 C:\xampp\htdocs\proyecto_ci\system\BaseModel.php(724): array_key_exists(Array, Array)
#1 C:\xampp\htdocs\proyecto_ci\system\Model.php(625): CodeIgniter\BaseModel->insert(Array, false)
#2 C:\xampp\htdocs\proyecto_ci\system\BaseModel.php(658): CodeIgniter\Model->insert(Array, false)
#3 C:\xampp\htdocs\proyecto_ci\app\Controllers\Usuarios.php(55): CodeIgniter\BaseModel->save(Array)
#4 C:\xampp\htdocs\proyecto_ci\system\CodeIgniter.php(832): App\Controllers\Usuarios->registrarDatos()
#5 C:\xampp\htdocs\proyecto_ci\system\CodeIgniter.php(419): CodeIgniter\CodeIgniter->runController(Object(App\Controllers\Usuarios))
#6 C:\xampp\htdocs\proyecto_ci\system\CodeIgniter.php(326): CodeIgniter\CodeIgniter->handleRequest(NULL, Object(Config\Cache), false)
#7 C:\xampp\htdocs\proyecto_ci\index.php(37): CodeIgniter\CodeIgniter->run()
#8 {main}
CRITICAL - 2022-06-25 20:27:59 --> array_key_exists(): Argument #1 ($key) must be a valid array offset type
#0 C:\xampp\htdocs\proyecto_ci\system\BaseModel.php(724): array_key_exists(Array, Array)
#1 C:\xampp\htdocs\proyecto_ci\system\Model.php(625): CodeIgniter\BaseModel->insert(Array, false)
#2 C:\xampp\htdocs\proyecto_ci\system\BaseModel.php(658): CodeIgniter\Model->insert(Array, false)
#3 C:\xampp\htdocs\proyecto_ci\app\Controllers\Usuarios.php(55): CodeIgniter\BaseModel->save(Array)
#4 C:\xampp\htdocs\proyecto_ci\system\CodeIgniter.php(832): App\Controllers\Usuarios->registrarDatos()
#5 C:\xampp\htdocs\proyecto_ci\system\CodeIgniter.php(419): CodeIgniter\CodeIgniter->runController(Object(App\Controllers\Usuarios))
#6 C:\xampp\htdocs\proyecto_ci\system\CodeIgniter.php(326): CodeIgniter\CodeIgniter->handleRequest(NULL, Object(Config\Cache), false)
#7 C:\xampp\htdocs\proyecto_ci\index.php(37): CodeIgniter\CodeIgniter->run()
#8 {main}
ERROR - 2022-06-25 20:28:39 --> Unknown column 'fecha_creacion' in 'field list'
CRITICAL - 2022-06-25 20:28:39 --> Unknown column 'fecha_creacion' in 'field list'
#0 C:\xampp\htdocs\proyecto_ci\system\Database\MySQLi\Connection.php(292): mysqli->query('INSERT INTO `us...', 0)
#1 C:\xampp\htdocs\proyecto_ci\system\Database\BaseConnection.php(670): CodeIgniter\Database\MySQLi\Connection->execute('INSERT INTO `us...')
#2 C:\xampp\htdocs\proyecto_ci\system\Database\BaseConnection.php(598): CodeIgniter\Database\BaseConnection->simpleQuery('INSERT INTO `us...')
#3 C:\xampp\htdocs\proyecto_ci\system\Database\BaseBuilder.php(1771): CodeIgniter\Database\BaseConnection->query('INSERT INTO `us...', Array, false)
#4 C:\xampp\htdocs\proyecto_ci\system\Model.php(239): CodeIgniter\Database\BaseBuilder->insert()
#5 C:\xampp\htdocs\proyecto_ci\system\BaseModel.php(738): CodeIgniter\Model->doInsert(Array)
#6 C:\xampp\htdocs\proyecto_ci\system\Model.php(625): CodeIgniter\BaseModel->insert(Array, false)
#7 C:\xampp\htdocs\proyecto_ci\system\BaseModel.php(658): CodeIgniter\Model->insert(Array, false)
#8 C:\xampp\htdocs\proyecto_ci\app\Controllers\Usuarios.php(55): CodeIgniter\BaseModel->save(Array)
#9 C:\xampp\htdocs\proyecto_ci\system\CodeIgniter.php(832): App\Controllers\Usuarios->registrarDatos()
#10 C:\xampp\htdocs\proyecto_ci\system\CodeIgniter.php(419): CodeIgniter\CodeIgniter->runController(Object(App\Controllers\Usuarios))
#11 C:\xampp\htdocs\proyecto_ci\system\CodeIgniter.php(326): CodeIgniter\CodeIgniter->handleRequest(NULL, Object(Config\Cache), false)
#12 C:\xampp\htdocs\proyecto_ci\index.php(37): CodeIgniter\CodeIgniter->run()
#13 {main}
CRITICAL - 2022-06-25 20:50:08 --> Call to undefined function set_value()
#0 C:\xampp\htdocs\proyecto_ci\system\View\View.php(210): include()
#1 C:\xampp\htdocs\proyecto_ci\system\View\View.php(213): CodeIgniter\View\View->CodeIgniter\View\{closure}()
#2 C:\xampp\htdocs\proyecto_ci\system\Common.php(1089): CodeIgniter\View\View->render('usuarios/regist...', Array, true)
#3 C:\xampp\htdocs\proyecto_ci\app\Views\index.php(251): view('usuarios/regist...')
#4 C:\xampp\htdocs\proyecto_ci\system\View\View.php(210): include('C:\\xampp\\htdocs...')
#5 C:\xampp\htdocs\proyecto_ci\system\View\View.php(213): CodeIgniter\View\View->CodeIgniter\View\{closure}()
#6 C:\xampp\htdocs\proyecto_ci\system\Common.php(1089): CodeIgniter\View\View->render('index', Array, true)
#7 C:\xampp\htdocs\proyecto_ci\app\Controllers\Usuarios.php(108): view('index', Array)
#8 C:\xampp\htdocs\proyecto_ci\system\CodeIgniter.php(832): App\Controllers\Usuarios->registrarDatos()
#9 C:\xampp\htdocs\proyecto_ci\system\CodeIgniter.php(419): CodeIgniter\CodeIgniter->runController(Object(App\Controllers\Usuarios))
#10 C:\xampp\htdocs\proyecto_ci\system\CodeIgniter.php(326): CodeIgniter\CodeIgniter->handleRequest(NULL, Object(Config\Cache), false)
#11 C:\xampp\htdocs\proyecto_ci\index.php(37): CodeIgniter\CodeIgniter->run()
#12 {main}
ERROR - 2022-06-25 21:05:30 --> Table 'blog.usuarios' doesn't exist
CRITICAL - 2022-06-25 21:05:30 --> Table 'blog.usuarios' doesn't exist
#0 C:\xampp\htdocs\proyecto_ci\system\Database\MySQLi\Connection.php(292): mysqli->query('SELECT 1\nFROM `...', 0)
#1 C:\xampp\htdocs\proyecto_ci\system\Database\BaseConnection.php(670): CodeIgniter\Database\MySQLi\Connection->execute('SELECT 1\nFROM `...')
#2 C:\xampp\htdocs\proyecto_ci\system\Database\BaseConnection.php(598): CodeIgniter\Database\BaseConnection->simpleQuery('SELECT 1\nFROM `...')
#3 C:\xampp\htdocs\proyecto_ci\system\Database\BaseBuilder.php(1455): CodeIgniter\Database\BaseConnection->query('SELECT 1\nFROM `...', Array, false)
#4 C:\xampp\htdocs\proyecto_ci\system\Validation\Rules.php(142): CodeIgniter\Database\BaseBuilder->get()
#5 C:\xampp\htdocs\proyecto_ci\system\Validation\Validation.php(292): CodeIgniter\Validation\Rules->is_unique('asdasd@gmail.co...', 'email', Array, NULL)
#6 C:\xampp\htdocs\proyecto_ci\system\Validation\Validation.php(157): CodeIgniter\Validation\Validation->processRules('txtEmail', 'txtEmail', 'asdasd@gmail.co...', Array, Array)
#7 C:\xampp\htdocs\proyecto_ci\system\Controller.php(160): CodeIgniter\Validation\Validation->run()
#8 C:\xampp\htdocs\proyecto_ci\app\Controllers\Usuarios.php(91): CodeIgniter\Controller->validate(Array)
#9 C:\xampp\htdocs\proyecto_ci\system\CodeIgniter.php(832): App\Controllers\Usuarios->registrarDatos()
#10 C:\xampp\htdocs\proyecto_ci\system\CodeIgniter.php(419): CodeIgniter\CodeIgniter->runController(Object(App\Controllers\Usuarios))
#11 C:\xampp\htdocs\proyecto_ci\system\CodeIgniter.php(326): CodeIgniter\CodeIgniter->handleRequest(NULL, Object(Config\Cache), false)
#12 C:\xampp\htdocs\proyecto_ci\index.php(37): CodeIgniter\CodeIgniter->run()
#13 {main}
CRITICAL - 2022-06-25 21:50:32 --> Undefined array key "id_categoria"
#0 C:\xampp\htdocs\proyecto_ci\app\Views\usuarios\usuario.php(58): CodeIgniter\Debug\Exceptions->errorHandler(2, 'Undefined array...', 'C:\\xampp\\htdocs...', 58)
#1 C:\xampp\htdocs\proyecto_ci\system\View\View.php(210): include('C:\\xampp\\htdocs...')
#2 C:\xampp\htdocs\proyecto_ci\system\View\View.php(213): CodeIgniter\View\View->CodeIgniter\View\{closure}()
#3 C:\xampp\htdocs\proyecto_ci\system\Common.php(1089): CodeIgniter\View\View->render('usuarios/usuari...', Array, true)
#4 C:\xampp\htdocs\proyecto_ci\app\Views\index.php(251): view('usuarios/usuari...')
#5 C:\xampp\htdocs\proyecto_ci\system\View\View.php(210): include('C:\\xampp\\htdocs...')
#6 C:\xampp\htdocs\proyecto_ci\system\View\View.php(213): CodeIgniter\View\View->CodeIgniter\View\{closure}()
#7 C:\xampp\htdocs\proyecto_ci\system\Common.php(1089): CodeIgniter\View\View->render('index', Array, true)
#8 C:\xampp\htdocs\proyecto_ci\app\Controllers\Usuarios.php(30): view('index', Array)
#9 C:\xampp\htdocs\proyecto_ci\system\CodeIgniter.php(832): App\Controllers\Usuarios->index()
#10 C:\xampp\htdocs\proyecto_ci\system\CodeIgniter.php(419): CodeIgniter\CodeIgniter->runController(Object(App\Controllers\Usuarios))
#11 C:\xampp\htdocs\proyecto_ci\system\CodeIgniter.php(326): CodeIgniter\CodeIgniter->handleRequest(NULL, Object(Config\Cache), false)
#12 C:\xampp\htdocs\proyecto_ci\index.php(37): CodeIgniter\CodeIgniter->run()
#13 {main}
ERROR - 2022-06-25 21:53:45 --> Cannot delete or update a parent row: a foreign key constraint fails (`blog`.`post`, CONSTRAINT `fk_post_usuario` FOREIGN KEY (`id_usuario`) REFERENCES `usuario` (`id_usuario`))
CRITICAL - 2022-06-25 22:26:04 --> Undefined variable $usuario
#0 C:\xampp\htdocs\proyecto_ci\app\Views\usuarios\actualizar.php(25): CodeIgniter\Debug\Exceptions->errorHandler(2, 'Undefined varia...', 'C:\\xampp\\htdocs...', 25)
#1 C:\xampp\htdocs\proyecto_ci\system\View\View.php(210): include('C:\\xampp\\htdocs...')
#2 C:\xampp\htdocs\proyecto_ci\system\View\View.php(213): CodeIgniter\View\View->CodeIgniter\View\{closure}()
#3 C:\xampp\htdocs\proyecto_ci\system\Common.php(1089): CodeIgniter\View\View->render('usuarios/actual...', Array, true)
#4 C:\xampp\htdocs\proyecto_ci\app\Views\index.php(251): view('usuarios/actual...')
#5 C:\xampp\htdocs\proyecto_ci\system\View\View.php(210): include('C:\\xampp\\htdocs...')
#6 C:\xampp\htdocs\proyecto_ci\system\View\View.php(213): CodeIgniter\View\View->CodeIgniter\View\{closure}()
#7 C:\xampp\htdocs\proyecto_ci\system\Common.php(1089): CodeIgniter\View\View->render('index', Array, true)
#8 C:\xampp\htdocs\proyecto_ci\app\Controllers\Usuarios.php(190): view('index', Array)
#9 C:\xampp\htdocs\proyecto_ci\system\CodeIgniter.php(832): App\Controllers\Usuarios->actualizarDatos('81')
#10 C:\xampp\htdocs\proyecto_ci\system\CodeIgniter.php(419): CodeIgniter\CodeIgniter->runController(Object(App\Controllers\Usuarios))
#11 C:\xampp\htdocs\proyecto_ci\system\CodeIgniter.php(326): CodeIgniter\CodeIgniter->handleRequest(NULL, Object(Config\Cache), false)
#12 C:\xampp\htdocs\proyecto_ci\index.php(37): CodeIgniter\CodeIgniter->run()
#13 {main}
ERROR - 2022-06-25 22:32:42 --> Cannot delete or update a parent row: a foreign key constraint fails (`blog`.`post`, CONSTRAINT `fk_post_usuario` FOREIGN KEY (`id_usuario`) REFERENCES `usuario` (`id_usuario`))
ERROR - 2022-06-25 22:43:25 --> Cannot delete or update a parent row: a foreign key constraint fails (`blog`.`post`, CONSTRAINT `fk_post_usuario` FOREIGN KEY (`id_usuario`) REFERENCES `usuario` (`id_usuario`))
CRITICAL - 2022-06-25 22:46:35 --> Undefined array key "fecha_registro"
#0 C:\xampp\htdocs\proyecto_ci\app\Views\usuarios\usuario.php(69): CodeIgniter\Debug\Exceptions->errorHandler(2, 'Undefined array...', 'C:\\xampp\\htdocs...', 69)
#1 C:\xampp\htdocs\proyecto_ci\system\View\View.php(210): include('C:\\xampp\\htdocs...')
#2 C:\xampp\htdocs\proyecto_ci\system\View\View.php(213): CodeIgniter\View\View->CodeIgniter\View\{closure}()
#3 C:\xampp\htdocs\proyecto_ci\system\Common.php(1089): CodeIgniter\View\View->render('usuarios/usuari...', Array, true)
#4 C:\xampp\htdocs\proyecto_ci\app\Views\index.php(251): view('usuarios/usuari...')
#5 C:\xampp\htdocs\proyecto_ci\system\View\View.php(210): include('C:\\xampp\\htdocs...')
#6 C:\xampp\htdocs\proyecto_ci\system\View\View.php(213): CodeIgniter\View\View->CodeIgniter\View\{closure}()
#7 C:\xampp\htdocs\proyecto_ci\system\Common.php(1089): CodeIgniter\View\View->render('index', Array, true)
#8 C:\xampp\htdocs\proyecto_ci\app\Controllers\Usuarios.php(27): view('index', Array)
#9 C:\xampp\htdocs\proyecto_ci\system\CodeIgniter.php(832): App\Controllers\Usuarios->index()
#10 C:\xampp\htdocs\proyecto_ci\system\CodeIgniter.php(419): CodeIgniter\CodeIgniter->runController(Object(App\Controllers\Usuarios))
#11 C:\xampp\htdocs\proyecto_ci\system\CodeIgniter.php(326): CodeIgniter\CodeIgniter->handleRequest(NULL, Object(Config\Cache), false)
#12 C:\xampp\htdocs\proyecto_ci\index.php(37): CodeIgniter\CodeIgniter->run()
#13 {main}
ERROR - 2022-06-25 22:50:39 --> Unknown column 'usuario.deleted_at' in 'where clause'
CRITICAL - 2022-06-25 22:50:39 --> Unknown column 'usuario.deleted_at' in 'where clause'
#0 C:\xampp\htdocs\proyecto_ci\system\Database\MySQLi\Connection.php(292): mysqli->query('SELECT *\nFROM `...', 0)
#1 C:\xampp\htdocs\proyecto_ci\system\Database\BaseConnection.php(670): CodeIgniter\Database\MySQLi\Connection->execute('SELECT *\nFROM `...')
#2 C:\xampp\htdocs\proyecto_ci\system\Database\BaseConnection.php(598): CodeIgniter\Database\BaseConnection->simpleQuery('SELECT *\nFROM `...')
#3 C:\xampp\htdocs\proyecto_ci\system\Database\BaseBuilder.php(1455): CodeIgniter\Database\BaseConnection->query('SELECT *\nFROM `...', Array, false)
#4 C:\xampp\htdocs\proyecto_ci\system\Model.php(183): CodeIgniter\Database\BaseBuilder->get()
#5 C:\xampp\htdocs\proyecto_ci\system\BaseModel.php(584): CodeIgniter\Model->doFindAll(0, 0)
#6 C:\xampp\htdocs\proyecto_ci\app\Controllers\Usuarios.php(24): CodeIgniter\BaseModel->findAll()
#7 C:\xampp\htdocs\proyecto_ci\system\CodeIgniter.php(832): App\Controllers\Usuarios->index()
#8 C:\xampp\htdocs\proyecto_ci\system\CodeIgniter.php(419): CodeIgniter\CodeIgniter->runController(Object(App\Controllers\Usuarios))
#9 C:\xampp\htdocs\proyecto_ci\system\CodeIgniter.php(326): CodeIgniter\CodeIgniter->handleRequest(NULL, Object(Config\Cache), false)
#10 C:\xampp\htdocs\proyecto_ci\index.php(37): CodeIgniter\CodeIgniter->run()
#11 {main}
CRITICAL - 2022-06-25 23:31:03 --> Object of class App\Models\UsuarioModel could not be converted to string
#0 C:\xampp\htdocs\proyecto_ci\system\CodeIgniter.php(832): App\Controllers\Usuarios->eliminarRegistro('87')
#1 C:\xampp\htdocs\proyecto_ci\system\CodeIgniter.php(419): CodeIgniter\CodeIgniter->runController(Object(App\Controllers\Usuarios))
#2 C:\xampp\htdocs\proyecto_ci\system\CodeIgniter.php(326): CodeIgniter\CodeIgniter->handleRequest(NULL, Object(Config\Cache), false)
#3 C:\xampp\htdocs\proyecto_ci\index.php(37): CodeIgniter\CodeIgniter->run()
#4 {main}
ERROR - 2022-06-25 23:56:53 --> Cannot delete or update a parent row: a foreign key constraint fails (`blog`.`post`, CONSTRAINT `fk_post_usuario` FOREIGN KEY (`id_usuario`) REFERENCES `usuario` (`id_usuario`))
