ERROR - 2023-02-21 17:15:39 --> Error connecting to the database: Access denied for user '****'@'localhost' (using password: NO)
CRITICAL - 2023-02-21 17:15:39 --> Unable to connect to the database.
Main connection [MySQLi]: Access denied for user '****'@'localhost' (using password: NO)
#0 C:\laragon\www\ProyectoClinica_ci\system\Database\BaseConnection.php(577): CodeIgniter\Database\BaseConnection->initialize()
#1 C:\laragon\www\ProyectoClinica_ci\system\Database\BaseBuilder.php(1455): CodeIgniter\Database\BaseConnection->query('SELECT count(id...', Array, false)
#2 C:\laragon\www\ProyectoClinica_ci\system\Model.php(210): CodeIgniter\Database\BaseBuilder->get()
#3 C:\laragon\www\ProyectoClinica_ci\system\BaseModel.php(622): CodeIgniter\Model->doFirst()
#4 C:\laragon\www\ProyectoClinica_ci\app\Models\UsuarioModel.php(44): CodeIgniter\BaseModel->first()
#5 C:\laragon\www\ProyectoClinica_ci\app\Controllers\Inicio.php(29): App\Models\UsuarioModel->cantUsuarios()
#6 C:\laragon\www\ProyectoClinica_ci\system\CodeIgniter.php(832): App\Controllers\Inicio->index()
#7 C:\laragon\www\ProyectoClinica_ci\system\CodeIgniter.php(419): CodeIgniter\CodeIgniter->runController(Object(App\Controllers\Inicio))
#8 C:\laragon\www\ProyectoClinica_ci\system\CodeIgniter.php(326): CodeIgniter\CodeIgniter->handleRequest(NULL, Object(Config\Cache), false)
#9 C:\laragon\www\ProyectoClinica_ci\index.php(37): CodeIgniter\CodeIgniter->run()
#10 {main}
CRITICAL - 2023-02-21 17:25:00 --> FPDF error: Undefined font: poppins B
#0 C:\laragon\www\ProyectoClinica_ci\app\ThirdParty\fpdf\fpdf.php(510): FPDF->Error('Undefined font:...')
#1 C:\laragon\www\ProyectoClinica_ci\app\Controllers\Historiaclinica.php(223): FPDF->SetFont('poppins', 'B', 10)
#2 C:\laragon\www\ProyectoClinica_ci\system\CodeIgniter.php(832): App\Controllers\Historiaclinica->generarPDF(' 9')
#3 C:\laragon\www\ProyectoClinica_ci\system\CodeIgniter.php(419): CodeIgniter\CodeIgniter->runController(Object(App\Controllers\Historiaclinica))
#4 C:\laragon\www\ProyectoClinica_ci\system\CodeIgniter.php(326): CodeIgniter\CodeIgniter->handleRequest(NULL, Object(Config\Cache), false)
#5 C:\laragon\www\ProyectoClinica_ci\index.php(37): CodeIgniter\CodeIgniter->run()
#6 {main}
CRITICAL - 2023-02-21 17:26:10 --> include(C:\laragon\www\ProyectoClinica_ci\app\ThirdParty\fpdf/font/Poppins-Regular.ttf): Failed to open stream: No such file or directory
#0 C:\laragon\www\ProyectoClinica_ci\app\ThirdParty\fpdf\fpdf.php(1140): CodeIgniter\Debug\Exceptions->errorHandler(2, 'include(C:\\lara...', 'C:\\laragon\\www\\...', 1140)
#1 C:\laragon\www\ProyectoClinica_ci\app\ThirdParty\fpdf\fpdf.php(1140): include()
#2 C:\laragon\www\ProyectoClinica_ci\app\ThirdParty\fpdf\fpdf.php(459): FPDF->_loadfont('Poppins-Regular...')
#3 C:\laragon\www\ProyectoClinica_ci\app\Controllers\Historiaclinica.php(223): FPDF->AddFont('poppins', '', 'Poppins-Regular...', true)
#4 C:\laragon\www\ProyectoClinica_ci\system\CodeIgniter.php(832): App\Controllers\Historiaclinica->generarPDF(' 9')
#5 C:\laragon\www\ProyectoClinica_ci\system\CodeIgniter.php(419): CodeIgniter\CodeIgniter->runController(Object(App\Controllers\Historiaclinica))
#6 C:\laragon\www\ProyectoClinica_ci\system\CodeIgniter.php(326): CodeIgniter\CodeIgniter->handleRequest(NULL, Object(Config\Cache), false)
#7 C:\laragon\www\ProyectoClinica_ci\index.php(37): CodeIgniter\CodeIgniter->run()
#8 {main}
CRITICAL - 2023-02-21 17:37:32 --> Cannot access offset of type string on string
#0 C:\laragon\www\ProyectoClinica_ci\system\CodeIgniter.php(832): App\Controllers\Historiaclinica->generarPDF(' 9')
#1 C:\laragon\www\ProyectoClinica_ci\system\CodeIgniter.php(419): CodeIgniter\CodeIgniter->runController(Object(App\Controllers\Historiaclinica))
#2 C:\laragon\www\ProyectoClinica_ci\system\CodeIgniter.php(326): CodeIgniter\CodeIgniter->handleRequest(NULL, Object(Config\Cache), false)
#3 C:\laragon\www\ProyectoClinica_ci\index.php(37): CodeIgniter\CodeIgniter->run()
#4 {main}
CRITICAL - 2023-02-21 17:38:10 --> Cannot access offset of type string on string
#0 C:\laragon\www\ProyectoClinica_ci\system\CodeIgniter.php(832): App\Controllers\Historiaclinica->generarPDF(' 9')
#1 C:\laragon\www\ProyectoClinica_ci\system\CodeIgniter.php(419): CodeIgniter\CodeIgniter->runController(Object(App\Controllers\Historiaclinica))
#2 C:\laragon\www\ProyectoClinica_ci\system\CodeIgniter.php(326): CodeIgniter\CodeIgniter->handleRequest(NULL, Object(Config\Cache), false)
#3 C:\laragon\www\ProyectoClinica_ci\index.php(37): CodeIgniter\CodeIgniter->run()
#4 {main}
CRITICAL - 2023-02-21 17:38:41 --> Cannot access offset of type string on string
#0 C:\laragon\www\ProyectoClinica_ci\system\CodeIgniter.php(832): App\Controllers\Historiaclinica->generarPDF(' 9')
#1 C:\laragon\www\ProyectoClinica_ci\system\CodeIgniter.php(419): CodeIgniter\CodeIgniter->runController(Object(App\Controllers\Historiaclinica))
#2 C:\laragon\www\ProyectoClinica_ci\system\CodeIgniter.php(326): CodeIgniter\CodeIgniter->handleRequest(NULL, Object(Config\Cache), false)
#3 C:\laragon\www\ProyectoClinica_ci\index.php(37): CodeIgniter\CodeIgniter->run()
#4 {main}
CRITICAL - 2023-02-21 17:38:44 --> Cannot access offset of type string on string
#0 C:\laragon\www\ProyectoClinica_ci\system\CodeIgniter.php(832): App\Controllers\Historiaclinica->generarPDF(' 9')
#1 C:\laragon\www\ProyectoClinica_ci\system\CodeIgniter.php(419): CodeIgniter\CodeIgniter->runController(Object(App\Controllers\Historiaclinica))
#2 C:\laragon\www\ProyectoClinica_ci\system\CodeIgniter.php(326): CodeIgniter\CodeIgniter->handleRequest(NULL, Object(Config\Cache), false)
#3 C:\laragon\www\ProyectoClinica_ci\index.php(37): CodeIgniter\CodeIgniter->run()
#4 {main}
CRITICAL - 2023-02-21 17:40:27 --> Cannot access offset of type string on string
#0 C:\laragon\www\ProyectoClinica_ci\system\CodeIgniter.php(832): App\Controllers\Historiaclinica->generarPDF(' 9')
#1 C:\laragon\www\ProyectoClinica_ci\system\CodeIgniter.php(419): CodeIgniter\CodeIgniter->runController(Object(App\Controllers\Historiaclinica))
#2 C:\laragon\www\ProyectoClinica_ci\system\CodeIgniter.php(326): CodeIgniter\CodeIgniter->handleRequest(NULL, Object(Config\Cache), false)
#3 C:\laragon\www\ProyectoClinica_ci\index.php(37): CodeIgniter\CodeIgniter->run()
#4 {main}
CRITICAL - 2023-02-21 17:40:58 --> Undefined variable $orden
#0 C:\laragon\www\ProyectoClinica_ci\app\Controllers\Historiaclinica.php(231): CodeIgniter\Debug\Exceptions->errorHandler(2, 'Undefined varia...', 'C:\\laragon\\www\\...', 231)
#1 C:\laragon\www\ProyectoClinica_ci\system\CodeIgniter.php(832): App\Controllers\Historiaclinica->generarPDF(' 9')
#2 C:\laragon\www\ProyectoClinica_ci\system\CodeIgniter.php(419): CodeIgniter\CodeIgniter->runController(Object(App\Controllers\Historiaclinica))
#3 C:\laragon\www\ProyectoClinica_ci\system\CodeIgniter.php(326): CodeIgniter\CodeIgniter->handleRequest(NULL, Object(Config\Cache), false)
#4 C:\laragon\www\ProyectoClinica_ci\index.php(37): CodeIgniter\CodeIgniter->run()
#5 {main}
CRITICAL - 2023-02-21 17:41:07 --> Cannot access offset of type string on string
#0 C:\laragon\www\ProyectoClinica_ci\system\CodeIgniter.php(832): App\Controllers\Historiaclinica->generarPDF(' 9')
#1 C:\laragon\www\ProyectoClinica_ci\system\CodeIgniter.php(419): CodeIgniter\CodeIgniter->runController(Object(App\Controllers\Historiaclinica))
#2 C:\laragon\www\ProyectoClinica_ci\system\CodeIgniter.php(326): CodeIgniter\CodeIgniter->handleRequest(NULL, Object(Config\Cache), false)
#3 C:\laragon\www\ProyectoClinica_ci\index.php(37): CodeIgniter\CodeIgniter->run()
#4 {main}
CRITICAL - 2023-02-21 17:41:38 --> Cannot access offset of type string on string
#0 C:\laragon\www\ProyectoClinica_ci\system\CodeIgniter.php(832): App\Controllers\Historiaclinica->generarPDF(' 9')
#1 C:\laragon\www\ProyectoClinica_ci\system\CodeIgniter.php(419): CodeIgniter\CodeIgniter->runController(Object(App\Controllers\Historiaclinica))
#2 C:\laragon\www\ProyectoClinica_ci\system\CodeIgniter.php(326): CodeIgniter\CodeIgniter->handleRequest(NULL, Object(Config\Cache), false)
#3 C:\laragon\www\ProyectoClinica_ci\index.php(37): CodeIgniter\CodeIgniter->run()
#4 {main}
CRITICAL - 2023-02-21 17:43:21 --> Cannot access offset of type string on string
#0 C:\laragon\www\ProyectoClinica_ci\system\CodeIgniter.php(832): App\Controllers\Historiaclinica->generarPDF(' 9')
#1 C:\laragon\www\ProyectoClinica_ci\system\CodeIgniter.php(419): CodeIgniter\CodeIgniter->runController(Object(App\Controllers\Historiaclinica))
#2 C:\laragon\www\ProyectoClinica_ci\system\CodeIgniter.php(326): CodeIgniter\CodeIgniter->handleRequest(NULL, Object(Config\Cache), false)
#3 C:\laragon\www\ProyectoClinica_ci\index.php(37): CodeIgniter\CodeIgniter->run()
#4 {main}
CRITICAL - 2023-02-21 17:44:21 --> Uninitialized string offset 1
#0 C:\laragon\www\ProyectoClinica_ci\app\Controllers\Historiaclinica.php(235): CodeIgniter\Debug\Exceptions->errorHandler(2, 'Uninitialized s...', 'C:\\laragon\\www\\...', 235)
#1 C:\laragon\www\ProyectoClinica_ci\system\CodeIgniter.php(832): App\Controllers\Historiaclinica->generarPDF(' 9')
#2 C:\laragon\www\ProyectoClinica_ci\system\CodeIgniter.php(419): CodeIgniter\CodeIgniter->runController(Object(App\Controllers\Historiaclinica))
#3 C:\laragon\www\ProyectoClinica_ci\system\CodeIgniter.php(326): CodeIgniter\CodeIgniter->handleRequest(NULL, Object(Config\Cache), false)
#4 C:\laragon\www\ProyectoClinica_ci\index.php(37): CodeIgniter\CodeIgniter->run()
#5 {main}
CRITICAL - 2023-02-21 17:44:29 --> Uninitialized string offset 1
#0 C:\laragon\www\ProyectoClinica_ci\app\Controllers\Historiaclinica.php(235): CodeIgniter\Debug\Exceptions->errorHandler(2, 'Uninitialized s...', 'C:\\laragon\\www\\...', 235)
#1 C:\laragon\www\ProyectoClinica_ci\system\CodeIgniter.php(832): App\Controllers\Historiaclinica->generarPDF(' 9')
#2 C:\laragon\www\ProyectoClinica_ci\system\CodeIgniter.php(419): CodeIgniter\CodeIgniter->runController(Object(App\Controllers\Historiaclinica))
#3 C:\laragon\www\ProyectoClinica_ci\system\CodeIgniter.php(326): CodeIgniter\CodeIgniter->handleRequest(NULL, Object(Config\Cache), false)
#4 C:\laragon\www\ProyectoClinica_ci\index.php(37): CodeIgniter\CodeIgniter->run()
#5 {main}
CRITICAL - 2023-02-21 17:44:32 --> FPDF error: Some data has already been output, can't send PDF file
#0 C:\laragon\www\ProyectoClinica_ci\app\ThirdParty\fpdf\fpdf.php(1060): FPDF->Error('Some data has a...')
#1 C:\laragon\www\ProyectoClinica_ci\app\ThirdParty\fpdf\fpdf.php(999): FPDF->_checkoutput()
#2 C:\laragon\www\ProyectoClinica_ci\app\Controllers\Historiaclinica.php(239): FPDF->Output('I', 'Orden.pdf')
#3 C:\laragon\www\ProyectoClinica_ci\system\CodeIgniter.php(832): App\Controllers\Historiaclinica->generarPDF(' 9')
#4 C:\laragon\www\ProyectoClinica_ci\system\CodeIgniter.php(419): CodeIgniter\CodeIgniter->runController(Object(App\Controllers\Historiaclinica))
#5 C:\laragon\www\ProyectoClinica_ci\system\CodeIgniter.php(326): CodeIgniter\CodeIgniter->handleRequest(NULL, Object(Config\Cache), false)
#6 C:\laragon\www\ProyectoClinica_ci\index.php(37): CodeIgniter\CodeIgniter->run()
#7 {main}
CRITICAL - 2023-02-21 17:45:23 --> Cannot access offset of type string on string
#0 C:\laragon\www\ProyectoClinica_ci\system\CodeIgniter.php(832): App\Controllers\Historiaclinica->generarPDF(' 9')
#1 C:\laragon\www\ProyectoClinica_ci\system\CodeIgniter.php(419): CodeIgniter\CodeIgniter->runController(Object(App\Controllers\Historiaclinica))
#2 C:\laragon\www\ProyectoClinica_ci\system\CodeIgniter.php(326): CodeIgniter\CodeIgniter->handleRequest(NULL, Object(Config\Cache), false)
#3 C:\laragon\www\ProyectoClinica_ci\index.php(37): CodeIgniter\CodeIgniter->run()
#4 {main}
CRITICAL - 2023-02-21 17:45:38 --> Cannot access offset of type string on string
#0 C:\laragon\www\ProyectoClinica_ci\system\CodeIgniter.php(832): App\Controllers\Historiaclinica->generarPDF(' 9')
#1 C:\laragon\www\ProyectoClinica_ci\system\CodeIgniter.php(419): CodeIgniter\CodeIgniter->runController(Object(App\Controllers\Historiaclinica))
#2 C:\laragon\www\ProyectoClinica_ci\system\CodeIgniter.php(326): CodeIgniter\CodeIgniter->handleRequest(NULL, Object(Config\Cache), false)
#3 C:\laragon\www\ProyectoClinica_ci\index.php(37): CodeIgniter\CodeIgniter->run()
#4 {main}
CRITICAL - 2023-02-21 17:45:52 --> Cannot access offset of type string on string
#0 C:\laragon\www\ProyectoClinica_ci\system\CodeIgniter.php(832): App\Controllers\Historiaclinica->generarPDF(' 9')
#1 C:\laragon\www\ProyectoClinica_ci\system\CodeIgniter.php(419): CodeIgniter\CodeIgniter->runController(Object(App\Controllers\Historiaclinica))
#2 C:\laragon\www\ProyectoClinica_ci\system\CodeIgniter.php(326): CodeIgniter\CodeIgniter->handleRequest(NULL, Object(Config\Cache), false)
#3 C:\laragon\www\ProyectoClinica_ci\index.php(37): CodeIgniter\CodeIgniter->run()
#4 {main}
CRITICAL - 2023-02-21 17:45:57 --> FPDF error: Some data has already been output, can't send PDF file
#0 C:\laragon\www\ProyectoClinica_ci\app\ThirdParty\fpdf\fpdf.php(1060): FPDF->Error('Some data has a...')
#1 C:\laragon\www\ProyectoClinica_ci\app\ThirdParty\fpdf\fpdf.php(999): FPDF->_checkoutput()
#2 C:\laragon\www\ProyectoClinica_ci\app\Controllers\Historiaclinica.php(238): FPDF->Output('I', 'Orden.pdf')
#3 C:\laragon\www\ProyectoClinica_ci\system\CodeIgniter.php(832): App\Controllers\Historiaclinica->generarPDF(' 9')
#4 C:\laragon\www\ProyectoClinica_ci\system\CodeIgniter.php(419): CodeIgniter\CodeIgniter->runController(Object(App\Controllers\Historiaclinica))
#5 C:\laragon\www\ProyectoClinica_ci\system\CodeIgniter.php(326): CodeIgniter\CodeIgniter->handleRequest(NULL, Object(Config\Cache), false)
#6 C:\laragon\www\ProyectoClinica_ci\index.php(37): CodeIgniter\CodeIgniter->run()
#7 {main}
CRITICAL - 2023-02-21 17:46:10 --> FPDF error: Some data has already been output, can't send PDF file
#0 C:\laragon\www\ProyectoClinica_ci\app\ThirdParty\fpdf\fpdf.php(1060): FPDF->Error('Some data has a...')
#1 C:\laragon\www\ProyectoClinica_ci\app\ThirdParty\fpdf\fpdf.php(999): FPDF->_checkoutput()
#2 C:\laragon\www\ProyectoClinica_ci\app\Controllers\Historiaclinica.php(238): FPDF->Output('I', 'Orden.pdf')
#3 C:\laragon\www\ProyectoClinica_ci\system\CodeIgniter.php(832): App\Controllers\Historiaclinica->generarPDF(' 9')
#4 C:\laragon\www\ProyectoClinica_ci\system\CodeIgniter.php(419): CodeIgniter\CodeIgniter->runController(Object(App\Controllers\Historiaclinica))
#5 C:\laragon\www\ProyectoClinica_ci\system\CodeIgniter.php(326): CodeIgniter\CodeIgniter->handleRequest(NULL, Object(Config\Cache), false)
#6 C:\laragon\www\ProyectoClinica_ci\index.php(37): CodeIgniter\CodeIgniter->run()
#7 {main}
CRITICAL - 2023-02-21 17:46:33 --> Cannot access offset of type string on string
#0 C:\laragon\www\ProyectoClinica_ci\system\CodeIgniter.php(832): App\Controllers\Historiaclinica->generarPDF(' 9')
#1 C:\laragon\www\ProyectoClinica_ci\system\CodeIgniter.php(419): CodeIgniter\CodeIgniter->runController(Object(App\Controllers\Historiaclinica))
#2 C:\laragon\www\ProyectoClinica_ci\system\CodeIgniter.php(326): CodeIgniter\CodeIgniter->handleRequest(NULL, Object(Config\Cache), false)
#3 C:\laragon\www\ProyectoClinica_ci\index.php(37): CodeIgniter\CodeIgniter->run()
#4 {main}
CRITICAL - 2023-02-21 17:49:22 --> Cannot access offset of type string on string
#0 C:\laragon\www\ProyectoClinica_ci\system\CodeIgniter.php(832): App\Controllers\Historiaclinica->generarPDF(' 9')
#1 C:\laragon\www\ProyectoClinica_ci\system\CodeIgniter.php(419): CodeIgniter\CodeIgniter->runController(Object(App\Controllers\Historiaclinica))
#2 C:\laragon\www\ProyectoClinica_ci\system\CodeIgniter.php(326): CodeIgniter\CodeIgniter->handleRequest(NULL, Object(Config\Cache), false)
#3 C:\laragon\www\ProyectoClinica_ci\index.php(37): CodeIgniter\CodeIgniter->run()
#4 {main}
CRITICAL - 2023-02-21 17:49:23 --> Cannot access offset of type string on string
#0 C:\laragon\www\ProyectoClinica_ci\system\CodeIgniter.php(832): App\Controllers\Historiaclinica->generarPDF(' 9')
#1 C:\laragon\www\ProyectoClinica_ci\system\CodeIgniter.php(419): CodeIgniter\CodeIgniter->runController(Object(App\Controllers\Historiaclinica))
#2 C:\laragon\www\ProyectoClinica_ci\system\CodeIgniter.php(326): CodeIgniter\CodeIgniter->handleRequest(NULL, Object(Config\Cache), false)
#3 C:\laragon\www\ProyectoClinica_ci\index.php(37): CodeIgniter\CodeIgniter->run()
#4 {main}
CRITICAL - 2023-02-21 17:49:24 --> Cannot access offset of type string on string
#0 C:\laragon\www\ProyectoClinica_ci\system\CodeIgniter.php(832): App\Controllers\Historiaclinica->generarPDF(' 9')
#1 C:\laragon\www\ProyectoClinica_ci\system\CodeIgniter.php(419): CodeIgniter\CodeIgniter->runController(Object(App\Controllers\Historiaclinica))
#2 C:\laragon\www\ProyectoClinica_ci\system\CodeIgniter.php(326): CodeIgniter\CodeIgniter->handleRequest(NULL, Object(Config\Cache), false)
#3 C:\laragon\www\ProyectoClinica_ci\index.php(37): CodeIgniter\CodeIgniter->run()
#4 {main}
CRITICAL - 2023-02-21 17:49:43 --> Cannot access offset of type string on string
#0 C:\laragon\www\ProyectoClinica_ci\system\CodeIgniter.php(832): App\Controllers\Historiaclinica->generarPDF(' 1')
#1 C:\laragon\www\ProyectoClinica_ci\system\CodeIgniter.php(419): CodeIgniter\CodeIgniter->runController(Object(App\Controllers\Historiaclinica))
#2 C:\laragon\www\ProyectoClinica_ci\system\CodeIgniter.php(326): CodeIgniter\CodeIgniter->handleRequest(NULL, Object(Config\Cache), false)
#3 C:\laragon\www\ProyectoClinica_ci\index.php(37): CodeIgniter\CodeIgniter->run()
#4 {main}
CRITICAL - 2023-02-21 17:50:44 --> Undefined variable $clinica
#0 C:\laragon\www\ProyectoClinica_ci\app\Controllers\Historiaclinica.php(231): CodeIgniter\Debug\Exceptions->errorHandler(2, 'Undefined varia...', 'C:\\laragon\\www\\...', 231)
#1 C:\laragon\www\ProyectoClinica_ci\system\CodeIgniter.php(832): App\Controllers\Historiaclinica->generarPDF(' 1')
#2 C:\laragon\www\ProyectoClinica_ci\system\CodeIgniter.php(419): CodeIgniter\CodeIgniter->runController(Object(App\Controllers\Historiaclinica))
#3 C:\laragon\www\ProyectoClinica_ci\system\CodeIgniter.php(326): CodeIgniter\CodeIgniter->handleRequest(NULL, Object(Config\Cache), false)
#4 C:\laragon\www\ProyectoClinica_ci\index.php(37): CodeIgniter\CodeIgniter->run()
#5 {main}
CRITICAL - 2023-02-21 17:51:58 --> Cannot access offset of type string on string
#0 C:\laragon\www\ProyectoClinica_ci\system\CodeIgniter.php(832): App\Controllers\Historiaclinica->generarPDF(' 1')
#1 C:\laragon\www\ProyectoClinica_ci\system\CodeIgniter.php(419): CodeIgniter\CodeIgniter->runController(Object(App\Controllers\Historiaclinica))
#2 C:\laragon\www\ProyectoClinica_ci\system\CodeIgniter.php(326): CodeIgniter\CodeIgniter->handleRequest(NULL, Object(Config\Cache), false)
#3 C:\laragon\www\ProyectoClinica_ci\index.php(37): CodeIgniter\CodeIgniter->run()
#4 {main}
CRITICAL - 2023-02-21 17:52:08 --> Cannot access offset of type string on string
#0 C:\laragon\www\ProyectoClinica_ci\system\CodeIgniter.php(832): App\Controllers\Historiaclinica->generarPDF(' 1')
#1 C:\laragon\www\ProyectoClinica_ci\system\CodeIgniter.php(419): CodeIgniter\CodeIgniter->runController(Object(App\Controllers\Historiaclinica))
#2 C:\laragon\www\ProyectoClinica_ci\system\CodeIgniter.php(326): CodeIgniter\CodeIgniter->handleRequest(NULL, Object(Config\Cache), false)
#3 C:\laragon\www\ProyectoClinica_ci\index.php(37): CodeIgniter\CodeIgniter->run()
#4 {main}
CRITICAL - 2023-02-21 17:52:15 --> FPDF error: Some data has already been output, can't send PDF file
#0 C:\laragon\www\ProyectoClinica_ci\app\ThirdParty\fpdf\fpdf.php(1060): FPDF->Error('Some data has a...')
#1 C:\laragon\www\ProyectoClinica_ci\app\ThirdParty\fpdf\fpdf.php(999): FPDF->_checkoutput()
#2 C:\laragon\www\ProyectoClinica_ci\app\Controllers\Historiaclinica.php(238): FPDF->Output('I', 'Orden.pdf')
#3 C:\laragon\www\ProyectoClinica_ci\system\CodeIgniter.php(832): App\Controllers\Historiaclinica->generarPDF(' 1')
#4 C:\laragon\www\ProyectoClinica_ci\system\CodeIgniter.php(419): CodeIgniter\CodeIgniter->runController(Object(App\Controllers\Historiaclinica))
#5 C:\laragon\www\ProyectoClinica_ci\system\CodeIgniter.php(326): CodeIgniter\CodeIgniter->handleRequest(NULL, Object(Config\Cache), false)
#6 C:\laragon\www\ProyectoClinica_ci\index.php(37): CodeIgniter\CodeIgniter->run()
#7 {main}
CRITICAL - 2023-02-21 17:52:44 --> Cannot access offset of type string on string
#0 C:\laragon\www\ProyectoClinica_ci\system\CodeIgniter.php(832): App\Controllers\Historiaclinica->generarPDF(' 1')
#1 C:\laragon\www\ProyectoClinica_ci\system\CodeIgniter.php(419): CodeIgniter\CodeIgniter->runController(Object(App\Controllers\Historiaclinica))
#2 C:\laragon\www\ProyectoClinica_ci\system\CodeIgniter.php(326): CodeIgniter\CodeIgniter->handleRequest(NULL, Object(Config\Cache), false)
#3 C:\laragon\www\ProyectoClinica_ci\index.php(37): CodeIgniter\CodeIgniter->run()
#4 {main}
CRITICAL - 2023-02-21 20:16:53 --> require_once(): http:// wrapper is disabled in the server configuration by allow_url_include=0
#0 C:\laragon\www\ProyectoClinica_ci\app\Controllers\Historiaclinica.php(217): CodeIgniter\Debug\Exceptions->errorHandler(2, 'require_once():...', 'C:\\laragon\\www\\...', 217)
#1 C:\laragon\www\ProyectoClinica_ci\app\Controllers\Historiaclinica.php(217): require_once()
#2 C:\laragon\www\ProyectoClinica_ci\system\CodeIgniter.php(832): App\Controllers\Historiaclinica->generarPDF(' 9')
#3 C:\laragon\www\ProyectoClinica_ci\system\CodeIgniter.php(419): CodeIgniter\CodeIgniter->runController(Object(App\Controllers\Historiaclinica))
#4 C:\laragon\www\ProyectoClinica_ci\system\CodeIgniter.php(326): CodeIgniter\CodeIgniter->handleRequest(NULL, Object(Config\Cache), false)
#5 C:\laragon\www\ProyectoClinica_ci\index.php(37): CodeIgniter\CodeIgniter->run()
#6 {main}
CRITICAL - 2023-02-21 20:17:05 --> Class "App\Controllers\TCPDF" not found
#0 C:\laragon\www\ProyectoClinica_ci\system\CodeIgniter.php(832): App\Controllers\Historiaclinica->generarPDF(' 9')
#1 C:\laragon\www\ProyectoClinica_ci\system\CodeIgniter.php(419): CodeIgniter\CodeIgniter->runController(Object(App\Controllers\Historiaclinica))
#2 C:\laragon\www\ProyectoClinica_ci\system\CodeIgniter.php(326): CodeIgniter\CodeIgniter->handleRequest(NULL, Object(Config\Cache), false)
#3 C:\laragon\www\ProyectoClinica_ci\index.php(37): CodeIgniter\CodeIgniter->run()
#4 {main}
CRITICAL - 2023-02-21 20:17:47 --> require_once(Libraries/TCPDF/tcpdf.php): Failed to open stream: No such file or directory
#0 C:\laragon\www\ProyectoClinica_ci\app\Controllers\Historiaclinica.php(217): CodeIgniter\Debug\Exceptions->errorHandler(2, 'require_once(Li...', 'C:\\laragon\\www\\...', 217)
#1 C:\laragon\www\ProyectoClinica_ci\app\Controllers\Historiaclinica.php(217): require_once()
#2 C:\laragon\www\ProyectoClinica_ci\system\CodeIgniter.php(832): App\Controllers\Historiaclinica->generarPDF(' 9')
#3 C:\laragon\www\ProyectoClinica_ci\system\CodeIgniter.php(419): CodeIgniter\CodeIgniter->runController(Object(App\Controllers\Historiaclinica))
#4 C:\laragon\www\ProyectoClinica_ci\system\CodeIgniter.php(326): CodeIgniter\CodeIgniter->handleRequest(NULL, Object(Config\Cache), false)
#5 C:\laragon\www\ProyectoClinica_ci\index.php(37): CodeIgniter\CodeIgniter->run()
#6 {main}
CRITICAL - 2023-02-21 20:17:50 --> require_once(Libraries/TCPDF/tcpdf.php): Failed to open stream: No such file or directory
#0 C:\laragon\www\ProyectoClinica_ci\app\Controllers\Historiaclinica.php(217): CodeIgniter\Debug\Exceptions->errorHandler(2, 'require_once(Li...', 'C:\\laragon\\www\\...', 217)
#1 C:\laragon\www\ProyectoClinica_ci\app\Controllers\Historiaclinica.php(217): require_once()
#2 C:\laragon\www\ProyectoClinica_ci\system\CodeIgniter.php(832): App\Controllers\Historiaclinica->generarPDF(' 9')
#3 C:\laragon\www\ProyectoClinica_ci\system\CodeIgniter.php(419): CodeIgniter\CodeIgniter->runController(Object(App\Controllers\Historiaclinica))
#4 C:\laragon\www\ProyectoClinica_ci\system\CodeIgniter.php(326): CodeIgniter\CodeIgniter->handleRequest(NULL, Object(Config\Cache), false)
#5 C:\laragon\www\ProyectoClinica_ci\index.php(37): CodeIgniter\CodeIgniter->run()
#6 {main}
CRITICAL - 2023-02-21 20:17:54 --> Class "App\Controllers\TCPDF" not found
#0 C:\laragon\www\ProyectoClinica_ci\system\CodeIgniter.php(832): App\Controllers\Historiaclinica->generarPDF(' 9')
#1 C:\laragon\www\ProyectoClinica_ci\system\CodeIgniter.php(419): CodeIgniter\CodeIgniter->runController(Object(App\Controllers\Historiaclinica))
#2 C:\laragon\www\ProyectoClinica_ci\system\CodeIgniter.php(326): CodeIgniter\CodeIgniter->handleRequest(NULL, Object(Config\Cache), false)
#3 C:\laragon\www\ProyectoClinica_ci\index.php(37): CodeIgniter\CodeIgniter->run()
#4 {main}
CRITICAL - 2023-02-21 20:51:30 --> Namespace declaration statement has to be the very first statement or after any declare call in the script
#0 [internal function]: CodeIgniter\Debug\Exceptions->shutdownHandler()
#1 {main}
CRITICAL - 2023-02-21 20:51:37 --> Namespace declaration statement has to be the very first statement or after any declare call in the script
#0 [internal function]: CodeIgniter\Debug\Exceptions->shutdownHandler()
#1 {main}
CRITICAL - 2023-02-21 20:53:00 --> Call to a member function library() on null
#0 C:\laragon\www\ProyectoClinica_ci\system\CodeIgniter.php(809): App\Controllers\Historiaclinica->__construct()
#1 C:\laragon\www\ProyectoClinica_ci\system\CodeIgniter.php(410): CodeIgniter\CodeIgniter->createController()
#2 C:\laragon\www\ProyectoClinica_ci\system\CodeIgniter.php(326): CodeIgniter\CodeIgniter->handleRequest(NULL, Object(Config\Cache), false)
#3 C:\laragon\www\ProyectoClinica_ci\index.php(37): CodeIgniter\CodeIgniter->run()
#4 {main}
CRITICAL - 2023-02-21 20:53:31 --> Call to a member function library() on null
#0 C:\laragon\www\ProyectoClinica_ci\system\CodeIgniter.php(809): App\Controllers\Historiaclinica->__construct()
#1 C:\laragon\www\ProyectoClinica_ci\system\CodeIgniter.php(410): CodeIgniter\CodeIgniter->createController()
#2 C:\laragon\www\ProyectoClinica_ci\system\CodeIgniter.php(326): CodeIgniter\CodeIgniter->handleRequest(NULL, Object(Config\Cache), false)
#3 C:\laragon\www\ProyectoClinica_ci\index.php(37): CodeIgniter\CodeIgniter->run()
#4 {main}
CRITICAL - 2023-02-21 20:54:50 --> Call to a member function library() on null
#0 C:\laragon\www\ProyectoClinica_ci\system\CodeIgniter.php(809): App\Controllers\Historiaclinica->__construct()
#1 C:\laragon\www\ProyectoClinica_ci\system\CodeIgniter.php(410): CodeIgniter\CodeIgniter->createController()
#2 C:\laragon\www\ProyectoClinica_ci\system\CodeIgniter.php(326): CodeIgniter\CodeIgniter->handleRequest(NULL, Object(Config\Cache), false)
#3 C:\laragon\www\ProyectoClinica_ci\index.php(37): CodeIgniter\CodeIgniter->run()
#4 {main}
CRITICAL - 2023-02-21 20:56:06 --> Call to a member function library() on null
#0 C:\laragon\www\ProyectoClinica_ci\system\CodeIgniter.php(832): App\Controllers\Historiaclinica->generarPDF(' 9')
#1 C:\laragon\www\ProyectoClinica_ci\system\CodeIgniter.php(419): CodeIgniter\CodeIgniter->runController(Object(App\Controllers\Historiaclinica))
#2 C:\laragon\www\ProyectoClinica_ci\system\CodeIgniter.php(326): CodeIgniter\CodeIgniter->handleRequest(NULL, Object(Config\Cache), false)
#3 C:\laragon\www\ProyectoClinica_ci\index.php(37): CodeIgniter\CodeIgniter->run()
#4 {main}
CRITICAL - 2023-02-21 20:56:37 --> Call to a member function library() on null
#0 C:\laragon\www\ProyectoClinica_ci\system\CodeIgniter.php(832): App\Controllers\Historiaclinica->generarPDF(' 9')
#1 C:\laragon\www\ProyectoClinica_ci\system\CodeIgniter.php(419): CodeIgniter\CodeIgniter->runController(Object(App\Controllers\Historiaclinica))
#2 C:\laragon\www\ProyectoClinica_ci\system\CodeIgniter.php(326): CodeIgniter\CodeIgniter->handleRequest(NULL, Object(Config\Cache), false)
#3 C:\laragon\www\ProyectoClinica_ci\index.php(37): CodeIgniter\CodeIgniter->run()
#4 {main}
CRITICAL - 2023-02-21 20:56:56 --> Call to a member function library() on null
#0 C:\laragon\www\ProyectoClinica_ci\system\CodeIgniter.php(832): App\Controllers\Historiaclinica->generarPDF(' 9')
#1 C:\laragon\www\ProyectoClinica_ci\system\CodeIgniter.php(419): CodeIgniter\CodeIgniter->runController(Object(App\Controllers\Historiaclinica))
#2 C:\laragon\www\ProyectoClinica_ci\system\CodeIgniter.php(326): CodeIgniter\CodeIgniter->handleRequest(NULL, Object(Config\Cache), false)
#3 C:\laragon\www\ProyectoClinica_ci\index.php(37): CodeIgniter\CodeIgniter->run()
#4 {main}
CRITICAL - 2023-02-21 20:57:03 --> Call to a member function library() on null
#0 C:\laragon\www\ProyectoClinica_ci\system\CodeIgniter.php(832): App\Controllers\Historiaclinica->generarPDF(' 9')
#1 C:\laragon\www\ProyectoClinica_ci\system\CodeIgniter.php(419): CodeIgniter\CodeIgniter->runController(Object(App\Controllers\Historiaclinica))
#2 C:\laragon\www\ProyectoClinica_ci\system\CodeIgniter.php(326): CodeIgniter\CodeIgniter->handleRequest(NULL, Object(Config\Cache), false)
#3 C:\laragon\www\ProyectoClinica_ci\index.php(37): CodeIgniter\CodeIgniter->run()
#4 {main}
CRITICAL - 2023-02-21 20:57:04 --> Call to a member function library() on null
#0 C:\laragon\www\ProyectoClinica_ci\system\CodeIgniter.php(832): App\Controllers\Historiaclinica->generarPDF(' 9')
#1 C:\laragon\www\ProyectoClinica_ci\system\CodeIgniter.php(419): CodeIgniter\CodeIgniter->runController(Object(App\Controllers\Historiaclinica))
#2 C:\laragon\www\ProyectoClinica_ci\system\CodeIgniter.php(326): CodeIgniter\CodeIgniter->handleRequest(NULL, Object(Config\Cache), false)
#3 C:\laragon\www\ProyectoClinica_ci\index.php(37): CodeIgniter\CodeIgniter->run()
#4 {main}
CRITICAL - 2023-02-21 20:57:11 --> Call to a member function library() on null
#0 C:\laragon\www\ProyectoClinica_ci\system\CodeIgniter.php(832): App\Controllers\Historiaclinica->generarPDF(' 9')
#1 C:\laragon\www\ProyectoClinica_ci\system\CodeIgniter.php(419): CodeIgniter\CodeIgniter->runController(Object(App\Controllers\Historiaclinica))
#2 C:\laragon\www\ProyectoClinica_ci\system\CodeIgniter.php(326): CodeIgniter\CodeIgniter->handleRequest(NULL, Object(Config\Cache), false)
#3 C:\laragon\www\ProyectoClinica_ci\index.php(37): CodeIgniter\CodeIgniter->run()
#4 {main}
CRITICAL - 2023-02-21 20:57:23 --> Class "TCPDF" not found
#0 C:\laragon\www\ProyectoClinica_ci\system\CodeIgniter.php(832): App\Controllers\Historiaclinica->generarPDF(' 9')
#1 C:\laragon\www\ProyectoClinica_ci\system\CodeIgniter.php(419): CodeIgniter\CodeIgniter->runController(Object(App\Controllers\Historiaclinica))
#2 C:\laragon\www\ProyectoClinica_ci\system\CodeIgniter.php(326): CodeIgniter\CodeIgniter->handleRequest(NULL, Object(Config\Cache), false)
#3 C:\laragon\www\ProyectoClinica_ci\index.php(37): CodeIgniter\CodeIgniter->run()
#4 {main}
CRITICAL - 2023-02-21 20:59:19 --> Call to a member function library() on null
#0 C:\laragon\www\ProyectoClinica_ci\system\CodeIgniter.php(832): App\Controllers\Historiaclinica->generarPDF(' 9')
#1 C:\laragon\www\ProyectoClinica_ci\system\CodeIgniter.php(419): CodeIgniter\CodeIgniter->runController(Object(App\Controllers\Historiaclinica))
#2 C:\laragon\www\ProyectoClinica_ci\system\CodeIgniter.php(326): CodeIgniter\CodeIgniter->handleRequest(NULL, Object(Config\Cache), false)
#3 C:\laragon\www\ProyectoClinica_ci\index.php(37): CodeIgniter\CodeIgniter->run()
#4 {main}
CRITICAL - 2023-02-21 20:59:44 --> Call to a member function addPackagePath() on null
#0 C:\laragon\www\ProyectoClinica_ci\system\CodeIgniter.php(832): App\Controllers\Historiaclinica->generarPDF(' 9')
#1 C:\laragon\www\ProyectoClinica_ci\system\CodeIgniter.php(419): CodeIgniter\CodeIgniter->runController(Object(App\Controllers\Historiaclinica))
#2 C:\laragon\www\ProyectoClinica_ci\system\CodeIgniter.php(326): CodeIgniter\CodeIgniter->handleRequest(NULL, Object(Config\Cache), false)
#3 C:\laragon\www\ProyectoClinica_ci\index.php(37): CodeIgniter\CodeIgniter->run()
#4 {main}
CRITICAL - 2023-02-21 20:59:45 --> Call to a member function addPackagePath() on null
#0 C:\laragon\www\ProyectoClinica_ci\system\CodeIgniter.php(832): App\Controllers\Historiaclinica->generarPDF(' 9')
#1 C:\laragon\www\ProyectoClinica_ci\system\CodeIgniter.php(419): CodeIgniter\CodeIgniter->runController(Object(App\Controllers\Historiaclinica))
#2 C:\laragon\www\ProyectoClinica_ci\system\CodeIgniter.php(326): CodeIgniter\CodeIgniter->handleRequest(NULL, Object(Config\Cache), false)
#3 C:\laragon\www\ProyectoClinica_ci\index.php(37): CodeIgniter\CodeIgniter->run()
#4 {main}
CRITICAL - 2023-02-21 20:59:55 --> Call to a member function addPackagePath() on null
#0 C:\laragon\www\ProyectoClinica_ci\system\CodeIgniter.php(832): App\Controllers\Historiaclinica->generarPDF(' 9')
#1 C:\laragon\www\ProyectoClinica_ci\system\CodeIgniter.php(419): CodeIgniter\CodeIgniter->runController(Object(App\Controllers\Historiaclinica))
#2 C:\laragon\www\ProyectoClinica_ci\system\CodeIgniter.php(326): CodeIgniter\CodeIgniter->handleRequest(NULL, Object(Config\Cache), false)
#3 C:\laragon\www\ProyectoClinica_ci\index.php(37): CodeIgniter\CodeIgniter->run()
#4 {main}
CRITICAL - 2023-02-21 21:00:06 --> Call to a member function addPackagePath() on null
#0 C:\laragon\www\ProyectoClinica_ci\system\CodeIgniter.php(832): App\Controllers\Historiaclinica->generarPDF(' 9')
#1 C:\laragon\www\ProyectoClinica_ci\system\CodeIgniter.php(419): CodeIgniter\CodeIgniter->runController(Object(App\Controllers\Historiaclinica))
#2 C:\laragon\www\ProyectoClinica_ci\system\CodeIgniter.php(326): CodeIgniter\CodeIgniter->handleRequest(NULL, Object(Config\Cache), false)
#3 C:\laragon\www\ProyectoClinica_ci\index.php(37): CodeIgniter\CodeIgniter->run()
#4 {main}
CRITICAL - 2023-02-21 21:00:11 --> Call to a member function addPackagePath() on null
#0 C:\laragon\www\ProyectoClinica_ci\system\CodeIgniter.php(832): App\Controllers\Historiaclinica->generarPDF(' 9')
#1 C:\laragon\www\ProyectoClinica_ci\system\CodeIgniter.php(419): CodeIgniter\CodeIgniter->runController(Object(App\Controllers\Historiaclinica))
#2 C:\laragon\www\ProyectoClinica_ci\system\CodeIgniter.php(326): CodeIgniter\CodeIgniter->handleRequest(NULL, Object(Config\Cache), false)
#3 C:\laragon\www\ProyectoClinica_ci\index.php(37): CodeIgniter\CodeIgniter->run()
#4 {main}
CRITICAL - 2023-02-21 21:00:18 --> Call to a member function addPackagePath() on null
#0 C:\laragon\www\ProyectoClinica_ci\system\CodeIgniter.php(832): App\Controllers\Historiaclinica->generarPDF(' 9')
#1 C:\laragon\www\ProyectoClinica_ci\system\CodeIgniter.php(419): CodeIgniter\CodeIgniter->runController(Object(App\Controllers\Historiaclinica))
#2 C:\laragon\www\ProyectoClinica_ci\system\CodeIgniter.php(326): CodeIgniter\CodeIgniter->handleRequest(NULL, Object(Config\Cache), false)
#3 C:\laragon\www\ProyectoClinica_ci\index.php(37): CodeIgniter\CodeIgniter->run()
#4 {main}
CRITICAL - 2023-02-21 21:00:20 --> Call to a member function addPackagePath() on null
#0 C:\laragon\www\ProyectoClinica_ci\system\CodeIgniter.php(832): App\Controllers\Historiaclinica->generarPDF(' 9')
#1 C:\laragon\www\ProyectoClinica_ci\system\CodeIgniter.php(419): CodeIgniter\CodeIgniter->runController(Object(App\Controllers\Historiaclinica))
#2 C:\laragon\www\ProyectoClinica_ci\system\CodeIgniter.php(326): CodeIgniter\CodeIgniter->handleRequest(NULL, Object(Config\Cache), false)
#3 C:\laragon\www\ProyectoClinica_ci\index.php(37): CodeIgniter\CodeIgniter->run()
#4 {main}
CRITICAL - 2023-02-21 21:00:28 --> Call to a member function addPackagePath() on null
#0 C:\laragon\www\ProyectoClinica_ci\system\CodeIgniter.php(832): App\Controllers\Historiaclinica->generarPDF(' 9')
#1 C:\laragon\www\ProyectoClinica_ci\system\CodeIgniter.php(419): CodeIgniter\CodeIgniter->runController(Object(App\Controllers\Historiaclinica))
#2 C:\laragon\www\ProyectoClinica_ci\system\CodeIgniter.php(326): CodeIgniter\CodeIgniter->handleRequest(NULL, Object(Config\Cache), false)
#3 C:\laragon\www\ProyectoClinica_ci\index.php(37): CodeIgniter\CodeIgniter->run()
#4 {main}
