CRITICAL - 2022-11-11 12:44:42 --> Undefined array key "idTipoTrabajador"
#0 C:\xampp\htdocs\ProyectoClinica_ci\app\Views\personalmedico\registrar.php(122): CodeIgniter\Debug\Exceptions->errorHandler(2, 'Undefined array...', 'C:\\xampp\\htdocs...', 122)
#1 C:\xampp\htdocs\ProyectoClinica_ci\system\View\View.php(210): include('C:\\xampp\\htdocs...')
#2 C:\xampp\htdocs\ProyectoClinica_ci\system\View\View.php(213): CodeIgniter\View\View->CodeIgniter\View\{closure}()
#3 C:\xampp\htdocs\ProyectoClinica_ci\system\Common.php(1089): CodeIgniter\View\View->render('PersonalMedico/...', Array, true)
#4 C:\xampp\htdocs\ProyectoClinica_ci\app\Views\index.php(145): view('PersonalMedico/...')
#5 C:\xampp\htdocs\ProyectoClinica_ci\system\View\View.php(210): include('C:\\xampp\\htdocs...')
#6 C:\xampp\htdocs\ProyectoClinica_ci\system\View\View.php(213): CodeIgniter\View\View->CodeIgniter\View\{closure}()
#7 C:\xampp\htdocs\ProyectoClinica_ci\system\Common.php(1089): CodeIgniter\View\View->render('index', Array, true)
#8 C:\xampp\htdocs\ProyectoClinica_ci\app\Controllers\PersonalMedico.php(203): view('index', Array)
#9 C:\xampp\htdocs\ProyectoClinica_ci\system\CodeIgniter.php(832): App\Controllers\PersonalMedico->registrarDatos()
#10 C:\xampp\htdocs\ProyectoClinica_ci\system\CodeIgniter.php(419): CodeIgniter\CodeIgniter->runController(Object(App\Controllers\PersonalMedico))
#11 C:\xampp\htdocs\ProyectoClinica_ci\system\CodeIgniter.php(326): CodeIgniter\CodeIgniter->handleRequest(NULL, Object(Config\Cache), false)
#12 C:\xampp\htdocs\ProyectoClinica_ci\index.php(37): CodeIgniter\CodeIgniter->run()
#13 {main}
CRITICAL - 2022-11-11 12:45:35 --> Undefined array key "listDocumento"
#0 C:\xampp\htdocs\ProyectoClinica_ci\app\Views\personalmedico\registrar.php(78): CodeIgniter\Debug\Exceptions->errorHandler(2, 'Undefined array...', 'C:\\xampp\\htdocs...', 78)
#1 C:\xampp\htdocs\ProyectoClinica_ci\system\View\View.php(210): include('C:\\xampp\\htdocs...')
#2 C:\xampp\htdocs\ProyectoClinica_ci\system\View\View.php(213): CodeIgniter\View\View->CodeIgniter\View\{closure}()
#3 C:\xampp\htdocs\ProyectoClinica_ci\system\Common.php(1089): CodeIgniter\View\View->render('personalmedico/...', Array, true)
#4 C:\xampp\htdocs\ProyectoClinica_ci\app\Views\index.php(145): view('personalmedico/...')
#5 C:\xampp\htdocs\ProyectoClinica_ci\system\View\View.php(210): include('C:\\xampp\\htdocs...')
#6 C:\xampp\htdocs\ProyectoClinica_ci\system\View\View.php(213): CodeIgniter\View\View->CodeIgniter\View\{closure}()
#7 C:\xampp\htdocs\ProyectoClinica_ci\system\Common.php(1089): CodeIgniter\View\View->render('index', Array, true)
#8 C:\xampp\htdocs\ProyectoClinica_ci\app\Controllers\PersonalMedico.php(157): view('index', Array)
#9 C:\xampp\htdocs\ProyectoClinica_ci\system\CodeIgniter.php(832): App\Controllers\PersonalMedico->registrar()
#10 C:\xampp\htdocs\ProyectoClinica_ci\system\CodeIgniter.php(419): CodeIgniter\CodeIgniter->runController(Object(App\Controllers\PersonalMedico))
#11 C:\xampp\htdocs\ProyectoClinica_ci\system\CodeIgniter.php(326): CodeIgniter\CodeIgniter->handleRequest(NULL, Object(Config\Cache), false)
#12 C:\xampp\htdocs\ProyectoClinica_ci\index.php(37): CodeIgniter\CodeIgniter->run()
#13 {main}
CRITICAL - 2022-11-11 12:47:01 --> Undefined array key "listDocumento"
#0 C:\xampp\htdocs\ProyectoClinica_ci\app\Views\personalmedico\registrar.php(78): CodeIgniter\Debug\Exceptions->errorHandler(2, 'Undefined array...', 'C:\\xampp\\htdocs...', 78)
#1 C:\xampp\htdocs\ProyectoClinica_ci\system\View\View.php(210): include('C:\\xampp\\htdocs...')
#2 C:\xampp\htdocs\ProyectoClinica_ci\system\View\View.php(213): CodeIgniter\View\View->CodeIgniter\View\{closure}()
#3 C:\xampp\htdocs\ProyectoClinica_ci\system\Common.php(1089): CodeIgniter\View\View->render('personalmedico/...', Array, true)
#4 C:\xampp\htdocs\ProyectoClinica_ci\app\Views\index.php(145): view('personalmedico/...')
#5 C:\xampp\htdocs\ProyectoClinica_ci\system\View\View.php(210): include('C:\\xampp\\htdocs...')
#6 C:\xampp\htdocs\ProyectoClinica_ci\system\View\View.php(213): CodeIgniter\View\View->CodeIgniter\View\{closure}()
#7 C:\xampp\htdocs\ProyectoClinica_ci\system\Common.php(1089): CodeIgniter\View\View->render('index', Array, true)
#8 C:\xampp\htdocs\ProyectoClinica_ci\app\Controllers\PersonalMedico.php(157): view('index', Array)
#9 C:\xampp\htdocs\ProyectoClinica_ci\system\CodeIgniter.php(832): App\Controllers\PersonalMedico->registrar()
#10 C:\xampp\htdocs\ProyectoClinica_ci\system\CodeIgniter.php(419): CodeIgniter\CodeIgniter->runController(Object(App\Controllers\PersonalMedico))
#11 C:\xampp\htdocs\ProyectoClinica_ci\system\CodeIgniter.php(326): CodeIgniter\CodeIgniter->handleRequest(NULL, Object(Config\Cache), false)
#12 C:\xampp\htdocs\ProyectoClinica_ci\index.php(37): CodeIgniter\CodeIgniter->run()
#13 {main}
CRITICAL - 2022-11-11 12:48:52 --> Undefined array key "listDocumento"
#0 C:\xampp\htdocs\ProyectoClinica_ci\app\Views\personalmedico\registrar.php(78): CodeIgniter\Debug\Exceptions->errorHandler(2, 'Undefined array...', 'C:\\xampp\\htdocs...', 78)
#1 C:\xampp\htdocs\ProyectoClinica_ci\system\View\View.php(210): include('C:\\xampp\\htdocs...')
#2 C:\xampp\htdocs\ProyectoClinica_ci\system\View\View.php(213): CodeIgniter\View\View->CodeIgniter\View\{closure}()
#3 C:\xampp\htdocs\ProyectoClinica_ci\system\Common.php(1089): CodeIgniter\View\View->render('personalmedico/...', Array, true)
#4 C:\xampp\htdocs\ProyectoClinica_ci\app\Views\index.php(145): view('personalmedico/...')
#5 C:\xampp\htdocs\ProyectoClinica_ci\system\View\View.php(210): include('C:\\xampp\\htdocs...')
#6 C:\xampp\htdocs\ProyectoClinica_ci\system\View\View.php(213): CodeIgniter\View\View->CodeIgniter\View\{closure}()
#7 C:\xampp\htdocs\ProyectoClinica_ci\system\Common.php(1089): CodeIgniter\View\View->render('index', Array, true)
#8 C:\xampp\htdocs\ProyectoClinica_ci\app\Controllers\PersonalMedico.php(150): view('index', Array)
#9 C:\xampp\htdocs\ProyectoClinica_ci\system\CodeIgniter.php(832): App\Controllers\PersonalMedico->registrar()
#10 C:\xampp\htdocs\ProyectoClinica_ci\system\CodeIgniter.php(419): CodeIgniter\CodeIgniter->runController(Object(App\Controllers\PersonalMedico))
#11 C:\xampp\htdocs\ProyectoClinica_ci\system\CodeIgniter.php(326): CodeIgniter\CodeIgniter->handleRequest(NULL, Object(Config\Cache), false)
#12 C:\xampp\htdocs\ProyectoClinica_ci\index.php(37): CodeIgniter\CodeIgniter->run()
#13 {main}
CRITICAL - 2022-11-11 12:48:52 --> Undefined array key "listDocumento"
#0 C:\xampp\htdocs\ProyectoClinica_ci\app\Views\personalmedico\registrar.php(78): CodeIgniter\Debug\Exceptions->errorHandler(2, 'Undefined array...', 'C:\\xampp\\htdocs...', 78)
#1 C:\xampp\htdocs\ProyectoClinica_ci\system\View\View.php(210): include('C:\\xampp\\htdocs...')
#2 C:\xampp\htdocs\ProyectoClinica_ci\system\View\View.php(213): CodeIgniter\View\View->CodeIgniter\View\{closure}()
#3 C:\xampp\htdocs\ProyectoClinica_ci\system\Common.php(1089): CodeIgniter\View\View->render('personalmedico/...', Array, true)
#4 C:\xampp\htdocs\ProyectoClinica_ci\app\Views\index.php(145): view('personalmedico/...')
#5 C:\xampp\htdocs\ProyectoClinica_ci\system\View\View.php(210): include('C:\\xampp\\htdocs...')
#6 C:\xampp\htdocs\ProyectoClinica_ci\system\View\View.php(213): CodeIgniter\View\View->CodeIgniter\View\{closure}()
#7 C:\xampp\htdocs\ProyectoClinica_ci\system\Common.php(1089): CodeIgniter\View\View->render('index', Array, true)
#8 C:\xampp\htdocs\ProyectoClinica_ci\app\Controllers\PersonalMedico.php(150): view('index', Array)
#9 C:\xampp\htdocs\ProyectoClinica_ci\system\CodeIgniter.php(832): App\Controllers\PersonalMedico->registrar()
#10 C:\xampp\htdocs\ProyectoClinica_ci\system\CodeIgniter.php(419): CodeIgniter\CodeIgniter->runController(Object(App\Controllers\PersonalMedico))
#11 C:\xampp\htdocs\ProyectoClinica_ci\system\CodeIgniter.php(326): CodeIgniter\CodeIgniter->handleRequest(NULL, Object(Config\Cache), false)
#12 C:\xampp\htdocs\ProyectoClinica_ci\index.php(37): CodeIgniter\CodeIgniter->run()
#13 {main}
CRITICAL - 2022-11-11 12:48:52 --> Undefined array key "listDocumento"
#0 C:\xampp\htdocs\ProyectoClinica_ci\app\Views\personalmedico\registrar.php(78): CodeIgniter\Debug\Exceptions->errorHandler(2, 'Undefined array...', 'C:\\xampp\\htdocs...', 78)
#1 C:\xampp\htdocs\ProyectoClinica_ci\system\View\View.php(210): include('C:\\xampp\\htdocs...')
#2 C:\xampp\htdocs\ProyectoClinica_ci\system\View\View.php(213): CodeIgniter\View\View->CodeIgniter\View\{closure}()
#3 C:\xampp\htdocs\ProyectoClinica_ci\system\Common.php(1089): CodeIgniter\View\View->render('personalmedico/...', Array, true)
#4 C:\xampp\htdocs\ProyectoClinica_ci\app\Views\index.php(145): view('personalmedico/...')
#5 C:\xampp\htdocs\ProyectoClinica_ci\system\View\View.php(210): include('C:\\xampp\\htdocs...')
#6 C:\xampp\htdocs\ProyectoClinica_ci\system\View\View.php(213): CodeIgniter\View\View->CodeIgniter\View\{closure}()
#7 C:\xampp\htdocs\ProyectoClinica_ci\system\Common.php(1089): CodeIgniter\View\View->render('index', Array, true)
#8 C:\xampp\htdocs\ProyectoClinica_ci\app\Controllers\PersonalMedico.php(150): view('index', Array)
#9 C:\xampp\htdocs\ProyectoClinica_ci\system\CodeIgniter.php(832): App\Controllers\PersonalMedico->registrar()
#10 C:\xampp\htdocs\ProyectoClinica_ci\system\CodeIgniter.php(419): CodeIgniter\CodeIgniter->runController(Object(App\Controllers\PersonalMedico))
#11 C:\xampp\htdocs\ProyectoClinica_ci\system\CodeIgniter.php(326): CodeIgniter\CodeIgniter->handleRequest(NULL, Object(Config\Cache), false)
#12 C:\xampp\htdocs\ProyectoClinica_ci\index.php(37): CodeIgniter\CodeIgniter->run()
#13 {main}
CRITICAL - 2022-11-11 12:48:55 --> Undefined array key "listDocumento"
#0 C:\xampp\htdocs\ProyectoClinica_ci\app\Views\personalmedico\registrar.php(78): CodeIgniter\Debug\Exceptions->errorHandler(2, 'Undefined array...', 'C:\\xampp\\htdocs...', 78)
#1 C:\xampp\htdocs\ProyectoClinica_ci\system\View\View.php(210): include('C:\\xampp\\htdocs...')
#2 C:\xampp\htdocs\ProyectoClinica_ci\system\View\View.php(213): CodeIgniter\View\View->CodeIgniter\View\{closure}()
#3 C:\xampp\htdocs\ProyectoClinica_ci\system\Common.php(1089): CodeIgniter\View\View->render('personalmedico/...', Array, true)
#4 C:\xampp\htdocs\ProyectoClinica_ci\app\Views\index.php(145): view('personalmedico/...')
#5 C:\xampp\htdocs\ProyectoClinica_ci\system\View\View.php(210): include('C:\\xampp\\htdocs...')
#6 C:\xampp\htdocs\ProyectoClinica_ci\system\View\View.php(213): CodeIgniter\View\View->CodeIgniter\View\{closure}()
#7 C:\xampp\htdocs\ProyectoClinica_ci\system\Common.php(1089): CodeIgniter\View\View->render('index', Array, true)
#8 C:\xampp\htdocs\ProyectoClinica_ci\app\Controllers\PersonalMedico.php(150): view('index', Array)
#9 C:\xampp\htdocs\ProyectoClinica_ci\system\CodeIgniter.php(832): App\Controllers\PersonalMedico->registrar()
#10 C:\xampp\htdocs\ProyectoClinica_ci\system\CodeIgniter.php(419): CodeIgniter\CodeIgniter->runController(Object(App\Controllers\PersonalMedico))
#11 C:\xampp\htdocs\ProyectoClinica_ci\system\CodeIgniter.php(326): CodeIgniter\CodeIgniter->handleRequest(NULL, Object(Config\Cache), false)
#12 C:\xampp\htdocs\ProyectoClinica_ci\index.php(37): CodeIgniter\CodeIgniter->run()
#13 {main}
CRITICAL - 2022-11-11 12:48:55 --> Undefined array key "listDocumento"
#0 C:\xampp\htdocs\ProyectoClinica_ci\app\Views\personalmedico\registrar.php(78): CodeIgniter\Debug\Exceptions->errorHandler(2, 'Undefined array...', 'C:\\xampp\\htdocs...', 78)
#1 C:\xampp\htdocs\ProyectoClinica_ci\system\View\View.php(210): include('C:\\xampp\\htdocs...')
#2 C:\xampp\htdocs\ProyectoClinica_ci\system\View\View.php(213): CodeIgniter\View\View->CodeIgniter\View\{closure}()
#3 C:\xampp\htdocs\ProyectoClinica_ci\system\Common.php(1089): CodeIgniter\View\View->render('personalmedico/...', Array, true)
#4 C:\xampp\htdocs\ProyectoClinica_ci\app\Views\index.php(145): view('personalmedico/...')
#5 C:\xampp\htdocs\ProyectoClinica_ci\system\View\View.php(210): include('C:\\xampp\\htdocs...')
#6 C:\xampp\htdocs\ProyectoClinica_ci\system\View\View.php(213): CodeIgniter\View\View->CodeIgniter\View\{closure}()
#7 C:\xampp\htdocs\ProyectoClinica_ci\system\Common.php(1089): CodeIgniter\View\View->render('index', Array, true)
#8 C:\xampp\htdocs\ProyectoClinica_ci\app\Controllers\PersonalMedico.php(150): view('index', Array)
#9 C:\xampp\htdocs\ProyectoClinica_ci\system\CodeIgniter.php(832): App\Controllers\PersonalMedico->registrar()
#10 C:\xampp\htdocs\ProyectoClinica_ci\system\CodeIgniter.php(419): CodeIgniter\CodeIgniter->runController(Object(App\Controllers\PersonalMedico))
#11 C:\xampp\htdocs\ProyectoClinica_ci\system\CodeIgniter.php(326): CodeIgniter\CodeIgniter->handleRequest(NULL, Object(Config\Cache), false)
#12 C:\xampp\htdocs\ProyectoClinica_ci\index.php(37): CodeIgniter\CodeIgniter->run()
#13 {main}
CRITICAL - 2022-11-11 12:49:16 --> Undefined array key "listEspecialidad"
#0 C:\xampp\htdocs\ProyectoClinica_ci\app\Views\personalmedico\registrar.php(105): CodeIgniter\Debug\Exceptions->errorHandler(2, 'Undefined array...', 'C:\\xampp\\htdocs...', 105)
#1 C:\xampp\htdocs\ProyectoClinica_ci\system\View\View.php(210): include('C:\\xampp\\htdocs...')
#2 C:\xampp\htdocs\ProyectoClinica_ci\system\View\View.php(213): CodeIgniter\View\View->CodeIgniter\View\{closure}()
#3 C:\xampp\htdocs\ProyectoClinica_ci\system\Common.php(1089): CodeIgniter\View\View->render('personalmedico/...', Array, true)
#4 C:\xampp\htdocs\ProyectoClinica_ci\app\Views\index.php(145): view('personalmedico/...')
#5 C:\xampp\htdocs\ProyectoClinica_ci\system\View\View.php(210): include('C:\\xampp\\htdocs...')
#6 C:\xampp\htdocs\ProyectoClinica_ci\system\View\View.php(213): CodeIgniter\View\View->CodeIgniter\View\{closure}()
#7 C:\xampp\htdocs\ProyectoClinica_ci\system\Common.php(1089): CodeIgniter\View\View->render('index', Array, true)
#8 C:\xampp\htdocs\ProyectoClinica_ci\app\Controllers\PersonalMedico.php(150): view('index', Array)
#9 C:\xampp\htdocs\ProyectoClinica_ci\system\CodeIgniter.php(832): App\Controllers\PersonalMedico->registrar()
#10 C:\xampp\htdocs\ProyectoClinica_ci\system\CodeIgniter.php(419): CodeIgniter\CodeIgniter->runController(Object(App\Controllers\PersonalMedico))
#11 C:\xampp\htdocs\ProyectoClinica_ci\system\CodeIgniter.php(326): CodeIgniter\CodeIgniter->handleRequest(NULL, Object(Config\Cache), false)
#12 C:\xampp\htdocs\ProyectoClinica_ci\index.php(37): CodeIgniter\CodeIgniter->run()
#13 {main}
CRITICAL - 2022-11-11 12:49:17 --> Undefined array key "listEspecialidad"
#0 C:\xampp\htdocs\ProyectoClinica_ci\app\Views\personalmedico\registrar.php(105): CodeIgniter\Debug\Exceptions->errorHandler(2, 'Undefined array...', 'C:\\xampp\\htdocs...', 105)
#1 C:\xampp\htdocs\ProyectoClinica_ci\system\View\View.php(210): include('C:\\xampp\\htdocs...')
#2 C:\xampp\htdocs\ProyectoClinica_ci\system\View\View.php(213): CodeIgniter\View\View->CodeIgniter\View\{closure}()
#3 C:\xampp\htdocs\ProyectoClinica_ci\system\Common.php(1089): CodeIgniter\View\View->render('personalmedico/...', Array, true)
#4 C:\xampp\htdocs\ProyectoClinica_ci\app\Views\index.php(145): view('personalmedico/...')
#5 C:\xampp\htdocs\ProyectoClinica_ci\system\View\View.php(210): include('C:\\xampp\\htdocs...')
#6 C:\xampp\htdocs\ProyectoClinica_ci\system\View\View.php(213): CodeIgniter\View\View->CodeIgniter\View\{closure}()
#7 C:\xampp\htdocs\ProyectoClinica_ci\system\Common.php(1089): CodeIgniter\View\View->render('index', Array, true)
#8 C:\xampp\htdocs\ProyectoClinica_ci\app\Controllers\PersonalMedico.php(150): view('index', Array)
#9 C:\xampp\htdocs\ProyectoClinica_ci\system\CodeIgniter.php(832): App\Controllers\PersonalMedico->registrar()
#10 C:\xampp\htdocs\ProyectoClinica_ci\system\CodeIgniter.php(419): CodeIgniter\CodeIgniter->runController(Object(App\Controllers\PersonalMedico))
#11 C:\xampp\htdocs\ProyectoClinica_ci\system\CodeIgniter.php(326): CodeIgniter\CodeIgniter->handleRequest(NULL, Object(Config\Cache), false)
#12 C:\xampp\htdocs\ProyectoClinica_ci\index.php(37): CodeIgniter\CodeIgniter->run()
#13 {main}
CRITICAL - 2022-11-11 12:50:14 --> Undefined array key "listEspecialidad"
#0 C:\xampp\htdocs\ProyectoClinica_ci\app\Views\personalmedico\registrar.php(105): CodeIgniter\Debug\Exceptions->errorHandler(2, 'Undefined array...', 'C:\\xampp\\htdocs...', 105)
#1 C:\xampp\htdocs\ProyectoClinica_ci\system\View\View.php(210): include('C:\\xampp\\htdocs...')
#2 C:\xampp\htdocs\ProyectoClinica_ci\system\View\View.php(213): CodeIgniter\View\View->CodeIgniter\View\{closure}()
#3 C:\xampp\htdocs\ProyectoClinica_ci\system\Common.php(1089): CodeIgniter\View\View->render('personalmedico/...', Array, true)
#4 C:\xampp\htdocs\ProyectoClinica_ci\app\Views\index.php(145): view('personalmedico/...')
#5 C:\xampp\htdocs\ProyectoClinica_ci\system\View\View.php(210): include('C:\\xampp\\htdocs...')
#6 C:\xampp\htdocs\ProyectoClinica_ci\system\View\View.php(213): CodeIgniter\View\View->CodeIgniter\View\{closure}()
#7 C:\xampp\htdocs\ProyectoClinica_ci\system\Common.php(1089): CodeIgniter\View\View->render('index', Array, true)
#8 C:\xampp\htdocs\ProyectoClinica_ci\app\Controllers\PersonalMedico.php(150): view('index', Array)
#9 C:\xampp\htdocs\ProyectoClinica_ci\system\CodeIgniter.php(832): App\Controllers\PersonalMedico->registrar()
#10 C:\xampp\htdocs\ProyectoClinica_ci\system\CodeIgniter.php(419): CodeIgniter\CodeIgniter->runController(Object(App\Controllers\PersonalMedico))
#11 C:\xampp\htdocs\ProyectoClinica_ci\system\CodeIgniter.php(326): CodeIgniter\CodeIgniter->handleRequest(NULL, Object(Config\Cache), false)
#12 C:\xampp\htdocs\ProyectoClinica_ci\index.php(37): CodeIgniter\CodeIgniter->run()
#13 {main}
CRITICAL - 2022-11-11 12:50:21 --> Undefined array key "listTipoPersonal"
#0 C:\xampp\htdocs\ProyectoClinica_ci\app\Views\personalmedico\registrar.php(122): CodeIgniter\Debug\Exceptions->errorHandler(2, 'Undefined array...', 'C:\\xampp\\htdocs...', 122)
#1 C:\xampp\htdocs\ProyectoClinica_ci\system\View\View.php(210): include('C:\\xampp\\htdocs...')
#2 C:\xampp\htdocs\ProyectoClinica_ci\system\View\View.php(213): CodeIgniter\View\View->CodeIgniter\View\{closure}()
#3 C:\xampp\htdocs\ProyectoClinica_ci\system\Common.php(1089): CodeIgniter\View\View->render('personalmedico/...', Array, true)
#4 C:\xampp\htdocs\ProyectoClinica_ci\app\Views\index.php(145): view('personalmedico/...')
#5 C:\xampp\htdocs\ProyectoClinica_ci\system\View\View.php(210): include('C:\\xampp\\htdocs...')
#6 C:\xampp\htdocs\ProyectoClinica_ci\system\View\View.php(213): CodeIgniter\View\View->CodeIgniter\View\{closure}()
#7 C:\xampp\htdocs\ProyectoClinica_ci\system\Common.php(1089): CodeIgniter\View\View->render('index', Array, true)
#8 C:\xampp\htdocs\ProyectoClinica_ci\app\Controllers\PersonalMedico.php(150): view('index', Array)
#9 C:\xampp\htdocs\ProyectoClinica_ci\system\CodeIgniter.php(832): App\Controllers\PersonalMedico->registrar()
#10 C:\xampp\htdocs\ProyectoClinica_ci\system\CodeIgniter.php(419): CodeIgniter\CodeIgniter->runController(Object(App\Controllers\PersonalMedico))
#11 C:\xampp\htdocs\ProyectoClinica_ci\system\CodeIgniter.php(326): CodeIgniter\CodeIgniter->handleRequest(NULL, Object(Config\Cache), false)
#12 C:\xampp\htdocs\ProyectoClinica_ci\index.php(37): CodeIgniter\CodeIgniter->run()
#13 {main}
CRITICAL - 2022-11-11 12:50:36 --> Undefined array key "listStatus"
#0 C:\xampp\htdocs\ProyectoClinica_ci\app\Views\personalmedico\registrar.php(140): CodeIgniter\Debug\Exceptions->errorHandler(2, 'Undefined array...', 'C:\\xampp\\htdocs...', 140)
#1 C:\xampp\htdocs\ProyectoClinica_ci\system\View\View.php(210): include('C:\\xampp\\htdocs...')
#2 C:\xampp\htdocs\ProyectoClinica_ci\system\View\View.php(213): CodeIgniter\View\View->CodeIgniter\View\{closure}()
#3 C:\xampp\htdocs\ProyectoClinica_ci\system\Common.php(1089): CodeIgniter\View\View->render('personalmedico/...', Array, true)
#4 C:\xampp\htdocs\ProyectoClinica_ci\app\Views\index.php(145): view('personalmedico/...')
#5 C:\xampp\htdocs\ProyectoClinica_ci\system\View\View.php(210): include('C:\\xampp\\htdocs...')
#6 C:\xampp\htdocs\ProyectoClinica_ci\system\View\View.php(213): CodeIgniter\View\View->CodeIgniter\View\{closure}()
#7 C:\xampp\htdocs\ProyectoClinica_ci\system\Common.php(1089): CodeIgniter\View\View->render('index', Array, true)
#8 C:\xampp\htdocs\ProyectoClinica_ci\app\Controllers\PersonalMedico.php(150): view('index', Array)
#9 C:\xampp\htdocs\ProyectoClinica_ci\system\CodeIgniter.php(832): App\Controllers\PersonalMedico->registrar()
#10 C:\xampp\htdocs\ProyectoClinica_ci\system\CodeIgniter.php(419): CodeIgniter\CodeIgniter->runController(Object(App\Controllers\PersonalMedico))
#11 C:\xampp\htdocs\ProyectoClinica_ci\system\CodeIgniter.php(326): CodeIgniter\CodeIgniter->handleRequest(NULL, Object(Config\Cache), false)
#12 C:\xampp\htdocs\ProyectoClinica_ci\index.php(37): CodeIgniter\CodeIgniter->run()
#13 {main}
