ERROR - 2023-04-10 12:22:50 --> Error connecting to the database: Access denied for user '****'@'localhost' (using password: YES)
CRITICAL - 2023-04-10 12:22:50 --> Unable to connect to the database.
Main connection [MySQLi]: Access denied for user '****'@'localhost' (using password: YES)
#0 C:\laragon\www\ProyectoClinica_ci\system\Database\BaseConnection.php(577): CodeIgniter\Database\BaseConnection->initialize()
#1 C:\laragon\www\ProyectoClinica_ci\system\Database\BaseBuilder.php(1455): CodeIgniter\Database\BaseConnection->query('SELECT *\nFROM `...', Array, false)
#2 C:\laragon\www\ProyectoClinica_ci\system\Model.php(210): CodeIgniter\Database\BaseBuilder->get()
#3 C:\laragon\www\ProyectoClinica_ci\system\BaseModel.php(622): CodeIgniter\Model->doFirst()
#4 C:\laragon\www\ProyectoClinica_ci\app\Controllers\Login.php(59): CodeIgniter\BaseModel->first()
#5 C:\laragon\www\ProyectoClinica_ci\system\CodeIgniter.php(832): App\Controllers\Login->validacion_do()
#6 C:\laragon\www\ProyectoClinica_ci\system\CodeIgniter.php(419): CodeIgniter\CodeIgniter->runController(Object(App\Controllers\Login))
#7 C:\laragon\www\ProyectoClinica_ci\system\CodeIgniter.php(326): CodeIgniter\CodeIgniter->handleRequest(NULL, Object(Config\Cache), false)
#8 C:\laragon\www\ProyectoClinica_ci\index.php(37): CodeIgniter\CodeIgniter->run()
#9 {main}
ERROR - 2023-04-10 14:39:23 --> Error connecting to the database: Access denied for user '****'@'localhost' (using password: NO)
CRITICAL - 2023-04-10 14:39:23 --> Unable to connect to the database.
Main connection [MySQLi]: Access denied for user '****'@'localhost' (using password: NO)
#0 C:\laragon\www\ProyectoClinica_ci\system\Database\BaseConnection.php(577): CodeIgniter\Database\BaseConnection->initialize()
#1 C:\laragon\www\ProyectoClinica_ci\system\Database\BaseBuilder.php(1455): CodeIgniter\Database\BaseConnection->query('SELECT *\nFROM `...', Array, false)
#2 C:\laragon\www\ProyectoClinica_ci\system\Model.php(183): CodeIgniter\Database\BaseBuilder->get()
#3 C:\laragon\www\ProyectoClinica_ci\system\BaseModel.php(584): CodeIgniter\Model->doFindAll(0, 0)
#4 C:\laragon\www\ProyectoClinica_ci\app\Controllers\Caja.php(116): CodeIgniter\BaseModel->findAll()
#5 C:\laragon\www\ProyectoClinica_ci\system\CodeIgniter.php(832): App\Controllers\Caja->registrar()
#6 C:\laragon\www\ProyectoClinica_ci\system\CodeIgniter.php(419): CodeIgniter\CodeIgniter->runController(Object(App\Controllers\Caja))
#7 C:\laragon\www\ProyectoClinica_ci\system\CodeIgniter.php(326): CodeIgniter\CodeIgniter->handleRequest(NULL, Object(Config\Cache), false)
#8 C:\laragon\www\ProyectoClinica_ci\index.php(37): CodeIgniter\CodeIgniter->run()
#9 {main}
CRITICAL - 2023-04-10 14:58:40 --> Undefined variable $cant_hisotria
#0 C:\laragon\www\ProyectoClinica_ci\app\Views\dashboard\dashboard.php(69): CodeIgniter\Debug\Exceptions->errorHandler(2, 'Undefined varia...', 'C:\\laragon\\www\\...', 69)
#1 C:\laragon\www\ProyectoClinica_ci\system\View\View.php(210): include('C:\\laragon\\www\\...')
#2 C:\laragon\www\ProyectoClinica_ci\system\View\View.php(213): CodeIgniter\View\View->CodeIgniter\View\{closure}()
#3 C:\laragon\www\ProyectoClinica_ci\system\Common.php(1089): CodeIgniter\View\View->render('dashboard/dashb...', Array, true)
#4 C:\laragon\www\ProyectoClinica_ci\app\Views\index.php(184): view('dashboard/dashb...')
#5 C:\laragon\www\ProyectoClinica_ci\system\View\View.php(210): include('C:\\laragon\\www\\...')
#6 C:\laragon\www\ProyectoClinica_ci\system\View\View.php(213): CodeIgniter\View\View->CodeIgniter\View\{closure}()
#7 C:\laragon\www\ProyectoClinica_ci\system\Common.php(1089): CodeIgniter\View\View->render('index', Array, true)
#8 C:\laragon\www\ProyectoClinica_ci\app\Controllers\Inicio.php(39): view('index', Array)
#9 C:\laragon\www\ProyectoClinica_ci\system\CodeIgniter.php(832): App\Controllers\Inicio->index()
#10 C:\laragon\www\ProyectoClinica_ci\system\CodeIgniter.php(419): CodeIgniter\CodeIgniter->runController(Object(App\Controllers\Inicio))
#11 C:\laragon\www\ProyectoClinica_ci\system\CodeIgniter.php(326): CodeIgniter\CodeIgniter->handleRequest(NULL, Object(Config\Cache), false)
#12 C:\laragon\www\ProyectoClinica_ci\index.php(37): CodeIgniter\CodeIgniter->run()
#13 {main}
