ERROR - 2023-02-18 16:07:28 --> Error connecting to the database: Access denied for user '****'@'localhost' (using password: NO)
CRITICAL - 2023-02-18 16:07:28 --> Unable to connect to the database.
Main connection [MySQLi]: Access denied for user '****'@'localhost' (using password: NO)
#0 C:\laragon\www\ProyectoClinica_ci\system\Database\BaseConnection.php(577): CodeIgniter\Database\BaseConnection->initialize()
#1 C:\laragon\www\ProyectoClinica_ci\system\Database\BaseBuilder.php(1455): CodeIgniter\Database\BaseConnection->query('SELECT *\nFROM `...', Array, false)
#2 C:\laragon\www\ProyectoClinica_ci\system\Model.php(210): CodeIgniter\Database\BaseBuilder->get()
#3 C:\laragon\www\ProyectoClinica_ci\system\BaseModel.php(622): CodeIgniter\Model->doFirst()
#4 C:\laragon\www\ProyectoClinica_ci\app\Controllers\Login.php(59): CodeIgniter\BaseModel->first()
#5 C:\laragon\www\ProyectoClinica_ci\system\CodeIgniter.php(832): App\Controllers\Login->validacion_do()
#6 C:\laragon\www\ProyectoClinica_ci\system\CodeIgniter.php(419): CodeIgniter\CodeIgniter->runController(Object(App\Controllers\Login))
#7 C:\laragon\www\ProyectoClinica_ci\system\CodeIgniter.php(326): CodeIgniter\CodeIgniter->handleRequest(NULL, Object(Config\Cache), false)
#8 C:\laragon\www\ProyectoClinica_ci\index.php(37): CodeIgniter\CodeIgniter->run()
#9 {main}
ERROR - 2023-02-18 17:03:39 --> Unknown column 'idUsuario' in 'where clause'
CRITICAL - 2023-02-18 17:03:39 --> Unknown column 'idUsuario' in 'where clause'
#0 C:\laragon\www\ProyectoClinica_ci\system\Database\MySQLi\Connection.php(292): mysqli->query('SELECT *\nFROM `...', 0)
#1 C:\laragon\www\ProyectoClinica_ci\system\Database\BaseConnection.php(670): CodeIgniter\Database\MySQLi\Connection->execute('SELECT *\nFROM `...')
#2 C:\laragon\www\ProyectoClinica_ci\system\Database\BaseConnection.php(598): CodeIgniter\Database\BaseConnection->simpleQuery('SELECT *\nFROM `...')
#3 C:\laragon\www\ProyectoClinica_ci\system\Database\BaseBuilder.php(1455): CodeIgniter\Database\BaseConnection->query('SELECT *\nFROM `...', Array, false)
#4 C:\laragon\www\ProyectoClinica_ci\system\Model.php(210): CodeIgniter\Database\BaseBuilder->get()
#5 C:\laragon\www\ProyectoClinica_ci\system\BaseModel.php(622): CodeIgniter\Model->doFirst()
#6 C:\laragon\www\ProyectoClinica_ci\app\Controllers\Historiaclinica.php(92): CodeIgniter\BaseModel->first()
#7 C:\laragon\www\ProyectoClinica_ci\system\CodeIgniter.php(832): App\Controllers\Historiaclinica->visualizar('1')
#8 C:\laragon\www\ProyectoClinica_ci\system\CodeIgniter.php(419): CodeIgniter\CodeIgniter->runController(Object(App\Controllers\Historiaclinica))
#9 C:\laragon\www\ProyectoClinica_ci\system\CodeIgniter.php(326): CodeIgniter\CodeIgniter->handleRequest(NULL, Object(Config\Cache), false)
#10 C:\laragon\www\ProyectoClinica_ci\index.php(37): CodeIgniter\CodeIgniter->run()
#11 {main}
ERROR - 2023-02-18 17:05:25 --> You have an error in your SQL syntax; check the manual that corresponds to your MySQL server version for the right syntax to use near '`nombre` = '1'
 LIMIT 1' at line 3
CRITICAL - 2023-02-18 17:05:25 --> You have an error in your SQL syntax; check the manual that corresponds to your MySQL server version for the right syntax to use near '`nombre` = '1'
 LIMIT 1' at line 3
#0 C:\laragon\www\ProyectoClinica_ci\system\Database\MySQLi\Connection.php(292): mysqli->query('SELECT *\nFROM `...', 0)
#1 C:\laragon\www\ProyectoClinica_ci\system\Database\BaseConnection.php(670): CodeIgniter\Database\MySQLi\Connection->execute('SELECT *\nFROM `...')
#2 C:\laragon\www\ProyectoClinica_ci\system\Database\BaseConnection.php(598): CodeIgniter\Database\BaseConnection->simpleQuery('SELECT *\nFROM `...')
#3 C:\laragon\www\ProyectoClinica_ci\system\Database\BaseBuilder.php(1455): CodeIgniter\Database\BaseConnection->query('SELECT *\nFROM `...', Array, false)
#4 C:\laragon\www\ProyectoClinica_ci\system\Model.php(210): CodeIgniter\Database\BaseBuilder->get()
#5 C:\laragon\www\ProyectoClinica_ci\system\BaseModel.php(622): CodeIgniter\Model->doFirst()
#6 C:\laragon\www\ProyectoClinica_ci\app\Controllers\Historiaclinica.php(92): CodeIgniter\BaseModel->first()
#7 C:\laragon\www\ProyectoClinica_ci\system\CodeIgniter.php(832): App\Controllers\Historiaclinica->visualizar('1')
#8 C:\laragon\www\ProyectoClinica_ci\system\CodeIgniter.php(419): CodeIgniter\CodeIgniter->runController(Object(App\Controllers\Historiaclinica))
#9 C:\laragon\www\ProyectoClinica_ci\system\CodeIgniter.php(326): CodeIgniter\CodeIgniter->handleRequest(NULL, Object(Config\Cache), false)
#10 C:\laragon\www\ProyectoClinica_ci\index.php(37): CodeIgniter\CodeIgniter->run()
#11 {main}
CRITICAL - 2023-02-18 17:07:47 --> Attempt to read property "nombre" on array
#0 C:\laragon\www\ProyectoClinica_ci\app\Controllers\Historiaclinica.php(93): CodeIgniter\Debug\Exceptions->errorHandler(2, 'Attempt to read...', 'C:\\laragon\\www\\...', 93)
#1 C:\laragon\www\ProyectoClinica_ci\system\CodeIgniter.php(832): App\Controllers\Historiaclinica->visualizar('1')
#2 C:\laragon\www\ProyectoClinica_ci\system\CodeIgniter.php(419): CodeIgniter\CodeIgniter->runController(Object(App\Controllers\Historiaclinica))
#3 C:\laragon\www\ProyectoClinica_ci\system\CodeIgniter.php(326): CodeIgniter\CodeIgniter->handleRequest(NULL, Object(Config\Cache), false)
#4 C:\laragon\www\ProyectoClinica_ci\index.php(37): CodeIgniter\CodeIgniter->run()
#5 {main}
CRITICAL - 2023-02-18 17:09:36 --> Attempt to read property "nombre" on array
#0 C:\laragon\www\ProyectoClinica_ci\app\Controllers\Historiaclinica.php(93): CodeIgniter\Debug\Exceptions->errorHandler(2, 'Attempt to read...', 'C:\\laragon\\www\\...', 93)
#1 C:\laragon\www\ProyectoClinica_ci\system\CodeIgniter.php(832): App\Controllers\Historiaclinica->visualizar('1')
#2 C:\laragon\www\ProyectoClinica_ci\system\CodeIgniter.php(419): CodeIgniter\CodeIgniter->runController(Object(App\Controllers\Historiaclinica))
#3 C:\laragon\www\ProyectoClinica_ci\system\CodeIgniter.php(326): CodeIgniter\CodeIgniter->handleRequest(NULL, Object(Config\Cache), false)
#4 C:\laragon\www\ProyectoClinica_ci\index.php(37): CodeIgniter\CodeIgniter->run()
#5 {main}
CRITICAL - 2023-02-18 17:09:38 --> Attempt to read property "nombre" on array
#0 C:\laragon\www\ProyectoClinica_ci\app\Views\historiaclinica\historiaclinica.php(7): CodeIgniter\Debug\Exceptions->errorHandler(2, 'Attempt to read...', 'C:\\laragon\\www\\...', 7)
#1 C:\laragon\www\ProyectoClinica_ci\system\View\View.php(210): include('C:\\laragon\\www\\...')
#2 C:\laragon\www\ProyectoClinica_ci\system\View\View.php(213): CodeIgniter\View\View->CodeIgniter\View\{closure}()
#3 C:\laragon\www\ProyectoClinica_ci\system\Common.php(1089): CodeIgniter\View\View->render('historiaclinica...', Array, true)
#4 C:\laragon\www\ProyectoClinica_ci\app\Views\index.php(160): view('historiaclinica...')
#5 C:\laragon\www\ProyectoClinica_ci\system\View\View.php(210): include('C:\\laragon\\www\\...')
#6 C:\laragon\www\ProyectoClinica_ci\system\View\View.php(213): CodeIgniter\View\View->CodeIgniter\View\{closure}()
#7 C:\laragon\www\ProyectoClinica_ci\system\Common.php(1089): CodeIgniter\View\View->render('index', Array, true)
#8 C:\laragon\www\ProyectoClinica_ci\app\Controllers\Historiaclinica.php(30): view('index', Array)
#9 C:\laragon\www\ProyectoClinica_ci\system\CodeIgniter.php(832): App\Controllers\Historiaclinica->index()
#10 C:\laragon\www\ProyectoClinica_ci\system\CodeIgniter.php(419): CodeIgniter\CodeIgniter->runController(Object(App\Controllers\Historiaclinica))
#11 C:\laragon\www\ProyectoClinica_ci\system\CodeIgniter.php(326): CodeIgniter\CodeIgniter->handleRequest(NULL, Object(Config\Cache), false)
#12 C:\laragon\www\ProyectoClinica_ci\index.php(37): CodeIgniter\CodeIgniter->run()
#13 {main}
CRITICAL - 2023-02-18 17:09:38 --> Attempt to read property "nombre" on array
#0 C:\laragon\www\ProyectoClinica_ci\app\Views\historiaclinica\historiaclinica.php(7): CodeIgniter\Debug\Exceptions->errorHandler(2, 'Attempt to read...', 'C:\\laragon\\www\\...', 7)
#1 C:\laragon\www\ProyectoClinica_ci\system\View\View.php(210): include('C:\\laragon\\www\\...')
#2 C:\laragon\www\ProyectoClinica_ci\system\View\View.php(213): CodeIgniter\View\View->CodeIgniter\View\{closure}()
#3 C:\laragon\www\ProyectoClinica_ci\system\Common.php(1089): CodeIgniter\View\View->render('historiaclinica...', Array, true)
#4 C:\laragon\www\ProyectoClinica_ci\app\Views\index.php(160): view('historiaclinica...')
#5 C:\laragon\www\ProyectoClinica_ci\system\View\View.php(210): include('C:\\laragon\\www\\...')
#6 C:\laragon\www\ProyectoClinica_ci\system\View\View.php(213): CodeIgniter\View\View->CodeIgniter\View\{closure}()
#7 C:\laragon\www\ProyectoClinica_ci\system\Common.php(1089): CodeIgniter\View\View->render('index', Array, true)
#8 C:\laragon\www\ProyectoClinica_ci\app\Controllers\Historiaclinica.php(30): view('index', Array)
#9 C:\laragon\www\ProyectoClinica_ci\system\CodeIgniter.php(832): App\Controllers\Historiaclinica->index()
#10 C:\laragon\www\ProyectoClinica_ci\system\CodeIgniter.php(419): CodeIgniter\CodeIgniter->runController(Object(App\Controllers\Historiaclinica))
#11 C:\laragon\www\ProyectoClinica_ci\system\CodeIgniter.php(326): CodeIgniter\CodeIgniter->handleRequest(NULL, Object(Config\Cache), false)
#12 C:\laragon\www\ProyectoClinica_ci\index.php(37): CodeIgniter\CodeIgniter->run()
#13 {main}
CRITICAL - 2023-02-18 17:10:01 --> Attempt to read property "nombre" on array
#0 C:\laragon\www\ProyectoClinica_ci\app\Views\historiaclinica\historiaclinica.php(7): CodeIgniter\Debug\Exceptions->errorHandler(2, 'Attempt to read...', 'C:\\laragon\\www\\...', 7)
#1 C:\laragon\www\ProyectoClinica_ci\system\View\View.php(210): include('C:\\laragon\\www\\...')
#2 C:\laragon\www\ProyectoClinica_ci\system\View\View.php(213): CodeIgniter\View\View->CodeIgniter\View\{closure}()
#3 C:\laragon\www\ProyectoClinica_ci\system\Common.php(1089): CodeIgniter\View\View->render('historiaclinica...', Array, true)
#4 C:\laragon\www\ProyectoClinica_ci\app\Views\index.php(160): view('historiaclinica...')
#5 C:\laragon\www\ProyectoClinica_ci\system\View\View.php(210): include('C:\\laragon\\www\\...')
#6 C:\laragon\www\ProyectoClinica_ci\system\View\View.php(213): CodeIgniter\View\View->CodeIgniter\View\{closure}()
#7 C:\laragon\www\ProyectoClinica_ci\system\Common.php(1089): CodeIgniter\View\View->render('index', Array, true)
#8 C:\laragon\www\ProyectoClinica_ci\app\Controllers\Historiaclinica.php(30): view('index', Array)
#9 C:\laragon\www\ProyectoClinica_ci\system\CodeIgniter.php(832): App\Controllers\Historiaclinica->index()
#10 C:\laragon\www\ProyectoClinica_ci\system\CodeIgniter.php(419): CodeIgniter\CodeIgniter->runController(Object(App\Controllers\Historiaclinica))
#11 C:\laragon\www\ProyectoClinica_ci\system\CodeIgniter.php(326): CodeIgniter\CodeIgniter->handleRequest(NULL, Object(Config\Cache), false)
#12 C:\laragon\www\ProyectoClinica_ci\index.php(37): CodeIgniter\CodeIgniter->run()
#13 {main}
CRITICAL - 2023-02-18 17:10:08 --> Attempt to read property "nombre" on array
#0 C:\laragon\www\ProyectoClinica_ci\app\Views\historiaclinica\historiaclinica.php(7): CodeIgniter\Debug\Exceptions->errorHandler(2, 'Attempt to read...', 'C:\\laragon\\www\\...', 7)
#1 C:\laragon\www\ProyectoClinica_ci\system\View\View.php(210): include('C:\\laragon\\www\\...')
#2 C:\laragon\www\ProyectoClinica_ci\system\View\View.php(213): CodeIgniter\View\View->CodeIgniter\View\{closure}()
#3 C:\laragon\www\ProyectoClinica_ci\system\Common.php(1089): CodeIgniter\View\View->render('historiaclinica...', Array, true)
#4 C:\laragon\www\ProyectoClinica_ci\app\Views\index.php(160): view('historiaclinica...')
#5 C:\laragon\www\ProyectoClinica_ci\system\View\View.php(210): include('C:\\laragon\\www\\...')
#6 C:\laragon\www\ProyectoClinica_ci\system\View\View.php(213): CodeIgniter\View\View->CodeIgniter\View\{closure}()
#7 C:\laragon\www\ProyectoClinica_ci\system\Common.php(1089): CodeIgniter\View\View->render('index', Array, true)
#8 C:\laragon\www\ProyectoClinica_ci\app\Controllers\Historiaclinica.php(30): view('index', Array)
#9 C:\laragon\www\ProyectoClinica_ci\system\CodeIgniter.php(832): App\Controllers\Historiaclinica->index()
#10 C:\laragon\www\ProyectoClinica_ci\system\CodeIgniter.php(419): CodeIgniter\CodeIgniter->runController(Object(App\Controllers\Historiaclinica))
#11 C:\laragon\www\ProyectoClinica_ci\system\CodeIgniter.php(326): CodeIgniter\CodeIgniter->handleRequest(NULL, Object(Config\Cache), false)
#12 C:\laragon\www\ProyectoClinica_ci\index.php(37): CodeIgniter\CodeIgniter->run()
#13 {main}
CRITICAL - 2023-02-18 17:10:17 --> Attempt to read property "nombre" on array
#0 C:\laragon\www\ProyectoClinica_ci\app\Views\historiaclinica\historiaclinica.php(7): CodeIgniter\Debug\Exceptions->errorHandler(2, 'Attempt to read...', 'C:\\laragon\\www\\...', 7)
#1 C:\laragon\www\ProyectoClinica_ci\system\View\View.php(210): include('C:\\laragon\\www\\...')
#2 C:\laragon\www\ProyectoClinica_ci\system\View\View.php(213): CodeIgniter\View\View->CodeIgniter\View\{closure}()
#3 C:\laragon\www\ProyectoClinica_ci\system\Common.php(1089): CodeIgniter\View\View->render('historiaclinica...', Array, true)
#4 C:\laragon\www\ProyectoClinica_ci\app\Views\index.php(160): view('historiaclinica...')
#5 C:\laragon\www\ProyectoClinica_ci\system\View\View.php(210): include('C:\\laragon\\www\\...')
#6 C:\laragon\www\ProyectoClinica_ci\system\View\View.php(213): CodeIgniter\View\View->CodeIgniter\View\{closure}()
#7 C:\laragon\www\ProyectoClinica_ci\system\Common.php(1089): CodeIgniter\View\View->render('index', Array, true)
#8 C:\laragon\www\ProyectoClinica_ci\app\Controllers\Historiaclinica.php(30): view('index', Array)
#9 C:\laragon\www\ProyectoClinica_ci\system\CodeIgniter.php(832): App\Controllers\Historiaclinica->index()
#10 C:\laragon\www\ProyectoClinica_ci\system\CodeIgniter.php(419): CodeIgniter\CodeIgniter->runController(Object(App\Controllers\Historiaclinica))
#11 C:\laragon\www\ProyectoClinica_ci\system\CodeIgniter.php(326): CodeIgniter\CodeIgniter->handleRequest(NULL, Object(Config\Cache), false)
#12 C:\laragon\www\ProyectoClinica_ci\index.php(37): CodeIgniter\CodeIgniter->run()
#13 {main}
CRITICAL - 2023-02-18 17:10:27 --> Attempt to read property "nombre" on array
#0 C:\laragon\www\ProyectoClinica_ci\app\Views\historiaclinica\historiaclinica.php(7): CodeIgniter\Debug\Exceptions->errorHandler(2, 'Attempt to read...', 'C:\\laragon\\www\\...', 7)
#1 C:\laragon\www\ProyectoClinica_ci\system\View\View.php(210): include('C:\\laragon\\www\\...')
#2 C:\laragon\www\ProyectoClinica_ci\system\View\View.php(213): CodeIgniter\View\View->CodeIgniter\View\{closure}()
#3 C:\laragon\www\ProyectoClinica_ci\system\Common.php(1089): CodeIgniter\View\View->render('historiaclinica...', Array, true)
#4 C:\laragon\www\ProyectoClinica_ci\app\Views\index.php(160): view('historiaclinica...')
#5 C:\laragon\www\ProyectoClinica_ci\system\View\View.php(210): include('C:\\laragon\\www\\...')
#6 C:\laragon\www\ProyectoClinica_ci\system\View\View.php(213): CodeIgniter\View\View->CodeIgniter\View\{closure}()
#7 C:\laragon\www\ProyectoClinica_ci\system\Common.php(1089): CodeIgniter\View\View->render('index', Array, true)
#8 C:\laragon\www\ProyectoClinica_ci\app\Controllers\Historiaclinica.php(30): view('index', Array)
#9 C:\laragon\www\ProyectoClinica_ci\system\CodeIgniter.php(832): App\Controllers\Historiaclinica->index()
#10 C:\laragon\www\ProyectoClinica_ci\system\CodeIgniter.php(419): CodeIgniter\CodeIgniter->runController(Object(App\Controllers\Historiaclinica))
#11 C:\laragon\www\ProyectoClinica_ci\system\CodeIgniter.php(326): CodeIgniter\CodeIgniter->handleRequest(NULL, Object(Config\Cache), false)
#12 C:\laragon\www\ProyectoClinica_ci\index.php(37): CodeIgniter\CodeIgniter->run()
#13 {main}
CRITICAL - 2023-02-18 17:10:48 --> Attempt to read property "nombre" on array
#0 C:\laragon\www\ProyectoClinica_ci\app\Controllers\Historiaclinica.php(93): CodeIgniter\Debug\Exceptions->errorHandler(2, 'Attempt to read...', 'C:\\laragon\\www\\...', 93)
#1 C:\laragon\www\ProyectoClinica_ci\system\CodeIgniter.php(832): App\Controllers\Historiaclinica->visualizar('1')
#2 C:\laragon\www\ProyectoClinica_ci\system\CodeIgniter.php(419): CodeIgniter\CodeIgniter->runController(Object(App\Controllers\Historiaclinica))
#3 C:\laragon\www\ProyectoClinica_ci\system\CodeIgniter.php(326): CodeIgniter\CodeIgniter->handleRequest(NULL, Object(Config\Cache), false)
#4 C:\laragon\www\ProyectoClinica_ci\index.php(37): CodeIgniter\CodeIgniter->run()
#5 {main}
CRITICAL - 2023-02-18 17:12:34 --> Attempt to read property "nombre" on array
#0 C:\laragon\www\ProyectoClinica_ci\app\Controllers\Historiaclinica.php(96): CodeIgniter\Debug\Exceptions->errorHandler(2, 'Attempt to read...', 'C:\\laragon\\www\\...', 96)
#1 C:\laragon\www\ProyectoClinica_ci\system\CodeIgniter.php(832): App\Controllers\Historiaclinica->visualizar('1')
#2 C:\laragon\www\ProyectoClinica_ci\system\CodeIgniter.php(419): CodeIgniter\CodeIgniter->runController(Object(App\Controllers\Historiaclinica))
#3 C:\laragon\www\ProyectoClinica_ci\system\CodeIgniter.php(326): CodeIgniter\CodeIgniter->handleRequest(NULL, Object(Config\Cache), false)
#4 C:\laragon\www\ProyectoClinica_ci\index.php(37): CodeIgniter\CodeIgniter->run()
#5 {main}
CRITICAL - 2023-02-18 17:12:37 --> Attempt to read property "nombre" on array
#0 C:\laragon\www\ProyectoClinica_ci\app\Controllers\Historiaclinica.php(96): CodeIgniter\Debug\Exceptions->errorHandler(2, 'Attempt to read...', 'C:\\laragon\\www\\...', 96)
#1 C:\laragon\www\ProyectoClinica_ci\system\CodeIgniter.php(832): App\Controllers\Historiaclinica->visualizar('1')
#2 C:\laragon\www\ProyectoClinica_ci\system\CodeIgniter.php(419): CodeIgniter\CodeIgniter->runController(Object(App\Controllers\Historiaclinica))
#3 C:\laragon\www\ProyectoClinica_ci\system\CodeIgniter.php(326): CodeIgniter\CodeIgniter->handleRequest(NULL, Object(Config\Cache), false)
#4 C:\laragon\www\ProyectoClinica_ci\index.php(37): CodeIgniter\CodeIgniter->run()
#5 {main}
CRITICAL - 2023-02-18 17:13:36 --> Attempt to read property "nombres" on array
#0 C:\laragon\www\ProyectoClinica_ci\app\Controllers\Historiaclinica.php(93): CodeIgniter\Debug\Exceptions->errorHandler(2, 'Attempt to read...', 'C:\\laragon\\www\\...', 93)
#1 C:\laragon\www\ProyectoClinica_ci\system\CodeIgniter.php(832): App\Controllers\Historiaclinica->visualizar('1')
#2 C:\laragon\www\ProyectoClinica_ci\system\CodeIgniter.php(419): CodeIgniter\CodeIgniter->runController(Object(App\Controllers\Historiaclinica))
#3 C:\laragon\www\ProyectoClinica_ci\system\CodeIgniter.php(326): CodeIgniter\CodeIgniter->handleRequest(NULL, Object(Config\Cache), false)
#4 C:\laragon\www\ProyectoClinica_ci\index.php(37): CodeIgniter\CodeIgniter->run()
#5 {main}
ERROR - 2023-02-18 17:13:48 --> You have an error in your SQL syntax; check the manual that corresponds to your MySQL server version for the right syntax to use near '`nombres` = '1'
 LIMIT 1' at line 3
CRITICAL - 2023-02-18 17:13:48 --> You have an error in your SQL syntax; check the manual that corresponds to your MySQL server version for the right syntax to use near '`nombres` = '1'
 LIMIT 1' at line 3
#0 C:\laragon\www\ProyectoClinica_ci\system\Database\MySQLi\Connection.php(292): mysqli->query('SELECT *\nFROM `...', 0)
#1 C:\laragon\www\ProyectoClinica_ci\system\Database\BaseConnection.php(670): CodeIgniter\Database\MySQLi\Connection->execute('SELECT *\nFROM `...')
#2 C:\laragon\www\ProyectoClinica_ci\system\Database\BaseConnection.php(598): CodeIgniter\Database\BaseConnection->simpleQuery('SELECT *\nFROM `...')
#3 C:\laragon\www\ProyectoClinica_ci\system\Database\BaseBuilder.php(1455): CodeIgniter\Database\BaseConnection->query('SELECT *\nFROM `...', Array, false)
#4 C:\laragon\www\ProyectoClinica_ci\system\Model.php(210): CodeIgniter\Database\BaseBuilder->get()
#5 C:\laragon\www\ProyectoClinica_ci\system\BaseModel.php(622): CodeIgniter\Model->doFirst()
#6 C:\laragon\www\ProyectoClinica_ci\app\Controllers\Historiaclinica.php(92): CodeIgniter\BaseModel->first()
#7 C:\laragon\www\ProyectoClinica_ci\system\CodeIgniter.php(832): App\Controllers\Historiaclinica->visualizar('1')
#8 C:\laragon\www\ProyectoClinica_ci\system\CodeIgniter.php(419): CodeIgniter\CodeIgniter->runController(Object(App\Controllers\Historiaclinica))
#9 C:\laragon\www\ProyectoClinica_ci\system\CodeIgniter.php(326): CodeIgniter\CodeIgniter->handleRequest(NULL, Object(Config\Cache), false)
#10 C:\laragon\www\ProyectoClinica_ci\index.php(37): CodeIgniter\CodeIgniter->run()
#11 {main}
CRITICAL - 2023-02-18 17:14:14 --> Attempt to read property "nombres" on array
#0 C:\laragon\www\ProyectoClinica_ci\app\Controllers\Historiaclinica.php(93): CodeIgniter\Debug\Exceptions->errorHandler(2, 'Attempt to read...', 'C:\\laragon\\www\\...', 93)
#1 C:\laragon\www\ProyectoClinica_ci\system\CodeIgniter.php(832): App\Controllers\Historiaclinica->visualizar('1')
#2 C:\laragon\www\ProyectoClinica_ci\system\CodeIgniter.php(419): CodeIgniter\CodeIgniter->runController(Object(App\Controllers\Historiaclinica))
#3 C:\laragon\www\ProyectoClinica_ci\system\CodeIgniter.php(326): CodeIgniter\CodeIgniter->handleRequest(NULL, Object(Config\Cache), false)
#4 C:\laragon\www\ProyectoClinica_ci\index.php(37): CodeIgniter\CodeIgniter->run()
#5 {main}
CRITICAL - 2023-02-18 17:18:08 --> Cannot access offset of type string on string
#0 C:\laragon\www\ProyectoClinica_ci\system\View\View.php(210): include()
#1 C:\laragon\www\ProyectoClinica_ci\system\View\View.php(213): CodeIgniter\View\View->CodeIgniter\View\{closure}()
#2 C:\laragon\www\ProyectoClinica_ci\system\Common.php(1089): CodeIgniter\View\View->render('historiaclinica...', Array, true)
#3 C:\laragon\www\ProyectoClinica_ci\app\Views\index.php(160): view('historiaclinica...')
#4 C:\laragon\www\ProyectoClinica_ci\system\View\View.php(210): include('C:\\laragon\\www\\...')
#5 C:\laragon\www\ProyectoClinica_ci\system\View\View.php(213): CodeIgniter\View\View->CodeIgniter\View\{closure}()
#6 C:\laragon\www\ProyectoClinica_ci\system\Common.php(1089): CodeIgniter\View\View->render('index', Array, true)
#7 C:\laragon\www\ProyectoClinica_ci\app\Controllers\Historiaclinica.php(96): view('index', Array)
#8 C:\laragon\www\ProyectoClinica_ci\system\CodeIgniter.php(832): App\Controllers\Historiaclinica->visualizar('1')
#9 C:\laragon\www\ProyectoClinica_ci\system\CodeIgniter.php(419): CodeIgniter\CodeIgniter->runController(Object(App\Controllers\Historiaclinica))
#10 C:\laragon\www\ProyectoClinica_ci\system\CodeIgniter.php(326): CodeIgniter\CodeIgniter->handleRequest(NULL, Object(Config\Cache), false)
#11 C:\laragon\www\ProyectoClinica_ci\index.php(37): CodeIgniter\CodeIgniter->run()
#12 {main}
CRITICAL - 2023-02-18 17:19:44 --> Call to undefined method App\Models\HistoriaClinicaModel::value
#0 C:\laragon\www\ProyectoClinica_ci\app\Controllers\Historiaclinica.php(93): CodeIgniter\Model->__call('value', Array)
#1 C:\laragon\www\ProyectoClinica_ci\system\CodeIgniter.php(832): App\Controllers\Historiaclinica->visualizar('1')
#2 C:\laragon\www\ProyectoClinica_ci\system\CodeIgniter.php(419): CodeIgniter\CodeIgniter->runController(Object(App\Controllers\Historiaclinica))
#3 C:\laragon\www\ProyectoClinica_ci\system\CodeIgniter.php(326): CodeIgniter\CodeIgniter->handleRequest(NULL, Object(Config\Cache), false)
#4 C:\laragon\www\ProyectoClinica_ci\index.php(37): CodeIgniter\CodeIgniter->run()
#5 {main}
