CRITICAL - 2022-06-16 14:05:34 --> Invalid file: contenido.php
#0 C:\xampp\htdocs\proyecto_ci\system\View\View.php(198): CodeIgniter\Exceptions\FrameworkException::forInvalidFile('contenido.php')
#1 C:\xampp\htdocs\proyecto_ci\system\Common.php(1089): CodeIgniter\View\View->render('contenido', Array, true)
#2 C:\xampp\htdocs\proyecto_ci\app\Views\index.php(239): view('contenido')
#3 C:\xampp\htdocs\proyecto_ci\system\View\View.php(210): include('C:\\xampp\\htdocs...')
#4 C:\xampp\htdocs\proyecto_ci\system\View\View.php(213): CodeIgniter\View\View->CodeIgniter\View\{closure}()
#5 C:\xampp\htdocs\proyecto_ci\system\Common.php(1089): CodeIgniter\View\View->render('index', Array, true)
#6 C:\xampp\htdocs\proyecto_ci\app\Controllers\Consultas.php(11): view('index', Array)
#7 C:\xampp\htdocs\proyecto_ci\system\CodeIgniter.php(832): App\Controllers\Consultas->index()
#8 C:\xampp\htdocs\proyecto_ci\system\CodeIgniter.php(419): CodeIgniter\CodeIgniter->runController(Object(App\Controllers\Consultas))
#9 C:\xampp\htdocs\proyecto_ci\system\CodeIgniter.php(326): CodeIgniter\CodeIgniter->handleRequest(NULL, Object(Config\Cache), false)
#10 C:\xampp\htdocs\proyecto_ci\index.php(37): CodeIgniter\CodeIgniter->run()
#11 {main}
CRITICAL - 2022-06-16 14:06:07 --> Undefined variable $titulo
#0 C:\xampp\htdocs\proyecto_ci\app\Views\consultas\consulta.php(7): CodeIgniter\Debug\Exceptions->errorHandler(2, 'Undefined varia...', 'C:\\xampp\\htdocs...', 7)
#1 C:\xampp\htdocs\proyecto_ci\system\View\View.php(210): include('C:\\xampp\\htdocs...')
#2 C:\xampp\htdocs\proyecto_ci\system\View\View.php(213): CodeIgniter\View\View->CodeIgniter\View\{closure}()
#3 C:\xampp\htdocs\proyecto_ci\system\Common.php(1089): CodeIgniter\View\View->render('consultas/consu...', Array, true)
#4 C:\xampp\htdocs\proyecto_ci\app\Views\index.php(239): view('consultas/consu...')
#5 C:\xampp\htdocs\proyecto_ci\system\View\View.php(210): include('C:\\xampp\\htdocs...')
#6 C:\xampp\htdocs\proyecto_ci\system\View\View.php(213): CodeIgniter\View\View->CodeIgniter\View\{closure}()
#7 C:\xampp\htdocs\proyecto_ci\system\Common.php(1089): CodeIgniter\View\View->render('index', Array, true)
#8 C:\xampp\htdocs\proyecto_ci\app\Controllers\Consultas.php(11): view('index', Array)
#9 C:\xampp\htdocs\proyecto_ci\system\CodeIgniter.php(832): App\Controllers\Consultas->index()
#10 C:\xampp\htdocs\proyecto_ci\system\CodeIgniter.php(419): CodeIgniter\CodeIgniter->runController(Object(App\Controllers\Consultas))
#11 C:\xampp\htdocs\proyecto_ci\system\CodeIgniter.php(326): CodeIgniter\CodeIgniter->handleRequest(NULL, Object(Config\Cache), false)
#12 C:\xampp\htdocs\proyecto_ci\index.php(37): CodeIgniter\CodeIgniter->run()
#13 {main}
CRITICAL - 2022-06-16 14:06:20 --> Undefined variable $contenido
#0 C:\xampp\htdocs\proyecto_ci\app\Views\index.php(239): CodeIgniter\Debug\Exceptions->errorHandler(2, 'Undefined varia...', 'C:\\xampp\\htdocs...', 239)
#1 C:\xampp\htdocs\proyecto_ci\system\View\View.php(210): include('C:\\xampp\\htdocs...')
#2 C:\xampp\htdocs\proyecto_ci\system\View\View.php(213): CodeIgniter\View\View->CodeIgniter\View\{closure}()
#3 C:\xampp\htdocs\proyecto_ci\system\Common.php(1089): CodeIgniter\View\View->render('index', Array, true)
#4 C:\xampp\htdocs\proyecto_ci\app\Controllers\Inicio.php(19): view('index', Array)
#5 C:\xampp\htdocs\proyecto_ci\system\CodeIgniter.php(832): App\Controllers\Inicio->index()
#6 C:\xampp\htdocs\proyecto_ci\system\CodeIgniter.php(419): CodeIgniter\CodeIgniter->runController(Object(App\Controllers\Inicio))
#7 C:\xampp\htdocs\proyecto_ci\system\CodeIgniter.php(326): CodeIgniter\CodeIgniter->handleRequest(NULL, Object(Config\Cache), false)
#8 C:\xampp\htdocs\proyecto_ci\index.php(37): CodeIgniter\CodeIgniter->run()
#9 {main}
CRITICAL - 2022-06-16 14:06:36 --> Undefined variable $titulo
#0 C:\xampp\htdocs\proyecto_ci\app\Views\consultas\consulta.php(7): CodeIgniter\Debug\Exceptions->errorHandler(2, 'Undefined varia...', 'C:\\xampp\\htdocs...', 7)
#1 C:\xampp\htdocs\proyecto_ci\system\View\View.php(210): include('C:\\xampp\\htdocs...')
#2 C:\xampp\htdocs\proyecto_ci\system\View\View.php(213): CodeIgniter\View\View->CodeIgniter\View\{closure}()
#3 C:\xampp\htdocs\proyecto_ci\system\Common.php(1089): CodeIgniter\View\View->render('consultas/consu...', Array, true)
#4 C:\xampp\htdocs\proyecto_ci\app\Views\index.php(239): view('consultas/consu...')
#5 C:\xampp\htdocs\proyecto_ci\system\View\View.php(210): include('C:\\xampp\\htdocs...')
#6 C:\xampp\htdocs\proyecto_ci\system\View\View.php(213): CodeIgniter\View\View->CodeIgniter\View\{closure}()
#7 C:\xampp\htdocs\proyecto_ci\system\Common.php(1089): CodeIgniter\View\View->render('index', Array, true)
#8 C:\xampp\htdocs\proyecto_ci\app\Controllers\Consultas.php(11): view('index', Array)
#9 C:\xampp\htdocs\proyecto_ci\system\CodeIgniter.php(832): App\Controllers\Consultas->index()
#10 C:\xampp\htdocs\proyecto_ci\system\CodeIgniter.php(419): CodeIgniter\CodeIgniter->runController(Object(App\Controllers\Consultas))
#11 C:\xampp\htdocs\proyecto_ci\system\CodeIgniter.php(326): CodeIgniter\CodeIgniter->handleRequest(NULL, Object(Config\Cache), false)
#12 C:\xampp\htdocs\proyecto_ci\index.php(37): CodeIgniter\CodeIgniter->run()
#13 {main}
CRITICAL - 2022-06-16 14:07:52 --> Undefined variable $contenido
#0 C:\xampp\htdocs\proyecto_ci\app\Views\index.php(239): CodeIgniter\Debug\Exceptions->errorHandler(2, 'Undefined varia...', 'C:\\xampp\\htdocs...', 239)
#1 C:\xampp\htdocs\proyecto_ci\system\View\View.php(210): include('C:\\xampp\\htdocs...')
#2 C:\xampp\htdocs\proyecto_ci\system\View\View.php(213): CodeIgniter\View\View->CodeIgniter\View\{closure}()
#3 C:\xampp\htdocs\proyecto_ci\system\Common.php(1089): CodeIgniter\View\View->render('index', Array, true)
#4 C:\xampp\htdocs\proyecto_ci\app\Controllers\Inicio.php(19): view('index', Array)
#5 C:\xampp\htdocs\proyecto_ci\system\CodeIgniter.php(832): App\Controllers\Inicio->index()
#6 C:\xampp\htdocs\proyecto_ci\system\CodeIgniter.php(419): CodeIgniter\CodeIgniter->runController(Object(App\Controllers\Inicio))
#7 C:\xampp\htdocs\proyecto_ci\system\CodeIgniter.php(326): CodeIgniter\CodeIgniter->handleRequest(NULL, Object(Config\Cache), false)
#8 C:\xampp\htdocs\proyecto_ci\index.php(37): CodeIgniter\CodeIgniter->run()
#9 {main}
ERROR - 2022-06-16 14:53:08 --> You have an error in your SQL syntax; check the manual that corresponds to your MariaDB server version for the right syntax to use near 'IS NULL' at line 3
CRITICAL - 2022-06-16 14:53:08 --> You have an error in your SQL syntax; check the manual that corresponds to your MariaDB server version for the right syntax to use near 'IS NULL' at line 3
#0 C:\xampp\htdocs\proyecto_ci\system\Database\MySQLi\Connection.php(292): mysqli->query('SELECT *\nFROM `...', 0)
#1 C:\xampp\htdocs\proyecto_ci\system\Database\BaseConnection.php(670): CodeIgniter\Database\MySQLi\Connection->execute('SELECT *\nFROM `...')
#2 C:\xampp\htdocs\proyecto_ci\system\Database\BaseConnection.php(598): CodeIgniter\Database\BaseConnection->simpleQuery('SELECT *\nFROM `...')
#3 C:\xampp\htdocs\proyecto_ci\system\Database\BaseBuilder.php(1455): CodeIgniter\Database\BaseConnection->query('SELECT *\nFROM `...', Array, false)
#4 C:\xampp\htdocs\proyecto_ci\system\Model.php(183): CodeIgniter\Database\BaseBuilder->get()
#5 C:\xampp\htdocs\proyecto_ci\system\BaseModel.php(584): CodeIgniter\Model->doFindAll(0, 0)
#6 C:\xampp\htdocs\proyecto_ci\app\Controllers\Consultas.php(21): CodeIgniter\BaseModel->findAll()
#7 C:\xampp\htdocs\proyecto_ci\system\CodeIgniter.php(832): App\Controllers\Consultas->index()
#8 C:\xampp\htdocs\proyecto_ci\system\CodeIgniter.php(419): CodeIgniter\CodeIgniter->runController(Object(App\Controllers\Consultas))
#9 C:\xampp\htdocs\proyecto_ci\system\CodeIgniter.php(326): CodeIgniter\CodeIgniter->handleRequest(NULL, Object(Config\Cache), false)
#10 C:\xampp\htdocs\proyecto_ci\index.php(37): CodeIgniter\CodeIgniter->run()
#11 {main}
ERROR - 2022-06-16 14:54:15 --> Error connecting to the database: Unknown database 'blog111'
CRITICAL - 2022-06-16 14:54:15 --> Unable to connect to the database.
Main connection [MySQLi]: Unknown database 'blog111'
#0 C:\xampp\htdocs\proyecto_ci\system\Database\BaseConnection.php(577): CodeIgniter\Database\BaseConnection->initialize()
#1 C:\xampp\htdocs\proyecto_ci\system\Database\BaseBuilder.php(1455): CodeIgniter\Database\BaseConnection->query('SELECT *\nFROM `...', Array, false)
#2 C:\xampp\htdocs\proyecto_ci\system\Model.php(183): CodeIgniter\Database\BaseBuilder->get()
#3 C:\xampp\htdocs\proyecto_ci\system\BaseModel.php(584): CodeIgniter\Model->doFindAll(0, 0)
#4 C:\xampp\htdocs\proyecto_ci\app\Controllers\Consultas.php(21): CodeIgniter\BaseModel->findAll()
#5 C:\xampp\htdocs\proyecto_ci\system\CodeIgniter.php(832): App\Controllers\Consultas->index()
#6 C:\xampp\htdocs\proyecto_ci\system\CodeIgniter.php(419): CodeIgniter\CodeIgniter->runController(Object(App\Controllers\Consultas))
#7 C:\xampp\htdocs\proyecto_ci\system\CodeIgniter.php(326): CodeIgniter\CodeIgniter->handleRequest(NULL, Object(Config\Cache), false)
#8 C:\xampp\htdocs\proyecto_ci\index.php(37): CodeIgniter\CodeIgniter->run()
#9 {main}
ERROR - 2022-06-16 14:54:20 --> You have an error in your SQL syntax; check the manual that corresponds to your MariaDB server version for the right syntax to use near 'IS NULL' at line 3
CRITICAL - 2022-06-16 14:54:20 --> You have an error in your SQL syntax; check the manual that corresponds to your MariaDB server version for the right syntax to use near 'IS NULL' at line 3
#0 C:\xampp\htdocs\proyecto_ci\system\Database\MySQLi\Connection.php(292): mysqli->query('SELECT *\nFROM `...', 0)
#1 C:\xampp\htdocs\proyecto_ci\system\Database\BaseConnection.php(670): CodeIgniter\Database\MySQLi\Connection->execute('SELECT *\nFROM `...')
#2 C:\xampp\htdocs\proyecto_ci\system\Database\BaseConnection.php(598): CodeIgniter\Database\BaseConnection->simpleQuery('SELECT *\nFROM `...')
#3 C:\xampp\htdocs\proyecto_ci\system\Database\BaseBuilder.php(1455): CodeIgniter\Database\BaseConnection->query('SELECT *\nFROM `...', Array, false)
#4 C:\xampp\htdocs\proyecto_ci\system\Model.php(183): CodeIgniter\Database\BaseBuilder->get()
#5 C:\xampp\htdocs\proyecto_ci\system\BaseModel.php(584): CodeIgniter\Model->doFindAll(0, 0)
#6 C:\xampp\htdocs\proyecto_ci\app\Controllers\Consultas.php(21): CodeIgniter\BaseModel->findAll()
#7 C:\xampp\htdocs\proyecto_ci\system\CodeIgniter.php(832): App\Controllers\Consultas->index()
#8 C:\xampp\htdocs\proyecto_ci\system\CodeIgniter.php(419): CodeIgniter\CodeIgniter->runController(Object(App\Controllers\Consultas))
#9 C:\xampp\htdocs\proyecto_ci\system\CodeIgniter.php(326): CodeIgniter\CodeIgniter->handleRequest(NULL, Object(Config\Cache), false)
#10 C:\xampp\htdocs\proyecto_ci\index.php(37): CodeIgniter\CodeIgniter->run()
#11 {main}
ERROR - 2022-06-16 14:54:56 --> Unknown column 'categoria.deleted_at' in 'where clause'
CRITICAL - 2022-06-16 14:54:56 --> Unknown column 'categoria.deleted_at' in 'where clause'
#0 C:\xampp\htdocs\proyecto_ci\system\Database\MySQLi\Connection.php(292): mysqli->query('SELECT *\nFROM `...', 0)
#1 C:\xampp\htdocs\proyecto_ci\system\Database\BaseConnection.php(670): CodeIgniter\Database\MySQLi\Connection->execute('SELECT *\nFROM `...')
#2 C:\xampp\htdocs\proyecto_ci\system\Database\BaseConnection.php(598): CodeIgniter\Database\BaseConnection->simpleQuery('SELECT *\nFROM `...')
#3 C:\xampp\htdocs\proyecto_ci\system\Database\BaseBuilder.php(1455): CodeIgniter\Database\BaseConnection->query('SELECT *\nFROM `...', Array, false)
#4 C:\xampp\htdocs\proyecto_ci\system\Model.php(183): CodeIgniter\Database\BaseBuilder->get()
#5 C:\xampp\htdocs\proyecto_ci\system\BaseModel.php(584): CodeIgniter\Model->doFindAll(0, 0)
#6 C:\xampp\htdocs\proyecto_ci\app\Controllers\Consultas.php(21): CodeIgniter\BaseModel->findAll()
#7 C:\xampp\htdocs\proyecto_ci\system\CodeIgniter.php(832): App\Controllers\Consultas->index()
#8 C:\xampp\htdocs\proyecto_ci\system\CodeIgniter.php(419): CodeIgniter\CodeIgniter->runController(Object(App\Controllers\Consultas))
#9 C:\xampp\htdocs\proyecto_ci\system\CodeIgniter.php(326): CodeIgniter\CodeIgniter->handleRequest(NULL, Object(Config\Cache), false)
#10 C:\xampp\htdocs\proyecto_ci\index.php(37): CodeIgniter\CodeIgniter->run()
#11 {main}
ERROR - 2022-06-16 14:55:15 --> Unknown column 'categoria.deleted_at' in 'where clause'
CRITICAL - 2022-06-16 14:55:15 --> Unknown column 'categoria.deleted_at' in 'where clause'
#0 C:\xampp\htdocs\proyecto_ci\system\Database\MySQLi\Connection.php(292): mysqli->query('SELECT *\nFROM `...', 0)
#1 C:\xampp\htdocs\proyecto_ci\system\Database\BaseConnection.php(670): CodeIgniter\Database\MySQLi\Connection->execute('SELECT *\nFROM `...')
#2 C:\xampp\htdocs\proyecto_ci\system\Database\BaseConnection.php(598): CodeIgniter\Database\BaseConnection->simpleQuery('SELECT *\nFROM `...')
#3 C:\xampp\htdocs\proyecto_ci\system\Database\BaseBuilder.php(1455): CodeIgniter\Database\BaseConnection->query('SELECT *\nFROM `...', Array, false)
#4 C:\xampp\htdocs\proyecto_ci\system\Model.php(183): CodeIgniter\Database\BaseBuilder->get()
#5 C:\xampp\htdocs\proyecto_ci\system\BaseModel.php(584): CodeIgniter\Model->doFindAll(0, 0)
#6 C:\xampp\htdocs\proyecto_ci\app\Controllers\Consultas.php(21): CodeIgniter\BaseModel->findAll()
#7 C:\xampp\htdocs\proyecto_ci\system\CodeIgniter.php(832): App\Controllers\Consultas->index()
#8 C:\xampp\htdocs\proyecto_ci\system\CodeIgniter.php(419): CodeIgniter\CodeIgniter->runController(Object(App\Controllers\Consultas))
#9 C:\xampp\htdocs\proyecto_ci\system\CodeIgniter.php(326): CodeIgniter\CodeIgniter->handleRequest(NULL, Object(Config\Cache), false)
#10 C:\xampp\htdocs\proyecto_ci\index.php(37): CodeIgniter\CodeIgniter->run()
#11 {main}
ERROR - 2022-06-16 14:55:22 --> You have an error in your SQL syntax; check the manual that corresponds to your MariaDB server version for the right syntax to use near 'IS NULL' at line 3
CRITICAL - 2022-06-16 14:55:22 --> You have an error in your SQL syntax; check the manual that corresponds to your MariaDB server version for the right syntax to use near 'IS NULL' at line 3
#0 C:\xampp\htdocs\proyecto_ci\system\Database\MySQLi\Connection.php(292): mysqli->query('SELECT *\nFROM `...', 0)
#1 C:\xampp\htdocs\proyecto_ci\system\Database\BaseConnection.php(670): CodeIgniter\Database\MySQLi\Connection->execute('SELECT *\nFROM `...')
#2 C:\xampp\htdocs\proyecto_ci\system\Database\BaseConnection.php(598): CodeIgniter\Database\BaseConnection->simpleQuery('SELECT *\nFROM `...')
#3 C:\xampp\htdocs\proyecto_ci\system\Database\BaseBuilder.php(1455): CodeIgniter\Database\BaseConnection->query('SELECT *\nFROM `...', Array, false)
#4 C:\xampp\htdocs\proyecto_ci\system\Model.php(183): CodeIgniter\Database\BaseBuilder->get()
#5 C:\xampp\htdocs\proyecto_ci\system\BaseModel.php(584): CodeIgniter\Model->doFindAll(0, 0)
#6 C:\xampp\htdocs\proyecto_ci\app\Controllers\Consultas.php(21): CodeIgniter\BaseModel->findAll()
#7 C:\xampp\htdocs\proyecto_ci\system\CodeIgniter.php(832): App\Controllers\Consultas->index()
#8 C:\xampp\htdocs\proyecto_ci\system\CodeIgniter.php(419): CodeIgniter\CodeIgniter->runController(Object(App\Controllers\Consultas))
#9 C:\xampp\htdocs\proyecto_ci\system\CodeIgniter.php(326): CodeIgniter\CodeIgniter->handleRequest(NULL, Object(Config\Cache), false)
#10 C:\xampp\htdocs\proyecto_ci\index.php(37): CodeIgniter\CodeIgniter->run()
#11 {main}
ERROR - 2022-06-16 14:56:17 --> You have an error in your SQL syntax; check the manual that corresponds to your MariaDB server version for the right syntax to use near 'IS NULL' at line 3
CRITICAL - 2022-06-16 14:56:17 --> You have an error in your SQL syntax; check the manual that corresponds to your MariaDB server version for the right syntax to use near 'IS NULL' at line 3
#0 C:\xampp\htdocs\proyecto_ci\system\Database\MySQLi\Connection.php(292): mysqli->query('SELECT *\nFROM `...', 0)
#1 C:\xampp\htdocs\proyecto_ci\system\Database\BaseConnection.php(670): CodeIgniter\Database\MySQLi\Connection->execute('SELECT *\nFROM `...')
#2 C:\xampp\htdocs\proyecto_ci\system\Database\BaseConnection.php(598): CodeIgniter\Database\BaseConnection->simpleQuery('SELECT *\nFROM `...')
#3 C:\xampp\htdocs\proyecto_ci\system\Database\BaseBuilder.php(1455): CodeIgniter\Database\BaseConnection->query('SELECT *\nFROM `...', Array, false)
#4 C:\xampp\htdocs\proyecto_ci\system\Model.php(183): CodeIgniter\Database\BaseBuilder->get()
#5 C:\xampp\htdocs\proyecto_ci\system\BaseModel.php(584): CodeIgniter\Model->doFindAll(0, 0)
#6 C:\xampp\htdocs\proyecto_ci\app\Models\CategoriaModel.php(31): CodeIgniter\BaseModel->findAll()
#7 C:\xampp\htdocs\proyecto_ci\app\Controllers\Consultas.php(21): App\Models\CategoriaModel->getResult()
#8 C:\xampp\htdocs\proyecto_ci\system\CodeIgniter.php(832): App\Controllers\Consultas->index()
#9 C:\xampp\htdocs\proyecto_ci\system\CodeIgniter.php(419): CodeIgniter\CodeIgniter->runController(Object(App\Controllers\Consultas))
#10 C:\xampp\htdocs\proyecto_ci\system\CodeIgniter.php(326): CodeIgniter\CodeIgniter->handleRequest(NULL, Object(Config\Cache), false)
#11 C:\xampp\htdocs\proyecto_ci\index.php(37): CodeIgniter\CodeIgniter->run()
#12 {main}
CRITICAL - 2022-06-16 14:56:45 --> Call to undefined method App\Models\CategoriaModel::getResult
#0 C:\xampp\htdocs\proyecto_ci\app\Controllers\Consultas.php(21): CodeIgniter\Model->__call('getResult', Array)
#1 C:\xampp\htdocs\proyecto_ci\system\CodeIgniter.php(832): App\Controllers\Consultas->index()
#2 C:\xampp\htdocs\proyecto_ci\system\CodeIgniter.php(419): CodeIgniter\CodeIgniter->runController(Object(App\Controllers\Consultas))
#3 C:\xampp\htdocs\proyecto_ci\system\CodeIgniter.php(326): CodeIgniter\CodeIgniter->handleRequest(NULL, Object(Config\Cache), false)
#4 C:\xampp\htdocs\proyecto_ci\index.php(37): CodeIgniter\CodeIgniter->run()
#5 {main}
ERROR - 2022-06-16 14:56:52 --> You have an error in your SQL syntax; check the manual that corresponds to your MariaDB server version for the right syntax to use near 'IS NULL' at line 3
CRITICAL - 2022-06-16 14:56:52 --> You have an error in your SQL syntax; check the manual that corresponds to your MariaDB server version for the right syntax to use near 'IS NULL' at line 3
#0 C:\xampp\htdocs\proyecto_ci\system\Database\MySQLi\Connection.php(292): mysqli->query('SELECT *\nFROM `...', 0)
#1 C:\xampp\htdocs\proyecto_ci\system\Database\BaseConnection.php(670): CodeIgniter\Database\MySQLi\Connection->execute('SELECT *\nFROM `...')
#2 C:\xampp\htdocs\proyecto_ci\system\Database\BaseConnection.php(598): CodeIgniter\Database\BaseConnection->simpleQuery('SELECT *\nFROM `...')
#3 C:\xampp\htdocs\proyecto_ci\system\Database\BaseBuilder.php(1455): CodeIgniter\Database\BaseConnection->query('SELECT *\nFROM `...', Array, false)
#4 C:\xampp\htdocs\proyecto_ci\system\Model.php(183): CodeIgniter\Database\BaseBuilder->get()
#5 C:\xampp\htdocs\proyecto_ci\system\BaseModel.php(584): CodeIgniter\Model->doFindAll(0, 0)
#6 C:\xampp\htdocs\proyecto_ci\app\Models\CategoriaModel.php(31): CodeIgniter\BaseModel->findAll()
#7 C:\xampp\htdocs\proyecto_ci\app\Controllers\Consultas.php(21): App\Models\CategoriaModel->getResult1()
#8 C:\xampp\htdocs\proyecto_ci\system\CodeIgniter.php(832): App\Controllers\Consultas->index()
#9 C:\xampp\htdocs\proyecto_ci\system\CodeIgniter.php(419): CodeIgniter\CodeIgniter->runController(Object(App\Controllers\Consultas))
#10 C:\xampp\htdocs\proyecto_ci\system\CodeIgniter.php(326): CodeIgniter\CodeIgniter->handleRequest(NULL, Object(Config\Cache), false)
#11 C:\xampp\htdocs\proyecto_ci\index.php(37): CodeIgniter\CodeIgniter->run()
#12 {main}
ERROR - 2022-06-16 15:42:34 --> Unknown column 'categoria' in 'order clause'
CRITICAL - 2022-06-16 15:42:34 --> Unknown column 'categoria' in 'order clause'
#0 C:\xampp\htdocs\proyecto_ci\system\Database\MySQLi\Connection.php(292): mysqli->query('SELECT *\nFROM `...', 0)
#1 C:\xampp\htdocs\proyecto_ci\system\Database\BaseConnection.php(670): CodeIgniter\Database\MySQLi\Connection->execute('SELECT *\nFROM `...')
#2 C:\xampp\htdocs\proyecto_ci\system\Database\BaseConnection.php(598): CodeIgniter\Database\BaseConnection->simpleQuery('SELECT *\nFROM `...')
#3 C:\xampp\htdocs\proyecto_ci\system\Database\BaseBuilder.php(1455): CodeIgniter\Database\BaseConnection->query('SELECT *\nFROM `...', Array, false)
#4 C:\xampp\htdocs\proyecto_ci\system\Model.php(183): CodeIgniter\Database\BaseBuilder->get()
#5 C:\xampp\htdocs\proyecto_ci\system\BaseModel.php(584): CodeIgniter\Model->doFindAll(0, 0)
#6 C:\xampp\htdocs\proyecto_ci\app\Models\CategoriaModel.php(45): CodeIgniter\BaseModel->findAll()
#7 C:\xampp\htdocs\proyecto_ci\app\Controllers\Consultas.php(22): App\Models\CategoriaModel->getColCategorias()
#8 C:\xampp\htdocs\proyecto_ci\system\CodeIgniter.php(832): App\Controllers\Consultas->index()
#9 C:\xampp\htdocs\proyecto_ci\system\CodeIgniter.php(419): CodeIgniter\CodeIgniter->runController(Object(App\Controllers\Consultas))
#10 C:\xampp\htdocs\proyecto_ci\system\CodeIgniter.php(326): CodeIgniter\CodeIgniter->handleRequest(NULL, Object(Config\Cache), false)
#11 C:\xampp\htdocs\proyecto_ci\index.php(37): CodeIgniter\CodeIgniter->run()
#12 {main}
CRITICAL - 2022-06-16 16:01:10 --> Undefined array key "nombres"
#0 C:\xampp\htdocs\proyecto_ci\app\Views\consultas\consulta.php(79): CodeIgniter\Debug\Exceptions->errorHandler(2, 'Undefined array...', 'C:\\xampp\\htdocs...', 79)
#1 C:\xampp\htdocs\proyecto_ci\system\View\View.php(210): include('C:\\xampp\\htdocs...')
#2 C:\xampp\htdocs\proyecto_ci\system\View\View.php(213): CodeIgniter\View\View->CodeIgniter\View\{closure}()
#3 C:\xampp\htdocs\proyecto_ci\system\Common.php(1089): CodeIgniter\View\View->render('consultas/consu...', Array, true)
#4 C:\xampp\htdocs\proyecto_ci\app\Views\index.php(239): view('consultas/consu...')
#5 C:\xampp\htdocs\proyecto_ci\system\View\View.php(210): include('C:\\xampp\\htdocs...')
#6 C:\xampp\htdocs\proyecto_ci\system\View\View.php(213): CodeIgniter\View\View->CodeIgniter\View\{closure}()
#7 C:\xampp\htdocs\proyecto_ci\system\Common.php(1089): CodeIgniter\View\View->render('index', Array, true)
#8 C:\xampp\htdocs\proyecto_ci\app\Controllers\Consultas.php(28): view('index', Array)
#9 C:\xampp\htdocs\proyecto_ci\system\CodeIgniter.php(832): App\Controllers\Consultas->index()
#10 C:\xampp\htdocs\proyecto_ci\system\CodeIgniter.php(419): CodeIgniter\CodeIgniter->runController(Object(App\Controllers\Consultas))
#11 C:\xampp\htdocs\proyecto_ci\system\CodeIgniter.php(326): CodeIgniter\CodeIgniter->handleRequest(NULL, Object(Config\Cache), false)
#12 C:\xampp\htdocs\proyecto_ci\index.php(37): CodeIgniter\CodeIgniter->run()
#13 {main}
ERROR - 2022-06-16 16:03:52 --> Column 'id_usuario' in field list is ambiguous
CRITICAL - 2022-06-16 16:03:52 --> Column 'id_usuario' in field list is ambiguous
#0 C:\xampp\htdocs\proyecto_ci\system\Database\MySQLi\Connection.php(292): mysqli->query('SELECT `id_usua...', 0)
#1 C:\xampp\htdocs\proyecto_ci\system\Database\BaseConnection.php(670): CodeIgniter\Database\MySQLi\Connection->execute('SELECT `id_usua...')
#2 C:\xampp\htdocs\proyecto_ci\system\Database\BaseConnection.php(598): CodeIgniter\Database\BaseConnection->simpleQuery('SELECT `id_usua...')
#3 C:\xampp\htdocs\proyecto_ci\system\Database\BaseBuilder.php(1455): CodeIgniter\Database\BaseConnection->query('SELECT `id_usua...', Array, false)
#4 C:\xampp\htdocs\proyecto_ci\system\Model.php(183): CodeIgniter\Database\BaseBuilder->get()
#5 C:\xampp\htdocs\proyecto_ci\system\BaseModel.php(584): CodeIgniter\Model->doFindAll(0, 0)
#6 C:\xampp\htdocs\proyecto_ci\app\Models\UsuarioModel.php(56): CodeIgniter\BaseModel->findAll()
#7 C:\xampp\htdocs\proyecto_ci\app\Controllers\Consultas.php(23): App\Models\UsuarioModel->getResultados()
#8 C:\xampp\htdocs\proyecto_ci\system\CodeIgniter.php(832): App\Controllers\Consultas->index()
#9 C:\xampp\htdocs\proyecto_ci\system\CodeIgniter.php(419): CodeIgniter\CodeIgniter->runController(Object(App\Controllers\Consultas))
#10 C:\xampp\htdocs\proyecto_ci\system\CodeIgniter.php(326): CodeIgniter\CodeIgniter->handleRequest(NULL, Object(Config\Cache), false)
#11 C:\xampp\htdocs\proyecto_ci\index.php(37): CodeIgniter\CodeIgniter->run()
#12 {main}
CRITICAL - 2022-06-16 16:06:35 --> Undefined array key "nombrecompleto"
#0 C:\xampp\htdocs\proyecto_ci\app\Views\consultas\consulta.php(104): CodeIgniter\Debug\Exceptions->errorHandler(2, 'Undefined array...', 'C:\\xampp\\htdocs...', 104)
#1 C:\xampp\htdocs\proyecto_ci\system\View\View.php(210): include('C:\\xampp\\htdocs...')
#2 C:\xampp\htdocs\proyecto_ci\system\View\View.php(213): CodeIgniter\View\View->CodeIgniter\View\{closure}()
#3 C:\xampp\htdocs\proyecto_ci\system\Common.php(1089): CodeIgniter\View\View->render('consultas/consu...', Array, true)
#4 C:\xampp\htdocs\proyecto_ci\app\Views\index.php(239): view('consultas/consu...')
#5 C:\xampp\htdocs\proyecto_ci\system\View\View.php(210): include('C:\\xampp\\htdocs...')
#6 C:\xampp\htdocs\proyecto_ci\system\View\View.php(213): CodeIgniter\View\View->CodeIgniter\View\{closure}()
#7 C:\xampp\htdocs\proyecto_ci\system\Common.php(1089): CodeIgniter\View\View->render('index', Array, true)
#8 C:\xampp\htdocs\proyecto_ci\app\Controllers\Consultas.php(29): view('index', Array)
#9 C:\xampp\htdocs\proyecto_ci\system\CodeIgniter.php(832): App\Controllers\Consultas->index()
#10 C:\xampp\htdocs\proyecto_ci\system\CodeIgniter.php(419): CodeIgniter\CodeIgniter->runController(Object(App\Controllers\Consultas))
#11 C:\xampp\htdocs\proyecto_ci\system\CodeIgniter.php(326): CodeIgniter\CodeIgniter->handleRequest(NULL, Object(Config\Cache), false)
#12 C:\xampp\htdocs\proyecto_ci\index.php(37): CodeIgniter\CodeIgniter->run()
#13 {main}
CRITICAL - 2022-06-16 16:06:43 --> Undefined variable $user_post
#0 C:\xampp\htdocs\proyecto_ci\app\Views\consultas\consulta.php(76): CodeIgniter\Debug\Exceptions->errorHandler(2, 'Undefined varia...', 'C:\\xampp\\htdocs...', 76)
#1 C:\xampp\htdocs\proyecto_ci\system\View\View.php(210): include('C:\\xampp\\htdocs...')
#2 C:\xampp\htdocs\proyecto_ci\system\View\View.php(213): CodeIgniter\View\View->CodeIgniter\View\{closure}()
#3 C:\xampp\htdocs\proyecto_ci\system\Common.php(1089): CodeIgniter\View\View->render('consultas/consu...', Array, true)
#4 C:\xampp\htdocs\proyecto_ci\app\Views\index.php(239): view('consultas/consu...')
#5 C:\xampp\htdocs\proyecto_ci\system\View\View.php(210): include('C:\\xampp\\htdocs...')
#6 C:\xampp\htdocs\proyecto_ci\system\View\View.php(213): CodeIgniter\View\View->CodeIgniter\View\{closure}()
#7 C:\xampp\htdocs\proyecto_ci\system\Common.php(1089): CodeIgniter\View\View->render('index', Array, true)
#8 C:\xampp\htdocs\proyecto_ci\app\Controllers\Consultas.php(29): view('index', Array)
#9 C:\xampp\htdocs\proyecto_ci\system\CodeIgniter.php(832): App\Controllers\Consultas->index()
#10 C:\xampp\htdocs\proyecto_ci\system\CodeIgniter.php(419): CodeIgniter\CodeIgniter->runController(Object(App\Controllers\Consultas))
#11 C:\xampp\htdocs\proyecto_ci\system\CodeIgniter.php(326): CodeIgniter\CodeIgniter->handleRequest(NULL, Object(Config\Cache), false)
#12 C:\xampp\htdocs\proyecto_ci\index.php(37): CodeIgniter\CodeIgniter->run()
#13 {main}
CRITICAL - 2022-06-16 16:08:09 --> Undefined array key "nombrecompleto"
#0 C:\xampp\htdocs\proyecto_ci\app\Views\consultas\consulta.php(106): CodeIgniter\Debug\Exceptions->errorHandler(2, 'Undefined array...', 'C:\\xampp\\htdocs...', 106)
#1 C:\xampp\htdocs\proyecto_ci\system\View\View.php(210): include('C:\\xampp\\htdocs...')
#2 C:\xampp\htdocs\proyecto_ci\system\View\View.php(213): CodeIgniter\View\View->CodeIgniter\View\{closure}()
#3 C:\xampp\htdocs\proyecto_ci\system\Common.php(1089): CodeIgniter\View\View->render('consultas/consu...', Array, true)
#4 C:\xampp\htdocs\proyecto_ci\app\Views\index.php(239): view('consultas/consu...')
#5 C:\xampp\htdocs\proyecto_ci\system\View\View.php(210): include('C:\\xampp\\htdocs...')
#6 C:\xampp\htdocs\proyecto_ci\system\View\View.php(213): CodeIgniter\View\View->CodeIgniter\View\{closure}()
#7 C:\xampp\htdocs\proyecto_ci\system\Common.php(1089): CodeIgniter\View\View->render('index', Array, true)
#8 C:\xampp\htdocs\proyecto_ci\app\Controllers\Consultas.php(29): view('index', Array)
#9 C:\xampp\htdocs\proyecto_ci\system\CodeIgniter.php(832): App\Controllers\Consultas->index()
#10 C:\xampp\htdocs\proyecto_ci\system\CodeIgniter.php(419): CodeIgniter\CodeIgniter->runController(Object(App\Controllers\Consultas))
#11 C:\xampp\htdocs\proyecto_ci\system\CodeIgniter.php(326): CodeIgniter\CodeIgniter->handleRequest(NULL, Object(Config\Cache), false)
#12 C:\xampp\htdocs\proyecto_ci\index.php(37): CodeIgniter\CodeIgniter->run()
#13 {main}
CRITICAL - 2022-06-16 16:12:55 --> Undefined array key "tPost"
#0 C:\xampp\htdocs\proyecto_ci\app\Views\consultas\consulta.php(109): CodeIgniter\Debug\Exceptions->errorHandler(2, 'Undefined array...', 'C:\\xampp\\htdocs...', 109)
#1 C:\xampp\htdocs\proyecto_ci\system\View\View.php(210): include('C:\\xampp\\htdocs...')
#2 C:\xampp\htdocs\proyecto_ci\system\View\View.php(213): CodeIgniter\View\View->CodeIgniter\View\{closure}()
#3 C:\xampp\htdocs\proyecto_ci\system\Common.php(1089): CodeIgniter\View\View->render('consultas/consu...', Array, true)
#4 C:\xampp\htdocs\proyecto_ci\app\Views\index.php(239): view('consultas/consu...')
#5 C:\xampp\htdocs\proyecto_ci\system\View\View.php(210): include('C:\\xampp\\htdocs...')
#6 C:\xampp\htdocs\proyecto_ci\system\View\View.php(213): CodeIgniter\View\View->CodeIgniter\View\{closure}()
#7 C:\xampp\htdocs\proyecto_ci\system\Common.php(1089): CodeIgniter\View\View->render('index', Array, true)
#8 C:\xampp\htdocs\proyecto_ci\app\Controllers\Consultas.php(29): view('index', Array)
#9 C:\xampp\htdocs\proyecto_ci\system\CodeIgniter.php(832): App\Controllers\Consultas->index()
#10 C:\xampp\htdocs\proyecto_ci\system\CodeIgniter.php(419): CodeIgniter\CodeIgniter->runController(Object(App\Controllers\Consultas))
#11 C:\xampp\htdocs\proyecto_ci\system\CodeIgniter.php(326): CodeIgniter\CodeIgniter->handleRequest(NULL, Object(Config\Cache), false)
#12 C:\xampp\htdocs\proyecto_ci\index.php(37): CodeIgniter\CodeIgniter->run()
#13 {main}
CRITICAL - 2022-06-16 16:31:56 --> There is no data to update.
#0 C:\xampp\htdocs\proyecto_ci\system\BaseModel.php(1574): CodeIgniter\Database\Exceptions\DataException::forEmptyDataset('update')
#1 C:\xampp\htdocs\proyecto_ci\system\BaseModel.php(832): CodeIgniter\BaseModel->transformDataToArray(NULL, 'update')
#2 C:\xampp\htdocs\proyecto_ci\system\Model.php(651): CodeIgniter\BaseModel->update(Array, NULL)
#3 C:\xampp\htdocs\proyecto_ci\app\Controllers\Consultas.php(44): CodeIgniter\Model->update(Array)
#4 C:\xampp\htdocs\proyecto_ci\system\CodeIgniter.php(832): App\Controllers\Consultas->actualizarDatos('86')
#5 C:\xampp\htdocs\proyecto_ci\system\CodeIgniter.php(419): CodeIgniter\CodeIgniter->runController(Object(App\Controllers\Consultas))
#6 C:\xampp\htdocs\proyecto_ci\system\CodeIgniter.php(326): CodeIgniter\CodeIgniter->handleRequest(NULL, Object(Config\Cache), false)
#7 C:\xampp\htdocs\proyecto_ci\index.php(37): CodeIgniter\CodeIgniter->run()
#8 {main}
CRITICAL - 2022-06-16 16:35:51 --> There is no data to update.
#0 C:\xampp\htdocs\proyecto_ci\system\BaseModel.php(1574): CodeIgniter\Database\Exceptions\DataException::forEmptyDataset('update')
#1 C:\xampp\htdocs\proyecto_ci\system\BaseModel.php(832): CodeIgniter\BaseModel->transformDataToArray(NULL, 'update')
#2 C:\xampp\htdocs\proyecto_ci\system\Model.php(651): CodeIgniter\BaseModel->update(Array, NULL)
#3 C:\xampp\htdocs\proyecto_ci\app\Controllers\Consultas.php(44): CodeIgniter\Model->update(Array)
#4 C:\xampp\htdocs\proyecto_ci\system\CodeIgniter.php(832): App\Controllers\Consultas->actualizarDatos('97')
#5 C:\xampp\htdocs\proyecto_ci\system\CodeIgniter.php(419): CodeIgniter\CodeIgniter->runController(Object(App\Controllers\Consultas))
#6 C:\xampp\htdocs\proyecto_ci\system\CodeIgniter.php(326): CodeIgniter\CodeIgniter->handleRequest(NULL, Object(Config\Cache), false)
#7 C:\xampp\htdocs\proyecto_ci\index.php(37): CodeIgniter\CodeIgniter->run()
#8 {main}
CRITICAL - 2022-06-16 16:36:15 --> There is no data to update.
#0 C:\xampp\htdocs\proyecto_ci\system\BaseModel.php(1574): CodeIgniter\Database\Exceptions\DataException::forEmptyDataset('update')
#1 C:\xampp\htdocs\proyecto_ci\system\BaseModel.php(832): CodeIgniter\BaseModel->transformDataToArray(NULL, 'update')
#2 C:\xampp\htdocs\proyecto_ci\system\Model.php(651): CodeIgniter\BaseModel->update(Array, NULL)
#3 C:\xampp\htdocs\proyecto_ci\app\Controllers\Consultas.php(44): CodeIgniter\Model->update(Array)
#4 C:\xampp\htdocs\proyecto_ci\system\CodeIgniter.php(832): App\Controllers\Consultas->actualizarDatos('97')
#5 C:\xampp\htdocs\proyecto_ci\system\CodeIgniter.php(419): CodeIgniter\CodeIgniter->runController(Object(App\Controllers\Consultas))
#6 C:\xampp\htdocs\proyecto_ci\system\CodeIgniter.php(326): CodeIgniter\CodeIgniter->handleRequest(NULL, Object(Config\Cache), false)
#7 C:\xampp\htdocs\proyecto_ci\index.php(37): CodeIgniter\CodeIgniter->run()
#8 {main}
CRITICAL - 2022-06-16 16:36:17 --> There is no data to update.
#0 C:\xampp\htdocs\proyecto_ci\system\BaseModel.php(1574): CodeIgniter\Database\Exceptions\DataException::forEmptyDataset('update')
#1 C:\xampp\htdocs\proyecto_ci\system\BaseModel.php(832): CodeIgniter\BaseModel->transformDataToArray(NULL, 'update')
#2 C:\xampp\htdocs\proyecto_ci\system\Model.php(651): CodeIgniter\BaseModel->update(Array, NULL)
#3 C:\xampp\htdocs\proyecto_ci\app\Controllers\Consultas.php(44): CodeIgniter\Model->update(Array)
#4 C:\xampp\htdocs\proyecto_ci\system\CodeIgniter.php(832): App\Controllers\Consultas->actualizarDatos('97')
#5 C:\xampp\htdocs\proyecto_ci\system\CodeIgniter.php(419): CodeIgniter\CodeIgniter->runController(Object(App\Controllers\Consultas))
#6 C:\xampp\htdocs\proyecto_ci\system\CodeIgniter.php(326): CodeIgniter\CodeIgniter->handleRequest(NULL, Object(Config\Cache), false)
#7 C:\xampp\htdocs\proyecto_ci\index.php(37): CodeIgniter\CodeIgniter->run()
#8 {main}
CRITICAL - 2022-06-16 17:08:40 --> Invalid file: categorias/categoria.php
#0 C:\xampp\htdocs\proyecto_ci\system\View\View.php(198): CodeIgniter\Exceptions\FrameworkException::forInvalidFile('categorias/cate...')
#1 C:\xampp\htdocs\proyecto_ci\system\Common.php(1089): CodeIgniter\View\View->render('categorias/cate...', Array, true)
#2 C:\xampp\htdocs\proyecto_ci\app\Views\index.php(239): view('categorias/cate...')
#3 C:\xampp\htdocs\proyecto_ci\system\View\View.php(210): include('C:\\xampp\\htdocs...')
#4 C:\xampp\htdocs\proyecto_ci\system\View\View.php(213): CodeIgniter\View\View->CodeIgniter\View\{closure}()
#5 C:\xampp\htdocs\proyecto_ci\system\Common.php(1089): CodeIgniter\View\View->render('index', Array, true)
#6 C:\xampp\htdocs\proyecto_ci\app\Controllers\Consultas.php(28): view('index', Array)
#7 C:\xampp\htdocs\proyecto_ci\system\CodeIgniter.php(832): App\Controllers\Consultas->index()
#8 C:\xampp\htdocs\proyecto_ci\system\CodeIgniter.php(419): CodeIgniter\CodeIgniter->runController(Object(App\Controllers\Consultas))
#9 C:\xampp\htdocs\proyecto_ci\system\CodeIgniter.php(326): CodeIgniter\CodeIgniter->handleRequest(NULL, Object(Config\Cache), false)
#10 C:\xampp\htdocs\proyecto_ci\index.php(37): CodeIgniter\CodeIgniter->run()
#11 {main}
CRITICAL - 2022-06-16 17:08:52 --> Undefined variable $consulta
#0 C:\xampp\htdocs\proyecto_ci\app\Views\consultas\consulta.php(35): CodeIgniter\Debug\Exceptions->errorHandler(2, 'Undefined varia...', 'C:\\xampp\\htdocs...', 35)
#1 C:\xampp\htdocs\proyecto_ci\system\View\View.php(210): include('C:\\xampp\\htdocs...')
#2 C:\xampp\htdocs\proyecto_ci\system\View\View.php(213): CodeIgniter\View\View->CodeIgniter\View\{closure}()
#3 C:\xampp\htdocs\proyecto_ci\system\Common.php(1089): CodeIgniter\View\View->render('consultas/consu...', Array, true)
#4 C:\xampp\htdocs\proyecto_ci\app\Views\index.php(239): view('consultas/consu...')
#5 C:\xampp\htdocs\proyecto_ci\system\View\View.php(210): include('C:\\xampp\\htdocs...')
#6 C:\xampp\htdocs\proyecto_ci\system\View\View.php(213): CodeIgniter\View\View->CodeIgniter\View\{closure}()
#7 C:\xampp\htdocs\proyecto_ci\system\Common.php(1089): CodeIgniter\View\View->render('index', Array, true)
#8 C:\xampp\htdocs\proyecto_ci\app\Controllers\Consultas.php(28): view('index', Array)
#9 C:\xampp\htdocs\proyecto_ci\system\CodeIgniter.php(832): App\Controllers\Consultas->index()
#10 C:\xampp\htdocs\proyecto_ci\system\CodeIgniter.php(419): CodeIgniter\CodeIgniter->runController(Object(App\Controllers\Consultas))
#11 C:\xampp\htdocs\proyecto_ci\system\CodeIgniter.php(326): CodeIgniter\CodeIgniter->handleRequest(NULL, Object(Config\Cache), false)
#12 C:\xampp\htdocs\proyecto_ci\index.php(37): CodeIgniter\CodeIgniter->run()
#13 {main}
