CRITICAL - 2023-02-19 18:43:20 --> The framework needs the following extension(s) installed and loaded: intl.
#0 C:\laragon\www\ProyectoClinica_ci\system\CodeIgniter.php(219): CodeIgniter\Exceptions\FrameworkException::forMissingExtension()
#1 C:\laragon\www\ProyectoClinica_ci\system\CodeIgniter.php(177): CodeIgniter\CodeIgniter->resolvePlatformExtensions()
#2 C:\laragon\www\ProyectoClinica_ci\system\bootstrap.php(146): CodeIgniter\CodeIgniter->initialize()
#3 C:\laragon\www\ProyectoClinica_ci\index.php(28): require('...')
#4 {main}
CRITICAL - 2023-02-19 18:43:47 --> The framework needs the following extension(s) installed and loaded: intl.
#0 C:\laragon\www\ProyectoClinica_ci\system\CodeIgniter.php(219): CodeIgniter\Exceptions\FrameworkException::forMissingExtension()
#1 C:\laragon\www\ProyectoClinica_ci\system\CodeIgniter.php(177): CodeIgniter\CodeIgniter->resolvePlatformExtensions()
#2 C:\laragon\www\ProyectoClinica_ci\system\bootstrap.php(146): CodeIgniter\CodeIgniter->initialize()
#3 C:\laragon\www\ProyectoClinica_ci\index.php(28): require('...')
#4 {main}
CRITICAL - 2023-02-19 12:55:42 --> Class "App\Controllers\DateTime" not found
#0 C:\laragon\www\ProyectoClinica_ci\system\CodeIgniter.php(832): App\Controllers\Historiaclinica->registrarDatos()
#1 C:\laragon\www\ProyectoClinica_ci\system\CodeIgniter.php(419): CodeIgniter\CodeIgniter->runController(Object(App\Controllers\Historiaclinica))
#2 C:\laragon\www\ProyectoClinica_ci\system\CodeIgniter.php(326): CodeIgniter\CodeIgniter->handleRequest(NULL, Object(Config\Cache), false)
#3 C:\laragon\www\ProyectoClinica_ci\index.php(37): CodeIgniter\CodeIgniter->run()
#4 {main}
<<<<<<< HEAD
ERROR - 2023-02-19 16:22:51 --> Error connecting to the database: Access denied for user '****'@'localhost' (using password: YES)
CRITICAL - 2023-02-19 16:22:51 --> Unable to connect to the database.
Main connection [MySQLi]: Access denied for user '****'@'localhost' (using password: YES)
#0 C:\laragon\www\ProyectoClinica_ci\system\Database\BaseConnection.php(577): CodeIgniter\Database\BaseConnection->initialize()
#1 C:\laragon\www\ProyectoClinica_ci\system\Database\BaseBuilder.php(1455): CodeIgniter\Database\BaseConnection->query('SELECT *\nFROM `...', Array, false)
#2 C:\laragon\www\ProyectoClinica_ci\system\Model.php(210): CodeIgniter\Database\BaseBuilder->get()
#3 C:\laragon\www\ProyectoClinica_ci\system\BaseModel.php(622): CodeIgniter\Model->doFirst()
#4 C:\laragon\www\ProyectoClinica_ci\app\Controllers\Login.php(59): CodeIgniter\BaseModel->first()
#5 C:\laragon\www\ProyectoClinica_ci\system\CodeIgniter.php(832): App\Controllers\Login->validacion_do()
#6 C:\laragon\www\ProyectoClinica_ci\system\CodeIgniter.php(419): CodeIgniter\CodeIgniter->runController(Object(App\Controllers\Login))
#7 C:\laragon\www\ProyectoClinica_ci\system\CodeIgniter.php(326): CodeIgniter\CodeIgniter->handleRequest(NULL, Object(Config\Cache), false)
#8 C:\laragon\www\ProyectoClinica_ci\index.php(37): CodeIgniter\CodeIgniter->run()
#9 {main}
CRITICAL - 2023-02-19 16:23:22 --> Undefined array key "telefonoPaciente"
#0 C:\laragon\www\ProyectoClinica_ci\app\Views\historiaclinica\historiaclinica.php(60): CodeIgniter\Debug\Exceptions->errorHandler(2, 'Undefined array...', 'C:\\laragon\\www\\...', 60)
#1 C:\laragon\www\ProyectoClinica_ci\system\View\View.php(210): include('C:\\laragon\\www\\...')
#2 C:\laragon\www\ProyectoClinica_ci\system\View\View.php(213): CodeIgniter\View\View->CodeIgniter\View\{closure}()
#3 C:\laragon\www\ProyectoClinica_ci\system\Common.php(1089): CodeIgniter\View\View->render('historiaclinica...', Array, true)
#4 C:\laragon\www\ProyectoClinica_ci\app\Views\index.php(164): view('historiaclinica...')
#5 C:\laragon\www\ProyectoClinica_ci\system\View\View.php(210): include('C:\\laragon\\www\\...')
#6 C:\laragon\www\ProyectoClinica_ci\system\View\View.php(213): CodeIgniter\View\View->CodeIgniter\View\{closure}()
#7 C:\laragon\www\ProyectoClinica_ci\system\Common.php(1089): CodeIgniter\View\View->render('index', Array, true)
#8 C:\laragon\www\ProyectoClinica_ci\app\Controllers\Historiaclinica.php(31): view('index', Array)
#9 C:\laragon\www\ProyectoClinica_ci\system\CodeIgniter.php(832): App\Controllers\Historiaclinica->index()
#10 C:\laragon\www\ProyectoClinica_ci\system\CodeIgniter.php(419): CodeIgniter\CodeIgniter->runController(Object(App\Controllers\Historiaclinica))
#11 C:\laragon\www\ProyectoClinica_ci\system\CodeIgniter.php(326): CodeIgniter\CodeIgniter->handleRequest(NULL, Object(Config\Cache), false)
#12 C:\laragon\www\ProyectoClinica_ci\index.php(37): CodeIgniter\CodeIgniter->run()
#13 {main}
CRITICAL - 2023-02-19 17:56:09 --> Undefined array key "nombre"
#0 C:\laragon\www\ProyectoClinica_ci\app\Views\historiaclinica\actualizar.php(17): CodeIgniter\Debug\Exceptions->errorHandler(2, 'Undefined array...', 'C:\\laragon\\www\\...', 17)
#1 C:\laragon\www\ProyectoClinica_ci\system\View\View.php(210): include('C:\\laragon\\www\\...')
#2 C:\laragon\www\ProyectoClinica_ci\system\View\View.php(213): CodeIgniter\View\View->CodeIgniter\View\{closure}()
#3 C:\laragon\www\ProyectoClinica_ci\system\Common.php(1089): CodeIgniter\View\View->render('historiaclinica...', Array, true)
#4 C:\laragon\www\ProyectoClinica_ci\app\Views\index.php(164): view('historiaclinica...')
#5 C:\laragon\www\ProyectoClinica_ci\system\View\View.php(210): include('C:\\laragon\\www\\...')
#6 C:\laragon\www\ProyectoClinica_ci\system\View\View.php(213): CodeIgniter\View\View->CodeIgniter\View\{closure}()
#7 C:\laragon\www\ProyectoClinica_ci\system\Common.php(1089): CodeIgniter\View\View->render('index', Array, true)
#8 C:\laragon\www\ProyectoClinica_ci\app\Controllers\Historiaclinica.php(111): view('index', Array)
#9 C:\laragon\www\ProyectoClinica_ci\system\CodeIgniter.php(832): App\Controllers\Historiaclinica->verRegistro('1')
#10 C:\laragon\www\ProyectoClinica_ci\system\CodeIgniter.php(419): CodeIgniter\CodeIgniter->runController(Object(App\Controllers\Historiaclinica))
#11 C:\laragon\www\ProyectoClinica_ci\system\CodeIgniter.php(326): CodeIgniter\CodeIgniter->handleRequest(NULL, Object(Config\Cache), false)
#12 C:\laragon\www\ProyectoClinica_ci\index.php(37): CodeIgniter\CodeIgniter->run()
#13 {main}
=======
CRITICAL - 2023-02-19 18:18:18 --> Class "FPDF" not found
#0 C:\laragon\www\ProyectoClinica_ci\system\CodeIgniter.php(832): App\Controllers\Historiaclinica->mostrarPDF('4')
#1 C:\laragon\www\ProyectoClinica_ci\system\CodeIgniter.php(419): CodeIgniter\CodeIgniter->runController(Object(App\Controllers\Historiaclinica))
#2 C:\laragon\www\ProyectoClinica_ci\system\CodeIgniter.php(326): CodeIgniter\CodeIgniter->handleRequest(NULL, Object(Config\Cache), false)
#3 C:\laragon\www\ProyectoClinica_ci\index.php(37): CodeIgniter\CodeIgniter->run()
#4 {main}
CRITICAL - 2023-02-19 18:21:05 --> Class "FPDF" not found
#0 C:\laragon\www\ProyectoClinica_ci\system\CodeIgniter.php(832): App\Controllers\Historiaclinica->generarPDF(' 4')
#1 C:\laragon\www\ProyectoClinica_ci\system\CodeIgniter.php(419): CodeIgniter\CodeIgniter->runController(Object(App\Controllers\Historiaclinica))
#2 C:\laragon\www\ProyectoClinica_ci\system\CodeIgniter.php(326): CodeIgniter\CodeIgniter->handleRequest(NULL, Object(Config\Cache), false)
#3 C:\laragon\www\ProyectoClinica_ci\index.php(37): CodeIgniter\CodeIgniter->run()
#4 {main}
CRITICAL - 2023-02-19 18:31:35 --> require_once(C:\laragon\www\ProyectoClinica_ci\app\third_party/fpdf/fpdf.php): Failed to open stream: No such file or directory
#0 C:\laragon\www\ProyectoClinica_ci\app\Controllers\Historiaclinica.php(8): CodeIgniter\Debug\Exceptions->errorHandler(2, 'require_once(C:...', 'C:\\laragon\\www\\...', 8)
#1 C:\laragon\www\ProyectoClinica_ci\app\Controllers\Historiaclinica.php(8): require_once()
#2 C:\laragon\www\ProyectoClinica_ci\system\Router\Router.php(518): include_once('C:\\laragon\\www\\...')
#3 C:\laragon\www\ProyectoClinica_ci\system\Router\Router.php(175): CodeIgniter\Router\Router->autoRoute('historiaclinica')
#4 C:\laragon\www\ProyectoClinica_ci\system\CodeIgniter.php(726): CodeIgniter\Router\Router->handle('historiaclinica')
#5 C:\laragon\www\ProyectoClinica_ci\system\CodeIgniter.php(368): CodeIgniter\CodeIgniter->tryToRouteIt(Object(CodeIgniter\Router\RouteCollection))
#6 C:\laragon\www\ProyectoClinica_ci\system\CodeIgniter.php(326): CodeIgniter\CodeIgniter->handleRequest(NULL, Object(Config\Cache), false)
#7 C:\laragon\www\ProyectoClinica_ci\index.php(37): CodeIgniter\CodeIgniter->run()
#8 {main}
CRITICAL - 2023-02-19 18:31:51 --> require_once(C:\laragon\www\ProyectoClinica_ci\app\third_party/fpdf/fpdf.php): Failed to open stream: No such file or directory
#0 C:\laragon\www\ProyectoClinica_ci\app\Controllers\Historiaclinica.php(8): CodeIgniter\Debug\Exceptions->errorHandler(2, 'require_once(C:...', 'C:\\laragon\\www\\...', 8)
#1 C:\laragon\www\ProyectoClinica_ci\app\Controllers\Historiaclinica.php(8): require_once()
#2 C:\laragon\www\ProyectoClinica_ci\system\Router\Router.php(518): include_once('C:\\laragon\\www\\...')
#3 C:\laragon\www\ProyectoClinica_ci\system\Router\Router.php(175): CodeIgniter\Router\Router->autoRoute('historiaclinica')
#4 C:\laragon\www\ProyectoClinica_ci\system\CodeIgniter.php(726): CodeIgniter\Router\Router->handle('historiaclinica')
#5 C:\laragon\www\ProyectoClinica_ci\system\CodeIgniter.php(368): CodeIgniter\CodeIgniter->tryToRouteIt(Object(CodeIgniter\Router\RouteCollection))
#6 C:\laragon\www\ProyectoClinica_ci\system\CodeIgniter.php(326): CodeIgniter\CodeIgniter->handleRequest(NULL, Object(Config\Cache), false)
#7 C:\laragon\www\ProyectoClinica_ci\index.php(37): CodeIgniter\CodeIgniter->run()
#8 {main}
CRITICAL - 2023-02-19 18:32:16 --> require_once(C:\laragon\www\ProyectoClinica_ci\app\third_party/fpdf/fpdf.php): Failed to open stream: No such file or directory
#0 C:\laragon\www\ProyectoClinica_ci\app\Controllers\Historiaclinica.php(180): CodeIgniter\Debug\Exceptions->errorHandler(2, 'require_once(C:...', 'C:\\laragon\\www\\...', 180)
#1 C:\laragon\www\ProyectoClinica_ci\app\Controllers\Historiaclinica.php(180): require_once()
#2 C:\laragon\www\ProyectoClinica_ci\system\CodeIgniter.php(832): App\Controllers\Historiaclinica->generarPDF(' 4')
#3 C:\laragon\www\ProyectoClinica_ci\system\CodeIgniter.php(419): CodeIgniter\CodeIgniter->runController(Object(App\Controllers\Historiaclinica))
#4 C:\laragon\www\ProyectoClinica_ci\system\CodeIgniter.php(326): CodeIgniter\CodeIgniter->handleRequest(NULL, Object(Config\Cache), false)
#5 C:\laragon\www\ProyectoClinica_ci\index.php(37): CodeIgniter\CodeIgniter->run()
#6 {main}
CRITICAL - 2023-02-19 18:36:47 --> Trait "App\Controllers\FPDF" not found
#0 [internal function]: CodeIgniter\Debug\Exceptions->shutdownHandler()
#1 {main}
CRITICAL - 2023-02-19 18:38:39 --> Too few arguments to function CodeIgniter\HTTP\Response::__construct(), 0 passed in C:\laragon\www\ProyectoClinica_ci\app\Controllers\Historiaclinica.php on line 198 and exactly 1 expected
#0 C:\laragon\www\ProyectoClinica_ci\app\Controllers\Historiaclinica.php(198): CodeIgniter\HTTP\Response->__construct()
#1 C:\laragon\www\ProyectoClinica_ci\system\CodeIgniter.php(832): App\Controllers\Historiaclinica->generarPDF(' 4')
#2 C:\laragon\www\ProyectoClinica_ci\system\CodeIgniter.php(419): CodeIgniter\CodeIgniter->runController(Object(App\Controllers\Historiaclinica))
#3 C:\laragon\www\ProyectoClinica_ci\system\CodeIgniter.php(326): CodeIgniter\CodeIgniter->handleRequest(NULL, Object(Config\Cache), false)
#4 C:\laragon\www\ProyectoClinica_ci\index.php(37): CodeIgniter\CodeIgniter->run()
#5 {main}
CRITICAL - 2023-02-19 18:38:46 --> Too few arguments to function CodeIgniter\HTTP\Response::__construct(), 0 passed in C:\laragon\www\ProyectoClinica_ci\app\Controllers\Historiaclinica.php on line 198 and exactly 1 expected
#0 C:\laragon\www\ProyectoClinica_ci\app\Controllers\Historiaclinica.php(198): CodeIgniter\HTTP\Response->__construct()
#1 C:\laragon\www\ProyectoClinica_ci\system\CodeIgniter.php(832): App\Controllers\Historiaclinica->generarPDF(' 4')
#2 C:\laragon\www\ProyectoClinica_ci\system\CodeIgniter.php(419): CodeIgniter\CodeIgniter->runController(Object(App\Controllers\Historiaclinica))
#3 C:\laragon\www\ProyectoClinica_ci\system\CodeIgniter.php(326): CodeIgniter\CodeIgniter->handleRequest(NULL, Object(Config\Cache), false)
#4 C:\laragon\www\ProyectoClinica_ci\index.php(37): CodeIgniter\CodeIgniter->run()
#5 {main}
CRITICAL - 2023-02-19 18:39:52 --> Too few arguments to function CodeIgniter\HTTP\Response::__construct(), 0 passed in C:\laragon\www\ProyectoClinica_ci\app\Controllers\Historiaclinica.php on line 197 and exactly 1 expected
#0 C:\laragon\www\ProyectoClinica_ci\app\Controllers\Historiaclinica.php(197): CodeIgniter\HTTP\Response->__construct()
#1 C:\laragon\www\ProyectoClinica_ci\system\CodeIgniter.php(832): App\Controllers\Historiaclinica->generarPDF(' 4')
#2 C:\laragon\www\ProyectoClinica_ci\system\CodeIgniter.php(419): CodeIgniter\CodeIgniter->runController(Object(App\Controllers\Historiaclinica))
#3 C:\laragon\www\ProyectoClinica_ci\system\CodeIgniter.php(326): CodeIgniter\CodeIgniter->handleRequest(NULL, Object(Config\Cache), false)
#4 C:\laragon\www\ProyectoClinica_ci\index.php(37): CodeIgniter\CodeIgniter->run()
#5 {main}
CRITICAL - 2023-02-19 18:40:42 --> Attempt to read property "CSPEnabled" on string
#0 C:\laragon\www\ProyectoClinica_ci\system\HTTP\Response.php(157): CodeIgniter\Debug\Exceptions->errorHandler(2, 'Attempt to read...', 'C:\\laragon\\www\\...', 157)
#1 C:\laragon\www\ProyectoClinica_ci\app\Controllers\Historiaclinica.php(197): CodeIgniter\HTTP\Response->__construct('%PDF-1.3\n3 0 ob...')
#2 C:\laragon\www\ProyectoClinica_ci\system\CodeIgniter.php(832): App\Controllers\Historiaclinica->generarPDF(' 4')
#3 C:\laragon\www\ProyectoClinica_ci\system\CodeIgniter.php(419): CodeIgniter\CodeIgniter->runController(Object(App\Controllers\Historiaclinica))
#4 C:\laragon\www\ProyectoClinica_ci\system\CodeIgniter.php(326): CodeIgniter\CodeIgniter->handleRequest(NULL, Object(Config\Cache), false)
#5 C:\laragon\www\ProyectoClinica_ci\index.php(37): CodeIgniter\CodeIgniter->run()
#6 {main}
CRITICAL - 2023-02-19 18:40:46 --> Attempt to read property "CSPEnabled" on string
#0 C:\laragon\www\ProyectoClinica_ci\system\HTTP\Response.php(157): CodeIgniter\Debug\Exceptions->errorHandler(2, 'Attempt to read...', 'C:\\laragon\\www\\...', 157)
#1 C:\laragon\www\ProyectoClinica_ci\app\Controllers\Historiaclinica.php(197): CodeIgniter\HTTP\Response->__construct('%PDF-1.3\n3 0 ob...')
#2 C:\laragon\www\ProyectoClinica_ci\system\CodeIgniter.php(832): App\Controllers\Historiaclinica->generarPDF(' 4')
#3 C:\laragon\www\ProyectoClinica_ci\system\CodeIgniter.php(419): CodeIgniter\CodeIgniter->runController(Object(App\Controllers\Historiaclinica))
#4 C:\laragon\www\ProyectoClinica_ci\system\CodeIgniter.php(326): CodeIgniter\CodeIgniter->handleRequest(NULL, Object(Config\Cache), false)
#5 C:\laragon\www\ProyectoClinica_ci\index.php(37): CodeIgniter\CodeIgniter->run()
#6 {main}
CRITICAL - 2023-02-19 18:41:50 --> Too few arguments to function CodeIgniter\HTTP\Response::__construct(), 0 passed in C:\laragon\www\ProyectoClinica_ci\app\Controllers\Historiaclinica.php on line 197 and exactly 1 expected
#0 C:\laragon\www\ProyectoClinica_ci\app\Controllers\Historiaclinica.php(197): CodeIgniter\HTTP\Response->__construct()
#1 C:\laragon\www\ProyectoClinica_ci\system\CodeIgniter.php(832): App\Controllers\Historiaclinica->generarPDF(' 4')
#2 C:\laragon\www\ProyectoClinica_ci\system\CodeIgniter.php(419): CodeIgniter\CodeIgniter->runController(Object(App\Controllers\Historiaclinica))
#3 C:\laragon\www\ProyectoClinica_ci\system\CodeIgniter.php(326): CodeIgniter\CodeIgniter->handleRequest(NULL, Object(Config\Cache), false)
#4 C:\laragon\www\ProyectoClinica_ci\index.php(37): CodeIgniter\CodeIgniter->run()
#5 {main}
CRITICAL - 2023-02-19 18:42:45 --> Attempt to read property "CSPEnabled" on string
#0 C:\laragon\www\ProyectoClinica_ci\system\HTTP\Response.php(157): CodeIgniter\Debug\Exceptions->errorHandler(2, 'Attempt to read...', 'C:\\laragon\\www\\...', 157)
#1 C:\laragon\www\ProyectoClinica_ci\app\Controllers\Historiaclinica.php(197): CodeIgniter\HTTP\Response->__construct('%PDF-1.3\n3 0 ob...')
#2 C:\laragon\www\ProyectoClinica_ci\system\CodeIgniter.php(832): App\Controllers\Historiaclinica->generarPDF(' 4')
#3 C:\laragon\www\ProyectoClinica_ci\system\CodeIgniter.php(419): CodeIgniter\CodeIgniter->runController(Object(App\Controllers\Historiaclinica))
#4 C:\laragon\www\ProyectoClinica_ci\system\CodeIgniter.php(326): CodeIgniter\CodeIgniter->handleRequest(NULL, Object(Config\Cache), false)
#5 C:\laragon\www\ProyectoClinica_ci\index.php(37): CodeIgniter\CodeIgniter->run()
#6 {main}
CRITICAL - 2023-02-19 18:43:43 --> Attempt to read property "CSPEnabled" on string
#0 C:\laragon\www\ProyectoClinica_ci\system\HTTP\Response.php(157): CodeIgniter\Debug\Exceptions->errorHandler(2, 'Attempt to read...', 'C:\\laragon\\www\\...', 157)
#1 C:\laragon\www\ProyectoClinica_ci\app\Controllers\Historiaclinica.php(197): CodeIgniter\HTTP\Response->__construct('%PDF-1.3\n3 0 ob...')
#2 C:\laragon\www\ProyectoClinica_ci\system\CodeIgniter.php(832): App\Controllers\Historiaclinica->generarPDF(' 4')
#3 C:\laragon\www\ProyectoClinica_ci\system\CodeIgniter.php(419): CodeIgniter\CodeIgniter->runController(Object(App\Controllers\Historiaclinica))
#4 C:\laragon\www\ProyectoClinica_ci\system\CodeIgniter.php(326): CodeIgniter\CodeIgniter->handleRequest(NULL, Object(Config\Cache), false)
#5 C:\laragon\www\ProyectoClinica_ci\index.php(37): CodeIgniter\CodeIgniter->run()
#6 {main}
CRITICAL - 2023-02-19 18:43:48 --> Attempt to read property "CSPEnabled" on string
#0 C:\laragon\www\ProyectoClinica_ci\system\HTTP\Response.php(157): CodeIgniter\Debug\Exceptions->errorHandler(2, 'Attempt to read...', 'C:\\laragon\\www\\...', 157)
#1 C:\laragon\www\ProyectoClinica_ci\app\Controllers\Historiaclinica.php(197): CodeIgniter\HTTP\Response->__construct('%PDF-1.3\n3 0 ob...')
#2 C:\laragon\www\ProyectoClinica_ci\system\CodeIgniter.php(832): App\Controllers\Historiaclinica->generarPDF(' 4')
#3 C:\laragon\www\ProyectoClinica_ci\system\CodeIgniter.php(419): CodeIgniter\CodeIgniter->runController(Object(App\Controllers\Historiaclinica))
#4 C:\laragon\www\ProyectoClinica_ci\system\CodeIgniter.php(326): CodeIgniter\CodeIgniter->handleRequest(NULL, Object(Config\Cache), false)
#5 C:\laragon\www\ProyectoClinica_ci\index.php(37): CodeIgniter\CodeIgniter->run()
#6 {main}
CRITICAL - 2023-02-19 18:44:34 --> Too few arguments to function CodeIgniter\HTTP\Response::__construct(), 0 passed in C:\laragon\www\ProyectoClinica_ci\app\Controllers\Historiaclinica.php on line 197 and exactly 1 expected
#0 C:\laragon\www\ProyectoClinica_ci\app\Controllers\Historiaclinica.php(197): CodeIgniter\HTTP\Response->__construct()
#1 C:\laragon\www\ProyectoClinica_ci\system\CodeIgniter.php(832): App\Controllers\Historiaclinica->generarPDF(' 4')
#2 C:\laragon\www\ProyectoClinica_ci\system\CodeIgniter.php(419): CodeIgniter\CodeIgniter->runController(Object(App\Controllers\Historiaclinica))
#3 C:\laragon\www\ProyectoClinica_ci\system\CodeIgniter.php(326): CodeIgniter\CodeIgniter->handleRequest(NULL, Object(Config\Cache), false)
#4 C:\laragon\www\ProyectoClinica_ci\index.php(37): CodeIgniter\CodeIgniter->run()
#5 {main}
CRITICAL - 2023-02-19 18:44:49 --> Attempt to read property "CSPEnabled" on string
#0 C:\laragon\www\ProyectoClinica_ci\system\HTTP\Response.php(157): CodeIgniter\Debug\Exceptions->errorHandler(2, 'Attempt to read...', 'C:\\laragon\\www\\...', 157)
#1 C:\laragon\www\ProyectoClinica_ci\app\Controllers\Historiaclinica.php(197): CodeIgniter\HTTP\Response->__construct('%PDF-1.3\n3 0 ob...')
#2 C:\laragon\www\ProyectoClinica_ci\system\CodeIgniter.php(832): App\Controllers\Historiaclinica->generarPDF(' 4')
#3 C:\laragon\www\ProyectoClinica_ci\system\CodeIgniter.php(419): CodeIgniter\CodeIgniter->runController(Object(App\Controllers\Historiaclinica))
#4 C:\laragon\www\ProyectoClinica_ci\system\CodeIgniter.php(326): CodeIgniter\CodeIgniter->handleRequest(NULL, Object(Config\Cache), false)
#5 C:\laragon\www\ProyectoClinica_ci\index.php(37): CodeIgniter\CodeIgniter->run()
#6 {main}
CRITICAL - 2023-02-19 18:45:25 --> Undefined property: FPDF::$CSPEnabled
#0 C:\laragon\www\ProyectoClinica_ci\system\HTTP\Response.php(157): CodeIgniter\Debug\Exceptions->errorHandler(2, 'Undefined prope...', 'C:\\laragon\\www\\...', 157)
#1 C:\laragon\www\ProyectoClinica_ci\app\Controllers\Historiaclinica.php(191): CodeIgniter\HTTP\Response->__construct(Object(FPDF))
#2 C:\laragon\www\ProyectoClinica_ci\system\CodeIgniter.php(832): App\Controllers\Historiaclinica->generarPDF(' 4')
#3 C:\laragon\www\ProyectoClinica_ci\system\CodeIgniter.php(419): CodeIgniter\CodeIgniter->runController(Object(App\Controllers\Historiaclinica))
#4 C:\laragon\www\ProyectoClinica_ci\system\CodeIgniter.php(326): CodeIgniter\CodeIgniter->handleRequest(NULL, Object(Config\Cache), false)
#5 C:\laragon\www\ProyectoClinica_ci\index.php(37): CodeIgniter\CodeIgniter->run()
#6 {main}
CRITICAL - 2023-02-19 18:45:28 --> Undefined property: FPDF::$CSPEnabled
#0 C:\laragon\www\ProyectoClinica_ci\system\HTTP\Response.php(157): CodeIgniter\Debug\Exceptions->errorHandler(2, 'Undefined prope...', 'C:\\laragon\\www\\...', 157)
#1 C:\laragon\www\ProyectoClinica_ci\app\Controllers\Historiaclinica.php(191): CodeIgniter\HTTP\Response->__construct(Object(FPDF))
#2 C:\laragon\www\ProyectoClinica_ci\system\CodeIgniter.php(832): App\Controllers\Historiaclinica->generarPDF(' 4')
#3 C:\laragon\www\ProyectoClinica_ci\system\CodeIgniter.php(419): CodeIgniter\CodeIgniter->runController(Object(App\Controllers\Historiaclinica))
#4 C:\laragon\www\ProyectoClinica_ci\system\CodeIgniter.php(326): CodeIgniter\CodeIgniter->handleRequest(NULL, Object(Config\Cache), false)
#5 C:\laragon\www\ProyectoClinica_ci\index.php(37): CodeIgniter\CodeIgniter->run()
#6 {main}
CRITICAL - 2023-02-19 18:45:59 --> Attempt to read property "CSPEnabled" on string
#0 C:\laragon\www\ProyectoClinica_ci\system\HTTP\Response.php(157): CodeIgniter\Debug\Exceptions->errorHandler(2, 'Attempt to read...', 'C:\\laragon\\www\\...', 157)
#1 C:\laragon\www\ProyectoClinica_ci\app\Controllers\Historiaclinica.php(191): CodeIgniter\HTTP\Response->__construct('%PDF-1.3\n3 0 ob...')
#2 C:\laragon\www\ProyectoClinica_ci\system\CodeIgniter.php(832): App\Controllers\Historiaclinica->generarPDF(' 4')
#3 C:\laragon\www\ProyectoClinica_ci\system\CodeIgniter.php(419): CodeIgniter\CodeIgniter->runController(Object(App\Controllers\Historiaclinica))
#4 C:\laragon\www\ProyectoClinica_ci\system\CodeIgniter.php(326): CodeIgniter\CodeIgniter->handleRequest(NULL, Object(Config\Cache), false)
#5 C:\laragon\www\ProyectoClinica_ci\index.php(37): CodeIgniter\CodeIgniter->run()
#6 {main}
CRITICAL - 2023-02-19 18:46:14 --> Attempt to read property "CSPEnabled" on string
#0 C:\laragon\www\ProyectoClinica_ci\system\HTTP\Response.php(157): CodeIgniter\Debug\Exceptions->errorHandler(2, 'Attempt to read...', 'C:\\laragon\\www\\...', 157)
#1 C:\laragon\www\ProyectoClinica_ci\app\Controllers\Historiaclinica.php(191): CodeIgniter\HTTP\Response->__construct('%PDF-1.3\n3 0 ob...')
#2 C:\laragon\www\ProyectoClinica_ci\system\CodeIgniter.php(832): App\Controllers\Historiaclinica->generarPDF(' 4')
#3 C:\laragon\www\ProyectoClinica_ci\system\CodeIgniter.php(419): CodeIgniter\CodeIgniter->runController(Object(App\Controllers\Historiaclinica))
#4 C:\laragon\www\ProyectoClinica_ci\system\CodeIgniter.php(326): CodeIgniter\CodeIgniter->handleRequest(NULL, Object(Config\Cache), false)
#5 C:\laragon\www\ProyectoClinica_ci\index.php(37): CodeIgniter\CodeIgniter->run()
#6 {main}
CRITICAL - 2023-02-19 18:48:53 --> Undefined property: FPDF::$CSPEnabled
#0 C:\laragon\www\ProyectoClinica_ci\system\HTTP\Response.php(157): CodeIgniter\Debug\Exceptions->errorHandler(2, 'Undefined prope...', 'C:\\laragon\\www\\...', 157)
#1 C:\laragon\www\ProyectoClinica_ci\app\Controllers\Historiaclinica.php(192): CodeIgniter\HTTP\Response->__construct(Object(FPDF))
#2 C:\laragon\www\ProyectoClinica_ci\system\CodeIgniter.php(832): App\Controllers\Historiaclinica->generarPDF(' 4')
#3 C:\laragon\www\ProyectoClinica_ci\system\CodeIgniter.php(419): CodeIgniter\CodeIgniter->runController(Object(App\Controllers\Historiaclinica))
#4 C:\laragon\www\ProyectoClinica_ci\system\CodeIgniter.php(326): CodeIgniter\CodeIgniter->handleRequest(NULL, Object(Config\Cache), false)
#5 C:\laragon\www\ProyectoClinica_ci\index.php(37): CodeIgniter\CodeIgniter->run()
#6 {main}
CRITICAL - 2023-02-19 18:48:57 --> Undefined property: FPDF::$CSPEnabled
#0 C:\laragon\www\ProyectoClinica_ci\system\HTTP\Response.php(157): CodeIgniter\Debug\Exceptions->errorHandler(2, 'Undefined prope...', 'C:\\laragon\\www\\...', 157)
#1 C:\laragon\www\ProyectoClinica_ci\app\Controllers\Historiaclinica.php(192): CodeIgniter\HTTP\Response->__construct(Object(FPDF))
#2 C:\laragon\www\ProyectoClinica_ci\system\CodeIgniter.php(832): App\Controllers\Historiaclinica->generarPDF(' 4')
#3 C:\laragon\www\ProyectoClinica_ci\system\CodeIgniter.php(419): CodeIgniter\CodeIgniter->runController(Object(App\Controllers\Historiaclinica))
#4 C:\laragon\www\ProyectoClinica_ci\system\CodeIgniter.php(326): CodeIgniter\CodeIgniter->handleRequest(NULL, Object(Config\Cache), false)
#5 C:\laragon\www\ProyectoClinica_ci\index.php(37): CodeIgniter\CodeIgniter->run()
#6 {main}
CRITICAL - 2023-02-19 18:50:08 --> Undefined property: FPDF::$CSPEnabled
#0 C:\laragon\www\ProyectoClinica_ci\system\HTTP\Response.php(157): CodeIgniter\Debug\Exceptions->errorHandler(2, 'Undefined prope...', 'C:\\laragon\\www\\...', 157)
#1 C:\laragon\www\ProyectoClinica_ci\app\Controllers\Historiaclinica.php(192): CodeIgniter\HTTP\Response->__construct(Object(FPDF))
#2 C:\laragon\www\ProyectoClinica_ci\system\CodeIgniter.php(832): App\Controllers\Historiaclinica->generarPDF(' 4')
#3 C:\laragon\www\ProyectoClinica_ci\system\CodeIgniter.php(419): CodeIgniter\CodeIgniter->runController(Object(App\Controllers\Historiaclinica))
#4 C:\laragon\www\ProyectoClinica_ci\system\CodeIgniter.php(326): CodeIgniter\CodeIgniter->handleRequest(NULL, Object(Config\Cache), false)
#5 C:\laragon\www\ProyectoClinica_ci\index.php(37): CodeIgniter\CodeIgniter->run()
#6 {main}
CRITICAL - 2023-02-19 18:50:56 --> Attempt to read property "CSPEnabled" on string
#0 C:\laragon\www\ProyectoClinica_ci\system\HTTP\Response.php(157): CodeIgniter\Debug\Exceptions->errorHandler(2, 'Attempt to read...', 'C:\\laragon\\www\\...', 157)
#1 C:\laragon\www\ProyectoClinica_ci\app\Controllers\Historiaclinica.php(197): CodeIgniter\HTTP\Response->__construct('%PDF-1.3\n3 0 ob...', 200)
#2 C:\laragon\www\ProyectoClinica_ci\system\CodeIgniter.php(832): App\Controllers\Historiaclinica->generarPDF(' 4')
#3 C:\laragon\www\ProyectoClinica_ci\system\CodeIgniter.php(419): CodeIgniter\CodeIgniter->runController(Object(App\Controllers\Historiaclinica))
#4 C:\laragon\www\ProyectoClinica_ci\system\CodeIgniter.php(326): CodeIgniter\CodeIgniter->handleRequest(NULL, Object(Config\Cache), false)
#5 C:\laragon\www\ProyectoClinica_ci\index.php(37): CodeIgniter\CodeIgniter->run()
#6 {main}
CRITICAL - 2023-02-19 18:51:00 --> Attempt to read property "CSPEnabled" on string
#0 C:\laragon\www\ProyectoClinica_ci\system\HTTP\Response.php(157): CodeIgniter\Debug\Exceptions->errorHandler(2, 'Attempt to read...', 'C:\\laragon\\www\\...', 157)
#1 C:\laragon\www\ProyectoClinica_ci\app\Controllers\Historiaclinica.php(197): CodeIgniter\HTTP\Response->__construct('%PDF-1.3\n3 0 ob...', 200)
#2 C:\laragon\www\ProyectoClinica_ci\system\CodeIgniter.php(832): App\Controllers\Historiaclinica->generarPDF(' 4')
#3 C:\laragon\www\ProyectoClinica_ci\system\CodeIgniter.php(419): CodeIgniter\CodeIgniter->runController(Object(App\Controllers\Historiaclinica))
#4 C:\laragon\www\ProyectoClinica_ci\system\CodeIgniter.php(326): CodeIgniter\CodeIgniter->handleRequest(NULL, Object(Config\Cache), false)
#5 C:\laragon\www\ProyectoClinica_ci\index.php(37): CodeIgniter\CodeIgniter->run()
#6 {main}
CRITICAL - 2023-02-19 18:51:44 --> Attempt to read property "CSPEnabled" on string
#0 C:\laragon\www\ProyectoClinica_ci\system\HTTP\Response.php(157): CodeIgniter\Debug\Exceptions->errorHandler(2, 'Attempt to read...', 'C:\\laragon\\www\\...', 157)
#1 C:\laragon\www\ProyectoClinica_ci\app\Controllers\Historiaclinica.php(195): CodeIgniter\HTTP\Response->__construct('%PDF-1.3\n3 0 ob...', 200)
#2 C:\laragon\www\ProyectoClinica_ci\system\CodeIgniter.php(832): App\Controllers\Historiaclinica->generarPDF(' 4')
#3 C:\laragon\www\ProyectoClinica_ci\system\CodeIgniter.php(419): CodeIgniter\CodeIgniter->runController(Object(App\Controllers\Historiaclinica))
#4 C:\laragon\www\ProyectoClinica_ci\system\CodeIgniter.php(326): CodeIgniter\CodeIgniter->handleRequest(NULL, Object(Config\Cache), false)
#5 C:\laragon\www\ProyectoClinica_ci\index.php(37): CodeIgniter\CodeIgniter->run()
#6 {main}
CRITICAL - 2023-02-19 18:51:48 --> Attempt to read property "CSPEnabled" on string
#0 C:\laragon\www\ProyectoClinica_ci\system\HTTP\Response.php(157): CodeIgniter\Debug\Exceptions->errorHandler(2, 'Attempt to read...', 'C:\\laragon\\www\\...', 157)
#1 C:\laragon\www\ProyectoClinica_ci\app\Controllers\Historiaclinica.php(195): CodeIgniter\HTTP\Response->__construct('%PDF-1.3\n3 0 ob...', 200)
#2 C:\laragon\www\ProyectoClinica_ci\system\CodeIgniter.php(832): App\Controllers\Historiaclinica->generarPDF(' 2')
#3 C:\laragon\www\ProyectoClinica_ci\system\CodeIgniter.php(419): CodeIgniter\CodeIgniter->runController(Object(App\Controllers\Historiaclinica))
#4 C:\laragon\www\ProyectoClinica_ci\system\CodeIgniter.php(326): CodeIgniter\CodeIgniter->handleRequest(NULL, Object(Config\Cache), false)
#5 C:\laragon\www\ProyectoClinica_ci\index.php(37): CodeIgniter\CodeIgniter->run()
#6 {main}
CRITICAL - 2023-02-19 18:54:02 --> Attempt to read property "CSPEnabled" on string
#0 C:\laragon\www\ProyectoClinica_ci\system\HTTP\Response.php(157): CodeIgniter\Debug\Exceptions->errorHandler(2, 'Attempt to read...', 'C:\\laragon\\www\\...', 157)
#1 C:\laragon\www\ProyectoClinica_ci\app\Controllers\Historiaclinica.php(197): CodeIgniter\HTTP\Response->__construct('%PDF-1.3\n3 0 ob...')
#2 C:\laragon\www\ProyectoClinica_ci\system\CodeIgniter.php(832): App\Controllers\Historiaclinica->generarPDF(' 2')
#3 C:\laragon\www\ProyectoClinica_ci\system\CodeIgniter.php(419): CodeIgniter\CodeIgniter->runController(Object(App\Controllers\Historiaclinica))
#4 C:\laragon\www\ProyectoClinica_ci\system\CodeIgniter.php(326): CodeIgniter\CodeIgniter->handleRequest(NULL, Object(Config\Cache), false)
#5 C:\laragon\www\ProyectoClinica_ci\index.php(37): CodeIgniter\CodeIgniter->run()
#6 {main}
CRITICAL - 2023-02-19 18:54:05 --> Attempt to read property "CSPEnabled" on string
#0 C:\laragon\www\ProyectoClinica_ci\system\HTTP\Response.php(157): CodeIgniter\Debug\Exceptions->errorHandler(2, 'Attempt to read...', 'C:\\laragon\\www\\...', 157)
#1 C:\laragon\www\ProyectoClinica_ci\app\Controllers\Historiaclinica.php(197): CodeIgniter\HTTP\Response->__construct('%PDF-1.3\n3 0 ob...')
#2 C:\laragon\www\ProyectoClinica_ci\system\CodeIgniter.php(832): App\Controllers\Historiaclinica->generarPDF(' 4')
#3 C:\laragon\www\ProyectoClinica_ci\system\CodeIgniter.php(419): CodeIgniter\CodeIgniter->runController(Object(App\Controllers\Historiaclinica))
#4 C:\laragon\www\ProyectoClinica_ci\system\CodeIgniter.php(326): CodeIgniter\CodeIgniter->handleRequest(NULL, Object(Config\Cache), false)
#5 C:\laragon\www\ProyectoClinica_ci\index.php(37): CodeIgniter\CodeIgniter->run()
#6 {main}
CRITICAL - 2023-02-19 19:42:39 --> Undefined property: FPDF::$CSPEnabled
#0 C:\laragon\www\ProyectoClinica_ci\system\HTTP\Response.php(157): CodeIgniter\Debug\Exceptions->errorHandler(2, 'Undefined prope...', 'C:\\laragon\\www\\...', 157)
#1 C:\laragon\www\ProyectoClinica_ci\app\Controllers\Historiaclinica.php(195): CodeIgniter\HTTP\Response->__construct(Object(FPDF))
#2 C:\laragon\www\ProyectoClinica_ci\system\CodeIgniter.php(832): App\Controllers\Historiaclinica->generarPDF(' 4')
#3 C:\laragon\www\ProyectoClinica_ci\system\CodeIgniter.php(419): CodeIgniter\CodeIgniter->runController(Object(App\Controllers\Historiaclinica))
#4 C:\laragon\www\ProyectoClinica_ci\system\CodeIgniter.php(326): CodeIgniter\CodeIgniter->handleRequest(NULL, Object(Config\Cache), false)
#5 C:\laragon\www\ProyectoClinica_ci\index.php(37): CodeIgniter\CodeIgniter->run()
#6 {main}
CRITICAL - 2023-02-19 19:42:54 --> Undefined property: FPDF::$CSPEnabled
#0 C:\laragon\www\ProyectoClinica_ci\system\HTTP\Response.php(157): CodeIgniter\Debug\Exceptions->errorHandler(2, 'Undefined prope...', 'C:\\laragon\\www\\...', 157)
#1 C:\laragon\www\ProyectoClinica_ci\app\Controllers\Historiaclinica.php(196): CodeIgniter\HTTP\Response->__construct(Object(FPDF))
#2 C:\laragon\www\ProyectoClinica_ci\system\CodeIgniter.php(832): App\Controllers\Historiaclinica->generarPDF(' 4')
#3 C:\laragon\www\ProyectoClinica_ci\system\CodeIgniter.php(419): CodeIgniter\CodeIgniter->runController(Object(App\Controllers\Historiaclinica))
#4 C:\laragon\www\ProyectoClinica_ci\system\CodeIgniter.php(326): CodeIgniter\CodeIgniter->handleRequest(NULL, Object(Config\Cache), false)
#5 C:\laragon\www\ProyectoClinica_ci\index.php(37): CodeIgniter\CodeIgniter->run()
#6 {main}
>>>>>>> 37c5c20ec03a459735c09876bfa5369ab470ba57
ERROR - 2023-02-19 21:21:52 --> Not unique table/alias: 'personal'
CRITICAL - 2023-02-19 21:21:52 --> Not unique table/alias: 'personal'
#0 C:\laragon\www\ProyectoClinica_ci\system\Database\MySQLi\Connection.php(292): mysqli->query('SELECT `histori...', 0)
#1 C:\laragon\www\ProyectoClinica_ci\system\Database\BaseConnection.php(670): CodeIgniter\Database\MySQLi\Connection->execute('SELECT `histori...')
#2 C:\laragon\www\ProyectoClinica_ci\system\Database\BaseConnection.php(598): CodeIgniter\Database\BaseConnection->simpleQuery('SELECT `histori...')
#3 C:\laragon\www\ProyectoClinica_ci\system\Database\BaseBuilder.php(1455): CodeIgniter\Database\BaseConnection->query('SELECT `histori...', Array, false)
#4 C:\laragon\www\ProyectoClinica_ci\system\Model.php(183): CodeIgniter\Database\BaseBuilder->get()
#5 C:\laragon\www\ProyectoClinica_ci\system\BaseModel.php(584): CodeIgniter\Model->doFindAll(0, 0)
#6 C:\laragon\www\ProyectoClinica_ci\app\Models\PersonalMedicoModel.php(74): CodeIgniter\BaseModel->findAll()
#7 C:\laragon\www\ProyectoClinica_ci\app\Controllers\Historiaclinica.php(204): App\Models\PersonalMedicoModel->getBusqueda('a')
#8 C:\laragon\www\ProyectoClinica_ci\system\CodeIgniter.php(832): App\Controllers\Historiaclinica->keyBusqueda('a')
#9 C:\laragon\www\ProyectoClinica_ci\system\CodeIgniter.php(419): CodeIgniter\CodeIgniter->runController(Object(App\Controllers\Historiaclinica))
#10 C:\laragon\www\ProyectoClinica_ci\system\CodeIgniter.php(326): CodeIgniter\CodeIgniter->handleRequest(NULL, Object(Config\Cache), false)
#11 C:\laragon\www\ProyectoClinica_ci\index.php(37): CodeIgniter\CodeIgniter->run()
#12 {main}
ERROR - 2023-02-19 21:21:53 --> Not unique table/alias: 'personal'
CRITICAL - 2023-02-19 21:21:53 --> Not unique table/alias: 'personal'
#0 C:\laragon\www\ProyectoClinica_ci\system\Database\MySQLi\Connection.php(292): mysqli->query('SELECT `histori...', 0)
#1 C:\laragon\www\ProyectoClinica_ci\system\Database\BaseConnection.php(670): CodeIgniter\Database\MySQLi\Connection->execute('SELECT `histori...')
#2 C:\laragon\www\ProyectoClinica_ci\system\Database\BaseConnection.php(598): CodeIgniter\Database\BaseConnection->simpleQuery('SELECT `histori...')
#3 C:\laragon\www\ProyectoClinica_ci\system\Database\BaseBuilder.php(1455): CodeIgniter\Database\BaseConnection->query('SELECT `histori...', Array, false)
#4 C:\laragon\www\ProyectoClinica_ci\system\Model.php(183): CodeIgniter\Database\BaseBuilder->get()
#5 C:\laragon\www\ProyectoClinica_ci\system\BaseModel.php(584): CodeIgniter\Model->doFindAll(0, 0)
#6 C:\laragon\www\ProyectoClinica_ci\app\Models\PersonalMedicoModel.php(74): CodeIgniter\BaseModel->findAll()
#7 C:\laragon\www\ProyectoClinica_ci\app\Controllers\Historiaclinica.php(204): App\Models\PersonalMedicoModel->getBusqueda('al')
#8 C:\laragon\www\ProyectoClinica_ci\system\CodeIgniter.php(832): App\Controllers\Historiaclinica->keyBusqueda('al')
#9 C:\laragon\www\ProyectoClinica_ci\system\CodeIgniter.php(419): CodeIgniter\CodeIgniter->runController(Object(App\Controllers\Historiaclinica))
#10 C:\laragon\www\ProyectoClinica_ci\system\CodeIgniter.php(326): CodeIgniter\CodeIgniter->handleRequest(NULL, Object(Config\Cache), false)
#11 C:\laragon\www\ProyectoClinica_ci\index.php(37): CodeIgniter\CodeIgniter->run()
#12 {main}
ERROR - 2023-02-19 21:21:56 --> Not unique table/alias: 'personal'
CRITICAL - 2023-02-19 21:21:56 --> Not unique table/alias: 'personal'
#0 C:\laragon\www\ProyectoClinica_ci\system\Database\MySQLi\Connection.php(292): mysqli->query('SELECT `histori...', 0)
#1 C:\laragon\www\ProyectoClinica_ci\system\Database\BaseConnection.php(670): CodeIgniter\Database\MySQLi\Connection->execute('SELECT `histori...')
#2 C:\laragon\www\ProyectoClinica_ci\system\Database\BaseConnection.php(598): CodeIgniter\Database\BaseConnection->simpleQuery('SELECT `histori...')
#3 C:\laragon\www\ProyectoClinica_ci\system\Database\BaseBuilder.php(1455): CodeIgniter\Database\BaseConnection->query('SELECT `histori...', Array, false)
#4 C:\laragon\www\ProyectoClinica_ci\system\Model.php(183): CodeIgniter\Database\BaseBuilder->get()
#5 C:\laragon\www\ProyectoClinica_ci\system\BaseModel.php(584): CodeIgniter\Model->doFindAll(0, 0)
#6 C:\laragon\www\ProyectoClinica_ci\app\Models\PersonalMedicoModel.php(74): CodeIgniter\BaseModel->findAll()
#7 C:\laragon\www\ProyectoClinica_ci\app\Controllers\Historiaclinica.php(204): App\Models\PersonalMedicoModel->getBusqueda('a')
#8 C:\laragon\www\ProyectoClinica_ci\system\CodeIgniter.php(832): App\Controllers\Historiaclinica->keyBusqueda('a')
#9 C:\laragon\www\ProyectoClinica_ci\system\CodeIgniter.php(419): CodeIgniter\CodeIgniter->runController(Object(App\Controllers\Historiaclinica))
#10 C:\laragon\www\ProyectoClinica_ci\system\CodeIgniter.php(326): CodeIgniter\CodeIgniter->handleRequest(NULL, Object(Config\Cache), false)
#11 C:\laragon\www\ProyectoClinica_ci\index.php(37): CodeIgniter\CodeIgniter->run()
#12 {main}
ERROR - 2023-02-19 21:21:57 --> Not unique table/alias: 'personal'
CRITICAL - 2023-02-19 21:21:57 --> Not unique table/alias: 'personal'
#0 C:\laragon\www\ProyectoClinica_ci\system\Database\MySQLi\Connection.php(292): mysqli->query('SELECT `histori...', 0)
#1 C:\laragon\www\ProyectoClinica_ci\system\Database\BaseConnection.php(670): CodeIgniter\Database\MySQLi\Connection->execute('SELECT `histori...')
#2 C:\laragon\www\ProyectoClinica_ci\system\Database\BaseConnection.php(598): CodeIgniter\Database\BaseConnection->simpleQuery('SELECT `histori...')
#3 C:\laragon\www\ProyectoClinica_ci\system\Database\BaseBuilder.php(1455): CodeIgniter\Database\BaseConnection->query('SELECT `histori...', Array, false)
#4 C:\laragon\www\ProyectoClinica_ci\system\Model.php(183): CodeIgniter\Database\BaseBuilder->get()
#5 C:\laragon\www\ProyectoClinica_ci\system\BaseModel.php(584): CodeIgniter\Model->doFindAll(0, 0)
#6 C:\laragon\www\ProyectoClinica_ci\app\Models\PersonalMedicoModel.php(74): CodeIgniter\BaseModel->findAll()
#7 C:\laragon\www\ProyectoClinica_ci\app\Controllers\Historiaclinica.php(204): App\Models\PersonalMedicoModel->getBusqueda('al')
#8 C:\laragon\www\ProyectoClinica_ci\system\CodeIgniter.php(832): App\Controllers\Historiaclinica->keyBusqueda('al')
#9 C:\laragon\www\ProyectoClinica_ci\system\CodeIgniter.php(419): CodeIgniter\CodeIgniter->runController(Object(App\Controllers\Historiaclinica))
#10 C:\laragon\www\ProyectoClinica_ci\system\CodeIgniter.php(326): CodeIgniter\CodeIgniter->handleRequest(NULL, Object(Config\Cache), false)
#11 C:\laragon\www\ProyectoClinica_ci\index.php(37): CodeIgniter\CodeIgniter->run()
#12 {main}
ERROR - 2023-02-19 21:21:57 --> Not unique table/alias: 'personal'
CRITICAL - 2023-02-19 21:21:57 --> Not unique table/alias: 'personal'
#0 C:\laragon\www\ProyectoClinica_ci\system\Database\MySQLi\Connection.php(292): mysqli->query('SELECT `histori...', 0)
#1 C:\laragon\www\ProyectoClinica_ci\system\Database\BaseConnection.php(670): CodeIgniter\Database\MySQLi\Connection->execute('SELECT `histori...')
#2 C:\laragon\www\ProyectoClinica_ci\system\Database\BaseConnection.php(598): CodeIgniter\Database\BaseConnection->simpleQuery('SELECT `histori...')
#3 C:\laragon\www\ProyectoClinica_ci\system\Database\BaseBuilder.php(1455): CodeIgniter\Database\BaseConnection->query('SELECT `histori...', Array, false)
#4 C:\laragon\www\ProyectoClinica_ci\system\Model.php(183): CodeIgniter\Database\BaseBuilder->get()
#5 C:\laragon\www\ProyectoClinica_ci\system\BaseModel.php(584): CodeIgniter\Model->doFindAll(0, 0)
#6 C:\laragon\www\ProyectoClinica_ci\app\Models\PersonalMedicoModel.php(74): CodeIgniter\BaseModel->findAll()
#7 C:\laragon\www\ProyectoClinica_ci\app\Controllers\Historiaclinica.php(204): App\Models\PersonalMedicoModel->getBusqueda('alv')
#8 C:\laragon\www\ProyectoClinica_ci\system\CodeIgniter.php(832): App\Controllers\Historiaclinica->keyBusqueda('alv')
#9 C:\laragon\www\ProyectoClinica_ci\system\CodeIgniter.php(419): CodeIgniter\CodeIgniter->runController(Object(App\Controllers\Historiaclinica))
#10 C:\laragon\www\ProyectoClinica_ci\system\CodeIgniter.php(326): CodeIgniter\CodeIgniter->handleRequest(NULL, Object(Config\Cache), false)
#11 C:\laragon\www\ProyectoClinica_ci\index.php(37): CodeIgniter\CodeIgniter->run()
#12 {main}
ERROR - 2023-02-19 21:21:57 --> Not unique table/alias: 'personal'
CRITICAL - 2023-02-19 21:21:57 --> Not unique table/alias: 'personal'
#0 C:\laragon\www\ProyectoClinica_ci\system\Database\MySQLi\Connection.php(292): mysqli->query('SELECT `histori...', 0)
#1 C:\laragon\www\ProyectoClinica_ci\system\Database\BaseConnection.php(670): CodeIgniter\Database\MySQLi\Connection->execute('SELECT `histori...')
#2 C:\laragon\www\ProyectoClinica_ci\system\Database\BaseConnection.php(598): CodeIgniter\Database\BaseConnection->simpleQuery('SELECT `histori...')
#3 C:\laragon\www\ProyectoClinica_ci\system\Database\BaseBuilder.php(1455): CodeIgniter\Database\BaseConnection->query('SELECT `histori...', Array, false)
#4 C:\laragon\www\ProyectoClinica_ci\system\Model.php(183): CodeIgniter\Database\BaseBuilder->get()
#5 C:\laragon\www\ProyectoClinica_ci\system\BaseModel.php(584): CodeIgniter\Model->doFindAll(0, 0)
#6 C:\laragon\www\ProyectoClinica_ci\app\Models\PersonalMedicoModel.php(74): CodeIgniter\BaseModel->findAll()
#7 C:\laragon\www\ProyectoClinica_ci\app\Controllers\Historiaclinica.php(204): App\Models\PersonalMedicoModel->getBusqueda('alva')
#8 C:\laragon\www\ProyectoClinica_ci\system\CodeIgniter.php(832): App\Controllers\Historiaclinica->keyBusqueda('alva')
#9 C:\laragon\www\ProyectoClinica_ci\system\CodeIgniter.php(419): CodeIgniter\CodeIgniter->runController(Object(App\Controllers\Historiaclinica))
#10 C:\laragon\www\ProyectoClinica_ci\system\CodeIgniter.php(326): CodeIgniter\CodeIgniter->handleRequest(NULL, Object(Config\Cache), false)
#11 C:\laragon\www\ProyectoClinica_ci\index.php(37): CodeIgniter\CodeIgniter->run()
#12 {main}
ERROR - 2023-02-19 21:21:57 --> Not unique table/alias: 'personal'
CRITICAL - 2023-02-19 21:21:57 --> Not unique table/alias: 'personal'
#0 C:\laragon\www\ProyectoClinica_ci\system\Database\MySQLi\Connection.php(292): mysqli->query('SELECT `histori...', 0)
#1 C:\laragon\www\ProyectoClinica_ci\system\Database\BaseConnection.php(670): CodeIgniter\Database\MySQLi\Connection->execute('SELECT `histori...')
#2 C:\laragon\www\ProyectoClinica_ci\system\Database\BaseConnection.php(598): CodeIgniter\Database\BaseConnection->simpleQuery('SELECT `histori...')
#3 C:\laragon\www\ProyectoClinica_ci\system\Database\BaseBuilder.php(1455): CodeIgniter\Database\BaseConnection->query('SELECT `histori...', Array, false)
#4 C:\laragon\www\ProyectoClinica_ci\system\Model.php(183): CodeIgniter\Database\BaseBuilder->get()
#5 C:\laragon\www\ProyectoClinica_ci\system\BaseModel.php(584): CodeIgniter\Model->doFindAll(0, 0)
#6 C:\laragon\www\ProyectoClinica_ci\app\Models\PersonalMedicoModel.php(74): CodeIgniter\BaseModel->findAll()
#7 C:\laragon\www\ProyectoClinica_ci\app\Controllers\Historiaclinica.php(204): App\Models\PersonalMedicoModel->getBusqueda('alvar')
#8 C:\laragon\www\ProyectoClinica_ci\system\CodeIgniter.php(832): App\Controllers\Historiaclinica->keyBusqueda('alvar')
#9 C:\laragon\www\ProyectoClinica_ci\system\CodeIgniter.php(419): CodeIgniter\CodeIgniter->runController(Object(App\Controllers\Historiaclinica))
#10 C:\laragon\www\ProyectoClinica_ci\system\CodeIgniter.php(326): CodeIgniter\CodeIgniter->handleRequest(NULL, Object(Config\Cache), false)
#11 C:\laragon\www\ProyectoClinica_ci\index.php(37): CodeIgniter\CodeIgniter->run()
#12 {main}
ERROR - 2023-02-19 21:21:57 --> Not unique table/alias: 'personal'
CRITICAL - 2023-02-19 21:21:57 --> Not unique table/alias: 'personal'
#0 C:\laragon\www\ProyectoClinica_ci\system\Database\MySQLi\Connection.php(292): mysqli->query('SELECT `histori...', 0)
#1 C:\laragon\www\ProyectoClinica_ci\system\Database\BaseConnection.php(670): CodeIgniter\Database\MySQLi\Connection->execute('SELECT `histori...')
#2 C:\laragon\www\ProyectoClinica_ci\system\Database\BaseConnection.php(598): CodeIgniter\Database\BaseConnection->simpleQuery('SELECT `histori...')
#3 C:\laragon\www\ProyectoClinica_ci\system\Database\BaseBuilder.php(1455): CodeIgniter\Database\BaseConnection->query('SELECT `histori...', Array, false)
#4 C:\laragon\www\ProyectoClinica_ci\system\Model.php(183): CodeIgniter\Database\BaseBuilder->get()
#5 C:\laragon\www\ProyectoClinica_ci\system\BaseModel.php(584): CodeIgniter\Model->doFindAll(0, 0)
#6 C:\laragon\www\ProyectoClinica_ci\app\Models\PersonalMedicoModel.php(74): CodeIgniter\BaseModel->findAll()
#7 C:\laragon\www\ProyectoClinica_ci\app\Controllers\Historiaclinica.php(204): App\Models\PersonalMedicoModel->getBusqueda('alvaro')
#8 C:\laragon\www\ProyectoClinica_ci\system\CodeIgniter.php(832): App\Controllers\Historiaclinica->keyBusqueda('alvaro')
#9 C:\laragon\www\ProyectoClinica_ci\system\CodeIgniter.php(419): CodeIgniter\CodeIgniter->runController(Object(App\Controllers\Historiaclinica))
#10 C:\laragon\www\ProyectoClinica_ci\system\CodeIgniter.php(326): CodeIgniter\CodeIgniter->handleRequest(NULL, Object(Config\Cache), false)
#11 C:\laragon\www\ProyectoClinica_ci\index.php(37): CodeIgniter\CodeIgniter->run()
#12 {main}
ERROR - 2023-02-19 21:26:16 --> Not unique table/alias: 'personal'
CRITICAL - 2023-02-19 21:26:16 --> Not unique table/alias: 'personal'
#0 C:\laragon\www\ProyectoClinica_ci\system\Database\MySQLi\Connection.php(292): mysqli->query('SELECT `histori...', 0)
#1 C:\laragon\www\ProyectoClinica_ci\system\Database\BaseConnection.php(670): CodeIgniter\Database\MySQLi\Connection->execute('SELECT `histori...')
#2 C:\laragon\www\ProyectoClinica_ci\system\Database\BaseConnection.php(598): CodeIgniter\Database\BaseConnection->simpleQuery('SELECT `histori...')
#3 C:\laragon\www\ProyectoClinica_ci\system\Database\BaseBuilder.php(1455): CodeIgniter\Database\BaseConnection->query('SELECT `histori...', Array, false)
#4 C:\laragon\www\ProyectoClinica_ci\system\Model.php(183): CodeIgniter\Database\BaseBuilder->get()
#5 C:\laragon\www\ProyectoClinica_ci\system\BaseModel.php(584): CodeIgniter\Model->doFindAll(0, 0)
#6 C:\laragon\www\ProyectoClinica_ci\app\Models\PersonalMedicoModel.php(74): CodeIgniter\BaseModel->findAll()
#7 C:\laragon\www\ProyectoClinica_ci\app\Controllers\Historiaclinica.php(204): App\Models\PersonalMedicoModel->getBusqueda('a')
#8 C:\laragon\www\ProyectoClinica_ci\system\CodeIgniter.php(832): App\Controllers\Historiaclinica->keyBusqueda('a')
#9 C:\laragon\www\ProyectoClinica_ci\system\CodeIgniter.php(419): CodeIgniter\CodeIgniter->runController(Object(App\Controllers\Historiaclinica))
#10 C:\laragon\www\ProyectoClinica_ci\system\CodeIgniter.php(326): CodeIgniter\CodeIgniter->handleRequest(NULL, Object(Config\Cache), false)
#11 C:\laragon\www\ProyectoClinica_ci\index.php(37): CodeIgniter\CodeIgniter->run()
#12 {main}
ERROR - 2023-02-19 21:26:16 --> Not unique table/alias: 'personal'
CRITICAL - 2023-02-19 21:26:16 --> Not unique table/alias: 'personal'
#0 C:\laragon\www\ProyectoClinica_ci\system\Database\MySQLi\Connection.php(292): mysqli->query('SELECT `histori...', 0)
#1 C:\laragon\www\ProyectoClinica_ci\system\Database\BaseConnection.php(670): CodeIgniter\Database\MySQLi\Connection->execute('SELECT `histori...')
#2 C:\laragon\www\ProyectoClinica_ci\system\Database\BaseConnection.php(598): CodeIgniter\Database\BaseConnection->simpleQuery('SELECT `histori...')
#3 C:\laragon\www\ProyectoClinica_ci\system\Database\BaseBuilder.php(1455): CodeIgniter\Database\BaseConnection->query('SELECT `histori...', Array, false)
#4 C:\laragon\www\ProyectoClinica_ci\system\Model.php(183): CodeIgniter\Database\BaseBuilder->get()
#5 C:\laragon\www\ProyectoClinica_ci\system\BaseModel.php(584): CodeIgniter\Model->doFindAll(0, 0)
#6 C:\laragon\www\ProyectoClinica_ci\app\Models\PersonalMedicoModel.php(74): CodeIgniter\BaseModel->findAll()
#7 C:\laragon\www\ProyectoClinica_ci\app\Controllers\Historiaclinica.php(204): App\Models\PersonalMedicoModel->getBusqueda('ad')
#8 C:\laragon\www\ProyectoClinica_ci\system\CodeIgniter.php(832): App\Controllers\Historiaclinica->keyBusqueda('ad')
#9 C:\laragon\www\ProyectoClinica_ci\system\CodeIgniter.php(419): CodeIgniter\CodeIgniter->runController(Object(App\Controllers\Historiaclinica))
#10 C:\laragon\www\ProyectoClinica_ci\system\CodeIgniter.php(326): CodeIgniter\CodeIgniter->handleRequest(NULL, Object(Config\Cache), false)
#11 C:\laragon\www\ProyectoClinica_ci\index.php(37): CodeIgniter\CodeIgniter->run()
#12 {main}
ERROR - 2023-02-19 21:26:17 --> Not unique table/alias: 'personal'
CRITICAL - 2023-02-19 21:26:17 --> Not unique table/alias: 'personal'
#0 C:\laragon\www\ProyectoClinica_ci\system\Database\MySQLi\Connection.php(292): mysqli->query('SELECT `histori...', 0)
#1 C:\laragon\www\ProyectoClinica_ci\system\Database\BaseConnection.php(670): CodeIgniter\Database\MySQLi\Connection->execute('SELECT `histori...')
#2 C:\laragon\www\ProyectoClinica_ci\system\Database\BaseConnection.php(598): CodeIgniter\Database\BaseConnection->simpleQuery('SELECT `histori...')
#3 C:\laragon\www\ProyectoClinica_ci\system\Database\BaseBuilder.php(1455): CodeIgniter\Database\BaseConnection->query('SELECT `histori...', Array, false)
#4 C:\laragon\www\ProyectoClinica_ci\system\Model.php(183): CodeIgniter\Database\BaseBuilder->get()
#5 C:\laragon\www\ProyectoClinica_ci\system\BaseModel.php(584): CodeIgniter\Model->doFindAll(0, 0)
#6 C:\laragon\www\ProyectoClinica_ci\app\Models\PersonalMedicoModel.php(74): CodeIgniter\BaseModel->findAll()
#7 C:\laragon\www\ProyectoClinica_ci\app\Controllers\Historiaclinica.php(204): App\Models\PersonalMedicoModel->getBusqueda('a')
#8 C:\laragon\www\ProyectoClinica_ci\system\CodeIgniter.php(832): App\Controllers\Historiaclinica->keyBusqueda('a')
#9 C:\laragon\www\ProyectoClinica_ci\system\CodeIgniter.php(419): CodeIgniter\CodeIgniter->runController(Object(App\Controllers\Historiaclinica))
#10 C:\laragon\www\ProyectoClinica_ci\system\CodeIgniter.php(326): CodeIgniter\CodeIgniter->handleRequest(NULL, Object(Config\Cache), false)
#11 C:\laragon\www\ProyectoClinica_ci\index.php(37): CodeIgniter\CodeIgniter->run()
#12 {main}
ERROR - 2023-02-19 21:26:18 --> Not unique table/alias: 'personal'
CRITICAL - 2023-02-19 21:26:18 --> Not unique table/alias: 'personal'
#0 C:\laragon\www\ProyectoClinica_ci\system\Database\MySQLi\Connection.php(292): mysqli->query('SELECT `histori...', 0)
#1 C:\laragon\www\ProyectoClinica_ci\system\Database\BaseConnection.php(670): CodeIgniter\Database\MySQLi\Connection->execute('SELECT `histori...')
#2 C:\laragon\www\ProyectoClinica_ci\system\Database\BaseConnection.php(598): CodeIgniter\Database\BaseConnection->simpleQuery('SELECT `histori...')
#3 C:\laragon\www\ProyectoClinica_ci\system\Database\BaseBuilder.php(1455): CodeIgniter\Database\BaseConnection->query('SELECT `histori...', Array, false)
#4 C:\laragon\www\ProyectoClinica_ci\system\Model.php(183): CodeIgniter\Database\BaseBuilder->get()
#5 C:\laragon\www\ProyectoClinica_ci\system\BaseModel.php(584): CodeIgniter\Model->doFindAll(0, 0)
#6 C:\laragon\www\ProyectoClinica_ci\app\Models\PersonalMedicoModel.php(74): CodeIgniter\BaseModel->findAll()
#7 C:\laragon\www\ProyectoClinica_ci\app\Controllers\Historiaclinica.php(204): App\Models\PersonalMedicoModel->getBusqueda('al')
#8 C:\laragon\www\ProyectoClinica_ci\system\CodeIgniter.php(832): App\Controllers\Historiaclinica->keyBusqueda('al')
#9 C:\laragon\www\ProyectoClinica_ci\system\CodeIgniter.php(419): CodeIgniter\CodeIgniter->runController(Object(App\Controllers\Historiaclinica))
#10 C:\laragon\www\ProyectoClinica_ci\system\CodeIgniter.php(326): CodeIgniter\CodeIgniter->handleRequest(NULL, Object(Config\Cache), false)
#11 C:\laragon\www\ProyectoClinica_ci\index.php(37): CodeIgniter\CodeIgniter->run()
#12 {main}
ERROR - 2023-02-19 21:26:18 --> Not unique table/alias: 'personal'
CRITICAL - 2023-02-19 21:26:18 --> Not unique table/alias: 'personal'
#0 C:\laragon\www\ProyectoClinica_ci\system\Database\MySQLi\Connection.php(292): mysqli->query('SELECT `histori...', 0)
#1 C:\laragon\www\ProyectoClinica_ci\system\Database\BaseConnection.php(670): CodeIgniter\Database\MySQLi\Connection->execute('SELECT `histori...')
#2 C:\laragon\www\ProyectoClinica_ci\system\Database\BaseConnection.php(598): CodeIgniter\Database\BaseConnection->simpleQuery('SELECT `histori...')
#3 C:\laragon\www\ProyectoClinica_ci\system\Database\BaseBuilder.php(1455): CodeIgniter\Database\BaseConnection->query('SELECT `histori...', Array, false)
#4 C:\laragon\www\ProyectoClinica_ci\system\Model.php(183): CodeIgniter\Database\BaseBuilder->get()
#5 C:\laragon\www\ProyectoClinica_ci\system\BaseModel.php(584): CodeIgniter\Model->doFindAll(0, 0)
#6 C:\laragon\www\ProyectoClinica_ci\app\Models\PersonalMedicoModel.php(74): CodeIgniter\BaseModel->findAll()
#7 C:\laragon\www\ProyectoClinica_ci\app\Controllers\Historiaclinica.php(204): App\Models\PersonalMedicoModel->getBusqueda('alv')
#8 C:\laragon\www\ProyectoClinica_ci\system\CodeIgniter.php(832): App\Controllers\Historiaclinica->keyBusqueda('alv')
#9 C:\laragon\www\ProyectoClinica_ci\system\CodeIgniter.php(419): CodeIgniter\CodeIgniter->runController(Object(App\Controllers\Historiaclinica))
#10 C:\laragon\www\ProyectoClinica_ci\system\CodeIgniter.php(326): CodeIgniter\CodeIgniter->handleRequest(NULL, Object(Config\Cache), false)
#11 C:\laragon\www\ProyectoClinica_ci\index.php(37): CodeIgniter\CodeIgniter->run()
#12 {main}
ERROR - 2023-02-19 21:26:22 --> Not unique table/alias: 'personal'
CRITICAL - 2023-02-19 21:26:22 --> Not unique table/alias: 'personal'
#0 C:\laragon\www\ProyectoClinica_ci\system\Database\MySQLi\Connection.php(292): mysqli->query('SELECT `histori...', 0)
#1 C:\laragon\www\ProyectoClinica_ci\system\Database\BaseConnection.php(670): CodeIgniter\Database\MySQLi\Connection->execute('SELECT `histori...')
#2 C:\laragon\www\ProyectoClinica_ci\system\Database\BaseConnection.php(598): CodeIgniter\Database\BaseConnection->simpleQuery('SELECT `histori...')
#3 C:\laragon\www\ProyectoClinica_ci\system\Database\BaseBuilder.php(1455): CodeIgniter\Database\BaseConnection->query('SELECT `histori...', Array, false)
#4 C:\laragon\www\ProyectoClinica_ci\system\Model.php(183): CodeIgniter\Database\BaseBuilder->get()
#5 C:\laragon\www\ProyectoClinica_ci\system\BaseModel.php(584): CodeIgniter\Model->doFindAll(0, 0)
#6 C:\laragon\www\ProyectoClinica_ci\app\Models\PersonalMedicoModel.php(74): CodeIgniter\BaseModel->findAll()
#7 C:\laragon\www\ProyectoClinica_ci\app\Controllers\Historiaclinica.php(204): App\Models\PersonalMedicoModel->getBusqueda('f')
#8 C:\laragon\www\ProyectoClinica_ci\system\CodeIgniter.php(832): App\Controllers\Historiaclinica->keyBusqueda('f')
#9 C:\laragon\www\ProyectoClinica_ci\system\CodeIgniter.php(419): CodeIgniter\CodeIgniter->runController(Object(App\Controllers\Historiaclinica))
#10 C:\laragon\www\ProyectoClinica_ci\system\CodeIgniter.php(326): CodeIgniter\CodeIgniter->handleRequest(NULL, Object(Config\Cache), false)
#11 C:\laragon\www\ProyectoClinica_ci\index.php(37): CodeIgniter\CodeIgniter->run()
#12 {main}
ERROR - 2023-02-19 21:56:08 --> Column 'idPersonal' cannot be null
CRITICAL - 2023-02-19 21:56:08 --> Column 'idPersonal' cannot be null
#0 C:\laragon\www\ProyectoClinica_ci\system\Database\MySQLi\Connection.php(292): mysqli->query('INSERT INTO `hi...', 0)
#1 C:\laragon\www\ProyectoClinica_ci\system\Database\BaseConnection.php(670): CodeIgniter\Database\MySQLi\Connection->execute('INSERT INTO `hi...')
#2 C:\laragon\www\ProyectoClinica_ci\system\Database\BaseConnection.php(598): CodeIgniter\Database\BaseConnection->simpleQuery('INSERT INTO `hi...')
#3 C:\laragon\www\ProyectoClinica_ci\system\Database\BaseBuilder.php(1771): CodeIgniter\Database\BaseConnection->query('INSERT INTO `hi...', Array, false)
#4 C:\laragon\www\ProyectoClinica_ci\system\Model.php(239): CodeIgniter\Database\BaseBuilder->insert()
#5 C:\laragon\www\ProyectoClinica_ci\system\BaseModel.php(738): CodeIgniter\Model->doInsert(Array)
#6 C:\laragon\www\ProyectoClinica_ci\system\Model.php(625): CodeIgniter\BaseModel->insert(Array, false)
#7 C:\laragon\www\ProyectoClinica_ci\system\BaseModel.php(658): CodeIgniter\Model->insert(Array, false)
#8 C:\laragon\www\ProyectoClinica_ci\app\Controllers\Historiaclinica.php(105): CodeIgniter\BaseModel->save(Array)
#9 C:\laragon\www\ProyectoClinica_ci\system\CodeIgniter.php(832): App\Controllers\Historiaclinica->registrarDatos()
#10 C:\laragon\www\ProyectoClinica_ci\system\CodeIgniter.php(419): CodeIgniter\CodeIgniter->runController(Object(App\Controllers\Historiaclinica))
#11 C:\laragon\www\ProyectoClinica_ci\system\CodeIgniter.php(326): CodeIgniter\CodeIgniter->handleRequest(NULL, Object(Config\Cache), false)
#12 C:\laragon\www\ProyectoClinica_ci\index.php(37): CodeIgniter\CodeIgniter->run()
#13 {main}
ERROR - 2023-02-19 21:56:57 --> Column 'idPersonal' cannot be null
CRITICAL - 2023-02-19 21:56:57 --> Column 'idPersonal' cannot be null
#0 C:\laragon\www\ProyectoClinica_ci\system\Database\MySQLi\Connection.php(292): mysqli->query('INSERT INTO `hi...', 0)
#1 C:\laragon\www\ProyectoClinica_ci\system\Database\BaseConnection.php(670): CodeIgniter\Database\MySQLi\Connection->execute('INSERT INTO `hi...')
#2 C:\laragon\www\ProyectoClinica_ci\system\Database\BaseConnection.php(598): CodeIgniter\Database\BaseConnection->simpleQuery('INSERT INTO `hi...')
#3 C:\laragon\www\ProyectoClinica_ci\system\Database\BaseBuilder.php(1771): CodeIgniter\Database\BaseConnection->query('INSERT INTO `hi...', Array, false)
#4 C:\laragon\www\ProyectoClinica_ci\system\Model.php(239): CodeIgniter\Database\BaseBuilder->insert()
#5 C:\laragon\www\ProyectoClinica_ci\system\BaseModel.php(738): CodeIgniter\Model->doInsert(Array)
#6 C:\laragon\www\ProyectoClinica_ci\system\Model.php(625): CodeIgniter\BaseModel->insert(Array, false)
#7 C:\laragon\www\ProyectoClinica_ci\system\BaseModel.php(658): CodeIgniter\Model->insert(Array, false)
#8 C:\laragon\www\ProyectoClinica_ci\app\Controllers\Historiaclinica.php(105): CodeIgniter\BaseModel->save(Array)
#9 C:\laragon\www\ProyectoClinica_ci\system\CodeIgniter.php(832): App\Controllers\Historiaclinica->registrarDatos()
#10 C:\laragon\www\ProyectoClinica_ci\system\CodeIgniter.php(419): CodeIgniter\CodeIgniter->runController(Object(App\Controllers\Historiaclinica))
#11 C:\laragon\www\ProyectoClinica_ci\system\CodeIgniter.php(326): CodeIgniter\CodeIgniter->handleRequest(NULL, Object(Config\Cache), false)
#12 C:\laragon\www\ProyectoClinica_ci\index.php(37): CodeIgniter\CodeIgniter->run()
#13 {main}
ERROR - 2023-02-19 21:58:38 --> Column 'idPersonal' cannot be null
CRITICAL - 2023-02-19 21:58:38 --> Column 'idPersonal' cannot be null
#0 C:\laragon\www\ProyectoClinica_ci\system\Database\MySQLi\Connection.php(292): mysqli->query('INSERT INTO `hi...', 0)
#1 C:\laragon\www\ProyectoClinica_ci\system\Database\BaseConnection.php(670): CodeIgniter\Database\MySQLi\Connection->execute('INSERT INTO `hi...')
#2 C:\laragon\www\ProyectoClinica_ci\system\Database\BaseConnection.php(598): CodeIgniter\Database\BaseConnection->simpleQuery('INSERT INTO `hi...')
#3 C:\laragon\www\ProyectoClinica_ci\system\Database\BaseBuilder.php(1771): CodeIgniter\Database\BaseConnection->query('INSERT INTO `hi...', Array, false)
#4 C:\laragon\www\ProyectoClinica_ci\system\Model.php(239): CodeIgniter\Database\BaseBuilder->insert()
#5 C:\laragon\www\ProyectoClinica_ci\system\BaseModel.php(738): CodeIgniter\Model->doInsert(Array)
#6 C:\laragon\www\ProyectoClinica_ci\system\Model.php(625): CodeIgniter\BaseModel->insert(Array, false)
#7 C:\laragon\www\ProyectoClinica_ci\system\BaseModel.php(658): CodeIgniter\Model->insert(Array, false)
#8 C:\laragon\www\ProyectoClinica_ci\app\Controllers\Historiaclinica.php(105): CodeIgniter\BaseModel->save(Array)
#9 C:\laragon\www\ProyectoClinica_ci\system\CodeIgniter.php(832): App\Controllers\Historiaclinica->registrarDatos()
#10 C:\laragon\www\ProyectoClinica_ci\system\CodeIgniter.php(419): CodeIgniter\CodeIgniter->runController(Object(App\Controllers\Historiaclinica))
#11 C:\laragon\www\ProyectoClinica_ci\system\CodeIgniter.php(326): CodeIgniter\CodeIgniter->handleRequest(NULL, Object(Config\Cache), false)
#12 C:\laragon\www\ProyectoClinica_ci\index.php(37): CodeIgniter\CodeIgniter->run()
#13 {main}
ERROR - 2023-02-19 21:13:21 --> Error connecting to the database: Access denied for user '****'@'localhost' (using password: NO)
CRITICAL - 2023-02-19 21:13:21 --> Unable to connect to the database.
Main connection [MySQLi]: Access denied for user '****'@'localhost' (using password: NO)
#0 C:\laragon\www\ProyectoClinica_ci\system\Database\BaseConnection.php(577): CodeIgniter\Database\BaseConnection->initialize()
#1 C:\laragon\www\ProyectoClinica_ci\system\Database\BaseBuilder.php(1455): CodeIgniter\Database\BaseConnection->query('SELECT count(id...', Array, false)
#2 C:\laragon\www\ProyectoClinica_ci\system\Model.php(210): CodeIgniter\Database\BaseBuilder->get()
#3 C:\laragon\www\ProyectoClinica_ci\system\BaseModel.php(622): CodeIgniter\Model->doFirst()
#4 C:\laragon\www\ProyectoClinica_ci\app\Models\UsuarioModel.php(44): CodeIgniter\BaseModel->first()
#5 C:\laragon\www\ProyectoClinica_ci\app\Controllers\Inicio.php(29): App\Models\UsuarioModel->cantUsuarios()
#6 C:\laragon\www\ProyectoClinica_ci\system\CodeIgniter.php(832): App\Controllers\Inicio->index()
#7 C:\laragon\www\ProyectoClinica_ci\system\CodeIgniter.php(419): CodeIgniter\CodeIgniter->runController(Object(App\Controllers\Inicio))
#8 C:\laragon\www\ProyectoClinica_ci\system\CodeIgniter.php(326): CodeIgniter\CodeIgniter->handleRequest(NULL, Object(Config\Cache), false)
#9 C:\laragon\www\ProyectoClinica_ci\index.php(37): CodeIgniter\CodeIgniter->run()
#10 {main}
