ERROR - 2023-02-17 22:00:15 --> Cannot add or update a child row: a foreign key constraint fails (`db_clinica`.`historiaclinica`, CONSTRAINT `historiaclinica_ibfk_1` FOREIGN KEY (`idPersonal`) REFERENCES `personal` (`idPersonal`) ON DELETE RESTRICT ON UPDATE RESTRICT)
CRITICAL - 2023-02-17 22:00:15 --> Cannot add or update a child row: a foreign key constraint fails (`db_clinica`.`historiaclinica`, CONSTRAINT `historiaclinica_ibfk_1` FOREIGN KEY (`idPersonal`) REFERENCES `personal` (`idPersonal`) ON DELETE RESTRICT ON UPDATE RESTRICT)
#0 C:\laragon\www\ProyectoClinica_ci\system\Database\MySQLi\Connection.php(292): mysqli->query('INSERT INTO `hi...', 0)
#1 C:\laragon\www\ProyectoClinica_ci\system\Database\BaseConnection.php(670): CodeIgniter\Database\MySQLi\Connection->execute('INSERT INTO `hi...')
#2 C:\laragon\www\ProyectoClinica_ci\system\Database\BaseConnection.php(598): CodeIgniter\Database\BaseConnection->simpleQuery('INSERT INTO `hi...')
#3 C:\laragon\www\ProyectoClinica_ci\system\Database\BaseBuilder.php(1771): CodeIgniter\Database\BaseConnection->query('INSERT INTO `hi...', Array, false)
#4 C:\laragon\www\ProyectoClinica_ci\system\Model.php(239): CodeIgniter\Database\BaseBuilder->insert()
#5 C:\laragon\www\ProyectoClinica_ci\system\BaseModel.php(738): CodeIgniter\Model->doInsert(Array)
#6 C:\laragon\www\ProyectoClinica_ci\system\Model.php(625): CodeIgniter\BaseModel->insert(Array, false)
#7 C:\laragon\www\ProyectoClinica_ci\system\BaseModel.php(658): CodeIgniter\Model->insert(Array, false)
#8 C:\laragon\www\ProyectoClinica_ci\app\Controllers\Historiaclinica.php(81): CodeIgniter\BaseModel->save(Array)
#9 C:\laragon\www\ProyectoClinica_ci\system\CodeIgniter.php(832): App\Controllers\Historiaclinica->registrarDatos()
#10 C:\laragon\www\ProyectoClinica_ci\system\CodeIgniter.php(419): CodeIgniter\CodeIgniter->runController(Object(App\Controllers\Historiaclinica))
#11 C:\laragon\www\ProyectoClinica_ci\system\CodeIgniter.php(326): CodeIgniter\CodeIgniter->handleRequest(NULL, Object(Config\Cache), false)
#12 C:\laragon\www\ProyectoClinica_ci\index.php(37): CodeIgniter\CodeIgniter->run()
#13 {main}
CRITICAL - 2023-02-17 22:20:55 --> Call to undefined function App\Controllers\increment_string()
#0 C:\laragon\www\ProyectoClinica_ci\system\CodeIgniter.php(832): App\Controllers\Historiaclinica->registrarDatos()
#1 C:\laragon\www\ProyectoClinica_ci\system\CodeIgniter.php(419): CodeIgniter\CodeIgniter->runController(Object(App\Controllers\Historiaclinica))
#2 C:\laragon\www\ProyectoClinica_ci\system\CodeIgniter.php(326): CodeIgniter\CodeIgniter->handleRequest(NULL, Object(Config\Cache), false)
#3 C:\laragon\www\ProyectoClinica_ci\index.php(37): CodeIgniter\CodeIgniter->run()
#4 {main}
CRITICAL - 2023-02-17 22:23:48 --> Call to undefined function App\Controllers\increment_string()
#0 C:\laragon\www\ProyectoClinica_ci\system\CodeIgniter.php(832): App\Controllers\Historiaclinica->registrarDatos()
#1 C:\laragon\www\ProyectoClinica_ci\system\CodeIgniter.php(419): CodeIgniter\CodeIgniter->runController(Object(App\Controllers\Historiaclinica))
#2 C:\laragon\www\ProyectoClinica_ci\system\CodeIgniter.php(326): CodeIgniter\CodeIgniter->handleRequest(NULL, Object(Config\Cache), false)
#3 C:\laragon\www\ProyectoClinica_ci\index.php(37): CodeIgniter\CodeIgniter->run()
#4 {main}
CRITICAL - 2023-02-17 22:23:52 --> Call to undefined function App\Controllers\increment_string()
#0 C:\laragon\www\ProyectoClinica_ci\system\CodeIgniter.php(832): App\Controllers\Historiaclinica->registrarDatos()
#1 C:\laragon\www\ProyectoClinica_ci\system\CodeIgniter.php(419): CodeIgniter\CodeIgniter->runController(Object(App\Controllers\Historiaclinica))
#2 C:\laragon\www\ProyectoClinica_ci\system\CodeIgniter.php(326): CodeIgniter\CodeIgniter->handleRequest(NULL, Object(Config\Cache), false)
#3 C:\laragon\www\ProyectoClinica_ci\index.php(37): CodeIgniter\CodeIgniter->run()
#4 {main}
CRITICAL - 2023-02-17 22:25:21 --> Call to undefined function App\Controllers\increment_string()
#0 C:\laragon\www\ProyectoClinica_ci\system\CodeIgniter.php(832): App\Controllers\Historiaclinica->registrarDatos()
#1 C:\laragon\www\ProyectoClinica_ci\system\CodeIgniter.php(419): CodeIgniter\CodeIgniter->runController(Object(App\Controllers\Historiaclinica))
#2 C:\laragon\www\ProyectoClinica_ci\system\CodeIgniter.php(326): CodeIgniter\CodeIgniter->handleRequest(NULL, Object(Config\Cache), false)
#3 C:\laragon\www\ProyectoClinica_ci\index.php(37): CodeIgniter\CodeIgniter->run()
#4 {main}
CRITICAL - 2023-02-17 22:25:42 --> Call to undefined function App\Controllers\increment_string()
#0 C:\laragon\www\ProyectoClinica_ci\system\CodeIgniter.php(832): App\Controllers\Historiaclinica->registrarDatos()
#1 C:\laragon\www\ProyectoClinica_ci\system\CodeIgniter.php(419): CodeIgniter\CodeIgniter->runController(Object(App\Controllers\Historiaclinica))
#2 C:\laragon\www\ProyectoClinica_ci\system\CodeIgniter.php(326): CodeIgniter\CodeIgniter->handleRequest(NULL, Object(Config\Cache), false)
#3 C:\laragon\www\ProyectoClinica_ci\index.php(37): CodeIgniter\CodeIgniter->run()
#4 {main}
CRITICAL - 2023-02-17 22:29:17 --> Call to undefined function App\Controllers\increment_string()
#0 C:\laragon\www\ProyectoClinica_ci\system\CodeIgniter.php(832): App\Controllers\Historiaclinica->registrarDatos()
#1 C:\laragon\www\ProyectoClinica_ci\system\CodeIgniter.php(419): CodeIgniter\CodeIgniter->runController(Object(App\Controllers\Historiaclinica))
#2 C:\laragon\www\ProyectoClinica_ci\system\CodeIgniter.php(326): CodeIgniter\CodeIgniter->handleRequest(NULL, Object(Config\Cache), false)
#3 C:\laragon\www\ProyectoClinica_ci\index.php(37): CodeIgniter\CodeIgniter->run()
#4 {main}
