CRITICAL - 2022-11-06 01:35:57 --> Invalid file: blog.php
#0 C:\xampp\htdocs\proyectoClinica_ci\system\View\View.php(198): CodeIgniter\Exceptions\FrameworkException::forInvalidFile('blog.php')
#1 C:\xampp\htdocs\proyectoClinica_ci\system\Common.php(1089): CodeIgniter\View\View->render('blog', Array, true)
#2 C:\xampp\htdocs\proyectoClinica_ci\app\Controllers\Blog.php(15): view('blog')
#3 C:\xampp\htdocs\proyectoClinica_ci\system\CodeIgniter.php(832): App\Controllers\Blog->index()
#4 C:\xampp\htdocs\proyectoClinica_ci\system\CodeIgniter.php(419): CodeIgniter\CodeIgniter->runController(Object(App\Controllers\Blog))
#5 C:\xampp\htdocs\proyectoClinica_ci\system\CodeIgniter.php(326): CodeIgniter\CodeIgniter->handleRequest(NULL, Object(Config\Cache), false)
#6 C:\xampp\htdocs\proyectoClinica_ci\index.php(37): CodeIgniter\CodeIgniter->run()
#7 {main}
CRITICAL - 2022-11-06 01:36:07 --> Invalid file: blog.php
#0 C:\xampp\htdocs\proyectoClinica_ci\system\View\View.php(198): CodeIgniter\Exceptions\FrameworkException::forInvalidFile('blog.php')
#1 C:\xampp\htdocs\proyectoClinica_ci\system\Common.php(1089): CodeIgniter\View\View->render('blog', Array, true)
#2 C:\xampp\htdocs\proyectoClinica_ci\app\Controllers\Blog.php(15): view('blog')
#3 C:\xampp\htdocs\proyectoClinica_ci\system\CodeIgniter.php(832): App\Controllers\Blog->index()
#4 C:\xampp\htdocs\proyectoClinica_ci\system\CodeIgniter.php(419): CodeIgniter\CodeIgniter->runController(Object(App\Controllers\Blog))
#5 C:\xampp\htdocs\proyectoClinica_ci\system\CodeIgniter.php(326): CodeIgniter\CodeIgniter->handleRequest(NULL, Object(Config\Cache), false)
#6 C:\xampp\htdocs\proyectoClinica_ci\index.php(37): CodeIgniter\CodeIgniter->run()
#7 {main}
CRITICAL - 2022-11-06 06:57:44 --> The framework needs the following extension(s) installed and loaded: intl.
#0 C:\xampp\htdocs\Proyectos\proyectoClinica_ci\system\CodeIgniter.php(219): CodeIgniter\Exceptions\FrameworkException::forMissingExtension('intl')
#1 C:\xampp\htdocs\Proyectos\proyectoClinica_ci\system\CodeIgniter.php(177): CodeIgniter\CodeIgniter->resolvePlatformExtensions()
#2 C:\xampp\htdocs\Proyectos\proyectoClinica_ci\system\bootstrap.php(146): CodeIgniter\CodeIgniter->initialize()
#3 C:\xampp\htdocs\Proyectos\proyectoClinica_ci\index.php(28): require('C:\\xampp\\htdocs...')
#4 {main}
CRITICAL - 2022-11-06 06:59:24 --> The framework needs the following extension(s) installed and loaded: intl.
#0 C:\xampp\htdocs\Proyectos\proyectoClinica_ci\system\CodeIgniter.php(219): CodeIgniter\Exceptions\FrameworkException::forMissingExtension('intl')
#1 C:\xampp\htdocs\Proyectos\proyectoClinica_ci\system\CodeIgniter.php(177): CodeIgniter\CodeIgniter->resolvePlatformExtensions()
#2 C:\xampp\htdocs\Proyectos\proyectoClinica_ci\system\bootstrap.php(146): CodeIgniter\CodeIgniter->initialize()
#3 C:\xampp\htdocs\Proyectos\proyectoClinica_ci\index.php(28): require('C:\\xampp\\htdocs...')
#4 {main}
CRITICAL - 2022-11-06 01:06:39 --> include_once(./components/header.php): Failed to open stream: No such file or directory
#0 C:\xampp\htdocs\Proyectos\proyectoClinica_ci\app\Views\home.php(1): CodeIgniter\Debug\Exceptions->errorHandler(2, 'include_once(./...', 'C:\\xampp\\htdocs...', 1)
#1 C:\xampp\htdocs\Proyectos\proyectoClinica_ci\app\Views\home.php(1): include_once()
#2 C:\xampp\htdocs\Proyectos\proyectoClinica_ci\system\View\View.php(210): include('C:\\xampp\\htdocs...')
#3 C:\xampp\htdocs\Proyectos\proyectoClinica_ci\system\View\View.php(213): CodeIgniter\View\View->CodeIgniter\View\{closure}()
#4 C:\xampp\htdocs\Proyectos\proyectoClinica_ci\system\Common.php(1089): CodeIgniter\View\View->render('home', Array, true)
#5 C:\xampp\htdocs\Proyectos\proyectoClinica_ci\app\Controllers\Inicio.php(15): view('home')
#6 C:\xampp\htdocs\Proyectos\proyectoClinica_ci\system\CodeIgniter.php(832): App\Controllers\Inicio->index()
#7 C:\xampp\htdocs\Proyectos\proyectoClinica_ci\system\CodeIgniter.php(419): CodeIgniter\CodeIgniter->runController(Object(App\Controllers\Inicio))
#8 C:\xampp\htdocs\Proyectos\proyectoClinica_ci\system\CodeIgniter.php(326): CodeIgniter\CodeIgniter->handleRequest(NULL, Object(Config\Cache), false)
#9 C:\xampp\htdocs\Proyectos\proyectoClinica_ci\index.php(37): CodeIgniter\CodeIgniter->run()
#10 {main}
CRITICAL - 2022-11-06 01:06:59 --> include(./components/header.php): Failed to open stream: No such file or directory
#0 C:\xampp\htdocs\Proyectos\proyectoClinica_ci\app\Views\home.php(1): CodeIgniter\Debug\Exceptions->errorHandler(2, 'include(./compo...', 'C:\\xampp\\htdocs...', 1)
#1 C:\xampp\htdocs\Proyectos\proyectoClinica_ci\app\Views\home.php(1): include()
#2 C:\xampp\htdocs\Proyectos\proyectoClinica_ci\system\View\View.php(210): include('C:\\xampp\\htdocs...')
#3 C:\xampp\htdocs\Proyectos\proyectoClinica_ci\system\View\View.php(213): CodeIgniter\View\View->CodeIgniter\View\{closure}()
#4 C:\xampp\htdocs\Proyectos\proyectoClinica_ci\system\Common.php(1089): CodeIgniter\View\View->render('home', Array, true)
#5 C:\xampp\htdocs\Proyectos\proyectoClinica_ci\app\Controllers\Inicio.php(15): view('home')
#6 C:\xampp\htdocs\Proyectos\proyectoClinica_ci\system\CodeIgniter.php(832): App\Controllers\Inicio->index()
#7 C:\xampp\htdocs\Proyectos\proyectoClinica_ci\system\CodeIgniter.php(419): CodeIgniter\CodeIgniter->runController(Object(App\Controllers\Inicio))
#8 C:\xampp\htdocs\Proyectos\proyectoClinica_ci\system\CodeIgniter.php(326): CodeIgniter\CodeIgniter->handleRequest(NULL, Object(Config\Cache), false)
#9 C:\xampp\htdocs\Proyectos\proyectoClinica_ci\index.php(37): CodeIgniter\CodeIgniter->run()
#10 {main}
CRITICAL - 2022-11-06 01:35:53 --> Undefined variable $contenido
#0 C:\xampp\htdocs\proyectoClinica_ci\app\Views\home.php(4): CodeIgniter\Debug\Exceptions->errorHandler(2, 'Undefined varia...', 'C:\\xampp\\htdocs...', 4)
#1 C:\xampp\htdocs\proyectoClinica_ci\system\View\View.php(210): include('C:\\xampp\\htdocs...')
#2 C:\xampp\htdocs\proyectoClinica_ci\system\View\View.php(213): CodeIgniter\View\View->CodeIgniter\View\{closure}()
#3 C:\xampp\htdocs\proyectoClinica_ci\system\Common.php(1089): CodeIgniter\View\View->render('home', Array, true)
#4 C:\xampp\htdocs\proyectoClinica_ci\app\Controllers\Inicio.php(15): view('home')
#5 C:\xampp\htdocs\proyectoClinica_ci\system\CodeIgniter.php(832): App\Controllers\Inicio->index()
#6 C:\xampp\htdocs\proyectoClinica_ci\system\CodeIgniter.php(419): CodeIgniter\CodeIgniter->runController(Object(App\Controllers\Inicio))
#7 C:\xampp\htdocs\proyectoClinica_ci\system\CodeIgniter.php(326): CodeIgniter\CodeIgniter->handleRequest(NULL, Object(Config\Cache), false)
#8 C:\xampp\htdocs\proyectoClinica_ci\index.php(37): CodeIgniter\CodeIgniter->run()
#9 {main}
CRITICAL - 2022-11-06 01:39:12 --> Undefined variable $contenido
#0 C:\xampp\htdocs\proyectoClinica_ci\app\Views\home.php(4): CodeIgniter\Debug\Exceptions->errorHandler(2, 'Undefined varia...', 'C:\\xampp\\htdocs...', 4)
#1 C:\xampp\htdocs\proyectoClinica_ci\system\View\View.php(210): include('C:\\xampp\\htdocs...')
#2 C:\xampp\htdocs\proyectoClinica_ci\system\View\View.php(213): CodeIgniter\View\View->CodeIgniter\View\{closure}()
#3 C:\xampp\htdocs\proyectoClinica_ci\system\Common.php(1089): CodeIgniter\View\View->render('home', Array, true)
#4 C:\xampp\htdocs\proyectoClinica_ci\app\Controllers\Inicio.php(15): view('home')
#5 C:\xampp\htdocs\proyectoClinica_ci\system\CodeIgniter.php(832): App\Controllers\Inicio->index()
#6 C:\xampp\htdocs\proyectoClinica_ci\system\CodeIgniter.php(419): CodeIgniter\CodeIgniter->runController(Object(App\Controllers\Inicio))
#7 C:\xampp\htdocs\proyectoClinica_ci\system\CodeIgniter.php(326): CodeIgniter\CodeIgniter->handleRequest(NULL, Object(Config\Cache), false)
#8 C:\xampp\htdocs\proyectoClinica_ci\index.php(37): CodeIgniter\CodeIgniter->run()
#9 {main}
CRITICAL - 2022-11-06 01:40:21 --> Undefined variable $contenido
#0 C:\xampp\htdocs\proyectoClinica_ci\app\Views\home.php(4): CodeIgniter\Debug\Exceptions->errorHandler(2, 'Undefined varia...', 'C:\\xampp\\htdocs...', 4)
#1 C:\xampp\htdocs\proyectoClinica_ci\system\View\View.php(210): include('C:\\xampp\\htdocs...')
#2 C:\xampp\htdocs\proyectoClinica_ci\system\View\View.php(213): CodeIgniter\View\View->CodeIgniter\View\{closure}()
#3 C:\xampp\htdocs\proyectoClinica_ci\system\Common.php(1089): CodeIgniter\View\View->render('home', Array, true)
#4 C:\xampp\htdocs\proyectoClinica_ci\app\Controllers\Inicio.php(15): view('home')
#5 C:\xampp\htdocs\proyectoClinica_ci\system\CodeIgniter.php(832): App\Controllers\Inicio->index()
#6 C:\xampp\htdocs\proyectoClinica_ci\system\CodeIgniter.php(419): CodeIgniter\CodeIgniter->runController(Object(App\Controllers\Inicio))
#7 C:\xampp\htdocs\proyectoClinica_ci\system\CodeIgniter.php(326): CodeIgniter\CodeIgniter->handleRequest(NULL, Object(Config\Cache), false)
#8 C:\xampp\htdocs\proyectoClinica_ci\index.php(37): CodeIgniter\CodeIgniter->run()
#9 {main}
CRITICAL - 2022-11-06 01:40:29 --> Undefined variable $contenido
#0 C:\xampp\htdocs\proyectoClinica_ci\app\Views\home.php(4): CodeIgniter\Debug\Exceptions->errorHandler(2, 'Undefined varia...', 'C:\\xampp\\htdocs...', 4)
#1 C:\xampp\htdocs\proyectoClinica_ci\system\View\View.php(210): include('C:\\xampp\\htdocs...')
#2 C:\xampp\htdocs\proyectoClinica_ci\system\View\View.php(213): CodeIgniter\View\View->CodeIgniter\View\{closure}()
#3 C:\xampp\htdocs\proyectoClinica_ci\system\Common.php(1089): CodeIgniter\View\View->render('home', Array, true)
#4 C:\xampp\htdocs\proyectoClinica_ci\app\Controllers\Inicio.php(15): view('home')
#5 C:\xampp\htdocs\proyectoClinica_ci\system\CodeIgniter.php(832): App\Controllers\Inicio->index()
#6 C:\xampp\htdocs\proyectoClinica_ci\system\CodeIgniter.php(419): CodeIgniter\CodeIgniter->runController(Object(App\Controllers\Inicio))
#7 C:\xampp\htdocs\proyectoClinica_ci\system\CodeIgniter.php(326): CodeIgniter\CodeIgniter->handleRequest(NULL, Object(Config\Cache), false)
#8 C:\xampp\htdocs\proyectoClinica_ci\index.php(37): CodeIgniter\CodeIgniter->run()
#9 {main}
CRITICAL - 2022-11-06 01:41:46 --> Undefined variable $contenido
#0 C:\xampp\htdocs\proyectoClinica_ci\app\Views\components\header.php(139): CodeIgniter\Debug\Exceptions->errorHandler(2, 'Undefined varia...', 'C:\\xampp\\htdocs...', 139)
#1 C:\xampp\htdocs\proyectoClinica_ci\app\Views\home.php(2): include('C:\\xampp\\htdocs...')
#2 C:\xampp\htdocs\proyectoClinica_ci\system\View\View.php(210): include('C:\\xampp\\htdocs...')
#3 C:\xampp\htdocs\proyectoClinica_ci\system\View\View.php(213): CodeIgniter\View\View->CodeIgniter\View\{closure}()
#4 C:\xampp\htdocs\proyectoClinica_ci\system\Common.php(1089): CodeIgniter\View\View->render('home', Array, true)
#5 C:\xampp\htdocs\proyectoClinica_ci\app\Controllers\Inicio.php(15): view('home')
#6 C:\xampp\htdocs\proyectoClinica_ci\system\CodeIgniter.php(832): App\Controllers\Inicio->index()
#7 C:\xampp\htdocs\proyectoClinica_ci\system\CodeIgniter.php(419): CodeIgniter\CodeIgniter->runController(Object(App\Controllers\Inicio))
#8 C:\xampp\htdocs\proyectoClinica_ci\system\CodeIgniter.php(326): CodeIgniter\CodeIgniter->handleRequest(NULL, Object(Config\Cache), false)
#9 C:\xampp\htdocs\proyectoClinica_ci\index.php(37): CodeIgniter\CodeIgniter->run()
#10 {main}
CRITICAL - 2022-11-06 01:45:46 --> Undefined variable $contenido
#0 C:\xampp\htdocs\proyectoClinica_ci\app\Views\home.php(139): CodeIgniter\Debug\Exceptions->errorHandler(2, 'Undefined varia...', 'C:\\xampp\\htdocs...', 139)
#1 C:\xampp\htdocs\proyectoClinica_ci\system\View\View.php(210): include('C:\\xampp\\htdocs...')
#2 C:\xampp\htdocs\proyectoClinica_ci\system\View\View.php(213): CodeIgniter\View\View->CodeIgniter\View\{closure}()
#3 C:\xampp\htdocs\proyectoClinica_ci\system\Common.php(1089): CodeIgniter\View\View->render('home', Array, true)
#4 C:\xampp\htdocs\proyectoClinica_ci\app\Controllers\Inicio.php(15): view('home')
#5 C:\xampp\htdocs\proyectoClinica_ci\system\CodeIgniter.php(832): App\Controllers\Inicio->index()
#6 C:\xampp\htdocs\proyectoClinica_ci\system\CodeIgniter.php(419): CodeIgniter\CodeIgniter->runController(Object(App\Controllers\Inicio))
#7 C:\xampp\htdocs\proyectoClinica_ci\system\CodeIgniter.php(326): CodeIgniter\CodeIgniter->handleRequest(NULL, Object(Config\Cache), false)
#8 C:\xampp\htdocs\proyectoClinica_ci\index.php(37): CodeIgniter\CodeIgniter->run()
#9 {main}
CRITICAL - 2022-11-06 01:45:50 --> Undefined variable $contenido
#0 C:\xampp\htdocs\proyectoClinica_ci\app\Views\home.php(139): CodeIgniter\Debug\Exceptions->errorHandler(2, 'Undefined varia...', 'C:\\xampp\\htdocs...', 139)
#1 C:\xampp\htdocs\proyectoClinica_ci\system\View\View.php(210): include('C:\\xampp\\htdocs...')
#2 C:\xampp\htdocs\proyectoClinica_ci\system\View\View.php(213): CodeIgniter\View\View->CodeIgniter\View\{closure}()
#3 C:\xampp\htdocs\proyectoClinica_ci\system\Common.php(1089): CodeIgniter\View\View->render('home', Array, true)
#4 C:\xampp\htdocs\proyectoClinica_ci\app\Controllers\Inicio.php(15): view('home')
#5 C:\xampp\htdocs\proyectoClinica_ci\system\CodeIgniter.php(832): App\Controllers\Inicio->index()
#6 C:\xampp\htdocs\proyectoClinica_ci\system\CodeIgniter.php(419): CodeIgniter\CodeIgniter->runController(Object(App\Controllers\Inicio))
#7 C:\xampp\htdocs\proyectoClinica_ci\system\CodeIgniter.php(326): CodeIgniter\CodeIgniter->handleRequest(NULL, Object(Config\Cache), false)
#8 C:\xampp\htdocs\proyectoClinica_ci\index.php(37): CodeIgniter\CodeIgniter->run()
#9 {main}
CRITICAL - 2022-11-06 01:54:47 --> Undefined variable $contenido
#0 C:\xampp\htdocs\proyectoClinica_ci\app\Views\home.php(139): CodeIgniter\Debug\Exceptions->errorHandler(2, 'Undefined varia...', 'C:\\xampp\\htdocs...', 139)
#1 C:\xampp\htdocs\proyectoClinica_ci\system\View\View.php(210): include('C:\\xampp\\htdocs...')
#2 C:\xampp\htdocs\proyectoClinica_ci\system\View\View.php(213): CodeIgniter\View\View->CodeIgniter\View\{closure}()
#3 C:\xampp\htdocs\proyectoClinica_ci\system\Common.php(1089): CodeIgniter\View\View->render('home', Array, true)
#4 C:\xampp\htdocs\proyectoClinica_ci\app\Controllers\Inicio.php(15): view('home')
#5 C:\xampp\htdocs\proyectoClinica_ci\system\CodeIgniter.php(832): App\Controllers\Inicio->index()
#6 C:\xampp\htdocs\proyectoClinica_ci\system\CodeIgniter.php(419): CodeIgniter\CodeIgniter->runController(Object(App\Controllers\Inicio))
#7 C:\xampp\htdocs\proyectoClinica_ci\system\CodeIgniter.php(326): CodeIgniter\CodeIgniter->handleRequest(NULL, Object(Config\Cache), false)
#8 C:\xampp\htdocs\proyectoClinica_ci\index.php(37): CodeIgniter\CodeIgniter->run()
#9 {main}
CRITICAL - 2022-11-06 01:58:33 --> Undefined variable $titulo
#0 C:\xampp\htdocs\proyectoClinica_ci\app\Views\home\home.php(7): CodeIgniter\Debug\Exceptions->errorHandler(2, 'Undefined varia...', 'C:\\xampp\\htdocs...', 7)
#1 C:\xampp\htdocs\proyectoClinica_ci\system\View\View.php(210): include('C:\\xampp\\htdocs...')
#2 C:\xampp\htdocs\proyectoClinica_ci\system\View\View.php(213): CodeIgniter\View\View->CodeIgniter\View\{closure}()
#3 C:\xampp\htdocs\proyectoClinica_ci\system\Common.php(1089): CodeIgniter\View\View->render('home/home', Array, true)
#4 C:\xampp\htdocs\proyectoClinica_ci\app\Views\index.php(139): view('home/home')
#5 C:\xampp\htdocs\proyectoClinica_ci\system\View\View.php(210): include('C:\\xampp\\htdocs...')
#6 C:\xampp\htdocs\proyectoClinica_ci\system\View\View.php(213): CodeIgniter\View\View->CodeIgniter\View\{closure}()
#7 C:\xampp\htdocs\proyectoClinica_ci\system\Common.php(1089): CodeIgniter\View\View->render('index', Array, true)
#8 C:\xampp\htdocs\proyectoClinica_ci\app\Controllers\Inicio.php(17): view('index', Array)
#9 C:\xampp\htdocs\proyectoClinica_ci\system\CodeIgniter.php(832): App\Controllers\Inicio->index()
#10 C:\xampp\htdocs\proyectoClinica_ci\system\CodeIgniter.php(419): CodeIgniter\CodeIgniter->runController(Object(App\Controllers\Inicio))
#11 C:\xampp\htdocs\proyectoClinica_ci\system\CodeIgniter.php(326): CodeIgniter\CodeIgniter->handleRequest(NULL, Object(Config\Cache), false)
#12 C:\xampp\htdocs\proyectoClinica_ci\index.php(37): CodeIgniter\CodeIgniter->run()
#13 {main}
CRITICAL - 2022-11-06 01:58:54 --> Undefined variable $titulo
#0 C:\xampp\htdocs\proyectoClinica_ci\app\Views\home\home.php(7): CodeIgniter\Debug\Exceptions->errorHandler(2, 'Undefined varia...', 'C:\\xampp\\htdocs...', 7)
#1 C:\xampp\htdocs\proyectoClinica_ci\system\View\View.php(210): include('C:\\xampp\\htdocs...')
#2 C:\xampp\htdocs\proyectoClinica_ci\system\View\View.php(213): CodeIgniter\View\View->CodeIgniter\View\{closure}()
#3 C:\xampp\htdocs\proyectoClinica_ci\system\Common.php(1089): CodeIgniter\View\View->render('home/home', Array, true)
#4 C:\xampp\htdocs\proyectoClinica_ci\app\Views\index.php(139): view('home/home')
#5 C:\xampp\htdocs\proyectoClinica_ci\system\View\View.php(210): include('C:\\xampp\\htdocs...')
#6 C:\xampp\htdocs\proyectoClinica_ci\system\View\View.php(213): CodeIgniter\View\View->CodeIgniter\View\{closure}()
#7 C:\xampp\htdocs\proyectoClinica_ci\system\Common.php(1089): CodeIgniter\View\View->render('index', Array, true)
#8 C:\xampp\htdocs\proyectoClinica_ci\app\Controllers\Inicio.php(17): view('index', Array)
#9 C:\xampp\htdocs\proyectoClinica_ci\system\CodeIgniter.php(832): App\Controllers\Inicio->index()
#10 C:\xampp\htdocs\proyectoClinica_ci\system\CodeIgniter.php(419): CodeIgniter\CodeIgniter->runController(Object(App\Controllers\Inicio))
#11 C:\xampp\htdocs\proyectoClinica_ci\system\CodeIgniter.php(326): CodeIgniter\CodeIgniter->handleRequest(NULL, Object(Config\Cache), false)
#12 C:\xampp\htdocs\proyectoClinica_ci\index.php(37): CodeIgniter\CodeIgniter->run()
#13 {main}
CRITICAL - 2022-11-06 01:58:56 --> Undefined variable $titulo
#0 C:\xampp\htdocs\proyectoClinica_ci\app\Views\home\home.php(7): CodeIgniter\Debug\Exceptions->errorHandler(2, 'Undefined varia...', 'C:\\xampp\\htdocs...', 7)
#1 C:\xampp\htdocs\proyectoClinica_ci\system\View\View.php(210): include('C:\\xampp\\htdocs...')
#2 C:\xampp\htdocs\proyectoClinica_ci\system\View\View.php(213): CodeIgniter\View\View->CodeIgniter\View\{closure}()
#3 C:\xampp\htdocs\proyectoClinica_ci\system\Common.php(1089): CodeIgniter\View\View->render('home/home', Array, true)
#4 C:\xampp\htdocs\proyectoClinica_ci\app\Views\index.php(139): view('home/home')
#5 C:\xampp\htdocs\proyectoClinica_ci\system\View\View.php(210): include('C:\\xampp\\htdocs...')
#6 C:\xampp\htdocs\proyectoClinica_ci\system\View\View.php(213): CodeIgniter\View\View->CodeIgniter\View\{closure}()
#7 C:\xampp\htdocs\proyectoClinica_ci\system\Common.php(1089): CodeIgniter\View\View->render('index', Array, true)
#8 C:\xampp\htdocs\proyectoClinica_ci\app\Controllers\Inicio.php(17): view('index', Array)
#9 C:\xampp\htdocs\proyectoClinica_ci\system\CodeIgniter.php(832): App\Controllers\Inicio->index()
#10 C:\xampp\htdocs\proyectoClinica_ci\system\CodeIgniter.php(419): CodeIgniter\CodeIgniter->runController(Object(App\Controllers\Inicio))
#11 C:\xampp\htdocs\proyectoClinica_ci\system\CodeIgniter.php(326): CodeIgniter\CodeIgniter->handleRequest(NULL, Object(Config\Cache), false)
#12 C:\xampp\htdocs\proyectoClinica_ci\index.php(37): CodeIgniter\CodeIgniter->run()
#13 {main}
CRITICAL - 2022-11-06 01:59:00 --> Undefined variable $titulo
#0 C:\xampp\htdocs\proyectoClinica_ci\app\Views\home\home.php(7): CodeIgniter\Debug\Exceptions->errorHandler(2, 'Undefined varia...', 'C:\\xampp\\htdocs...', 7)
#1 C:\xampp\htdocs\proyectoClinica_ci\system\View\View.php(210): include('C:\\xampp\\htdocs...')
#2 C:\xampp\htdocs\proyectoClinica_ci\system\View\View.php(213): CodeIgniter\View\View->CodeIgniter\View\{closure}()
#3 C:\xampp\htdocs\proyectoClinica_ci\system\Common.php(1089): CodeIgniter\View\View->render('home/home', Array, true)
#4 C:\xampp\htdocs\proyectoClinica_ci\app\Views\index.php(139): view('home/home')
#5 C:\xampp\htdocs\proyectoClinica_ci\system\View\View.php(210): include('C:\\xampp\\htdocs...')
#6 C:\xampp\htdocs\proyectoClinica_ci\system\View\View.php(213): CodeIgniter\View\View->CodeIgniter\View\{closure}()
#7 C:\xampp\htdocs\proyectoClinica_ci\system\Common.php(1089): CodeIgniter\View\View->render('index', Array, true)
#8 C:\xampp\htdocs\proyectoClinica_ci\app\Controllers\Inicio.php(17): view('index', Array)
#9 C:\xampp\htdocs\proyectoClinica_ci\system\CodeIgniter.php(832): App\Controllers\Inicio->index()
#10 C:\xampp\htdocs\proyectoClinica_ci\system\CodeIgniter.php(419): CodeIgniter\CodeIgniter->runController(Object(App\Controllers\Inicio))
#11 C:\xampp\htdocs\proyectoClinica_ci\system\CodeIgniter.php(326): CodeIgniter\CodeIgniter->handleRequest(NULL, Object(Config\Cache), false)
#12 C:\xampp\htdocs\proyectoClinica_ci\index.php(37): CodeIgniter\CodeIgniter->run()
#13 {main}
CRITICAL - 2022-11-06 02:02:33 --> Invalid file: .php
#0 C:\xampp\htdocs\proyectoClinica_ci\system\View\View.php(198): CodeIgniter\Exceptions\FrameworkException::forInvalidFile('.php')
#1 C:\xampp\htdocs\proyectoClinica_ci\system\Common.php(1089): CodeIgniter\View\View->render('', Array, true)
#2 C:\xampp\htdocs\proyectoClinica_ci\app\Views\index.php(139): view('')
#3 C:\xampp\htdocs\proyectoClinica_ci\system\View\View.php(210): include('C:\\xampp\\htdocs...')
#4 C:\xampp\htdocs\proyectoClinica_ci\system\View\View.php(213): CodeIgniter\View\View->CodeIgniter\View\{closure}()
#5 C:\xampp\htdocs\proyectoClinica_ci\system\Common.php(1089): CodeIgniter\View\View->render('index', Array, true)
#6 C:\xampp\htdocs\proyectoClinica_ci\app\Controllers\Inicio.php(17): view('index', Array)
#7 C:\xampp\htdocs\proyectoClinica_ci\system\CodeIgniter.php(832): App\Controllers\Inicio->index()
#8 C:\xampp\htdocs\proyectoClinica_ci\system\CodeIgniter.php(419): CodeIgniter\CodeIgniter->runController(Object(App\Controllers\Inicio))
#9 C:\xampp\htdocs\proyectoClinica_ci\system\CodeIgniter.php(326): CodeIgniter\CodeIgniter->handleRequest(NULL, Object(Config\Cache), false)
#10 C:\xampp\htdocs\proyectoClinica_ci\index.php(37): CodeIgniter\CodeIgniter->run()
#11 {main}
CRITICAL - 2022-11-06 02:02:44 --> Invalid file: .php
#0 C:\xampp\htdocs\proyectoClinica_ci\system\View\View.php(198): CodeIgniter\Exceptions\FrameworkException::forInvalidFile('.php')
#1 C:\xampp\htdocs\proyectoClinica_ci\system\Common.php(1089): CodeIgniter\View\View->render('', Array, true)
#2 C:\xampp\htdocs\proyectoClinica_ci\app\Views\index.php(139): view('')
#3 C:\xampp\htdocs\proyectoClinica_ci\system\View\View.php(210): include('C:\\xampp\\htdocs...')
#4 C:\xampp\htdocs\proyectoClinica_ci\system\View\View.php(213): CodeIgniter\View\View->CodeIgniter\View\{closure}()
#5 C:\xampp\htdocs\proyectoClinica_ci\system\Common.php(1089): CodeIgniter\View\View->render('index', Array, true)
#6 C:\xampp\htdocs\proyectoClinica_ci\app\Controllers\Inicio.php(17): view('index', Array)
#7 C:\xampp\htdocs\proyectoClinica_ci\system\CodeIgniter.php(832): App\Controllers\Inicio->index()
#8 C:\xampp\htdocs\proyectoClinica_ci\system\CodeIgniter.php(419): CodeIgniter\CodeIgniter->runController(Object(App\Controllers\Inicio))
#9 C:\xampp\htdocs\proyectoClinica_ci\system\CodeIgniter.php(326): CodeIgniter\CodeIgniter->handleRequest(NULL, Object(Config\Cache), false)
#10 C:\xampp\htdocs\proyectoClinica_ci\index.php(37): CodeIgniter\CodeIgniter->run()
#11 {main}
