CRITICAL - 2022-11-09 00:09:35 --> Undefined array key "nombres"
#0 C:\xampp\htdocs\ProyectoClinica_ci\app\Views\personalmedico\personalmedico.php(41): CodeIgniter\Debug\Exceptions->errorHandler(2, 'Undefined array...', 'C:\\xampp\\htdocs...', 41)
#1 C:\xampp\htdocs\ProyectoClinica_ci\system\View\View.php(210): include('C:\\xampp\\htdocs...')
#2 C:\xampp\htdocs\ProyectoClinica_ci\system\View\View.php(213): CodeIgniter\View\View->CodeIgniter\View\{closure}()
#3 C:\xampp\htdocs\ProyectoClinica_ci\system\Common.php(1089): CodeIgniter\View\View->render('personalmedico/...', Array, true)
#4 C:\xampp\htdocs\ProyectoClinica_ci\app\Views\index.php(134): view('personalmedico/...')
#5 C:\xampp\htdocs\ProyectoClinica_ci\system\View\View.php(210): include('C:\\xampp\\htdocs...')
#6 C:\xampp\htdocs\ProyectoClinica_ci\system\View\View.php(213): CodeIgniter\View\View->CodeIgniter\View\{closure}()
#7 C:\xampp\htdocs\ProyectoClinica_ci\system\Common.php(1089): CodeIgniter\View\View->render('index', Array, true)
#8 C:\xampp\htdocs\ProyectoClinica_ci\app\Controllers\PersonalMedico.php(38): view('index', Array)
#9 C:\xampp\htdocs\ProyectoClinica_ci\system\CodeIgniter.php(832): App\Controllers\PersonalMedico->index()
#10 C:\xampp\htdocs\ProyectoClinica_ci\system\CodeIgniter.php(419): CodeIgniter\CodeIgniter->runController(Object(App\Controllers\PersonalMedico))
#11 C:\xampp\htdocs\ProyectoClinica_ci\system\CodeIgniter.php(326): CodeIgniter\CodeIgniter->handleRequest(NULL, Object(Config\Cache), false)
#12 C:\xampp\htdocs\ProyectoClinica_ci\index.php(37): CodeIgniter\CodeIgniter->run()
#13 {main}
CRITICAL - 2022-11-09 00:10:17 --> Undefined array key "nombres"
#0 C:\xampp\htdocs\ProyectoClinica_ci\app\Views\personalmedico\personalmedico.php(41): CodeIgniter\Debug\Exceptions->errorHandler(2, 'Undefined array...', 'C:\\xampp\\htdocs...', 41)
#1 C:\xampp\htdocs\ProyectoClinica_ci\system\View\View.php(210): include('C:\\xampp\\htdocs...')
#2 C:\xampp\htdocs\ProyectoClinica_ci\system\View\View.php(213): CodeIgniter\View\View->CodeIgniter\View\{closure}()
#3 C:\xampp\htdocs\ProyectoClinica_ci\system\Common.php(1089): CodeIgniter\View\View->render('personalmedico/...', Array, true)
#4 C:\xampp\htdocs\ProyectoClinica_ci\app\Views\index.php(134): view('personalmedico/...')
#5 C:\xampp\htdocs\ProyectoClinica_ci\system\View\View.php(210): include('C:\\xampp\\htdocs...')
#6 C:\xampp\htdocs\ProyectoClinica_ci\system\View\View.php(213): CodeIgniter\View\View->CodeIgniter\View\{closure}()
#7 C:\xampp\htdocs\ProyectoClinica_ci\system\Common.php(1089): CodeIgniter\View\View->render('index', Array, true)
#8 C:\xampp\htdocs\ProyectoClinica_ci\app\Controllers\PersonalMedico.php(38): view('index', Array)
#9 C:\xampp\htdocs\ProyectoClinica_ci\system\CodeIgniter.php(832): App\Controllers\PersonalMedico->index()
#10 C:\xampp\htdocs\ProyectoClinica_ci\system\CodeIgniter.php(419): CodeIgniter\CodeIgniter->runController(Object(App\Controllers\PersonalMedico))
#11 C:\xampp\htdocs\ProyectoClinica_ci\system\CodeIgniter.php(326): CodeIgniter\CodeIgniter->handleRequest(NULL, Object(Config\Cache), false)
#12 C:\xampp\htdocs\ProyectoClinica_ci\index.php(37): CodeIgniter\CodeIgniter->run()
#13 {main}
CRITICAL - 2022-11-09 00:14:14 --> Call to undefined method App\Models\PersonalMedicoModel::getPersonalMedico
#0 C:\xampp\htdocs\ProyectoClinica_ci\app\Controllers\PersonalMedico.php(33): CodeIgniter\Model->__call('getPersonalMedi...', Array)
#1 C:\xampp\htdocs\ProyectoClinica_ci\system\CodeIgniter.php(832): App\Controllers\PersonalMedico->index()
#2 C:\xampp\htdocs\ProyectoClinica_ci\system\CodeIgniter.php(419): CodeIgniter\CodeIgniter->runController(Object(App\Controllers\PersonalMedico))
#3 C:\xampp\htdocs\ProyectoClinica_ci\system\CodeIgniter.php(326): CodeIgniter\CodeIgniter->handleRequest(NULL, Object(Config\Cache), false)
#4 C:\xampp\htdocs\ProyectoClinica_ci\index.php(37): CodeIgniter\CodeIgniter->run()
#5 {main}
CRITICAL - 2022-11-09 00:14:51 --> Undefined array key "edad"
#0 C:\xampp\htdocs\ProyectoClinica_ci\app\Views\personalmedico\personalmedico.php(52): CodeIgniter\Debug\Exceptions->errorHandler(2, 'Undefined array...', 'C:\\xampp\\htdocs...', 52)
#1 C:\xampp\htdocs\ProyectoClinica_ci\system\View\View.php(210): include('C:\\xampp\\htdocs...')
#2 C:\xampp\htdocs\ProyectoClinica_ci\system\View\View.php(213): CodeIgniter\View\View->CodeIgniter\View\{closure}()
#3 C:\xampp\htdocs\ProyectoClinica_ci\system\Common.php(1089): CodeIgniter\View\View->render('personalmedico/...', Array, true)
#4 C:\xampp\htdocs\ProyectoClinica_ci\app\Views\index.php(134): view('personalmedico/...')
#5 C:\xampp\htdocs\ProyectoClinica_ci\system\View\View.php(210): include('C:\\xampp\\htdocs...')
#6 C:\xampp\htdocs\ProyectoClinica_ci\system\View\View.php(213): CodeIgniter\View\View->CodeIgniter\View\{closure}()
#7 C:\xampp\htdocs\ProyectoClinica_ci\system\Common.php(1089): CodeIgniter\View\View->render('index', Array, true)
#8 C:\xampp\htdocs\ProyectoClinica_ci\app\Controllers\PersonalMedico.php(38): view('index', Array)
#9 C:\xampp\htdocs\ProyectoClinica_ci\system\CodeIgniter.php(832): App\Controllers\PersonalMedico->index()
#10 C:\xampp\htdocs\ProyectoClinica_ci\system\CodeIgniter.php(419): CodeIgniter\CodeIgniter->runController(Object(App\Controllers\PersonalMedico))
#11 C:\xampp\htdocs\ProyectoClinica_ci\system\CodeIgniter.php(326): CodeIgniter\CodeIgniter->handleRequest(NULL, Object(Config\Cache), false)
#12 C:\xampp\htdocs\ProyectoClinica_ci\index.php(37): CodeIgniter\CodeIgniter->run()
#13 {main}
CRITICAL - 2022-11-09 00:15:19 --> Undefined array key "NombreDocumento"
#0 C:\xampp\htdocs\ProyectoClinica_ci\app\Views\personalmedico\personalmedico.php(60): CodeIgniter\Debug\Exceptions->errorHandler(2, 'Undefined array...', 'C:\\xampp\\htdocs...', 60)
#1 C:\xampp\htdocs\ProyectoClinica_ci\system\View\View.php(210): include('C:\\xampp\\htdocs...')
#2 C:\xampp\htdocs\ProyectoClinica_ci\system\View\View.php(213): CodeIgniter\View\View->CodeIgniter\View\{closure}()
#3 C:\xampp\htdocs\ProyectoClinica_ci\system\Common.php(1089): CodeIgniter\View\View->render('personalmedico/...', Array, true)
#4 C:\xampp\htdocs\ProyectoClinica_ci\app\Views\index.php(134): view('personalmedico/...')
#5 C:\xampp\htdocs\ProyectoClinica_ci\system\View\View.php(210): include('C:\\xampp\\htdocs...')
#6 C:\xampp\htdocs\ProyectoClinica_ci\system\View\View.php(213): CodeIgniter\View\View->CodeIgniter\View\{closure}()
#7 C:\xampp\htdocs\ProyectoClinica_ci\system\Common.php(1089): CodeIgniter\View\View->render('index', Array, true)
#8 C:\xampp\htdocs\ProyectoClinica_ci\app\Controllers\PersonalMedico.php(38): view('index', Array)
#9 C:\xampp\htdocs\ProyectoClinica_ci\system\CodeIgniter.php(832): App\Controllers\PersonalMedico->index()
#10 C:\xampp\htdocs\ProyectoClinica_ci\system\CodeIgniter.php(419): CodeIgniter\CodeIgniter->runController(Object(App\Controllers\PersonalMedico))
#11 C:\xampp\htdocs\ProyectoClinica_ci\system\CodeIgniter.php(326): CodeIgniter\CodeIgniter->handleRequest(NULL, Object(Config\Cache), false)
#12 C:\xampp\htdocs\ProyectoClinica_ci\index.php(37): CodeIgniter\CodeIgniter->run()
#13 {main}
CRITICAL - 2022-11-09 01:39:03 --> Undefined array key "fechaNac"
#0 C:\xampp\htdocs\ProyectoClinica_ci\app\Views\personalmedico\personalmedico.php(52): CodeIgniter\Debug\Exceptions->errorHandler(2, 'Undefined array...', 'C:\\xampp\\htdocs...', 52)
#1 C:\xampp\htdocs\ProyectoClinica_ci\system\View\View.php(210): include('C:\\xampp\\htdocs...')
#2 C:\xampp\htdocs\ProyectoClinica_ci\system\View\View.php(213): CodeIgniter\View\View->CodeIgniter\View\{closure}()
#3 C:\xampp\htdocs\ProyectoClinica_ci\system\Common.php(1089): CodeIgniter\View\View->render('personalmedico/...', Array, true)
#4 C:\xampp\htdocs\ProyectoClinica_ci\app\Views\index.php(134): view('personalmedico/...')
#5 C:\xampp\htdocs\ProyectoClinica_ci\system\View\View.php(210): include('C:\\xampp\\htdocs...')
#6 C:\xampp\htdocs\ProyectoClinica_ci\system\View\View.php(213): CodeIgniter\View\View->CodeIgniter\View\{closure}()
#7 C:\xampp\htdocs\ProyectoClinica_ci\system\Common.php(1089): CodeIgniter\View\View->render('index', Array, true)
#8 C:\xampp\htdocs\ProyectoClinica_ci\app\Controllers\PersonalMedico.php(38): view('index', Array)
#9 C:\xampp\htdocs\ProyectoClinica_ci\system\CodeIgniter.php(832): App\Controllers\PersonalMedico->index()
#10 C:\xampp\htdocs\ProyectoClinica_ci\system\CodeIgniter.php(419): CodeIgniter\CodeIgniter->runController(Object(App\Controllers\PersonalMedico))
#11 C:\xampp\htdocs\ProyectoClinica_ci\system\CodeIgniter.php(326): CodeIgniter\CodeIgniter->handleRequest(NULL, Object(Config\Cache), false)
#12 C:\xampp\htdocs\ProyectoClinica_ci\index.php(37): CodeIgniter\CodeIgniter->run()
#13 {main}
ERROR - 2022-11-09 13:17:00 --> Table 'db_clinica.persona' doesn't exist
CRITICAL - 2022-11-09 13:17:00 --> Table 'db_clinica.persona' doesn't exist
#0 C:\xampp\htdocs\ProyectoClinica_ci\system\Database\MySQLi\Connection.php(292): mysqli->query('SELECT `usuario...', 0)
#1 C:\xampp\htdocs\ProyectoClinica_ci\system\Database\BaseConnection.php(670): CodeIgniter\Database\MySQLi\Connection->execute('SELECT `usuario...')
#2 C:\xampp\htdocs\ProyectoClinica_ci\system\Database\BaseConnection.php(598): CodeIgniter\Database\BaseConnection->simpleQuery('SELECT `usuario...')
#3 C:\xampp\htdocs\ProyectoClinica_ci\system\Database\BaseBuilder.php(1455): CodeIgniter\Database\BaseConnection->query('SELECT `usuario...', Array, false)
#4 C:\xampp\htdocs\ProyectoClinica_ci\system\Model.php(183): CodeIgniter\Database\BaseBuilder->get()
#5 C:\xampp\htdocs\ProyectoClinica_ci\system\BaseModel.php(584): CodeIgniter\Model->doFindAll(0, 0)
#6 C:\xampp\htdocs\ProyectoClinica_ci\app\Models\UsuarioModel.php(57): CodeIgniter\BaseModel->findAll()
#7 C:\xampp\htdocs\ProyectoClinica_ci\app\Controllers\Usuarios.php(25): App\Models\UsuarioModel->getUsuario()
#8 C:\xampp\htdocs\ProyectoClinica_ci\system\CodeIgniter.php(832): App\Controllers\Usuarios->index()
#9 C:\xampp\htdocs\ProyectoClinica_ci\system\CodeIgniter.php(419): CodeIgniter\CodeIgniter->runController(Object(App\Controllers\Usuarios))
#10 C:\xampp\htdocs\ProyectoClinica_ci\system\CodeIgniter.php(326): CodeIgniter\CodeIgniter->handleRequest(NULL, Object(Config\Cache), false)
#11 C:\xampp\htdocs\ProyectoClinica_ci\index.php(37): CodeIgniter\CodeIgniter->run()
#12 {main}
CRITICAL - 2022-11-09 16:10:30 --> Undefined variable $tipodocumento
#0 C:\xampp\htdocs\ProyectoClinica_ci\app\Views\personalmedico\registrar.php(62): CodeIgniter\Debug\Exceptions->errorHandler(2, 'Undefined varia...', 'C:\\xampp\\htdocs...', 62)
#1 C:\xampp\htdocs\ProyectoClinica_ci\system\View\View.php(210): include('C:\\xampp\\htdocs...')
#2 C:\xampp\htdocs\ProyectoClinica_ci\system\View\View.php(213): CodeIgniter\View\View->CodeIgniter\View\{closure}()
#3 C:\xampp\htdocs\ProyectoClinica_ci\system\Common.php(1089): CodeIgniter\View\View->render('personalmedico/...', Array, true)
#4 C:\xampp\htdocs\ProyectoClinica_ci\app\Views\index.php(134): view('personalmedico/...')
#5 C:\xampp\htdocs\ProyectoClinica_ci\system\View\View.php(210): include('C:\\xampp\\htdocs...')
#6 C:\xampp\htdocs\ProyectoClinica_ci\system\View\View.php(213): CodeIgniter\View\View->CodeIgniter\View\{closure}()
#7 C:\xampp\htdocs\ProyectoClinica_ci\system\Common.php(1089): CodeIgniter\View\View->render('index', Array, true)
#8 C:\xampp\htdocs\ProyectoClinica_ci\app\Controllers\PersonalMedico.php(99): view('index', Array)
#9 C:\xampp\htdocs\ProyectoClinica_ci\system\CodeIgniter.php(832): App\Controllers\PersonalMedico->registrar()
#10 C:\xampp\htdocs\ProyectoClinica_ci\system\CodeIgniter.php(419): CodeIgniter\CodeIgniter->runController(Object(App\Controllers\PersonalMedico))
#11 C:\xampp\htdocs\ProyectoClinica_ci\system\CodeIgniter.php(326): CodeIgniter\CodeIgniter->handleRequest(NULL, Object(Config\Cache), false)
#12 C:\xampp\htdocs\ProyectoClinica_ci\index.php(37): CodeIgniter\CodeIgniter->run()
#13 {main}
CRITICAL - 2022-11-09 16:21:44 --> Undefined variable $categorias
#0 C:\xampp\htdocs\ProyectoClinica_ci\app\Views\personalmedico\registrar.php(55): CodeIgniter\Debug\Exceptions->errorHandler(2, 'Undefined varia...', 'C:\\xampp\\htdocs...', 55)
#1 C:\xampp\htdocs\ProyectoClinica_ci\system\View\View.php(210): include('C:\\xampp\\htdocs...')
#2 C:\xampp\htdocs\ProyectoClinica_ci\system\View\View.php(213): CodeIgniter\View\View->CodeIgniter\View\{closure}()
#3 C:\xampp\htdocs\ProyectoClinica_ci\system\Common.php(1089): CodeIgniter\View\View->render('personalmedico/...', Array, true)
#4 C:\xampp\htdocs\ProyectoClinica_ci\app\Views\index.php(134): view('personalmedico/...')
#5 C:\xampp\htdocs\ProyectoClinica_ci\system\View\View.php(210): include('C:\\xampp\\htdocs...')
#6 C:\xampp\htdocs\ProyectoClinica_ci\system\View\View.php(213): CodeIgniter\View\View->CodeIgniter\View\{closure}()
#7 C:\xampp\htdocs\ProyectoClinica_ci\system\Common.php(1089): CodeIgniter\View\View->render('index', Array, true)
#8 C:\xampp\htdocs\ProyectoClinica_ci\app\Controllers\PersonalMedico.php(101): view('index', Array)
#9 C:\xampp\htdocs\ProyectoClinica_ci\system\CodeIgniter.php(832): App\Controllers\PersonalMedico->registrar()
#10 C:\xampp\htdocs\ProyectoClinica_ci\system\CodeIgniter.php(419): CodeIgniter\CodeIgniter->runController(Object(App\Controllers\PersonalMedico))
#11 C:\xampp\htdocs\ProyectoClinica_ci\system\CodeIgniter.php(326): CodeIgniter\CodeIgniter->handleRequest(NULL, Object(Config\Cache), false)
#12 C:\xampp\htdocs\ProyectoClinica_ci\index.php(37): CodeIgniter\CodeIgniter->run()
#13 {main}
ERROR - 2022-11-09 17:47:12 --> Cannot add or update a child row: a foreign key constraint fails (`db_clinica`.`personal`, CONSTRAINT `personal_ibfk_2` FOREIGN KEY (`idTipoTrabajador`) REFERENCES `tipotrabajador` (`idTipoTrabajador`))
CRITICAL - 2022-11-09 17:47:12 --> Cannot add or update a child row: a foreign key constraint fails (`db_clinica`.`personal`, CONSTRAINT `personal_ibfk_2` FOREIGN KEY (`idTipoTrabajador`) REFERENCES `tipotrabajador` (`idTipoTrabajador`))
#0 C:\xampp\htdocs\ProyectoClinica_ci\system\Database\MySQLi\Connection.php(292): mysqli->query('INSERT INTO `pe...', 0)
#1 C:\xampp\htdocs\ProyectoClinica_ci\system\Database\BaseConnection.php(670): CodeIgniter\Database\MySQLi\Connection->execute('INSERT INTO `pe...')
#2 C:\xampp\htdocs\ProyectoClinica_ci\system\Database\BaseConnection.php(598): CodeIgniter\Database\BaseConnection->simpleQuery('INSERT INTO `pe...')
#3 C:\xampp\htdocs\ProyectoClinica_ci\system\Database\BaseBuilder.php(1771): CodeIgniter\Database\BaseConnection->query('INSERT INTO `pe...', Array, false)
#4 C:\xampp\htdocs\ProyectoClinica_ci\system\Model.php(239): CodeIgniter\Database\BaseBuilder->insert()
#5 C:\xampp\htdocs\ProyectoClinica_ci\system\BaseModel.php(738): CodeIgniter\Model->doInsert(Array)
#6 C:\xampp\htdocs\ProyectoClinica_ci\system\Model.php(625): CodeIgniter\BaseModel->insert(Array, false)
#7 C:\xampp\htdocs\ProyectoClinica_ci\system\BaseModel.php(658): CodeIgniter\Model->insert(Array, false)
#8 C:\xampp\htdocs\ProyectoClinica_ci\app\Controllers\PersonalMedico.php(150): CodeIgniter\BaseModel->save(Array)
#9 C:\xampp\htdocs\ProyectoClinica_ci\system\CodeIgniter.php(832): App\Controllers\PersonalMedico->registrarDatos()
#10 C:\xampp\htdocs\ProyectoClinica_ci\system\CodeIgniter.php(419): CodeIgniter\CodeIgniter->runController(Object(App\Controllers\PersonalMedico))
#11 C:\xampp\htdocs\ProyectoClinica_ci\system\CodeIgniter.php(326): CodeIgniter\CodeIgniter->handleRequest(NULL, Object(Config\Cache), false)
#12 C:\xampp\htdocs\ProyectoClinica_ci\index.php(37): CodeIgniter\CodeIgniter->run()
#13 {main}
ERROR - 2022-11-09 17:54:25 --> Cannot add or update a child row: a foreign key constraint fails (`db_clinica`.`personal`, CONSTRAINT `personal_ibfk_4` FOREIGN KEY (`idTipoDocumento`) REFERENCES `tipodocumento` (`idTipoDocumento`))
CRITICAL - 2022-11-09 17:54:25 --> Cannot add or update a child row: a foreign key constraint fails (`db_clinica`.`personal`, CONSTRAINT `personal_ibfk_4` FOREIGN KEY (`idTipoDocumento`) REFERENCES `tipodocumento` (`idTipoDocumento`))
#0 C:\xampp\htdocs\ProyectoClinica_ci\system\Database\MySQLi\Connection.php(292): mysqli->query('INSERT INTO `pe...', 0)
#1 C:\xampp\htdocs\ProyectoClinica_ci\system\Database\BaseConnection.php(670): CodeIgniter\Database\MySQLi\Connection->execute('INSERT INTO `pe...')
#2 C:\xampp\htdocs\ProyectoClinica_ci\system\Database\BaseConnection.php(598): CodeIgniter\Database\BaseConnection->simpleQuery('INSERT INTO `pe...')
#3 C:\xampp\htdocs\ProyectoClinica_ci\system\Database\BaseBuilder.php(1771): CodeIgniter\Database\BaseConnection->query('INSERT INTO `pe...', Array, false)
#4 C:\xampp\htdocs\ProyectoClinica_ci\system\Model.php(239): CodeIgniter\Database\BaseBuilder->insert()
#5 C:\xampp\htdocs\ProyectoClinica_ci\system\BaseModel.php(738): CodeIgniter\Model->doInsert(Array)
#6 C:\xampp\htdocs\ProyectoClinica_ci\system\Model.php(625): CodeIgniter\BaseModel->insert(Array, false)
#7 C:\xampp\htdocs\ProyectoClinica_ci\system\BaseModel.php(658): CodeIgniter\Model->insert(Array, false)
#8 C:\xampp\htdocs\ProyectoClinica_ci\app\Controllers\PersonalMedico.php(132): CodeIgniter\BaseModel->save(Array)
#9 C:\xampp\htdocs\ProyectoClinica_ci\system\CodeIgniter.php(832): App\Controllers\PersonalMedico->registrarDatos()
#10 C:\xampp\htdocs\ProyectoClinica_ci\system\CodeIgniter.php(419): CodeIgniter\CodeIgniter->runController(Object(App\Controllers\PersonalMedico))
#11 C:\xampp\htdocs\ProyectoClinica_ci\system\CodeIgniter.php(326): CodeIgniter\CodeIgniter->handleRequest(NULL, Object(Config\Cache), false)
#12 C:\xampp\htdocs\ProyectoClinica_ci\index.php(37): CodeIgniter\CodeIgniter->run()
#13 {main}
ERROR - 2022-11-09 17:54:42 --> Cannot add or update a child row: a foreign key constraint fails (`db_clinica`.`personal`, CONSTRAINT `personal_ibfk_4` FOREIGN KEY (`idTipoDocumento`) REFERENCES `tipodocumento` (`idTipoDocumento`))
CRITICAL - 2022-11-09 17:54:42 --> Cannot add or update a child row: a foreign key constraint fails (`db_clinica`.`personal`, CONSTRAINT `personal_ibfk_4` FOREIGN KEY (`idTipoDocumento`) REFERENCES `tipodocumento` (`idTipoDocumento`))
#0 C:\xampp\htdocs\ProyectoClinica_ci\system\Database\MySQLi\Connection.php(292): mysqli->query('INSERT INTO `pe...', 0)
#1 C:\xampp\htdocs\ProyectoClinica_ci\system\Database\BaseConnection.php(670): CodeIgniter\Database\MySQLi\Connection->execute('INSERT INTO `pe...')
#2 C:\xampp\htdocs\ProyectoClinica_ci\system\Database\BaseConnection.php(598): CodeIgniter\Database\BaseConnection->simpleQuery('INSERT INTO `pe...')
#3 C:\xampp\htdocs\ProyectoClinica_ci\system\Database\BaseBuilder.php(1771): CodeIgniter\Database\BaseConnection->query('INSERT INTO `pe...', Array, false)
#4 C:\xampp\htdocs\ProyectoClinica_ci\system\Model.php(239): CodeIgniter\Database\BaseBuilder->insert()
#5 C:\xampp\htdocs\ProyectoClinica_ci\system\BaseModel.php(738): CodeIgniter\Model->doInsert(Array)
#6 C:\xampp\htdocs\ProyectoClinica_ci\system\Model.php(625): CodeIgniter\BaseModel->insert(Array, false)
#7 C:\xampp\htdocs\ProyectoClinica_ci\system\BaseModel.php(658): CodeIgniter\Model->insert(Array, false)
#8 C:\xampp\htdocs\ProyectoClinica_ci\app\Controllers\PersonalMedico.php(132): CodeIgniter\BaseModel->save(Array)
#9 C:\xampp\htdocs\ProyectoClinica_ci\system\CodeIgniter.php(832): App\Controllers\PersonalMedico->registrarDatos()
#10 C:\xampp\htdocs\ProyectoClinica_ci\system\CodeIgniter.php(419): CodeIgniter\CodeIgniter->runController(Object(App\Controllers\PersonalMedico))
#11 C:\xampp\htdocs\ProyectoClinica_ci\system\CodeIgniter.php(326): CodeIgniter\CodeIgniter->handleRequest(NULL, Object(Config\Cache), false)
#12 C:\xampp\htdocs\ProyectoClinica_ci\index.php(37): CodeIgniter\CodeIgniter->run()
#13 {main}
CRITICAL - 2022-11-09 18:40:06 --> Undefined variable $personal
#0 C:\xampp\htdocs\ProyectoClinica_ci\app\Views\personalmedico\registrar.php(119): CodeIgniter\Debug\Exceptions->errorHandler(2, 'Undefined varia...', 'C:\\xampp\\htdocs...', 119)
#1 C:\xampp\htdocs\ProyectoClinica_ci\system\View\View.php(210): include('C:\\xampp\\htdocs...')
#2 C:\xampp\htdocs\ProyectoClinica_ci\system\View\View.php(213): CodeIgniter\View\View->CodeIgniter\View\{closure}()
#3 C:\xampp\htdocs\ProyectoClinica_ci\system\Common.php(1089): CodeIgniter\View\View->render('PersonalMedico/...', Array, true)
#4 C:\xampp\htdocs\ProyectoClinica_ci\app\Views\index.php(134): view('PersonalMedico/...')
#5 C:\xampp\htdocs\ProyectoClinica_ci\system\View\View.php(210): include('C:\\xampp\\htdocs...')
#6 C:\xampp\htdocs\ProyectoClinica_ci\system\View\View.php(213): CodeIgniter\View\View->CodeIgniter\View\{closure}()
#7 C:\xampp\htdocs\ProyectoClinica_ci\system\Common.php(1089): CodeIgniter\View\View->render('index', Array, true)
#8 C:\xampp\htdocs\ProyectoClinica_ci\app\Controllers\PersonalMedico.php(144): view('index', Array)
#9 C:\xampp\htdocs\ProyectoClinica_ci\system\CodeIgniter.php(832): App\Controllers\PersonalMedico->registrarDatos()
#10 C:\xampp\htdocs\ProyectoClinica_ci\system\CodeIgniter.php(419): CodeIgniter\CodeIgniter->runController(Object(App\Controllers\PersonalMedico))
#11 C:\xampp\htdocs\ProyectoClinica_ci\system\CodeIgniter.php(326): CodeIgniter\CodeIgniter->handleRequest(NULL, Object(Config\Cache), false)
#12 C:\xampp\htdocs\ProyectoClinica_ci\index.php(37): CodeIgniter\CodeIgniter->run()
#13 {main}
CRITICAL - 2022-11-09 18:52:56 --> Undefined variable $personal
#0 C:\xampp\htdocs\ProyectoClinica_ci\app\Views\personalmedico\registrar.php(135): CodeIgniter\Debug\Exceptions->errorHandler(2, 'Undefined varia...', 'C:\\xampp\\htdocs...', 135)
#1 C:\xampp\htdocs\ProyectoClinica_ci\system\View\View.php(210): include('C:\\xampp\\htdocs...')
#2 C:\xampp\htdocs\ProyectoClinica_ci\system\View\View.php(213): CodeIgniter\View\View->CodeIgniter\View\{closure}()
#3 C:\xampp\htdocs\ProyectoClinica_ci\system\Common.php(1089): CodeIgniter\View\View->render('PersonalMedico/...', Array, true)
#4 C:\xampp\htdocs\ProyectoClinica_ci\app\Views\index.php(134): view('PersonalMedico/...')
#5 C:\xampp\htdocs\ProyectoClinica_ci\system\View\View.php(210): include('C:\\xampp\\htdocs...')
#6 C:\xampp\htdocs\ProyectoClinica_ci\system\View\View.php(213): CodeIgniter\View\View->CodeIgniter\View\{closure}()
#7 C:\xampp\htdocs\ProyectoClinica_ci\system\Common.php(1089): CodeIgniter\View\View->render('index', Array, true)
#8 C:\xampp\htdocs\ProyectoClinica_ci\app\Controllers\PersonalMedico.php(144): view('index', Array)
#9 C:\xampp\htdocs\ProyectoClinica_ci\system\CodeIgniter.php(832): App\Controllers\PersonalMedico->registrarDatos()
#10 C:\xampp\htdocs\ProyectoClinica_ci\system\CodeIgniter.php(419): CodeIgniter\CodeIgniter->runController(Object(App\Controllers\PersonalMedico))
#11 C:\xampp\htdocs\ProyectoClinica_ci\system\CodeIgniter.php(326): CodeIgniter\CodeIgniter->handleRequest(NULL, Object(Config\Cache), false)
#12 C:\xampp\htdocs\ProyectoClinica_ci\index.php(37): CodeIgniter\CodeIgniter->run()
#13 {main}
CRITICAL - 2022-11-09 18:53:31 --> Undefined variable $personal
#0 C:\xampp\htdocs\ProyectoClinica_ci\app\Views\personalmedico\registrar.php(135): CodeIgniter\Debug\Exceptions->errorHandler(2, 'Undefined varia...', 'C:\\xampp\\htdocs...', 135)
#1 C:\xampp\htdocs\ProyectoClinica_ci\system\View\View.php(210): include('C:\\xampp\\htdocs...')
#2 C:\xampp\htdocs\ProyectoClinica_ci\system\View\View.php(213): CodeIgniter\View\View->CodeIgniter\View\{closure}()
#3 C:\xampp\htdocs\ProyectoClinica_ci\system\Common.php(1089): CodeIgniter\View\View->render('PersonalMedico/...', Array, true)
#4 C:\xampp\htdocs\ProyectoClinica_ci\app\Views\index.php(134): view('PersonalMedico/...')
#5 C:\xampp\htdocs\ProyectoClinica_ci\system\View\View.php(210): include('C:\\xampp\\htdocs...')
#6 C:\xampp\htdocs\ProyectoClinica_ci\system\View\View.php(213): CodeIgniter\View\View->CodeIgniter\View\{closure}()
#7 C:\xampp\htdocs\ProyectoClinica_ci\system\Common.php(1089): CodeIgniter\View\View->render('index', Array, true)
#8 C:\xampp\htdocs\ProyectoClinica_ci\app\Controllers\PersonalMedico.php(145): view('index', Array)
#9 C:\xampp\htdocs\ProyectoClinica_ci\system\CodeIgniter.php(832): App\Controllers\PersonalMedico->registrarDatos()
#10 C:\xampp\htdocs\ProyectoClinica_ci\system\CodeIgniter.php(419): CodeIgniter\CodeIgniter->runController(Object(App\Controllers\PersonalMedico))
#11 C:\xampp\htdocs\ProyectoClinica_ci\system\CodeIgniter.php(326): CodeIgniter\CodeIgniter->handleRequest(NULL, Object(Config\Cache), false)
#12 C:\xampp\htdocs\ProyectoClinica_ci\index.php(37): CodeIgniter\CodeIgniter->run()
#13 {main}
CRITICAL - 2022-11-09 18:53:34 --> Undefined variable $personal
#0 C:\xampp\htdocs\ProyectoClinica_ci\app\Views\personalmedico\registrar.php(135): CodeIgniter\Debug\Exceptions->errorHandler(2, 'Undefined varia...', 'C:\\xampp\\htdocs...', 135)
#1 C:\xampp\htdocs\ProyectoClinica_ci\system\View\View.php(210): include('C:\\xampp\\htdocs...')
#2 C:\xampp\htdocs\ProyectoClinica_ci\system\View\View.php(213): CodeIgniter\View\View->CodeIgniter\View\{closure}()
#3 C:\xampp\htdocs\ProyectoClinica_ci\system\Common.php(1089): CodeIgniter\View\View->render('PersonalMedico/...', Array, true)
#4 C:\xampp\htdocs\ProyectoClinica_ci\app\Views\index.php(134): view('PersonalMedico/...')
#5 C:\xampp\htdocs\ProyectoClinica_ci\system\View\View.php(210): include('C:\\xampp\\htdocs...')
#6 C:\xampp\htdocs\ProyectoClinica_ci\system\View\View.php(213): CodeIgniter\View\View->CodeIgniter\View\{closure}()
#7 C:\xampp\htdocs\ProyectoClinica_ci\system\Common.php(1089): CodeIgniter\View\View->render('index', Array, true)
#8 C:\xampp\htdocs\ProyectoClinica_ci\app\Controllers\PersonalMedico.php(145): view('index', Array)
#9 C:\xampp\htdocs\ProyectoClinica_ci\system\CodeIgniter.php(832): App\Controllers\PersonalMedico->registrarDatos()
#10 C:\xampp\htdocs\ProyectoClinica_ci\system\CodeIgniter.php(419): CodeIgniter\CodeIgniter->runController(Object(App\Controllers\PersonalMedico))
#11 C:\xampp\htdocs\ProyectoClinica_ci\system\CodeIgniter.php(326): CodeIgniter\CodeIgniter->handleRequest(NULL, Object(Config\Cache), false)
#12 C:\xampp\htdocs\ProyectoClinica_ci\index.php(37): CodeIgniter\CodeIgniter->run()
#13 {main}
CRITICAL - 2022-11-09 18:53:37 --> Undefined array key "estado"
#0 C:\xampp\htdocs\ProyectoClinica_ci\app\Views\personalmedico\registrar.php(135): CodeIgniter\Debug\Exceptions->errorHandler(2, 'Undefined array...', 'C:\\xampp\\htdocs...', 135)
#1 C:\xampp\htdocs\ProyectoClinica_ci\system\View\View.php(210): include('C:\\xampp\\htdocs...')
#2 C:\xampp\htdocs\ProyectoClinica_ci\system\View\View.php(213): CodeIgniter\View\View->CodeIgniter\View\{closure}()
#3 C:\xampp\htdocs\ProyectoClinica_ci\system\Common.php(1089): CodeIgniter\View\View->render('personalmedico/...', Array, true)
#4 C:\xampp\htdocs\ProyectoClinica_ci\app\Views\index.php(134): view('personalmedico/...')
#5 C:\xampp\htdocs\ProyectoClinica_ci\system\View\View.php(210): include('C:\\xampp\\htdocs...')
#6 C:\xampp\htdocs\ProyectoClinica_ci\system\View\View.php(213): CodeIgniter\View\View->CodeIgniter\View\{closure}()
#7 C:\xampp\htdocs\ProyectoClinica_ci\system\Common.php(1089): CodeIgniter\View\View->render('index', Array, true)
#8 C:\xampp\htdocs\ProyectoClinica_ci\app\Controllers\PersonalMedico.php(100): view('index', Array)
#9 C:\xampp\htdocs\ProyectoClinica_ci\system\CodeIgniter.php(832): App\Controllers\PersonalMedico->registrar()
#10 C:\xampp\htdocs\ProyectoClinica_ci\system\CodeIgniter.php(419): CodeIgniter\CodeIgniter->runController(Object(App\Controllers\PersonalMedico))
#11 C:\xampp\htdocs\ProyectoClinica_ci\system\CodeIgniter.php(326): CodeIgniter\CodeIgniter->handleRequest(NULL, Object(Config\Cache), false)
#12 C:\xampp\htdocs\ProyectoClinica_ci\index.php(37): CodeIgniter\CodeIgniter->run()
#13 {main}
CRITICAL - 2022-11-09 18:54:29 --> Undefined array key "estado"
#0 C:\xampp\htdocs\ProyectoClinica_ci\app\Views\personalmedico\registrar.php(135): CodeIgniter\Debug\Exceptions->errorHandler(2, 'Undefined array...', 'C:\\xampp\\htdocs...', 135)
#1 C:\xampp\htdocs\ProyectoClinica_ci\system\View\View.php(210): include('C:\\xampp\\htdocs...')
#2 C:\xampp\htdocs\ProyectoClinica_ci\system\View\View.php(213): CodeIgniter\View\View->CodeIgniter\View\{closure}()
#3 C:\xampp\htdocs\ProyectoClinica_ci\system\Common.php(1089): CodeIgniter\View\View->render('personalmedico/...', Array, true)
#4 C:\xampp\htdocs\ProyectoClinica_ci\app\Views\index.php(134): view('personalmedico/...')
#5 C:\xampp\htdocs\ProyectoClinica_ci\system\View\View.php(210): include('C:\\xampp\\htdocs...')
#6 C:\xampp\htdocs\ProyectoClinica_ci\system\View\View.php(213): CodeIgniter\View\View->CodeIgniter\View\{closure}()
#7 C:\xampp\htdocs\ProyectoClinica_ci\system\Common.php(1089): CodeIgniter\View\View->render('index', Array, true)
#8 C:\xampp\htdocs\ProyectoClinica_ci\app\Controllers\PersonalMedico.php(100): view('index', Array)
#9 C:\xampp\htdocs\ProyectoClinica_ci\system\CodeIgniter.php(832): App\Controllers\PersonalMedico->registrar()
#10 C:\xampp\htdocs\ProyectoClinica_ci\system\CodeIgniter.php(419): CodeIgniter\CodeIgniter->runController(Object(App\Controllers\PersonalMedico))
#11 C:\xampp\htdocs\ProyectoClinica_ci\system\CodeIgniter.php(326): CodeIgniter\CodeIgniter->handleRequest(NULL, Object(Config\Cache), false)
#12 C:\xampp\htdocs\ProyectoClinica_ci\index.php(37): CodeIgniter\CodeIgniter->run()
#13 {main}
CRITICAL - 2022-11-09 18:55:57 --> Undefined array key "estado"
#0 C:\xampp\htdocs\ProyectoClinica_ci\app\Views\personalmedico\registrar.php(135): CodeIgniter\Debug\Exceptions->errorHandler(2, 'Undefined array...', 'C:\\xampp\\htdocs...', 135)
#1 C:\xampp\htdocs\ProyectoClinica_ci\system\View\View.php(210): include('C:\\xampp\\htdocs...')
#2 C:\xampp\htdocs\ProyectoClinica_ci\system\View\View.php(213): CodeIgniter\View\View->CodeIgniter\View\{closure}()
#3 C:\xampp\htdocs\ProyectoClinica_ci\system\Common.php(1089): CodeIgniter\View\View->render('personalmedico/...', Array, true)
#4 C:\xampp\htdocs\ProyectoClinica_ci\app\Views\index.php(134): view('personalmedico/...')
#5 C:\xampp\htdocs\ProyectoClinica_ci\system\View\View.php(210): include('C:\\xampp\\htdocs...')
#6 C:\xampp\htdocs\ProyectoClinica_ci\system\View\View.php(213): CodeIgniter\View\View->CodeIgniter\View\{closure}()
#7 C:\xampp\htdocs\ProyectoClinica_ci\system\Common.php(1089): CodeIgniter\View\View->render('index', Array, true)
#8 C:\xampp\htdocs\ProyectoClinica_ci\app\Controllers\PersonalMedico.php(100): view('index', Array)
#9 C:\xampp\htdocs\ProyectoClinica_ci\system\CodeIgniter.php(832): App\Controllers\PersonalMedico->registrar()
#10 C:\xampp\htdocs\ProyectoClinica_ci\system\CodeIgniter.php(419): CodeIgniter\CodeIgniter->runController(Object(App\Controllers\PersonalMedico))
#11 C:\xampp\htdocs\ProyectoClinica_ci\system\CodeIgniter.php(326): CodeIgniter\CodeIgniter->handleRequest(NULL, Object(Config\Cache), false)
#12 C:\xampp\htdocs\ProyectoClinica_ci\index.php(37): CodeIgniter\CodeIgniter->run()
#13 {main}
<<<<<<< HEAD
CRITICAL - 2022-11-09 19:48:44 --> Undefined array key "nombreDocumento"
#0 C:\xampp\htdocs\ProyectoClinica_ci\app\Views\personalmedico\actualizar.php(79): CodeIgniter\Debug\Exceptions->errorHandler(2, 'Undefined array...', 'C:\\xampp\\htdocs...', 79)
#1 C:\xampp\htdocs\ProyectoClinica_ci\system\View\View.php(210): include('C:\\xampp\\htdocs...')
#2 C:\xampp\htdocs\ProyectoClinica_ci\system\View\View.php(213): CodeIgniter\View\View->CodeIgniter\View\{closure}()
#3 C:\xampp\htdocs\ProyectoClinica_ci\system\Common.php(1089): CodeIgniter\View\View->render('personalmedico/...', Array, true)
#4 C:\xampp\htdocs\ProyectoClinica_ci\app\Views\index.php(134): view('personalmedico/...')
#5 C:\xampp\htdocs\ProyectoClinica_ci\system\View\View.php(210): include('C:\\xampp\\htdocs...')
#6 C:\xampp\htdocs\ProyectoClinica_ci\system\View\View.php(213): CodeIgniter\View\View->CodeIgniter\View\{closure}()
#7 C:\xampp\htdocs\ProyectoClinica_ci\system\Common.php(1089): CodeIgniter\View\View->render('index', Array, true)
#8 C:\xampp\htdocs\ProyectoClinica_ci\app\Controllers\PersonalMedico.php(156): view('index', Array)
#9 C:\xampp\htdocs\ProyectoClinica_ci\system\CodeIgniter.php(832): App\Controllers\PersonalMedico->verRegistro('23')
#10 C:\xampp\htdocs\ProyectoClinica_ci\system\CodeIgniter.php(419): CodeIgniter\CodeIgniter->runController(Object(App\Controllers\PersonalMedico))
#11 C:\xampp\htdocs\ProyectoClinica_ci\system\CodeIgniter.php(326): CodeIgniter\CodeIgniter->handleRequest(NULL, Object(Config\Cache), false)
#12 C:\xampp\htdocs\ProyectoClinica_ci\index.php(37): CodeIgniter\CodeIgniter->run()
#13 {main}
ERROR - 2022-11-09 20:00:07 --> Cannot delete or update a parent row: a foreign key constraint fails (`db_clinica`.`personal`, CONSTRAINT `personal_ibfk_2` FOREIGN KEY (`idTipoTrabajador`) REFERENCES `tipotrabajador` (`idTipoTrabajador`))
ERROR - 2022-11-09 20:00:32 --> Cannot delete or update a parent row: a foreign key constraint fails (`db_clinica`.`personal`, CONSTRAINT `personal_ibfk_2` FOREIGN KEY (`idTipoTrabajador`) REFERENCES `tipotrabajador` (`idTipoTrabajador`))
ERROR - 2022-11-09 20:00:47 --> Cannot delete or update a parent row: a foreign key constraint fails (`db_clinica`.`personal`, CONSTRAINT `personal_ibfk_2` FOREIGN KEY (`idTipoTrabajador`) REFERENCES `tipotrabajador` (`idTipoTrabajador`))
ERROR - 2022-11-09 20:00:49 --> Cannot delete or update a parent row: a foreign key constraint fails (`db_clinica`.`personal`, CONSTRAINT `personal_ibfk_2` FOREIGN KEY (`idTipoTrabajador`) REFERENCES `tipotrabajador` (`idTipoTrabajador`))
CRITICAL - 2022-11-09 20:13:17 --> Undefined array key "NombreDocumento"
#0 C:\xampp\htdocs\ProyectoClinica_ci\app\Views\personalmedico\personalmedico.php(62): CodeIgniter\Debug\Exceptions->errorHandler(2, 'Undefined array...', 'C:\\xampp\\htdocs...', 62)
#1 C:\xampp\htdocs\ProyectoClinica_ci\system\View\View.php(210): include('C:\\xampp\\htdocs...')
#2 C:\xampp\htdocs\ProyectoClinica_ci\system\View\View.php(213): CodeIgniter\View\View->CodeIgniter\View\{closure}()
#3 C:\xampp\htdocs\ProyectoClinica_ci\system\Common.php(1089): CodeIgniter\View\View->render('personalmedico/...', Array, true)
#4 C:\xampp\htdocs\ProyectoClinica_ci\app\Views\index.php(134): view('personalmedico/...')
#5 C:\xampp\htdocs\ProyectoClinica_ci\system\View\View.php(210): include('C:\\xampp\\htdocs...')
#6 C:\xampp\htdocs\ProyectoClinica_ci\system\View\View.php(213): CodeIgniter\View\View->CodeIgniter\View\{closure}()
#7 C:\xampp\htdocs\ProyectoClinica_ci\system\Common.php(1089): CodeIgniter\View\View->render('index', Array, true)
#8 C:\xampp\htdocs\ProyectoClinica_ci\app\Controllers\PersonalMedico.php(38): view('index', Array)
#9 C:\xampp\htdocs\ProyectoClinica_ci\system\CodeIgniter.php(832): App\Controllers\PersonalMedico->index()
#10 C:\xampp\htdocs\ProyectoClinica_ci\system\CodeIgniter.php(419): CodeIgniter\CodeIgniter->runController(Object(App\Controllers\PersonalMedico))
#11 C:\xampp\htdocs\ProyectoClinica_ci\system\CodeIgniter.php(326): CodeIgniter\CodeIgniter->handleRequest(NULL, Object(Config\Cache), false)
#12 C:\xampp\htdocs\ProyectoClinica_ci\index.php(37): CodeIgniter\CodeIgniter->run()
#13 {main}
CRITICAL - 2022-11-09 20:15:53 --> Class "App\Models\PersonaModel" not found
#0 C:\xampp\htdocs\ProyectoClinica_ci\system\CodeIgniter.php(809): App\Controllers\Usuarios->__construct()
=======
ERROR - 2022-11-09 18:07:25 --> Error connecting to the database: Access denied for user '****'@'localhost' (using password: NO)
CRITICAL - 2022-11-09 18:07:25 --> Unable to connect to the database.
Main connection [MySQLi]: Access denied for user '****'@'localhost' (using password: NO)
#0 C:\xampp\htdocs\ProyectoClinica_ci\system\Database\BaseConnection.php(577): CodeIgniter\Database\BaseConnection->initialize()
#1 C:\xampp\htdocs\ProyectoClinica_ci\system\Database\BaseBuilder.php(1455): CodeIgniter\Database\BaseConnection->query('SELECT *\nFROM `...', Array, false)
#2 C:\xampp\htdocs\ProyectoClinica_ci\system\Model.php(183): CodeIgniter\Database\BaseBuilder->get()
#3 C:\xampp\htdocs\ProyectoClinica_ci\system\BaseModel.php(584): CodeIgniter\Model->doFindAll(0, 0)
#4 C:\xampp\htdocs\ProyectoClinica_ci\app\Controllers\Usuarios.php(19): CodeIgniter\BaseModel->findAll()
#5 C:\xampp\htdocs\ProyectoClinica_ci\system\CodeIgniter.php(832): App\Controllers\Usuarios->index()
#6 C:\xampp\htdocs\ProyectoClinica_ci\system\CodeIgniter.php(419): CodeIgniter\CodeIgniter->runController(Object(App\Controllers\Usuarios))
#7 C:\xampp\htdocs\ProyectoClinica_ci\system\CodeIgniter.php(326): CodeIgniter\CodeIgniter->handleRequest(NULL, Object(Config\Cache), false)
#8 C:\xampp\htdocs\ProyectoClinica_ci\index.php(37): CodeIgniter\CodeIgniter->run()
#9 {main}
CRITICAL - 2022-11-09 18:30:33 --> There is no data to insert.
#0 C:\xampp\htdocs\ProyectoClinica_ci\system\BaseModel.php(718): CodeIgniter\Database\Exceptions\DataException::forEmptyDataset('insert')
#1 C:\xampp\htdocs\ProyectoClinica_ci\system\Model.php(625): CodeIgniter\BaseModel->insert(Array, false)
#2 C:\xampp\htdocs\ProyectoClinica_ci\system\BaseModel.php(658): CodeIgniter\Model->insert(Array, false)
#3 C:\xampp\htdocs\ProyectoClinica_ci\app\Controllers\Usuarios.php(62): CodeIgniter\BaseModel->save(Array)
#4 C:\xampp\htdocs\ProyectoClinica_ci\system\CodeIgniter.php(832): App\Controllers\Usuarios->registrarDatos()
#5 C:\xampp\htdocs\ProyectoClinica_ci\system\CodeIgniter.php(419): CodeIgniter\CodeIgniter->runController(Object(App\Controllers\Usuarios))
#6 C:\xampp\htdocs\ProyectoClinica_ci\system\CodeIgniter.php(326): CodeIgniter\CodeIgniter->handleRequest(NULL, Object(Config\Cache), false)
#7 C:\xampp\htdocs\ProyectoClinica_ci\index.php(37): CodeIgniter\CodeIgniter->run()
#8 {main}
CRITICAL - 2022-11-09 18:31:09 --> There is no data to insert.
#0 C:\xampp\htdocs\ProyectoClinica_ci\system\BaseModel.php(718): CodeIgniter\Database\Exceptions\DataException::forEmptyDataset('insert')
#1 C:\xampp\htdocs\ProyectoClinica_ci\system\Model.php(625): CodeIgniter\BaseModel->insert(Array, false)
#2 C:\xampp\htdocs\ProyectoClinica_ci\system\BaseModel.php(658): CodeIgniter\Model->insert(Array, false)
#3 C:\xampp\htdocs\ProyectoClinica_ci\app\Controllers\Usuarios.php(62): CodeIgniter\BaseModel->save(Array)
#4 C:\xampp\htdocs\ProyectoClinica_ci\system\CodeIgniter.php(832): App\Controllers\Usuarios->registrarDatos()
#5 C:\xampp\htdocs\ProyectoClinica_ci\system\CodeIgniter.php(419): CodeIgniter\CodeIgniter->runController(Object(App\Controllers\Usuarios))
#6 C:\xampp\htdocs\ProyectoClinica_ci\system\CodeIgniter.php(326): CodeIgniter\CodeIgniter->handleRequest(NULL, Object(Config\Cache), false)
#7 C:\xampp\htdocs\ProyectoClinica_ci\index.php(37): CodeIgniter\CodeIgniter->run()
#8 {main}
CRITICAL - 2022-11-09 18:31:37 --> There is no data to insert.
#0 C:\xampp\htdocs\ProyectoClinica_ci\system\BaseModel.php(718): CodeIgniter\Database\Exceptions\DataException::forEmptyDataset('insert')
#1 C:\xampp\htdocs\ProyectoClinica_ci\system\Model.php(625): CodeIgniter\BaseModel->insert(Array, false)
#2 C:\xampp\htdocs\ProyectoClinica_ci\system\BaseModel.php(658): CodeIgniter\Model->insert(Array, false)
#3 C:\xampp\htdocs\ProyectoClinica_ci\app\Controllers\Usuarios.php(62): CodeIgniter\BaseModel->save(Array)
#4 C:\xampp\htdocs\ProyectoClinica_ci\system\CodeIgniter.php(832): App\Controllers\Usuarios->registrarDatos()
#5 C:\xampp\htdocs\ProyectoClinica_ci\system\CodeIgniter.php(419): CodeIgniter\CodeIgniter->runController(Object(App\Controllers\Usuarios))
#6 C:\xampp\htdocs\ProyectoClinica_ci\system\CodeIgniter.php(326): CodeIgniter\CodeIgniter->handleRequest(NULL, Object(Config\Cache), false)
#7 C:\xampp\htdocs\ProyectoClinica_ci\index.php(37): CodeIgniter\CodeIgniter->run()
#8 {main}
CRITICAL - 2022-11-09 18:32:17 --> There is no data to insert.
#0 C:\xampp\htdocs\ProyectoClinica_ci\system\BaseModel.php(718): CodeIgniter\Database\Exceptions\DataException::forEmptyDataset('insert')
#1 C:\xampp\htdocs\ProyectoClinica_ci\system\Model.php(625): CodeIgniter\BaseModel->insert(Array, false)
#2 C:\xampp\htdocs\ProyectoClinica_ci\system\BaseModel.php(658): CodeIgniter\Model->insert(Array, false)
#3 C:\xampp\htdocs\ProyectoClinica_ci\app\Controllers\Usuarios.php(63): CodeIgniter\BaseModel->save(Array)
#4 C:\xampp\htdocs\ProyectoClinica_ci\system\CodeIgniter.php(832): App\Controllers\Usuarios->registrarDatos()
#5 C:\xampp\htdocs\ProyectoClinica_ci\system\CodeIgniter.php(419): CodeIgniter\CodeIgniter->runController(Object(App\Controllers\Usuarios))
#6 C:\xampp\htdocs\ProyectoClinica_ci\system\CodeIgniter.php(326): CodeIgniter\CodeIgniter->handleRequest(NULL, Object(Config\Cache), false)
#7 C:\xampp\htdocs\ProyectoClinica_ci\index.php(37): CodeIgniter\CodeIgniter->run()
#8 {main}
CRITICAL - 2022-11-09 18:33:25 --> There is no data to insert.
#0 C:\xampp\htdocs\ProyectoClinica_ci\system\BaseModel.php(718): CodeIgniter\Database\Exceptions\DataException::forEmptyDataset('insert')
#1 C:\xampp\htdocs\ProyectoClinica_ci\system\Model.php(625): CodeIgniter\BaseModel->insert(Array, false)
#2 C:\xampp\htdocs\ProyectoClinica_ci\system\BaseModel.php(658): CodeIgniter\Model->insert(Array, false)
#3 C:\xampp\htdocs\ProyectoClinica_ci\app\Controllers\Usuarios.php(63): CodeIgniter\BaseModel->save(Array)
#4 C:\xampp\htdocs\ProyectoClinica_ci\system\CodeIgniter.php(832): App\Controllers\Usuarios->registrarDatos()
#5 C:\xampp\htdocs\ProyectoClinica_ci\system\CodeIgniter.php(419): CodeIgniter\CodeIgniter->runController(Object(App\Controllers\Usuarios))
#6 C:\xampp\htdocs\ProyectoClinica_ci\system\CodeIgniter.php(326): CodeIgniter\CodeIgniter->handleRequest(NULL, Object(Config\Cache), false)
#7 C:\xampp\htdocs\ProyectoClinica_ci\index.php(37): CodeIgniter\CodeIgniter->run()
#8 {main}
CRITICAL - 2022-11-09 18:35:28 --> There is no data to insert.
#0 C:\xampp\htdocs\ProyectoClinica_ci\system\BaseModel.php(718): CodeIgniter\Database\Exceptions\DataException::forEmptyDataset('insert')
#1 C:\xampp\htdocs\ProyectoClinica_ci\system\Model.php(625): CodeIgniter\BaseModel->insert(Array, false)
#2 C:\xampp\htdocs\ProyectoClinica_ci\system\BaseModel.php(658): CodeIgniter\Model->insert(Array, false)
#3 C:\xampp\htdocs\ProyectoClinica_ci\app\Controllers\Usuarios.php(63): CodeIgniter\BaseModel->save(Array)
#4 C:\xampp\htdocs\ProyectoClinica_ci\system\CodeIgniter.php(832): App\Controllers\Usuarios->registrarDatos()
#5 C:\xampp\htdocs\ProyectoClinica_ci\system\CodeIgniter.php(419): CodeIgniter\CodeIgniter->runController(Object(App\Controllers\Usuarios))
#6 C:\xampp\htdocs\ProyectoClinica_ci\system\CodeIgniter.php(326): CodeIgniter\CodeIgniter->handleRequest(NULL, Object(Config\Cache), false)
#7 C:\xampp\htdocs\ProyectoClinica_ci\index.php(37): CodeIgniter\CodeIgniter->run()
#8 {main}
CRITICAL - 2022-11-09 18:35:33 --> There is no data to insert.
#0 C:\xampp\htdocs\ProyectoClinica_ci\system\BaseModel.php(718): CodeIgniter\Database\Exceptions\DataException::forEmptyDataset('insert')
#1 C:\xampp\htdocs\ProyectoClinica_ci\system\Model.php(625): CodeIgniter\BaseModel->insert(Array, false)
#2 C:\xampp\htdocs\ProyectoClinica_ci\system\BaseModel.php(658): CodeIgniter\Model->insert(Array, false)
#3 C:\xampp\htdocs\ProyectoClinica_ci\app\Controllers\Usuarios.php(63): CodeIgniter\BaseModel->save(Array)
#4 C:\xampp\htdocs\ProyectoClinica_ci\system\CodeIgniter.php(832): App\Controllers\Usuarios->registrarDatos()
#5 C:\xampp\htdocs\ProyectoClinica_ci\system\CodeIgniter.php(419): CodeIgniter\CodeIgniter->runController(Object(App\Controllers\Usuarios))
#6 C:\xampp\htdocs\ProyectoClinica_ci\system\CodeIgniter.php(326): CodeIgniter\CodeIgniter->handleRequest(NULL, Object(Config\Cache), false)
#7 C:\xampp\htdocs\ProyectoClinica_ci\index.php(37): CodeIgniter\CodeIgniter->run()
#8 {main}
CRITICAL - 2022-11-09 18:37:26 --> There is no data to insert.
#0 C:\xampp\htdocs\ProyectoClinica_ci\system\BaseModel.php(718): CodeIgniter\Database\Exceptions\DataException::forEmptyDataset('insert')
#1 C:\xampp\htdocs\ProyectoClinica_ci\system\Model.php(625): CodeIgniter\BaseModel->insert(Array, false)
#2 C:\xampp\htdocs\ProyectoClinica_ci\system\BaseModel.php(658): CodeIgniter\Model->insert(Array, false)
#3 C:\xampp\htdocs\ProyectoClinica_ci\app\Controllers\Usuarios.php(63): CodeIgniter\BaseModel->save(Array)
#4 C:\xampp\htdocs\ProyectoClinica_ci\system\CodeIgniter.php(832): App\Controllers\Usuarios->registrarDatos()
#5 C:\xampp\htdocs\ProyectoClinica_ci\system\CodeIgniter.php(419): CodeIgniter\CodeIgniter->runController(Object(App\Controllers\Usuarios))
#6 C:\xampp\htdocs\ProyectoClinica_ci\system\CodeIgniter.php(326): CodeIgniter\CodeIgniter->handleRequest(NULL, Object(Config\Cache), false)
#7 C:\xampp\htdocs\ProyectoClinica_ci\index.php(37): CodeIgniter\CodeIgniter->run()
#8 {main}
CRITICAL - 2022-11-09 18:38:05 --> There is no data to insert.
#0 C:\xampp\htdocs\ProyectoClinica_ci\system\BaseModel.php(718): CodeIgniter\Database\Exceptions\DataException::forEmptyDataset('insert')
#1 C:\xampp\htdocs\ProyectoClinica_ci\system\Model.php(625): CodeIgniter\BaseModel->insert(Array, false)
#2 C:\xampp\htdocs\ProyectoClinica_ci\system\BaseModel.php(658): CodeIgniter\Model->insert(Array, false)
#3 C:\xampp\htdocs\ProyectoClinica_ci\app\Controllers\Usuarios.php(61): CodeIgniter\BaseModel->save(Array)
#4 C:\xampp\htdocs\ProyectoClinica_ci\system\CodeIgniter.php(832): App\Controllers\Usuarios->registrarDatos()
#5 C:\xampp\htdocs\ProyectoClinica_ci\system\CodeIgniter.php(419): CodeIgniter\CodeIgniter->runController(Object(App\Controllers\Usuarios))
#6 C:\xampp\htdocs\ProyectoClinica_ci\system\CodeIgniter.php(326): CodeIgniter\CodeIgniter->handleRequest(NULL, Object(Config\Cache), false)
#7 C:\xampp\htdocs\ProyectoClinica_ci\index.php(37): CodeIgniter\CodeIgniter->run()
#8 {main}
CRITICAL - 2022-11-09 18:38:11 --> There is no data to insert.
#0 C:\xampp\htdocs\ProyectoClinica_ci\system\BaseModel.php(718): CodeIgniter\Database\Exceptions\DataException::forEmptyDataset('insert')
#1 C:\xampp\htdocs\ProyectoClinica_ci\system\Model.php(625): CodeIgniter\BaseModel->insert(Array, false)
#2 C:\xampp\htdocs\ProyectoClinica_ci\system\BaseModel.php(658): CodeIgniter\Model->insert(Array, false)
#3 C:\xampp\htdocs\ProyectoClinica_ci\app\Controllers\Usuarios.php(62): CodeIgniter\BaseModel->save(Array)
#4 C:\xampp\htdocs\ProyectoClinica_ci\system\CodeIgniter.php(832): App\Controllers\Usuarios->registrarDatos()
#5 C:\xampp\htdocs\ProyectoClinica_ci\system\CodeIgniter.php(419): CodeIgniter\CodeIgniter->runController(Object(App\Controllers\Usuarios))
#6 C:\xampp\htdocs\ProyectoClinica_ci\system\CodeIgniter.php(326): CodeIgniter\CodeIgniter->handleRequest(NULL, Object(Config\Cache), false)
#7 C:\xampp\htdocs\ProyectoClinica_ci\index.php(37): CodeIgniter\CodeIgniter->run()
#8 {main}
CRITICAL - 2022-11-09 18:39:11 --> There is no data to insert.
#0 C:\xampp\htdocs\ProyectoClinica_ci\system\BaseModel.php(718): CodeIgniter\Database\Exceptions\DataException::forEmptyDataset('insert')
#1 C:\xampp\htdocs\ProyectoClinica_ci\system\Model.php(625): CodeIgniter\BaseModel->insert(Array, true)
#2 C:\xampp\htdocs\ProyectoClinica_ci\app\Controllers\Usuarios.php(62): CodeIgniter\Model->insert(Array)
#3 C:\xampp\htdocs\ProyectoClinica_ci\system\CodeIgniter.php(832): App\Controllers\Usuarios->registrarDatos()
#4 C:\xampp\htdocs\ProyectoClinica_ci\system\CodeIgniter.php(419): CodeIgniter\CodeIgniter->runController(Object(App\Controllers\Usuarios))
#5 C:\xampp\htdocs\ProyectoClinica_ci\system\CodeIgniter.php(326): CodeIgniter\CodeIgniter->handleRequest(NULL, Object(Config\Cache), false)
#6 C:\xampp\htdocs\ProyectoClinica_ci\index.php(37): CodeIgniter\CodeIgniter->run()
#7 {main}
CRITICAL - 2022-11-09 18:39:35 --> There is no data to insert.
#0 C:\xampp\htdocs\ProyectoClinica_ci\system\BaseModel.php(718): CodeIgniter\Database\Exceptions\DataException::forEmptyDataset('insert')
#1 C:\xampp\htdocs\ProyectoClinica_ci\system\Model.php(625): CodeIgniter\BaseModel->insert(Array, true)
#2 C:\xampp\htdocs\ProyectoClinica_ci\app\Controllers\Usuarios.php(62): CodeIgniter\Model->insert(Array)
#3 C:\xampp\htdocs\ProyectoClinica_ci\system\CodeIgniter.php(832): App\Controllers\Usuarios->registrarDatos()
#4 C:\xampp\htdocs\ProyectoClinica_ci\system\CodeIgniter.php(419): CodeIgniter\CodeIgniter->runController(Object(App\Controllers\Usuarios))
#5 C:\xampp\htdocs\ProyectoClinica_ci\system\CodeIgniter.php(326): CodeIgniter\CodeIgniter->handleRequest(NULL, Object(Config\Cache), false)
#6 C:\xampp\htdocs\ProyectoClinica_ci\index.php(37): CodeIgniter\CodeIgniter->run()
#7 {main}
CRITICAL - 2022-11-09 18:39:54 --> There is no data to insert.
#0 C:\xampp\htdocs\ProyectoClinica_ci\system\BaseModel.php(718): CodeIgniter\Database\Exceptions\DataException::forEmptyDataset('insert')
#1 C:\xampp\htdocs\ProyectoClinica_ci\system\Model.php(625): CodeIgniter\BaseModel->insert(Array, false)
#2 C:\xampp\htdocs\ProyectoClinica_ci\system\BaseModel.php(658): CodeIgniter\Model->insert(Array, false)
#3 C:\xampp\htdocs\ProyectoClinica_ci\app\Controllers\Usuarios.php(62): CodeIgniter\BaseModel->save(Array)
#4 C:\xampp\htdocs\ProyectoClinica_ci\system\CodeIgniter.php(832): App\Controllers\Usuarios->registrarDatos()
#5 C:\xampp\htdocs\ProyectoClinica_ci\system\CodeIgniter.php(419): CodeIgniter\CodeIgniter->runController(Object(App\Controllers\Usuarios))
#6 C:\xampp\htdocs\ProyectoClinica_ci\system\CodeIgniter.php(326): CodeIgniter\CodeIgniter->handleRequest(NULL, Object(Config\Cache), false)
#7 C:\xampp\htdocs\ProyectoClinica_ci\index.php(37): CodeIgniter\CodeIgniter->run()
#8 {main}
CRITICAL - 2022-11-09 18:42:52 --> There is no data to insert.
#0 C:\xampp\htdocs\ProyectoClinica_ci\system\BaseModel.php(718): CodeIgniter\Database\Exceptions\DataException::forEmptyDataset('insert')
#1 C:\xampp\htdocs\ProyectoClinica_ci\system\Model.php(625): CodeIgniter\BaseModel->insert(Array, false)
#2 C:\xampp\htdocs\ProyectoClinica_ci\system\BaseModel.php(658): CodeIgniter\Model->insert(Array, false)
#3 C:\xampp\htdocs\ProyectoClinica_ci\app\Controllers\Usuarios.php(61): CodeIgniter\BaseModel->save(Array)
#4 C:\xampp\htdocs\ProyectoClinica_ci\system\CodeIgniter.php(832): App\Controllers\Usuarios->registrarDatos()
#5 C:\xampp\htdocs\ProyectoClinica_ci\system\CodeIgniter.php(419): CodeIgniter\CodeIgniter->runController(Object(App\Controllers\Usuarios))
#6 C:\xampp\htdocs\ProyectoClinica_ci\system\CodeIgniter.php(326): CodeIgniter\CodeIgniter->handleRequest(NULL, Object(Config\Cache), false)
#7 C:\xampp\htdocs\ProyectoClinica_ci\index.php(37): CodeIgniter\CodeIgniter->run()
#8 {main}
CRITICAL - 2022-11-09 18:42:59 --> There is no data to insert.
#0 C:\xampp\htdocs\ProyectoClinica_ci\system\BaseModel.php(718): CodeIgniter\Database\Exceptions\DataException::forEmptyDataset('insert')
#1 C:\xampp\htdocs\ProyectoClinica_ci\system\Model.php(625): CodeIgniter\BaseModel->insert(Array, false)
#2 C:\xampp\htdocs\ProyectoClinica_ci\system\BaseModel.php(658): CodeIgniter\Model->insert(Array, false)
#3 C:\xampp\htdocs\ProyectoClinica_ci\app\Controllers\Usuarios.php(61): CodeIgniter\BaseModel->save(Array)
#4 C:\xampp\htdocs\ProyectoClinica_ci\system\CodeIgniter.php(832): App\Controllers\Usuarios->registrarDatos()
#5 C:\xampp\htdocs\ProyectoClinica_ci\system\CodeIgniter.php(419): CodeIgniter\CodeIgniter->runController(Object(App\Controllers\Usuarios))
#6 C:\xampp\htdocs\ProyectoClinica_ci\system\CodeIgniter.php(326): CodeIgniter\CodeIgniter->handleRequest(NULL, Object(Config\Cache), false)
#7 C:\xampp\htdocs\ProyectoClinica_ci\index.php(37): CodeIgniter\CodeIgniter->run()
#8 {main}
CRITICAL - 2022-11-09 18:44:17 --> There is no data to insert.
#0 C:\xampp\htdocs\ProyectoClinica_ci\system\BaseModel.php(718): CodeIgniter\Database\Exceptions\DataException::forEmptyDataset('insert')
#1 C:\xampp\htdocs\ProyectoClinica_ci\system\Model.php(625): CodeIgniter\BaseModel->insert(Array, false)
#2 C:\xampp\htdocs\ProyectoClinica_ci\system\BaseModel.php(658): CodeIgniter\Model->insert(Array, false)
#3 C:\xampp\htdocs\ProyectoClinica_ci\app\Controllers\Usuarios.php(62): CodeIgniter\BaseModel->save(Array)
#4 C:\xampp\htdocs\ProyectoClinica_ci\system\CodeIgniter.php(832): App\Controllers\Usuarios->registrarDatos()
#5 C:\xampp\htdocs\ProyectoClinica_ci\system\CodeIgniter.php(419): CodeIgniter\CodeIgniter->runController(Object(App\Controllers\Usuarios))
#6 C:\xampp\htdocs\ProyectoClinica_ci\system\CodeIgniter.php(326): CodeIgniter\CodeIgniter->handleRequest(NULL, Object(Config\Cache), false)
#7 C:\xampp\htdocs\ProyectoClinica_ci\index.php(37): CodeIgniter\CodeIgniter->run()
#8 {main}
CRITICAL - 2022-11-09 18:48:48 --> There is no data to insert.
#0 C:\xampp\htdocs\ProyectoClinica_ci\system\BaseModel.php(718): CodeIgniter\Database\Exceptions\DataException::forEmptyDataset('insert')
#1 C:\xampp\htdocs\ProyectoClinica_ci\system\Model.php(625): CodeIgniter\BaseModel->insert(Array, false)
#2 C:\xampp\htdocs\ProyectoClinica_ci\system\BaseModel.php(658): CodeIgniter\Model->insert(Array, false)
#3 C:\xampp\htdocs\ProyectoClinica_ci\app\Controllers\Usuarios.php(62): CodeIgniter\BaseModel->save(Array)
#4 C:\xampp\htdocs\ProyectoClinica_ci\system\CodeIgniter.php(832): App\Controllers\Usuarios->registrarDatos()
#5 C:\xampp\htdocs\ProyectoClinica_ci\system\CodeIgniter.php(419): CodeIgniter\CodeIgniter->runController(Object(App\Controllers\Usuarios))
#6 C:\xampp\htdocs\ProyectoClinica_ci\system\CodeIgniter.php(326): CodeIgniter\CodeIgniter->handleRequest(NULL, Object(Config\Cache), false)
#7 C:\xampp\htdocs\ProyectoClinica_ci\index.php(37): CodeIgniter\CodeIgniter->run()
#8 {main}
CRITICAL - 2022-11-09 18:51:30 --> There is no data to insert.
#0 C:\xampp\htdocs\ProyectoClinica_ci\system\BaseModel.php(718): CodeIgniter\Database\Exceptions\DataException::forEmptyDataset('insert')
#1 C:\xampp\htdocs\ProyectoClinica_ci\system\Model.php(625): CodeIgniter\BaseModel->insert(Array, false)
#2 C:\xampp\htdocs\ProyectoClinica_ci\system\BaseModel.php(658): CodeIgniter\Model->insert(Array, false)
#3 C:\xampp\htdocs\ProyectoClinica_ci\app\Controllers\Usuarios.php(62): CodeIgniter\BaseModel->save(Array)
#4 C:\xampp\htdocs\ProyectoClinica_ci\system\CodeIgniter.php(832): App\Controllers\Usuarios->registrarDatos()
#5 C:\xampp\htdocs\ProyectoClinica_ci\system\CodeIgniter.php(419): CodeIgniter\CodeIgniter->runController(Object(App\Controllers\Usuarios))
#6 C:\xampp\htdocs\ProyectoClinica_ci\system\CodeIgniter.php(326): CodeIgniter\CodeIgniter->handleRequest(NULL, Object(Config\Cache), false)
#7 C:\xampp\htdocs\ProyectoClinica_ci\index.php(37): CodeIgniter\CodeIgniter->run()
#8 {main}
CRITICAL - 2022-11-09 18:51:34 --> There is no data to insert.
#0 C:\xampp\htdocs\ProyectoClinica_ci\system\BaseModel.php(718): CodeIgniter\Database\Exceptions\DataException::forEmptyDataset('insert')
#1 C:\xampp\htdocs\ProyectoClinica_ci\system\Model.php(625): CodeIgniter\BaseModel->insert(Array, false)
#2 C:\xampp\htdocs\ProyectoClinica_ci\system\BaseModel.php(658): CodeIgniter\Model->insert(Array, false)
#3 C:\xampp\htdocs\ProyectoClinica_ci\app\Controllers\Usuarios.php(62): CodeIgniter\BaseModel->save(Array)
#4 C:\xampp\htdocs\ProyectoClinica_ci\system\CodeIgniter.php(832): App\Controllers\Usuarios->registrarDatos()
#5 C:\xampp\htdocs\ProyectoClinica_ci\system\CodeIgniter.php(419): CodeIgniter\CodeIgniter->runController(Object(App\Controllers\Usuarios))
#6 C:\xampp\htdocs\ProyectoClinica_ci\system\CodeIgniter.php(326): CodeIgniter\CodeIgniter->handleRequest(NULL, Object(Config\Cache), false)
#7 C:\xampp\htdocs\ProyectoClinica_ci\index.php(37): CodeIgniter\CodeIgniter->run()
#8 {main}
CRITICAL - 2022-11-09 18:53:57 --> Call to undefined method App\Controllers\Usuarios::initController
#0 C:\xampp\htdocs\ProyectoClinica_ci\system\CodeIgniter.php(810): CodeIgniter\Model->__call('initController', Array)
>>>>>>> 146ddc4bca62f048c41f4f8c67cb9c900e7fb454
#1 C:\xampp\htdocs\ProyectoClinica_ci\system\CodeIgniter.php(410): CodeIgniter\CodeIgniter->createController()
#2 C:\xampp\htdocs\ProyectoClinica_ci\system\CodeIgniter.php(326): CodeIgniter\CodeIgniter->handleRequest(NULL, Object(Config\Cache), false)
#3 C:\xampp\htdocs\ProyectoClinica_ci\index.php(37): CodeIgniter\CodeIgniter->run()
#4 {main}
<<<<<<< HEAD
ERROR - 2022-11-09 20:16:10 --> Table 'db_clinica.persona' doesn't exist
CRITICAL - 2022-11-09 20:16:10 --> Table 'db_clinica.persona' doesn't exist
#0 C:\xampp\htdocs\ProyectoClinica_ci\system\Database\MySQLi\Connection.php(292): mysqli->query('SELECT `usuario...', 0)
#1 C:\xampp\htdocs\ProyectoClinica_ci\system\Database\BaseConnection.php(670): CodeIgniter\Database\MySQLi\Connection->execute('SELECT `usuario...')
#2 C:\xampp\htdocs\ProyectoClinica_ci\system\Database\BaseConnection.php(598): CodeIgniter\Database\BaseConnection->simpleQuery('SELECT `usuario...')
#3 C:\xampp\htdocs\ProyectoClinica_ci\system\Database\BaseBuilder.php(1455): CodeIgniter\Database\BaseConnection->query('SELECT `usuario...', Array, false)
#4 C:\xampp\htdocs\ProyectoClinica_ci\system\Model.php(183): CodeIgniter\Database\BaseBuilder->get()
#5 C:\xampp\htdocs\ProyectoClinica_ci\system\BaseModel.php(584): CodeIgniter\Model->doFindAll(0, 0)
#6 C:\xampp\htdocs\ProyectoClinica_ci\app\Models\UsuarioModel.php(57): CodeIgniter\BaseModel->findAll()
#7 C:\xampp\htdocs\ProyectoClinica_ci\app\Controllers\Usuarios.php(23): App\Models\UsuarioModel->getUsuario()
#8 C:\xampp\htdocs\ProyectoClinica_ci\system\CodeIgniter.php(832): App\Controllers\Usuarios->index()
#9 C:\xampp\htdocs\ProyectoClinica_ci\system\CodeIgniter.php(419): CodeIgniter\CodeIgniter->runController(Object(App\Controllers\Usuarios))
#10 C:\xampp\htdocs\ProyectoClinica_ci\system\CodeIgniter.php(326): CodeIgniter\CodeIgniter->handleRequest(NULL, Object(Config\Cache), false)
#11 C:\xampp\htdocs\ProyectoClinica_ci\index.php(37): CodeIgniter\CodeIgniter->run()
#12 {main}
ERROR - 2022-11-09 21:51:36 --> Cannot add or update a child row: a foreign key constraint fails (`db_clinica`.`personal`, CONSTRAINT `personal_ibfk_2` FOREIGN KEY (`idTipoTrabajador`) REFERENCES `tipotrabajador` (`idTipoTrabajador`))
CRITICAL - 2022-11-09 21:51:36 --> Cannot add or update a child row: a foreign key constraint fails (`db_clinica`.`personal`, CONSTRAINT `personal_ibfk_2` FOREIGN KEY (`idTipoTrabajador`) REFERENCES `tipotrabajador` (`idTipoTrabajador`))
#0 C:\xampp\htdocs\ProyectoClinica_ci\system\Database\MySQLi\Connection.php(292): mysqli->query('UPDATE `persona...', 0)
#1 C:\xampp\htdocs\ProyectoClinica_ci\system\Database\BaseConnection.php(670): CodeIgniter\Database\MySQLi\Connection->execute('UPDATE `persona...')
#2 C:\xampp\htdocs\ProyectoClinica_ci\system\Database\BaseConnection.php(598): CodeIgniter\Database\BaseConnection->simpleQuery('UPDATE `persona...')
#3 C:\xampp\htdocs\ProyectoClinica_ci\system\Database\BaseBuilder.php(1913): CodeIgniter\Database\BaseConnection->query('UPDATE `persona...', Array, false)
#4 C:\xampp\htdocs\ProyectoClinica_ci\system\Model.php(298): CodeIgniter\Database\BaseBuilder->update()
#5 C:\xampp\htdocs\ProyectoClinica_ci\system\BaseModel.php(865): CodeIgniter\Model->doUpdate(Array, Array)
#6 C:\xampp\htdocs\ProyectoClinica_ci\system\Model.php(651): CodeIgniter\BaseModel->update(Array, Array)
#7 C:\xampp\htdocs\ProyectoClinica_ci\app\Controllers\PersonalMedico.php(195): CodeIgniter\Model->update('27', Array)
#8 C:\xampp\htdocs\ProyectoClinica_ci\system\CodeIgniter.php(832): App\Controllers\PersonalMedico->actualizarDatos('27')
#9 C:\xampp\htdocs\ProyectoClinica_ci\system\CodeIgniter.php(419): CodeIgniter\CodeIgniter->runController(Object(App\Controllers\PersonalMedico))
#10 C:\xampp\htdocs\ProyectoClinica_ci\system\CodeIgniter.php(326): CodeIgniter\CodeIgniter->handleRequest(NULL, Object(Config\Cache), false)
#11 C:\xampp\htdocs\ProyectoClinica_ci\index.php(37): CodeIgniter\CodeIgniter->run()
#12 {main}
ERROR - 2022-11-09 21:51:47 --> Cannot add or update a child row: a foreign key constraint fails (`db_clinica`.`personal`, CONSTRAINT `personal_ibfk_2` FOREIGN KEY (`idTipoTrabajador`) REFERENCES `tipotrabajador` (`idTipoTrabajador`))
CRITICAL - 2022-11-09 21:51:47 --> Cannot add or update a child row: a foreign key constraint fails (`db_clinica`.`personal`, CONSTRAINT `personal_ibfk_2` FOREIGN KEY (`idTipoTrabajador`) REFERENCES `tipotrabajador` (`idTipoTrabajador`))
#0 C:\xampp\htdocs\ProyectoClinica_ci\system\Database\MySQLi\Connection.php(292): mysqli->query('UPDATE `persona...', 0)
#1 C:\xampp\htdocs\ProyectoClinica_ci\system\Database\BaseConnection.php(670): CodeIgniter\Database\MySQLi\Connection->execute('UPDATE `persona...')
#2 C:\xampp\htdocs\ProyectoClinica_ci\system\Database\BaseConnection.php(598): CodeIgniter\Database\BaseConnection->simpleQuery('UPDATE `persona...')
#3 C:\xampp\htdocs\ProyectoClinica_ci\system\Database\BaseBuilder.php(1913): CodeIgniter\Database\BaseConnection->query('UPDATE `persona...', Array, false)
#4 C:\xampp\htdocs\ProyectoClinica_ci\system\Model.php(298): CodeIgniter\Database\BaseBuilder->update()
#5 C:\xampp\htdocs\ProyectoClinica_ci\system\BaseModel.php(865): CodeIgniter\Model->doUpdate(Array, Array)
#6 C:\xampp\htdocs\ProyectoClinica_ci\system\Model.php(651): CodeIgniter\BaseModel->update(Array, Array)
#7 C:\xampp\htdocs\ProyectoClinica_ci\app\Controllers\PersonalMedico.php(195): CodeIgniter\Model->update('27', Array)
#8 C:\xampp\htdocs\ProyectoClinica_ci\system\CodeIgniter.php(832): App\Controllers\PersonalMedico->actualizarDatos('27')
#9 C:\xampp\htdocs\ProyectoClinica_ci\system\CodeIgniter.php(419): CodeIgniter\CodeIgniter->runController(Object(App\Controllers\PersonalMedico))
#10 C:\xampp\htdocs\ProyectoClinica_ci\system\CodeIgniter.php(326): CodeIgniter\CodeIgniter->handleRequest(NULL, Object(Config\Cache), false)
#11 C:\xampp\htdocs\ProyectoClinica_ci\index.php(37): CodeIgniter\CodeIgniter->run()
#12 {main}
=======
CRITICAL - 2022-11-09 18:54:15 --> There is no data to insert.
#0 C:\xampp\htdocs\ProyectoClinica_ci\system\BaseModel.php(718): CodeIgniter\Database\Exceptions\DataException::forEmptyDataset('insert')
#1 C:\xampp\htdocs\ProyectoClinica_ci\system\Model.php(625): CodeIgniter\BaseModel->insert(Array, false)
#2 C:\xampp\htdocs\ProyectoClinica_ci\system\BaseModel.php(658): CodeIgniter\Model->insert(Array, false)
#3 C:\xampp\htdocs\ProyectoClinica_ci\app\Controllers\Usuarios.php(62): CodeIgniter\BaseModel->save(Array)
#4 C:\xampp\htdocs\ProyectoClinica_ci\system\CodeIgniter.php(832): App\Controllers\Usuarios->registrarDatos()
#5 C:\xampp\htdocs\ProyectoClinica_ci\system\CodeIgniter.php(419): CodeIgniter\CodeIgniter->runController(Object(App\Controllers\Usuarios))
#6 C:\xampp\htdocs\ProyectoClinica_ci\system\CodeIgniter.php(326): CodeIgniter\CodeIgniter->handleRequest(NULL, Object(Config\Cache), false)
#7 C:\xampp\htdocs\ProyectoClinica_ci\index.php(37): CodeIgniter\CodeIgniter->run()
#8 {main}
CRITICAL - 2022-11-09 18:59:52 --> There is no data to insert.
#0 C:\xampp\htdocs\ProyectoClinica_ci\system\BaseModel.php(718): CodeIgniter\Database\Exceptions\DataException::forEmptyDataset('insert')
#1 C:\xampp\htdocs\ProyectoClinica_ci\system\Model.php(625): CodeIgniter\BaseModel->insert(Array, false)
#2 C:\xampp\htdocs\ProyectoClinica_ci\system\BaseModel.php(658): CodeIgniter\Model->insert(Array, false)
#3 C:\xampp\htdocs\ProyectoClinica_ci\app\Controllers\Usuarios.php(62): CodeIgniter\BaseModel->save(Array)
#4 C:\xampp\htdocs\ProyectoClinica_ci\system\CodeIgniter.php(832): App\Controllers\Usuarios->registrarDatos()
#5 C:\xampp\htdocs\ProyectoClinica_ci\system\CodeIgniter.php(419): CodeIgniter\CodeIgniter->runController(Object(App\Controllers\Usuarios))
#6 C:\xampp\htdocs\ProyectoClinica_ci\system\CodeIgniter.php(326): CodeIgniter\CodeIgniter->handleRequest(NULL, Object(Config\Cache), false)
#7 C:\xampp\htdocs\ProyectoClinica_ci\index.php(37): CodeIgniter\CodeIgniter->run()
#8 {main}
CRITICAL - 2022-11-09 19:00:23 --> There is no data to insert.
#0 C:\xampp\htdocs\ProyectoClinica_ci\system\BaseModel.php(718): CodeIgniter\Database\Exceptions\DataException::forEmptyDataset('insert')
#1 C:\xampp\htdocs\ProyectoClinica_ci\system\Model.php(625): CodeIgniter\BaseModel->insert(Array, false)
#2 C:\xampp\htdocs\ProyectoClinica_ci\system\BaseModel.php(658): CodeIgniter\Model->insert(Array, false)
#3 C:\xampp\htdocs\ProyectoClinica_ci\app\Controllers\Usuarios.php(62): CodeIgniter\BaseModel->save(Array)
#4 C:\xampp\htdocs\ProyectoClinica_ci\system\CodeIgniter.php(832): App\Controllers\Usuarios->registrarDatos()
#5 C:\xampp\htdocs\ProyectoClinica_ci\system\CodeIgniter.php(419): CodeIgniter\CodeIgniter->runController(Object(App\Controllers\Usuarios))
#6 C:\xampp\htdocs\ProyectoClinica_ci\system\CodeIgniter.php(326): CodeIgniter\CodeIgniter->handleRequest(NULL, Object(Config\Cache), false)
#7 C:\xampp\htdocs\ProyectoClinica_ci\index.php(37): CodeIgniter\CodeIgniter->run()
#8 {main}
CRITICAL - 2022-11-09 19:00:38 --> There is no data to insert.
#0 C:\xampp\htdocs\ProyectoClinica_ci\system\BaseModel.php(718): CodeIgniter\Database\Exceptions\DataException::forEmptyDataset('insert')
#1 C:\xampp\htdocs\ProyectoClinica_ci\system\Model.php(625): CodeIgniter\BaseModel->insert(Array, false)
#2 C:\xampp\htdocs\ProyectoClinica_ci\system\BaseModel.php(658): CodeIgniter\Model->insert(Array, false)
#3 C:\xampp\htdocs\ProyectoClinica_ci\app\Controllers\Usuarios.php(62): CodeIgniter\BaseModel->save(Array)
#4 C:\xampp\htdocs\ProyectoClinica_ci\system\CodeIgniter.php(832): App\Controllers\Usuarios->registrarDatos()
#5 C:\xampp\htdocs\ProyectoClinica_ci\system\CodeIgniter.php(419): CodeIgniter\CodeIgniter->runController(Object(App\Controllers\Usuarios))
#6 C:\xampp\htdocs\ProyectoClinica_ci\system\CodeIgniter.php(326): CodeIgniter\CodeIgniter->handleRequest(NULL, Object(Config\Cache), false)
#7 C:\xampp\htdocs\ProyectoClinica_ci\index.php(37): CodeIgniter\CodeIgniter->run()
#8 {main}
CRITICAL - 2022-11-09 19:01:21 --> There is no data to insert.
#0 C:\xampp\htdocs\ProyectoClinica_ci\system\BaseModel.php(718): CodeIgniter\Database\Exceptions\DataException::forEmptyDataset('insert')
#1 C:\xampp\htdocs\ProyectoClinica_ci\system\Model.php(625): CodeIgniter\BaseModel->insert(Array, false)
#2 C:\xampp\htdocs\ProyectoClinica_ci\system\BaseModel.php(658): CodeIgniter\Model->insert(Array, false)
#3 C:\xampp\htdocs\ProyectoClinica_ci\app\Controllers\Usuarios.php(62): CodeIgniter\BaseModel->save(Array)
#4 C:\xampp\htdocs\ProyectoClinica_ci\system\CodeIgniter.php(832): App\Controllers\Usuarios->registrarDatos()
#5 C:\xampp\htdocs\ProyectoClinica_ci\system\CodeIgniter.php(419): CodeIgniter\CodeIgniter->runController(Object(App\Controllers\Usuarios))
#6 C:\xampp\htdocs\ProyectoClinica_ci\system\CodeIgniter.php(326): CodeIgniter\CodeIgniter->handleRequest(NULL, Object(Config\Cache), false)
#7 C:\xampp\htdocs\ProyectoClinica_ci\index.php(37): CodeIgniter\CodeIgniter->run()
#8 {main}
CRITICAL - 2022-11-09 19:01:24 --> There is no data to insert.
#0 C:\xampp\htdocs\ProyectoClinica_ci\system\BaseModel.php(718): CodeIgniter\Database\Exceptions\DataException::forEmptyDataset('insert')
#1 C:\xampp\htdocs\ProyectoClinica_ci\system\Model.php(625): CodeIgniter\BaseModel->insert(Array, false)
#2 C:\xampp\htdocs\ProyectoClinica_ci\system\BaseModel.php(658): CodeIgniter\Model->insert(Array, false)
#3 C:\xampp\htdocs\ProyectoClinica_ci\app\Controllers\Usuarios.php(62): CodeIgniter\BaseModel->save(Array)
#4 C:\xampp\htdocs\ProyectoClinica_ci\system\CodeIgniter.php(832): App\Controllers\Usuarios->registrarDatos()
#5 C:\xampp\htdocs\ProyectoClinica_ci\system\CodeIgniter.php(419): CodeIgniter\CodeIgniter->runController(Object(App\Controllers\Usuarios))
#6 C:\xampp\htdocs\ProyectoClinica_ci\system\CodeIgniter.php(326): CodeIgniter\CodeIgniter->handleRequest(NULL, Object(Config\Cache), false)
#7 C:\xampp\htdocs\ProyectoClinica_ci\index.php(37): CodeIgniter\CodeIgniter->run()
#8 {main}
CRITICAL - 2022-11-09 19:01:28 --> There is no data to insert.
#0 C:\xampp\htdocs\ProyectoClinica_ci\system\BaseModel.php(718): CodeIgniter\Database\Exceptions\DataException::forEmptyDataset('insert')
#1 C:\xampp\htdocs\ProyectoClinica_ci\system\Model.php(625): CodeIgniter\BaseModel->insert(Array, false)
#2 C:\xampp\htdocs\ProyectoClinica_ci\system\BaseModel.php(658): CodeIgniter\Model->insert(Array, false)
#3 C:\xampp\htdocs\ProyectoClinica_ci\app\Controllers\Usuarios.php(62): CodeIgniter\BaseModel->save(Array)
#4 C:\xampp\htdocs\ProyectoClinica_ci\system\CodeIgniter.php(832): App\Controllers\Usuarios->registrarDatos()
#5 C:\xampp\htdocs\ProyectoClinica_ci\system\CodeIgniter.php(419): CodeIgniter\CodeIgniter->runController(Object(App\Controllers\Usuarios))
#6 C:\xampp\htdocs\ProyectoClinica_ci\system\CodeIgniter.php(326): CodeIgniter\CodeIgniter->handleRequest(NULL, Object(Config\Cache), false)
#7 C:\xampp\htdocs\ProyectoClinica_ci\index.php(37): CodeIgniter\CodeIgniter->run()
#8 {main}
CRITICAL - 2022-11-09 19:03:27 --> There is no data to insert.
#0 C:\xampp\htdocs\ProyectoClinica_ci\system\BaseModel.php(718): CodeIgniter\Database\Exceptions\DataException::forEmptyDataset('insert')
#1 C:\xampp\htdocs\ProyectoClinica_ci\system\Model.php(625): CodeIgniter\BaseModel->insert(Array, false)
#2 C:\xampp\htdocs\ProyectoClinica_ci\system\BaseModel.php(658): CodeIgniter\Model->insert(Array, false)
#3 C:\xampp\htdocs\ProyectoClinica_ci\app\Controllers\Usuarios.php(62): CodeIgniter\BaseModel->save(Array)
#4 C:\xampp\htdocs\ProyectoClinica_ci\system\CodeIgniter.php(832): App\Controllers\Usuarios->registrarDatos()
#5 C:\xampp\htdocs\ProyectoClinica_ci\system\CodeIgniter.php(419): CodeIgniter\CodeIgniter->runController(Object(App\Controllers\Usuarios))
#6 C:\xampp\htdocs\ProyectoClinica_ci\system\CodeIgniter.php(326): CodeIgniter\CodeIgniter->handleRequest(NULL, Object(Config\Cache), false)
#7 C:\xampp\htdocs\ProyectoClinica_ci\index.php(37): CodeIgniter\CodeIgniter->run()
#8 {main}
CRITICAL - 2022-11-09 19:03:37 --> There is no data to insert.
#0 C:\xampp\htdocs\ProyectoClinica_ci\system\BaseModel.php(718): CodeIgniter\Database\Exceptions\DataException::forEmptyDataset('insert')
#1 C:\xampp\htdocs\ProyectoClinica_ci\system\Model.php(625): CodeIgniter\BaseModel->insert(Array, false)
#2 C:\xampp\htdocs\ProyectoClinica_ci\system\BaseModel.php(658): CodeIgniter\Model->insert(Array, false)
#3 C:\xampp\htdocs\ProyectoClinica_ci\app\Controllers\Usuarios.php(62): CodeIgniter\BaseModel->save(Array)
#4 C:\xampp\htdocs\ProyectoClinica_ci\system\CodeIgniter.php(832): App\Controllers\Usuarios->registrarDatos()
#5 C:\xampp\htdocs\ProyectoClinica_ci\system\CodeIgniter.php(419): CodeIgniter\CodeIgniter->runController(Object(App\Controllers\Usuarios))
#6 C:\xampp\htdocs\ProyectoClinica_ci\system\CodeIgniter.php(326): CodeIgniter\CodeIgniter->handleRequest(NULL, Object(Config\Cache), false)
#7 C:\xampp\htdocs\ProyectoClinica_ci\index.php(37): CodeIgniter\CodeIgniter->run()
#8 {main}
CRITICAL - 2022-11-09 19:06:27 --> There is no data to insert.
#0 C:\xampp\htdocs\ProyectoClinica_ci\system\BaseModel.php(718): CodeIgniter\Database\Exceptions\DataException::forEmptyDataset('insert')
#1 C:\xampp\htdocs\ProyectoClinica_ci\system\Model.php(625): CodeIgniter\BaseModel->insert(Array, false)
#2 C:\xampp\htdocs\ProyectoClinica_ci\system\BaseModel.php(658): CodeIgniter\Model->insert(Array, false)
#3 C:\xampp\htdocs\ProyectoClinica_ci\app\Controllers\Usuarios.php(62): CodeIgniter\BaseModel->save(Array)
#4 C:\xampp\htdocs\ProyectoClinica_ci\system\CodeIgniter.php(832): App\Controllers\Usuarios->registrarDatos()
#5 C:\xampp\htdocs\ProyectoClinica_ci\system\CodeIgniter.php(419): CodeIgniter\CodeIgniter->runController(Object(App\Controllers\Usuarios))
#6 C:\xampp\htdocs\ProyectoClinica_ci\system\CodeIgniter.php(326): CodeIgniter\CodeIgniter->handleRequest(NULL, Object(Config\Cache), false)
#7 C:\xampp\htdocs\ProyectoClinica_ci\index.php(37): CodeIgniter\CodeIgniter->run()
#8 {main}
CRITICAL - 2022-11-09 19:06:35 --> There is no data to insert.
#0 C:\xampp\htdocs\ProyectoClinica_ci\system\BaseModel.php(718): CodeIgniter\Database\Exceptions\DataException::forEmptyDataset('insert')
#1 C:\xampp\htdocs\ProyectoClinica_ci\system\Model.php(625): CodeIgniter\BaseModel->insert(Array, false)
#2 C:\xampp\htdocs\ProyectoClinica_ci\system\BaseModel.php(658): CodeIgniter\Model->insert(Array, false)
#3 C:\xampp\htdocs\ProyectoClinica_ci\app\Controllers\Usuarios.php(62): CodeIgniter\BaseModel->save(Array)
#4 C:\xampp\htdocs\ProyectoClinica_ci\system\CodeIgniter.php(832): App\Controllers\Usuarios->registrarDatos()
#5 C:\xampp\htdocs\ProyectoClinica_ci\system\CodeIgniter.php(419): CodeIgniter\CodeIgniter->runController(Object(App\Controllers\Usuarios))
#6 C:\xampp\htdocs\ProyectoClinica_ci\system\CodeIgniter.php(326): CodeIgniter\CodeIgniter->handleRequest(NULL, Object(Config\Cache), false)
#7 C:\xampp\htdocs\ProyectoClinica_ci\index.php(37): CodeIgniter\CodeIgniter->run()
#8 {main}
CRITICAL - 2022-11-09 19:13:49 --> There is no data to insert.
#0 C:\xampp\htdocs\ProyectoClinica_ci\system\BaseModel.php(718): CodeIgniter\Database\Exceptions\DataException::forEmptyDataset('insert')
#1 C:\xampp\htdocs\ProyectoClinica_ci\system\Model.php(625): CodeIgniter\BaseModel->insert(Array, false)
#2 C:\xampp\htdocs\ProyectoClinica_ci\system\BaseModel.php(658): CodeIgniter\Model->insert(Array, false)
#3 C:\xampp\htdocs\ProyectoClinica_ci\app\Controllers\Usuarios.php(62): CodeIgniter\BaseModel->save(Array)
#4 C:\xampp\htdocs\ProyectoClinica_ci\system\CodeIgniter.php(832): App\Controllers\Usuarios->registrarDatos()
#5 C:\xampp\htdocs\ProyectoClinica_ci\system\CodeIgniter.php(419): CodeIgniter\CodeIgniter->runController(Object(App\Controllers\Usuarios))
#6 C:\xampp\htdocs\ProyectoClinica_ci\system\CodeIgniter.php(326): CodeIgniter\CodeIgniter->handleRequest(NULL, Object(Config\Cache), false)
#7 C:\xampp\htdocs\ProyectoClinica_ci\index.php(37): CodeIgniter\CodeIgniter->run()
#8 {main}
CRITICAL - 2022-11-09 19:14:11 --> There is no data to insert.
#0 C:\xampp\htdocs\ProyectoClinica_ci\system\BaseModel.php(718): CodeIgniter\Database\Exceptions\DataException::forEmptyDataset('insert')
#1 C:\xampp\htdocs\ProyectoClinica_ci\system\Model.php(625): CodeIgniter\BaseModel->insert(Array, false)
#2 C:\xampp\htdocs\ProyectoClinica_ci\system\BaseModel.php(658): CodeIgniter\Model->insert(Array, false)
#3 C:\xampp\htdocs\ProyectoClinica_ci\app\Controllers\Usuarios.php(62): CodeIgniter\BaseModel->save(Array)
#4 C:\xampp\htdocs\ProyectoClinica_ci\system\CodeIgniter.php(832): App\Controllers\Usuarios->registrarDatos()
#5 C:\xampp\htdocs\ProyectoClinica_ci\system\CodeIgniter.php(419): CodeIgniter\CodeIgniter->runController(Object(App\Controllers\Usuarios))
#6 C:\xampp\htdocs\ProyectoClinica_ci\system\CodeIgniter.php(326): CodeIgniter\CodeIgniter->handleRequest(NULL, Object(Config\Cache), false)
#7 C:\xampp\htdocs\ProyectoClinica_ci\index.php(37): CodeIgniter\CodeIgniter->run()
#8 {main}
CRITICAL - 2022-11-09 19:14:46 --> There is no data to insert.
#0 C:\xampp\htdocs\ProyectoClinica_ci\system\BaseModel.php(718): CodeIgniter\Database\Exceptions\DataException::forEmptyDataset('insert')
#1 C:\xampp\htdocs\ProyectoClinica_ci\system\Model.php(625): CodeIgniter\BaseModel->insert(Array, true)
#2 C:\xampp\htdocs\ProyectoClinica_ci\app\Controllers\Usuarios.php(62): CodeIgniter\Model->insert(Array)
#3 C:\xampp\htdocs\ProyectoClinica_ci\system\CodeIgniter.php(832): App\Controllers\Usuarios->registrarDatos()
#4 C:\xampp\htdocs\ProyectoClinica_ci\system\CodeIgniter.php(419): CodeIgniter\CodeIgniter->runController(Object(App\Controllers\Usuarios))
#5 C:\xampp\htdocs\ProyectoClinica_ci\system\CodeIgniter.php(326): CodeIgniter\CodeIgniter->handleRequest(NULL, Object(Config\Cache), false)
#6 C:\xampp\htdocs\ProyectoClinica_ci\index.php(37): CodeIgniter\CodeIgniter->run()
#7 {main}
CRITICAL - 2022-11-09 19:18:40 --> There is no data to insert.
#0 C:\xampp\htdocs\ProyectoClinica_ci\system\BaseModel.php(718): CodeIgniter\Database\Exceptions\DataException::forEmptyDataset('insert')
#1 C:\xampp\htdocs\ProyectoClinica_ci\system\Model.php(625): CodeIgniter\BaseModel->insert(Array, false)
#2 C:\xampp\htdocs\ProyectoClinica_ci\system\BaseModel.php(658): CodeIgniter\Model->insert(Array, false)
#3 C:\xampp\htdocs\ProyectoClinica_ci\app\Controllers\Usuarios.php(62): CodeIgniter\BaseModel->save(Array)
#4 C:\xampp\htdocs\ProyectoClinica_ci\system\CodeIgniter.php(832): App\Controllers\Usuarios->registrarDatos()
#5 C:\xampp\htdocs\ProyectoClinica_ci\system\CodeIgniter.php(419): CodeIgniter\CodeIgniter->runController(Object(App\Controllers\Usuarios))
#6 C:\xampp\htdocs\ProyectoClinica_ci\system\CodeIgniter.php(326): CodeIgniter\CodeIgniter->handleRequest(NULL, Object(Config\Cache), false)
#7 C:\xampp\htdocs\ProyectoClinica_ci\index.php(37): CodeIgniter\CodeIgniter->run()
#8 {main}
CRITICAL - 2022-11-09 19:18:53 --> There is no data to insert.
#0 C:\xampp\htdocs\ProyectoClinica_ci\system\BaseModel.php(718): CodeIgniter\Database\Exceptions\DataException::forEmptyDataset('insert')
#1 C:\xampp\htdocs\ProyectoClinica_ci\system\Model.php(625): CodeIgniter\BaseModel->insert(Array, false)
#2 C:\xampp\htdocs\ProyectoClinica_ci\system\BaseModel.php(658): CodeIgniter\Model->insert(Array, false)
#3 C:\xampp\htdocs\ProyectoClinica_ci\app\Controllers\Usuarios.php(63): CodeIgniter\BaseModel->save(Array)
#4 C:\xampp\htdocs\ProyectoClinica_ci\system\CodeIgniter.php(832): App\Controllers\Usuarios->registrarDatos()
#5 C:\xampp\htdocs\ProyectoClinica_ci\system\CodeIgniter.php(419): CodeIgniter\CodeIgniter->runController(Object(App\Controllers\Usuarios))
#6 C:\xampp\htdocs\ProyectoClinica_ci\system\CodeIgniter.php(326): CodeIgniter\CodeIgniter->handleRequest(NULL, Object(Config\Cache), false)
#7 C:\xampp\htdocs\ProyectoClinica_ci\index.php(37): CodeIgniter\CodeIgniter->run()
#8 {main}
ERROR - 2022-11-09 21:20:43 --> Column 'nombre' cannot be null
CRITICAL - 2022-11-09 21:20:43 --> Column 'nombre' cannot be null
#0 C:\xampp\htdocs\ProyectoClinica_ci\system\Database\MySQLi\Connection.php(292): mysqli->query('INSERT INTO `us...', 0)
#1 C:\xampp\htdocs\ProyectoClinica_ci\system\Database\BaseConnection.php(670): CodeIgniter\Database\MySQLi\Connection->execute('INSERT INTO `us...')
#2 C:\xampp\htdocs\ProyectoClinica_ci\system\Database\BaseConnection.php(598): CodeIgniter\Database\BaseConnection->simpleQuery('INSERT INTO `us...')
#3 C:\xampp\htdocs\ProyectoClinica_ci\system\Database\BaseBuilder.php(1771): CodeIgniter\Database\BaseConnection->query('INSERT INTO `us...', Array, false)
#4 C:\xampp\htdocs\ProyectoClinica_ci\system\Model.php(239): CodeIgniter\Database\BaseBuilder->insert()
#5 C:\xampp\htdocs\ProyectoClinica_ci\system\BaseModel.php(738): CodeIgniter\Model->doInsert(Array)
#6 C:\xampp\htdocs\ProyectoClinica_ci\system\Model.php(625): CodeIgniter\BaseModel->insert(Array, false)
#7 C:\xampp\htdocs\ProyectoClinica_ci\system\BaseModel.php(658): CodeIgniter\Model->insert(Array, false)
#8 C:\xampp\htdocs\ProyectoClinica_ci\app\Controllers\Usuarios.php(63): CodeIgniter\BaseModel->save(Array)
#9 C:\xampp\htdocs\ProyectoClinica_ci\system\CodeIgniter.php(832): App\Controllers\Usuarios->registrarDatos()
#10 C:\xampp\htdocs\ProyectoClinica_ci\system\CodeIgniter.php(419): CodeIgniter\CodeIgniter->runController(Object(App\Controllers\Usuarios))
#11 C:\xampp\htdocs\ProyectoClinica_ci\system\CodeIgniter.php(326): CodeIgniter\CodeIgniter->handleRequest(NULL, Object(Config\Cache), false)
#12 C:\xampp\htdocs\ProyectoClinica_ci\index.php(37): CodeIgniter\CodeIgniter->run()
#13 {main}
ERROR - 2022-11-09 21:21:16 --> Column 'nombre' cannot be null
CRITICAL - 2022-11-09 21:21:16 --> Column 'nombre' cannot be null
#0 C:\xampp\htdocs\ProyectoClinica_ci\system\Database\MySQLi\Connection.php(292): mysqli->query('INSERT INTO `us...', 0)
#1 C:\xampp\htdocs\ProyectoClinica_ci\system\Database\BaseConnection.php(670): CodeIgniter\Database\MySQLi\Connection->execute('INSERT INTO `us...')
#2 C:\xampp\htdocs\ProyectoClinica_ci\system\Database\BaseConnection.php(598): CodeIgniter\Database\BaseConnection->simpleQuery('INSERT INTO `us...')
#3 C:\xampp\htdocs\ProyectoClinica_ci\system\Database\BaseBuilder.php(1771): CodeIgniter\Database\BaseConnection->query('INSERT INTO `us...', Array, false)
#4 C:\xampp\htdocs\ProyectoClinica_ci\system\Model.php(239): CodeIgniter\Database\BaseBuilder->insert()
#5 C:\xampp\htdocs\ProyectoClinica_ci\system\BaseModel.php(738): CodeIgniter\Model->doInsert(Array)
#6 C:\xampp\htdocs\ProyectoClinica_ci\system\Model.php(625): CodeIgniter\BaseModel->insert(Array, false)
#7 C:\xampp\htdocs\ProyectoClinica_ci\system\BaseModel.php(658): CodeIgniter\Model->insert(Array, false)
#8 C:\xampp\htdocs\ProyectoClinica_ci\app\Controllers\Usuarios.php(63): CodeIgniter\BaseModel->save(Array)
#9 C:\xampp\htdocs\ProyectoClinica_ci\system\CodeIgniter.php(832): App\Controllers\Usuarios->registrarDatos()
#10 C:\xampp\htdocs\ProyectoClinica_ci\system\CodeIgniter.php(419): CodeIgniter\CodeIgniter->runController(Object(App\Controllers\Usuarios))
#11 C:\xampp\htdocs\ProyectoClinica_ci\system\CodeIgniter.php(326): CodeIgniter\CodeIgniter->handleRequest(NULL, Object(Config\Cache), false)
#12 C:\xampp\htdocs\ProyectoClinica_ci\index.php(37): CodeIgniter\CodeIgniter->run()
#13 {main}
ERROR - 2022-11-09 21:22:39 --> Column 'nombre' cannot be null
CRITICAL - 2022-11-09 21:22:39 --> Column 'nombre' cannot be null
#0 C:\xampp\htdocs\ProyectoClinica_ci\system\Database\MySQLi\Connection.php(292): mysqli->query('INSERT INTO `us...', 0)
#1 C:\xampp\htdocs\ProyectoClinica_ci\system\Database\BaseConnection.php(670): CodeIgniter\Database\MySQLi\Connection->execute('INSERT INTO `us...')
#2 C:\xampp\htdocs\ProyectoClinica_ci\system\Database\BaseConnection.php(598): CodeIgniter\Database\BaseConnection->simpleQuery('INSERT INTO `us...')
#3 C:\xampp\htdocs\ProyectoClinica_ci\system\Database\BaseBuilder.php(1771): CodeIgniter\Database\BaseConnection->query('INSERT INTO `us...', Array, false)
#4 C:\xampp\htdocs\ProyectoClinica_ci\system\Model.php(239): CodeIgniter\Database\BaseBuilder->insert()
#5 C:\xampp\htdocs\ProyectoClinica_ci\system\BaseModel.php(738): CodeIgniter\Model->doInsert(Array)
#6 C:\xampp\htdocs\ProyectoClinica_ci\system\Model.php(625): CodeIgniter\BaseModel->insert(Array, false)
#7 C:\xampp\htdocs\ProyectoClinica_ci\system\BaseModel.php(658): CodeIgniter\Model->insert(Array, false)
#8 C:\xampp\htdocs\ProyectoClinica_ci\app\Controllers\Usuarios.php(63): CodeIgniter\BaseModel->save(Array)
#9 C:\xampp\htdocs\ProyectoClinica_ci\system\CodeIgniter.php(832): App\Controllers\Usuarios->registrarDatos()
#10 C:\xampp\htdocs\ProyectoClinica_ci\system\CodeIgniter.php(419): CodeIgniter\CodeIgniter->runController(Object(App\Controllers\Usuarios))
#11 C:\xampp\htdocs\ProyectoClinica_ci\system\CodeIgniter.php(326): CodeIgniter\CodeIgniter->handleRequest(NULL, Object(Config\Cache), false)
#12 C:\xampp\htdocs\ProyectoClinica_ci\index.php(37): CodeIgniter\CodeIgniter->run()
#13 {main}
ERROR - 2022-11-09 21:23:00 --> Column 'nombre' cannot be null
CRITICAL - 2022-11-09 21:23:00 --> Column 'nombre' cannot be null
#0 C:\xampp\htdocs\ProyectoClinica_ci\system\Database\MySQLi\Connection.php(292): mysqli->query('INSERT INTO `us...', 0)
#1 C:\xampp\htdocs\ProyectoClinica_ci\system\Database\BaseConnection.php(670): CodeIgniter\Database\MySQLi\Connection->execute('INSERT INTO `us...')
#2 C:\xampp\htdocs\ProyectoClinica_ci\system\Database\BaseConnection.php(598): CodeIgniter\Database\BaseConnection->simpleQuery('INSERT INTO `us...')
#3 C:\xampp\htdocs\ProyectoClinica_ci\system\Database\BaseBuilder.php(1771): CodeIgniter\Database\BaseConnection->query('INSERT INTO `us...', Array, false)
#4 C:\xampp\htdocs\ProyectoClinica_ci\system\Model.php(239): CodeIgniter\Database\BaseBuilder->insert()
#5 C:\xampp\htdocs\ProyectoClinica_ci\system\BaseModel.php(738): CodeIgniter\Model->doInsert(Array)
#6 C:\xampp\htdocs\ProyectoClinica_ci\system\Model.php(625): CodeIgniter\BaseModel->insert(Array, false)
#7 C:\xampp\htdocs\ProyectoClinica_ci\system\BaseModel.php(658): CodeIgniter\Model->insert(Array, false)
#8 C:\xampp\htdocs\ProyectoClinica_ci\app\Controllers\Usuarios.php(63): CodeIgniter\BaseModel->save(Array)
#9 C:\xampp\htdocs\ProyectoClinica_ci\system\CodeIgniter.php(832): App\Controllers\Usuarios->registrarDatos()
#10 C:\xampp\htdocs\ProyectoClinica_ci\system\CodeIgniter.php(419): CodeIgniter\CodeIgniter->runController(Object(App\Controllers\Usuarios))
#11 C:\xampp\htdocs\ProyectoClinica_ci\system\CodeIgniter.php(326): CodeIgniter\CodeIgniter->handleRequest(NULL, Object(Config\Cache), false)
#12 C:\xampp\htdocs\ProyectoClinica_ci\index.php(37): CodeIgniter\CodeIgniter->run()
#13 {main}
ERROR - 2022-11-09 21:25:16 --> Column 'nombre' cannot be null
CRITICAL - 2022-11-09 21:25:16 --> Column 'nombre' cannot be null
#0 C:\xampp\htdocs\ProyectoClinica_ci\system\Database\MySQLi\Connection.php(292): mysqli->query('INSERT INTO `us...', 0)
#1 C:\xampp\htdocs\ProyectoClinica_ci\system\Database\BaseConnection.php(670): CodeIgniter\Database\MySQLi\Connection->execute('INSERT INTO `us...')
#2 C:\xampp\htdocs\ProyectoClinica_ci\system\Database\BaseConnection.php(598): CodeIgniter\Database\BaseConnection->simpleQuery('INSERT INTO `us...')
#3 C:\xampp\htdocs\ProyectoClinica_ci\system\Database\BaseBuilder.php(1771): CodeIgniter\Database\BaseConnection->query('INSERT INTO `us...', Array, false)
#4 C:\xampp\htdocs\ProyectoClinica_ci\system\Model.php(239): CodeIgniter\Database\BaseBuilder->insert()
#5 C:\xampp\htdocs\ProyectoClinica_ci\system\BaseModel.php(738): CodeIgniter\Model->doInsert(Array)
#6 C:\xampp\htdocs\ProyectoClinica_ci\system\Model.php(625): CodeIgniter\BaseModel->insert(Array, false)
#7 C:\xampp\htdocs\ProyectoClinica_ci\system\BaseModel.php(658): CodeIgniter\Model->insert(Array, false)
#8 C:\xampp\htdocs\ProyectoClinica_ci\app\Controllers\Usuarios.php(63): CodeIgniter\BaseModel->save(Array)
#9 C:\xampp\htdocs\ProyectoClinica_ci\system\CodeIgniter.php(832): App\Controllers\Usuarios->registrarDatos()
#10 C:\xampp\htdocs\ProyectoClinica_ci\system\CodeIgniter.php(419): CodeIgniter\CodeIgniter->runController(Object(App\Controllers\Usuarios))
#11 C:\xampp\htdocs\ProyectoClinica_ci\system\CodeIgniter.php(326): CodeIgniter\CodeIgniter->handleRequest(NULL, Object(Config\Cache), false)
#12 C:\xampp\htdocs\ProyectoClinica_ci\index.php(37): CodeIgniter\CodeIgniter->run()
#13 {main}
CRITICAL - 2022-11-09 21:28:29 --> Undefined array key "rombreRol"
#0 C:\xampp\htdocs\ProyectoClinica_ci\app\Views\usuarios\usuarios.php(78): CodeIgniter\Debug\Exceptions->errorHandler(2, 'Undefined array...', 'C:\\xampp\\htdocs...', 78)
#1 C:\xampp\htdocs\ProyectoClinica_ci\system\View\View.php(210): include('C:\\xampp\\htdocs...')
#2 C:\xampp\htdocs\ProyectoClinica_ci\system\View\View.php(213): CodeIgniter\View\View->CodeIgniter\View\{closure}()
#3 C:\xampp\htdocs\ProyectoClinica_ci\system\Common.php(1089): CodeIgniter\View\View->render('usuarios/usuari...', Array, true)
#4 C:\xampp\htdocs\ProyectoClinica_ci\app\Views\index.php(134): view('usuarios/usuari...')
#5 C:\xampp\htdocs\ProyectoClinica_ci\system\View\View.php(210): include('C:\\xampp\\htdocs...')
#6 C:\xampp\htdocs\ProyectoClinica_ci\system\View\View.php(213): CodeIgniter\View\View->CodeIgniter\View\{closure}()
#7 C:\xampp\htdocs\ProyectoClinica_ci\system\Common.php(1089): CodeIgniter\View\View->render('index', Array, true)
#8 C:\xampp\htdocs\ProyectoClinica_ci\app\Controllers\Usuarios.php(22): view('index', Array)
#9 C:\xampp\htdocs\ProyectoClinica_ci\system\CodeIgniter.php(832): App\Controllers\Usuarios->index()
#10 C:\xampp\htdocs\ProyectoClinica_ci\system\CodeIgniter.php(419): CodeIgniter\CodeIgniter->runController(Object(App\Controllers\Usuarios))
#11 C:\xampp\htdocs\ProyectoClinica_ci\system\CodeIgniter.php(326): CodeIgniter\CodeIgniter->handleRequest(NULL, Object(Config\Cache), false)
#12 C:\xampp\htdocs\ProyectoClinica_ci\index.php(37): CodeIgniter\CodeIgniter->run()
#13 {main}
CRITICAL - 2022-11-09 21:28:36 --> Undefined array key "rombreRol"
#0 C:\xampp\htdocs\ProyectoClinica_ci\app\Views\usuarios\usuarios.php(78): CodeIgniter\Debug\Exceptions->errorHandler(2, 'Undefined array...', 'C:\\xampp\\htdocs...', 78)
#1 C:\xampp\htdocs\ProyectoClinica_ci\system\View\View.php(210): include('C:\\xampp\\htdocs...')
#2 C:\xampp\htdocs\ProyectoClinica_ci\system\View\View.php(213): CodeIgniter\View\View->CodeIgniter\View\{closure}()
#3 C:\xampp\htdocs\ProyectoClinica_ci\system\Common.php(1089): CodeIgniter\View\View->render('usuarios/usuari...', Array, true)
#4 C:\xampp\htdocs\ProyectoClinica_ci\app\Views\index.php(134): view('usuarios/usuari...')
#5 C:\xampp\htdocs\ProyectoClinica_ci\system\View\View.php(210): include('C:\\xampp\\htdocs...')
#6 C:\xampp\htdocs\ProyectoClinica_ci\system\View\View.php(213): CodeIgniter\View\View->CodeIgniter\View\{closure}()
#7 C:\xampp\htdocs\ProyectoClinica_ci\system\Common.php(1089): CodeIgniter\View\View->render('index', Array, true)
#8 C:\xampp\htdocs\ProyectoClinica_ci\app\Controllers\Usuarios.php(22): view('index', Array)
#9 C:\xampp\htdocs\ProyectoClinica_ci\system\CodeIgniter.php(832): App\Controllers\Usuarios->index()
#10 C:\xampp\htdocs\ProyectoClinica_ci\system\CodeIgniter.php(419): CodeIgniter\CodeIgniter->runController(Object(App\Controllers\Usuarios))
#11 C:\xampp\htdocs\ProyectoClinica_ci\system\CodeIgniter.php(326): CodeIgniter\CodeIgniter->handleRequest(NULL, Object(Config\Cache), false)
#12 C:\xampp\htdocs\ProyectoClinica_ci\index.php(37): CodeIgniter\CodeIgniter->run()
#13 {main}
ERROR - 2022-11-09 21:34:03 --> Column 'nombre' cannot be null
CRITICAL - 2022-11-09 21:34:03 --> Column 'nombre' cannot be null
#0 C:\xampp\htdocs\ProyectoClinica_ci\system\Database\MySQLi\Connection.php(292): mysqli->query('INSERT INTO `us...', 0)
#1 C:\xampp\htdocs\ProyectoClinica_ci\system\Database\BaseConnection.php(670): CodeIgniter\Database\MySQLi\Connection->execute('INSERT INTO `us...')
#2 C:\xampp\htdocs\ProyectoClinica_ci\system\Database\BaseConnection.php(598): CodeIgniter\Database\BaseConnection->simpleQuery('INSERT INTO `us...')
#3 C:\xampp\htdocs\ProyectoClinica_ci\system\Database\BaseBuilder.php(1771): CodeIgniter\Database\BaseConnection->query('INSERT INTO `us...', Array, false)
#4 C:\xampp\htdocs\ProyectoClinica_ci\system\Model.php(239): CodeIgniter\Database\BaseBuilder->insert()
#5 C:\xampp\htdocs\ProyectoClinica_ci\system\BaseModel.php(738): CodeIgniter\Model->doInsert(Array)
#6 C:\xampp\htdocs\ProyectoClinica_ci\system\Model.php(625): CodeIgniter\BaseModel->insert(Array, false)
#7 C:\xampp\htdocs\ProyectoClinica_ci\system\BaseModel.php(658): CodeIgniter\Model->insert(Array, false)
#8 C:\xampp\htdocs\ProyectoClinica_ci\app\Controllers\Usuarios.php(63): CodeIgniter\BaseModel->save(Array)
#9 C:\xampp\htdocs\ProyectoClinica_ci\system\CodeIgniter.php(832): App\Controllers\Usuarios->registrarDatos()
#10 C:\xampp\htdocs\ProyectoClinica_ci\system\CodeIgniter.php(419): CodeIgniter\CodeIgniter->runController(Object(App\Controllers\Usuarios))
#11 C:\xampp\htdocs\ProyectoClinica_ci\system\CodeIgniter.php(326): CodeIgniter\CodeIgniter->handleRequest(NULL, Object(Config\Cache), false)
#12 C:\xampp\htdocs\ProyectoClinica_ci\index.php(37): CodeIgniter\CodeIgniter->run()
#13 {main}
ERROR - 2022-11-09 21:34:40 --> Column 'nombre' cannot be null
CRITICAL - 2022-11-09 21:34:40 --> Column 'nombre' cannot be null
#0 C:\xampp\htdocs\ProyectoClinica_ci\system\Database\MySQLi\Connection.php(292): mysqli->query('INSERT INTO `us...', 0)
#1 C:\xampp\htdocs\ProyectoClinica_ci\system\Database\BaseConnection.php(670): CodeIgniter\Database\MySQLi\Connection->execute('INSERT INTO `us...')
#2 C:\xampp\htdocs\ProyectoClinica_ci\system\Database\BaseConnection.php(598): CodeIgniter\Database\BaseConnection->simpleQuery('INSERT INTO `us...')
#3 C:\xampp\htdocs\ProyectoClinica_ci\system\Database\BaseBuilder.php(1771): CodeIgniter\Database\BaseConnection->query('INSERT INTO `us...', Array, false)
#4 C:\xampp\htdocs\ProyectoClinica_ci\system\Model.php(239): CodeIgniter\Database\BaseBuilder->insert()
#5 C:\xampp\htdocs\ProyectoClinica_ci\system\BaseModel.php(738): CodeIgniter\Model->doInsert(Array)
#6 C:\xampp\htdocs\ProyectoClinica_ci\system\Model.php(625): CodeIgniter\BaseModel->insert(Array, false)
#7 C:\xampp\htdocs\ProyectoClinica_ci\system\BaseModel.php(658): CodeIgniter\Model->insert(Array, false)
#8 C:\xampp\htdocs\ProyectoClinica_ci\app\Controllers\Usuarios.php(63): CodeIgniter\BaseModel->save(Array)
#9 C:\xampp\htdocs\ProyectoClinica_ci\system\CodeIgniter.php(832): App\Controllers\Usuarios->registrarDatos()
#10 C:\xampp\htdocs\ProyectoClinica_ci\system\CodeIgniter.php(419): CodeIgniter\CodeIgniter->runController(Object(App\Controllers\Usuarios))
#11 C:\xampp\htdocs\ProyectoClinica_ci\system\CodeIgniter.php(326): CodeIgniter\CodeIgniter->handleRequest(NULL, Object(Config\Cache), false)
#12 C:\xampp\htdocs\ProyectoClinica_ci\index.php(37): CodeIgniter\CodeIgniter->run()
#13 {main}
CRITICAL - 2022-11-09 21:43:35 --> Undefined variable $titulo
#0 C:\xampp\htdocs\ProyectoClinica_ci\app\Views\usuarios\usuarios.php(6): CodeIgniter\Debug\Exceptions->errorHandler(2, 'Undefined varia...', 'C:\\xampp\\htdocs...', 6)
#1 C:\xampp\htdocs\ProyectoClinica_ci\system\View\View.php(210): include('C:\\xampp\\htdocs...')
#2 C:\xampp\htdocs\ProyectoClinica_ci\system\View\View.php(213): CodeIgniter\View\View->CodeIgniter\View\{closure}()
#3 C:\xampp\htdocs\ProyectoClinica_ci\system\Common.php(1089): CodeIgniter\View\View->render('usuarios/usuari...', Array, true)
#4 C:\xampp\htdocs\ProyectoClinica_ci\app\Views\index.php(134): view('usuarios/usuari...')
#5 C:\xampp\htdocs\ProyectoClinica_ci\system\View\View.php(210): include('C:\\xampp\\htdocs...')
#6 C:\xampp\htdocs\ProyectoClinica_ci\system\View\View.php(213): CodeIgniter\View\View->CodeIgniter\View\{closure}()
#7 C:\xampp\htdocs\ProyectoClinica_ci\system\Common.php(1089): CodeIgniter\View\View->render('index', Array, true)
#8 C:\xampp\htdocs\ProyectoClinica_ci\app\Controllers\Usuarios.php(22): view('index', Array)
#9 C:\xampp\htdocs\ProyectoClinica_ci\system\CodeIgniter.php(832): App\Controllers\Usuarios->index()
#10 C:\xampp\htdocs\ProyectoClinica_ci\system\CodeIgniter.php(419): CodeIgniter\CodeIgniter->runController(Object(App\Controllers\Usuarios))
#11 C:\xampp\htdocs\ProyectoClinica_ci\system\CodeIgniter.php(326): CodeIgniter\CodeIgniter->handleRequest(NULL, Object(Config\Cache), false)
#12 C:\xampp\htdocs\ProyectoClinica_ci\index.php(37): CodeIgniter\CodeIgniter->run()
#13 {main}
CRITICAL - 2022-11-09 21:57:46 --> Undefined array key "nameUsuario"
#0 C:\xampp\htdocs\ProyectoClinica_ci\app\Views\usuarios\actualizar.php(64): CodeIgniter\Debug\Exceptions->errorHandler(2, 'Undefined array...', 'C:\\xampp\\htdocs...', 64)
#1 C:\xampp\htdocs\ProyectoClinica_ci\system\View\View.php(210): include('C:\\xampp\\htdocs...')
#2 C:\xampp\htdocs\ProyectoClinica_ci\system\View\View.php(213): CodeIgniter\View\View->CodeIgniter\View\{closure}()
#3 C:\xampp\htdocs\ProyectoClinica_ci\system\Common.php(1089): CodeIgniter\View\View->render('usuarios/actual...', Array, true)
#4 C:\xampp\htdocs\ProyectoClinica_ci\app\Views\index.php(134): view('usuarios/actual...')
#5 C:\xampp\htdocs\ProyectoClinica_ci\system\View\View.php(210): include('C:\\xampp\\htdocs...')
#6 C:\xampp\htdocs\ProyectoClinica_ci\system\View\View.php(213): CodeIgniter\View\View->CodeIgniter\View\{closure}()
#7 C:\xampp\htdocs\ProyectoClinica_ci\system\Common.php(1089): CodeIgniter\View\View->render('index', Array, true)
#8 C:\xampp\htdocs\ProyectoClinica_ci\app\Controllers\Usuarios.php(81): view('index', Array)
#9 C:\xampp\htdocs\ProyectoClinica_ci\system\CodeIgniter.php(832): App\Controllers\Usuarios->verRegistro('1')
#10 C:\xampp\htdocs\ProyectoClinica_ci\system\CodeIgniter.php(419): CodeIgniter\CodeIgniter->runController(Object(App\Controllers\Usuarios))
#11 C:\xampp\htdocs\ProyectoClinica_ci\system\CodeIgniter.php(326): CodeIgniter\CodeIgniter->handleRequest(NULL, Object(Config\Cache), false)
#12 C:\xampp\htdocs\ProyectoClinica_ci\index.php(37): CodeIgniter\CodeIgniter->run()
#13 {main}
>>>>>>> 146ddc4bca62f048c41f4f8c67cb9c900e7fb454
