CRITICAL - 2023-03-22 13:17:15 --> Too few arguments to function App\Controllers\Caja::mostrarPacienteIDgeneral(), 0 passed in C:\laragon\www\ProyectoClinica_ci\system\CodeIgniter.php on line 832 and exactly 1 expected
#0 C:\laragon\www\ProyectoClinica_ci\system\CodeIgniter.php(832): App\Controllers\Caja->mostrarPacienteIDgeneral()
#1 C:\laragon\www\ProyectoClinica_ci\system\CodeIgniter.php(419): CodeIgniter\CodeIgniter->runController(Object(App\Controllers\Caja))
#2 C:\laragon\www\ProyectoClinica_ci\system\CodeIgniter.php(326): CodeIgniter\CodeIgniter->handleRequest(NULL, Object(Config\Cache), false)
#3 C:\laragon\www\ProyectoClinica_ci\index.php(37): CodeIgniter\CodeIgniter->run()
#4 {main}
CRITICAL - 2023-03-22 13:17:28 --> Too few arguments to function App\Controllers\Caja::mostrarPacienteIDgeneral(), 0 passed in C:\laragon\www\ProyectoClinica_ci\system\CodeIgniter.php on line 832 and exactly 1 expected
#0 C:\laragon\www\ProyectoClinica_ci\system\CodeIgniter.php(832): App\Controllers\Caja->mostrarPacienteIDgeneral()
#1 C:\laragon\www\ProyectoClinica_ci\system\CodeIgniter.php(419): CodeIgniter\CodeIgniter->runController(Object(App\Controllers\Caja))
#2 C:\laragon\www\ProyectoClinica_ci\system\CodeIgniter.php(326): CodeIgniter\CodeIgniter->handleRequest(NULL, Object(Config\Cache), false)
#3 C:\laragon\www\ProyectoClinica_ci\index.php(37): CodeIgniter\CodeIgniter->run()
#4 {main}
CRITICAL - 2023-03-22 13:17:46 --> Too few arguments to function App\Controllers\Caja::mostrarPacienteIDgeneral(), 0 passed in C:\laragon\www\ProyectoClinica_ci\system\CodeIgniter.php on line 832 and exactly 1 expected
#0 C:\laragon\www\ProyectoClinica_ci\system\CodeIgniter.php(832): App\Controllers\Caja->mostrarPacienteIDgeneral()
#1 C:\laragon\www\ProyectoClinica_ci\system\CodeIgniter.php(419): CodeIgniter\CodeIgniter->runController(Object(App\Controllers\Caja))
#2 C:\laragon\www\ProyectoClinica_ci\system\CodeIgniter.php(326): CodeIgniter\CodeIgniter->handleRequest(NULL, Object(Config\Cache), false)
#3 C:\laragon\www\ProyectoClinica_ci\index.php(37): CodeIgniter\CodeIgniter->run()
#4 {main}
CRITICAL - 2023-03-22 13:18:02 --> Too few arguments to function App\Controllers\Caja::mostrarPacienteIDgeneral(), 0 passed in C:\laragon\www\ProyectoClinica_ci\system\CodeIgniter.php on line 832 and exactly 1 expected
#0 C:\laragon\www\ProyectoClinica_ci\system\CodeIgniter.php(832): App\Controllers\Caja->mostrarPacienteIDgeneral()
#1 C:\laragon\www\ProyectoClinica_ci\system\CodeIgniter.php(419): CodeIgniter\CodeIgniter->runController(Object(App\Controllers\Caja))
#2 C:\laragon\www\ProyectoClinica_ci\system\CodeIgniter.php(326): CodeIgniter\CodeIgniter->handleRequest(NULL, Object(Config\Cache), false)
#3 C:\laragon\www\ProyectoClinica_ci\index.php(37): CodeIgniter\CodeIgniter->run()
#4 {main}
CRITICAL - 2023-03-22 13:18:44 --> Too few arguments to function App\Controllers\Caja::mostrarPacienteIDgeneral(), 0 passed in C:\laragon\www\ProyectoClinica_ci\system\CodeIgniter.php on line 832 and exactly 1 expected
#0 C:\laragon\www\ProyectoClinica_ci\system\CodeIgniter.php(832): App\Controllers\Caja->mostrarPacienteIDgeneral()
#1 C:\laragon\www\ProyectoClinica_ci\system\CodeIgniter.php(419): CodeIgniter\CodeIgniter->runController(Object(App\Controllers\Caja))
#2 C:\laragon\www\ProyectoClinica_ci\system\CodeIgniter.php(326): CodeIgniter\CodeIgniter->handleRequest(NULL, Object(Config\Cache), false)
#3 C:\laragon\www\ProyectoClinica_ci\index.php(37): CodeIgniter\CodeIgniter->run()
#4 {main}
