CRITICAL - 2022-11-08 15:44:24 --> Undefined variable $tipotrabajador
#0 C:\xampp\htdocs\ProyectoClinica_ci\app\Views\especialidad\especialidad.php(24): CodeIgniter\Debug\Exceptions->errorHandler(2, 'Undefined varia...', 'C:\\xampp\\htdocs...', 24)
#1 C:\xampp\htdocs\ProyectoClinica_ci\system\View\View.php(210): include('C:\\xampp\\htdocs...')
#2 C:\xampp\htdocs\ProyectoClinica_ci\system\View\View.php(213): CodeIgniter\View\View->CodeIgniter\View\{closure}()
#3 C:\xampp\htdocs\ProyectoClinica_ci\system\Common.php(1089): CodeIgniter\View\View->render('especialidad/es...', Array, true)
#4 C:\xampp\htdocs\ProyectoClinica_ci\app\Views\index.php(133): view('especialidad/es...')
#5 C:\xampp\htdocs\ProyectoClinica_ci\system\View\View.php(210): include('C:\\xampp\\htdocs...')
#6 C:\xampp\htdocs\ProyectoClinica_ci\system\View\View.php(213): CodeIgniter\View\View->CodeIgniter\View\{closure}()
#7 C:\xampp\htdocs\ProyectoClinica_ci\system\Common.php(1089): CodeIgniter\View\View->render('index', Array, true)
#8 C:\xampp\htdocs\ProyectoClinica_ci\app\Controllers\Especialidad.php(24): view('index', Array)
#9 C:\xampp\htdocs\ProyectoClinica_ci\system\CodeIgniter.php(832): App\Controllers\Especialidad->index()
#10 C:\xampp\htdocs\ProyectoClinica_ci\system\CodeIgniter.php(419): CodeIgniter\CodeIgniter->runController(Object(App\Controllers\Especialidad))
#11 C:\xampp\htdocs\ProyectoClinica_ci\system\CodeIgniter.php(326): CodeIgniter\CodeIgniter->handleRequest(NULL, Object(Config\Cache), false)
#12 C:\xampp\htdocs\ProyectoClinica_ci\index.php(37): CodeIgniter\CodeIgniter->run()
#13 {main}
CRITICAL - 2022-11-08 15:44:55 --> Undefined variable $especialidad
#0 C:\xampp\htdocs\ProyectoClinica_ci\app\Views\especialidad\especialidad.php(24): CodeIgniter\Debug\Exceptions->errorHandler(2, 'Undefined varia...', 'C:\\xampp\\htdocs...', 24)
#1 C:\xampp\htdocs\ProyectoClinica_ci\system\View\View.php(210): include('C:\\xampp\\htdocs...')
#2 C:\xampp\htdocs\ProyectoClinica_ci\system\View\View.php(213): CodeIgniter\View\View->CodeIgniter\View\{closure}()
#3 C:\xampp\htdocs\ProyectoClinica_ci\system\Common.php(1089): CodeIgniter\View\View->render('especialidad/es...', Array, true)
#4 C:\xampp\htdocs\ProyectoClinica_ci\app\Views\index.php(133): view('especialidad/es...')
#5 C:\xampp\htdocs\ProyectoClinica_ci\system\View\View.php(210): include('C:\\xampp\\htdocs...')
#6 C:\xampp\htdocs\ProyectoClinica_ci\system\View\View.php(213): CodeIgniter\View\View->CodeIgniter\View\{closure}()
#7 C:\xampp\htdocs\ProyectoClinica_ci\system\Common.php(1089): CodeIgniter\View\View->render('index', Array, true)
#8 C:\xampp\htdocs\ProyectoClinica_ci\app\Controllers\Especialidad.php(24): view('index', Array)
#9 C:\xampp\htdocs\ProyectoClinica_ci\system\CodeIgniter.php(832): App\Controllers\Especialidad->index()
#10 C:\xampp\htdocs\ProyectoClinica_ci\system\CodeIgniter.php(419): CodeIgniter\CodeIgniter->runController(Object(App\Controllers\Especialidad))
#11 C:\xampp\htdocs\ProyectoClinica_ci\system\CodeIgniter.php(326): CodeIgniter\CodeIgniter->handleRequest(NULL, Object(Config\Cache), false)
#12 C:\xampp\htdocs\ProyectoClinica_ci\index.php(37): CodeIgniter\CodeIgniter->run()
#13 {main}
CRITICAL - 2022-11-08 15:48:43 --> Undefined array key "idTipoTrabajador"
#0 C:\xampp\htdocs\ProyectoClinica_ci\app\Views\especialidad\especialidad.php(37): CodeIgniter\Debug\Exceptions->errorHandler(2, 'Undefined array...', 'C:\\xampp\\htdocs...', 37)
#1 C:\xampp\htdocs\ProyectoClinica_ci\system\View\View.php(210): include('C:\\xampp\\htdocs...')
#2 C:\xampp\htdocs\ProyectoClinica_ci\system\View\View.php(213): CodeIgniter\View\View->CodeIgniter\View\{closure}()
#3 C:\xampp\htdocs\ProyectoClinica_ci\system\Common.php(1089): CodeIgniter\View\View->render('especialidad/es...', Array, true)
#4 C:\xampp\htdocs\ProyectoClinica_ci\app\Views\index.php(133): view('especialidad/es...')
#5 C:\xampp\htdocs\ProyectoClinica_ci\system\View\View.php(210): include('C:\\xampp\\htdocs...')
#6 C:\xampp\htdocs\ProyectoClinica_ci\system\View\View.php(213): CodeIgniter\View\View->CodeIgniter\View\{closure}()
#7 C:\xampp\htdocs\ProyectoClinica_ci\system\Common.php(1089): CodeIgniter\View\View->render('index', Array, true)
#8 C:\xampp\htdocs\ProyectoClinica_ci\app\Controllers\Especialidad.php(24): view('index', Array)
#9 C:\xampp\htdocs\ProyectoClinica_ci\system\CodeIgniter.php(832): App\Controllers\Especialidad->index()
#10 C:\xampp\htdocs\ProyectoClinica_ci\system\CodeIgniter.php(419): CodeIgniter\CodeIgniter->runController(Object(App\Controllers\Especialidad))
#11 C:\xampp\htdocs\ProyectoClinica_ci\system\CodeIgniter.php(326): CodeIgniter\CodeIgniter->handleRequest(NULL, Object(Config\Cache), false)
#12 C:\xampp\htdocs\ProyectoClinica_ci\index.php(37): CodeIgniter\CodeIgniter->run()
#13 {main}
ERROR - 2022-11-08 16:32:42 --> Unknown column 'idTipoTrabajador' in 'where clause'
ERROR - 2022-11-08 16:33:06 --> Unknown column 'idTipoTrabajador' in 'where clause'
ERROR - 2022-11-08 18:06:59 --> Unknown column 'tipodocumento.NombreDocumento' in 'field list'
CRITICAL - 2022-11-08 18:06:59 --> Unknown column 'tipodocumento.NombreDocumento' in 'field list'
#0 C:\xampp\htdocs\ProyectoClinica_ci\system\Database\MySQLi\Connection.php(292): mysqli->query('SELECT `persona...', 0)
#1 C:\xampp\htdocs\ProyectoClinica_ci\system\Database\BaseConnection.php(670): CodeIgniter\Database\MySQLi\Connection->execute('SELECT `persona...')
#2 C:\xampp\htdocs\ProyectoClinica_ci\system\Database\BaseConnection.php(598): CodeIgniter\Database\BaseConnection->simpleQuery('SELECT `persona...')
#3 C:\xampp\htdocs\ProyectoClinica_ci\system\Database\BaseBuilder.php(1455): CodeIgniter\Database\BaseConnection->query('SELECT `persona...', Array, false)
#4 C:\xampp\htdocs\ProyectoClinica_ci\system\Model.php(183): CodeIgniter\Database\BaseBuilder->get()
#5 C:\xampp\htdocs\ProyectoClinica_ci\system\BaseModel.php(584): CodeIgniter\Model->doFindAll(0, 0)
#6 C:\xampp\htdocs\ProyectoClinica_ci\app\Models\PersonalMedicoModel.php(47): CodeIgniter\BaseModel->findAll()
#7 C:\xampp\htdocs\ProyectoClinica_ci\app\Controllers\PersonalMedico.php(30): App\Models\PersonalMedicoModel->getPersonalMedico()
#8 C:\xampp\htdocs\ProyectoClinica_ci\system\CodeIgniter.php(832): App\Controllers\PersonalMedico->index()
#9 C:\xampp\htdocs\ProyectoClinica_ci\system\CodeIgniter.php(419): CodeIgniter\CodeIgniter->runController(Object(App\Controllers\PersonalMedico))
#10 C:\xampp\htdocs\ProyectoClinica_ci\system\CodeIgniter.php(326): CodeIgniter\CodeIgniter->handleRequest(NULL, Object(Config\Cache), false)
#11 C:\xampp\htdocs\ProyectoClinica_ci\index.php(37): CodeIgniter\CodeIgniter->run()
#12 {main}
<<<<<<< HEAD
CRITICAL - 2022-11-08 19:33:49 --> Undefined variable $tipodocumento
#0 C:\xampp\htdocs\ProyectoClinica_ci\app\Views\personalmedico\registrar.php(59): CodeIgniter\Debug\Exceptions->errorHandler(2, 'Undefined varia...', 'C:\\xampp\\htdocs...', 59)
#1 C:\xampp\htdocs\ProyectoClinica_ci\system\View\View.php(210): include('C:\\xampp\\htdocs...')
#2 C:\xampp\htdocs\ProyectoClinica_ci\system\View\View.php(213): CodeIgniter\View\View->CodeIgniter\View\{closure}()
#3 C:\xampp\htdocs\ProyectoClinica_ci\system\Common.php(1089): CodeIgniter\View\View->render('PersonalMedico/...', Array, true)
#4 C:\xampp\htdocs\ProyectoClinica_ci\app\Views\index.php(134): view('PersonalMedico/...')
#5 C:\xampp\htdocs\ProyectoClinica_ci\system\View\View.php(210): include('C:\\xampp\\htdocs...')
#6 C:\xampp\htdocs\ProyectoClinica_ci\system\View\View.php(213): CodeIgniter\View\View->CodeIgniter\View\{closure}()
#7 C:\xampp\htdocs\ProyectoClinica_ci\system\Common.php(1089): CodeIgniter\View\View->render('index', Array, true)
#8 C:\xampp\htdocs\ProyectoClinica_ci\app\Controllers\PersonalMedico.php(147): view('index', Array)
#9 C:\xampp\htdocs\ProyectoClinica_ci\system\CodeIgniter.php(832): App\Controllers\PersonalMedico->registrarDatos()
#10 C:\xampp\htdocs\ProyectoClinica_ci\system\CodeIgniter.php(419): CodeIgniter\CodeIgniter->runController(Object(App\Controllers\PersonalMedico))
#11 C:\xampp\htdocs\ProyectoClinica_ci\system\CodeIgniter.php(326): CodeIgniter\CodeIgniter->handleRequest(NULL, Object(Config\Cache), false)
#12 C:\xampp\htdocs\ProyectoClinica_ci\index.php(37): CodeIgniter\CodeIgniter->run()
#13 {main}
CRITICAL - 2022-11-08 19:36:56 --> Undefined variable $cat
#0 C:\xampp\htdocs\ProyectoClinica_ci\app\Views\personalmedico\registrar.php(61): CodeIgniter\Debug\Exceptions->errorHandler(2, 'Undefined varia...', 'C:\\xampp\\htdocs...', 61)
#1 C:\xampp\htdocs\ProyectoClinica_ci\system\View\View.php(210): include('C:\\xampp\\htdocs...')
#2 C:\xampp\htdocs\ProyectoClinica_ci\system\View\View.php(213): CodeIgniter\View\View->CodeIgniter\View\{closure}()
#3 C:\xampp\htdocs\ProyectoClinica_ci\system\Common.php(1089): CodeIgniter\View\View->render('PersonalMedico/...', Array, true)
#4 C:\xampp\htdocs\ProyectoClinica_ci\app\Views\index.php(134): view('PersonalMedico/...')
#5 C:\xampp\htdocs\ProyectoClinica_ci\system\View\View.php(210): include('C:\\xampp\\htdocs...')
#6 C:\xampp\htdocs\ProyectoClinica_ci\system\View\View.php(213): CodeIgniter\View\View->CodeIgniter\View\{closure}()
#7 C:\xampp\htdocs\ProyectoClinica_ci\system\Common.php(1089): CodeIgniter\View\View->render('index', Array, true)
#8 C:\xampp\htdocs\ProyectoClinica_ci\app\Controllers\PersonalMedico.php(151): view('index', Array)
#9 C:\xampp\htdocs\ProyectoClinica_ci\system\CodeIgniter.php(832): App\Controllers\PersonalMedico->registrarDatos()
#10 C:\xampp\htdocs\ProyectoClinica_ci\system\CodeIgniter.php(419): CodeIgniter\CodeIgniter->runController(Object(App\Controllers\PersonalMedico))
#11 C:\xampp\htdocs\ProyectoClinica_ci\system\CodeIgniter.php(326): CodeIgniter\CodeIgniter->handleRequest(NULL, Object(Config\Cache), false)
#12 C:\xampp\htdocs\ProyectoClinica_ci\index.php(37): CodeIgniter\CodeIgniter->run()
#13 {main}
CRITICAL - 2022-11-08 22:15:25 --> Undefined variable $tipodocumento
#0 C:\xampp\htdocs\ProyectoClinica_ci\app\Views\personalmedico\registrar.php(59): CodeIgniter\Debug\Exceptions->errorHandler(2, 'Undefined varia...', 'C:\\xampp\\htdocs...', 59)
#1 C:\xampp\htdocs\ProyectoClinica_ci\system\View\View.php(210): include('C:\\xampp\\htdocs...')
#2 C:\xampp\htdocs\ProyectoClinica_ci\system\View\View.php(213): CodeIgniter\View\View->CodeIgniter\View\{closure}()
#3 C:\xampp\htdocs\ProyectoClinica_ci\system\Common.php(1089): CodeIgniter\View\View->render('personalmedico/...', Array, true)
#4 C:\xampp\htdocs\ProyectoClinica_ci\app\Views\index.php(134): view('personalmedico/...')
#5 C:\xampp\htdocs\ProyectoClinica_ci\system\View\View.php(210): include('C:\\xampp\\htdocs...')
#6 C:\xampp\htdocs\ProyectoClinica_ci\system\View\View.php(213): CodeIgniter\View\View->CodeIgniter\View\{closure}()
#7 C:\xampp\htdocs\ProyectoClinica_ci\system\Common.php(1089): CodeIgniter\View\View->render('index', Array, true)
#8 C:\xampp\htdocs\ProyectoClinica_ci\app\Controllers\PersonalMedico.php(107): view('index', Array)
#9 C:\xampp\htdocs\ProyectoClinica_ci\system\CodeIgniter.php(832): App\Controllers\PersonalMedico->registrar()
#10 C:\xampp\htdocs\ProyectoClinica_ci\system\CodeIgniter.php(419): CodeIgniter\CodeIgniter->runController(Object(App\Controllers\PersonalMedico))
#11 C:\xampp\htdocs\ProyectoClinica_ci\system\CodeIgniter.php(326): CodeIgniter\CodeIgniter->handleRequest(NULL, Object(Config\Cache), false)
#12 C:\xampp\htdocs\ProyectoClinica_ci\index.php(37): CodeIgniter\CodeIgniter->run()
#13 {main}
ERROR - 2022-11-08 23:42:09 --> Table 'db_clinica.persona' doesn't exist
CRITICAL - 2022-11-08 23:42:09 --> Table 'db_clinica.persona' doesn't exist
#0 C:\xampp\htdocs\ProyectoClinica_ci\system\Database\MySQLi\Connection.php(292): mysqli->query('SELECT `persona...', 0)
#1 C:\xampp\htdocs\ProyectoClinica_ci\system\Database\BaseConnection.php(670): CodeIgniter\Database\MySQLi\Connection->execute('SELECT `persona...')
#2 C:\xampp\htdocs\ProyectoClinica_ci\system\Database\BaseConnection.php(598): CodeIgniter\Database\BaseConnection->simpleQuery('SELECT `persona...')
#3 C:\xampp\htdocs\ProyectoClinica_ci\system\Database\BaseBuilder.php(1455): CodeIgniter\Database\BaseConnection->query('SELECT `persona...', Array, false)
#4 C:\xampp\htdocs\ProyectoClinica_ci\system\Model.php(183): CodeIgniter\Database\BaseBuilder->get()
#5 C:\xampp\htdocs\ProyectoClinica_ci\system\BaseModel.php(584): CodeIgniter\Model->doFindAll(0, 0)
#6 C:\xampp\htdocs\ProyectoClinica_ci\app\Models\PersonalMedicoModel.php(48): CodeIgniter\BaseModel->findAll()
#7 C:\xampp\htdocs\ProyectoClinica_ci\app\Controllers\PersonalMedico.php(33): App\Models\PersonalMedicoModel->getPersonalMedico()
#8 C:\xampp\htdocs\ProyectoClinica_ci\system\CodeIgniter.php(832): App\Controllers\PersonalMedico->index()
#9 C:\xampp\htdocs\ProyectoClinica_ci\system\CodeIgniter.php(419): CodeIgniter\CodeIgniter->runController(Object(App\Controllers\PersonalMedico))
=======
ERROR - 2022-11-08 17:34:35 --> Error connecting to the database: Access denied for user '****'@'localhost' (using password: NO)
CRITICAL - 2022-11-08 17:34:35 --> Unable to connect to the database.
Main connection [MySQLi]: Access denied for user '****'@'localhost' (using password: NO)
#0 C:\xampp\htdocs\ProyectoClinica_ci\system\Database\BaseConnection.php(577): CodeIgniter\Database\BaseConnection->initialize()
#1 C:\xampp\htdocs\ProyectoClinica_ci\system\Database\BaseBuilder.php(1455): CodeIgniter\Database\BaseConnection->query('SELECT `persona...', Array, false)
#2 C:\xampp\htdocs\ProyectoClinica_ci\system\Model.php(183): CodeIgniter\Database\BaseBuilder->get()
#3 C:\xampp\htdocs\ProyectoClinica_ci\system\BaseModel.php(584): CodeIgniter\Model->doFindAll(0, 0)
#4 C:\xampp\htdocs\ProyectoClinica_ci\app\Models\UsuarioModel.php(53): CodeIgniter\BaseModel->findAll()
#5 C:\xampp\htdocs\ProyectoClinica_ci\app\Controllers\Usuarios.php(19): App\Models\UsuarioModel->getUsuario()
#6 C:\xampp\htdocs\ProyectoClinica_ci\system\CodeIgniter.php(832): App\Controllers\Usuarios->index()
#7 C:\xampp\htdocs\ProyectoClinica_ci\system\CodeIgniter.php(419): CodeIgniter\CodeIgniter->runController(Object(App\Controllers\Usuarios))
#8 C:\xampp\htdocs\ProyectoClinica_ci\system\CodeIgniter.php(326): CodeIgniter\CodeIgniter->handleRequest(NULL, Object(Config\Cache), false)
#9 C:\xampp\htdocs\ProyectoClinica_ci\index.php(37): CodeIgniter\CodeIgniter->run()
#10 {main}
CRITICAL - 2022-11-08 18:19:50 --> Call to undefined method App\Models\TipoDocumentoModel::getUsuario
#0 C:\xampp\htdocs\ProyectoClinica_ci\app\Controllers\Usuarios.php(22): CodeIgniter\Model->__call('getUsuario', Array)
#1 C:\xampp\htdocs\ProyectoClinica_ci\system\CodeIgniter.php(832): App\Controllers\Usuarios->index()
#2 C:\xampp\htdocs\ProyectoClinica_ci\system\CodeIgniter.php(419): CodeIgniter\CodeIgniter->runController(Object(App\Controllers\Usuarios))
#3 C:\xampp\htdocs\ProyectoClinica_ci\system\CodeIgniter.php(326): CodeIgniter\CodeIgniter->handleRequest(NULL, Object(Config\Cache), false)
#4 C:\xampp\htdocs\ProyectoClinica_ci\index.php(37): CodeIgniter\CodeIgniter->run()
#5 {main}
CRITICAL - 2022-11-08 18:28:37 --> There is no data to insert.
#0 C:\xampp\htdocs\ProyectoClinica_ci\system\BaseModel.php(718): CodeIgniter\Database\Exceptions\DataException::forEmptyDataset('insert')
#1 C:\xampp\htdocs\ProyectoClinica_ci\system\Model.php(625): CodeIgniter\BaseModel->insert(Array, false)
#2 C:\xampp\htdocs\ProyectoClinica_ci\system\BaseModel.php(658): CodeIgniter\Model->insert(Array, false)
#3 C:\xampp\htdocs\ProyectoClinica_ci\app\Controllers\Usuarios.php(72): CodeIgniter\BaseModel->save(Array)
#4 C:\xampp\htdocs\ProyectoClinica_ci\system\CodeIgniter.php(832): App\Controllers\Usuarios->registrarDatos()
#5 C:\xampp\htdocs\ProyectoClinica_ci\system\CodeIgniter.php(419): CodeIgniter\CodeIgniter->runController(Object(App\Controllers\Usuarios))
#6 C:\xampp\htdocs\ProyectoClinica_ci\system\CodeIgniter.php(326): CodeIgniter\CodeIgniter->handleRequest(NULL, Object(Config\Cache), false)
#7 C:\xampp\htdocs\ProyectoClinica_ci\index.php(37): CodeIgniter\CodeIgniter->run()
#8 {main}
CRITICAL - 2022-11-08 18:30:17 --> There is no data to insert.
#0 C:\xampp\htdocs\ProyectoClinica_ci\system\BaseModel.php(718): CodeIgniter\Database\Exceptions\DataException::forEmptyDataset('insert')
#1 C:\xampp\htdocs\ProyectoClinica_ci\system\Model.php(625): CodeIgniter\BaseModel->insert(Array, false)
#2 C:\xampp\htdocs\ProyectoClinica_ci\system\BaseModel.php(658): CodeIgniter\Model->insert(Array, false)
#3 C:\xampp\htdocs\ProyectoClinica_ci\app\Controllers\Usuarios.php(74): CodeIgniter\BaseModel->save(Array)
#4 C:\xampp\htdocs\ProyectoClinica_ci\system\CodeIgniter.php(832): App\Controllers\Usuarios->registrarDatos()
#5 C:\xampp\htdocs\ProyectoClinica_ci\system\CodeIgniter.php(419): CodeIgniter\CodeIgniter->runController(Object(App\Controllers\Usuarios))
#6 C:\xampp\htdocs\ProyectoClinica_ci\system\CodeIgniter.php(326): CodeIgniter\CodeIgniter->handleRequest(NULL, Object(Config\Cache), false)
#7 C:\xampp\htdocs\ProyectoClinica_ci\index.php(37): CodeIgniter\CodeIgniter->run()
#8 {main}
CRITICAL - 2022-11-08 18:30:41 --> There is no data to insert.
#0 C:\xampp\htdocs\ProyectoClinica_ci\system\BaseModel.php(718): CodeIgniter\Database\Exceptions\DataException::forEmptyDataset('insert')
#1 C:\xampp\htdocs\ProyectoClinica_ci\system\Model.php(625): CodeIgniter\BaseModel->insert(Array, false)
#2 C:\xampp\htdocs\ProyectoClinica_ci\system\BaseModel.php(658): CodeIgniter\Model->insert(Array, false)
#3 C:\xampp\htdocs\ProyectoClinica_ci\app\Controllers\Usuarios.php(74): CodeIgniter\BaseModel->save(Array)
#4 C:\xampp\htdocs\ProyectoClinica_ci\system\CodeIgniter.php(832): App\Controllers\Usuarios->registrarDatos()
#5 C:\xampp\htdocs\ProyectoClinica_ci\system\CodeIgniter.php(419): CodeIgniter\CodeIgniter->runController(Object(App\Controllers\Usuarios))
#6 C:\xampp\htdocs\ProyectoClinica_ci\system\CodeIgniter.php(326): CodeIgniter\CodeIgniter->handleRequest(NULL, Object(Config\Cache), false)
#7 C:\xampp\htdocs\ProyectoClinica_ci\index.php(37): CodeIgniter\CodeIgniter->run()
#8 {main}
ERROR - 2022-11-08 22:05:09 --> Unknown column 'usuario.status as status usuario.idPersona' in 'field list'
CRITICAL - 2022-11-08 22:05:09 --> Unknown column 'usuario.status as status usuario.idPersona' in 'field list'
#0 C:\xampp\htdocs\ProyectoClinica_ci\system\Database\MySQLi\Connection.php(292): mysqli->query('SELECT `usuario...', 0)
#1 C:\xampp\htdocs\ProyectoClinica_ci\system\Database\BaseConnection.php(670): CodeIgniter\Database\MySQLi\Connection->execute('SELECT `usuario...')
#2 C:\xampp\htdocs\ProyectoClinica_ci\system\Database\BaseConnection.php(598): CodeIgniter\Database\BaseConnection->simpleQuery('SELECT `usuario...')
#3 C:\xampp\htdocs\ProyectoClinica_ci\system\Database\BaseBuilder.php(1455): CodeIgniter\Database\BaseConnection->query('SELECT `usuario...', Array, false)
#4 C:\xampp\htdocs\ProyectoClinica_ci\system\Model.php(183): CodeIgniter\Database\BaseBuilder->get()
#5 C:\xampp\htdocs\ProyectoClinica_ci\system\BaseModel.php(584): CodeIgniter\Model->doFindAll(0, 0)
#6 C:\xampp\htdocs\ProyectoClinica_ci\app\Models\UsuarioModel.php(57): CodeIgniter\BaseModel->findAll()
#7 C:\xampp\htdocs\ProyectoClinica_ci\app\Controllers\Usuarios.php(25): App\Models\UsuarioModel->getUsuario()
#8 C:\xampp\htdocs\ProyectoClinica_ci\system\CodeIgniter.php(832): App\Controllers\Usuarios->index()
#9 C:\xampp\htdocs\ProyectoClinica_ci\system\CodeIgniter.php(419): CodeIgniter\CodeIgniter->runController(Object(App\Controllers\Usuarios))
#10 C:\xampp\htdocs\ProyectoClinica_ci\system\CodeIgniter.php(326): CodeIgniter\CodeIgniter->handleRequest(NULL, Object(Config\Cache), false)
#11 C:\xampp\htdocs\ProyectoClinica_ci\index.php(37): CodeIgniter\CodeIgniter->run()
#12 {main}
ERROR - 2022-11-08 22:33:04 --> Unknown column 'usuario.nombreUsuario' in 'field list'
CRITICAL - 2022-11-08 22:33:04 --> Unknown column 'usuario.nombreUsuario' in 'field list'
#0 C:\xampp\htdocs\ProyectoClinica_ci\system\Database\MySQLi\Connection.php(292): mysqli->query('SELECT `usuario...', 0)
#1 C:\xampp\htdocs\ProyectoClinica_ci\system\Database\BaseConnection.php(670): CodeIgniter\Database\MySQLi\Connection->execute('SELECT `usuario...')
#2 C:\xampp\htdocs\ProyectoClinica_ci\system\Database\BaseConnection.php(598): CodeIgniter\Database\BaseConnection->simpleQuery('SELECT `usuario...')
#3 C:\xampp\htdocs\ProyectoClinica_ci\system\Database\BaseBuilder.php(1455): CodeIgniter\Database\BaseConnection->query('SELECT `usuario...', Array, false)
#4 C:\xampp\htdocs\ProyectoClinica_ci\system\Model.php(183): CodeIgniter\Database\BaseBuilder->get()
#5 C:\xampp\htdocs\ProyectoClinica_ci\system\BaseModel.php(584): CodeIgniter\Model->doFindAll(0, 0)
#6 C:\xampp\htdocs\ProyectoClinica_ci\app\Models\UsuarioModel.php(57): CodeIgniter\BaseModel->findAll()
#7 C:\xampp\htdocs\ProyectoClinica_ci\app\Controllers\Usuarios.php(25): App\Models\UsuarioModel->getUsuario()
#8 C:\xampp\htdocs\ProyectoClinica_ci\system\CodeIgniter.php(832): App\Controllers\Usuarios->index()
#9 C:\xampp\htdocs\ProyectoClinica_ci\system\CodeIgniter.php(419): CodeIgniter\CodeIgniter->runController(Object(App\Controllers\Usuarios))
#10 C:\xampp\htdocs\ProyectoClinica_ci\system\CodeIgniter.php(326): CodeIgniter\CodeIgniter->handleRequest(NULL, Object(Config\Cache), false)
#11 C:\xampp\htdocs\ProyectoClinica_ci\index.php(37): CodeIgniter\CodeIgniter->run()
#12 {main}
ERROR - 2022-11-08 22:44:23 --> Unknown column 'usuario.nombreUsuario' in 'field list'
CRITICAL - 2022-11-08 22:44:23 --> Unknown column 'usuario.nombreUsuario' in 'field list'
#0 C:\xampp\htdocs\ProyectoClinica_ci\system\Database\MySQLi\Connection.php(292): mysqli->query('SELECT `usuario...', 0)
#1 C:\xampp\htdocs\ProyectoClinica_ci\system\Database\BaseConnection.php(670): CodeIgniter\Database\MySQLi\Connection->execute('SELECT `usuario...')
#2 C:\xampp\htdocs\ProyectoClinica_ci\system\Database\BaseConnection.php(598): CodeIgniter\Database\BaseConnection->simpleQuery('SELECT `usuario...')
#3 C:\xampp\htdocs\ProyectoClinica_ci\system\Database\BaseBuilder.php(1455): CodeIgniter\Database\BaseConnection->query('SELECT `usuario...', Array, false)
#4 C:\xampp\htdocs\ProyectoClinica_ci\system\Model.php(183): CodeIgniter\Database\BaseBuilder->get()
#5 C:\xampp\htdocs\ProyectoClinica_ci\system\BaseModel.php(584): CodeIgniter\Model->doFindAll(0, 0)
#6 C:\xampp\htdocs\ProyectoClinica_ci\app\Models\UsuarioModel.php(57): CodeIgniter\BaseModel->findAll()
#7 C:\xampp\htdocs\ProyectoClinica_ci\app\Controllers\Usuarios.php(25): App\Models\UsuarioModel->getUsuario()
#8 C:\xampp\htdocs\ProyectoClinica_ci\system\CodeIgniter.php(832): App\Controllers\Usuarios->index()
#9 C:\xampp\htdocs\ProyectoClinica_ci\system\CodeIgniter.php(419): CodeIgniter\CodeIgniter->runController(Object(App\Controllers\Usuarios))
>>>>>>> 028fa148bcff563f3a74cfef8a9b5a234aeefa3b
#10 C:\xampp\htdocs\ProyectoClinica_ci\system\CodeIgniter.php(326): CodeIgniter\CodeIgniter->handleRequest(NULL, Object(Config\Cache), false)
#11 C:\xampp\htdocs\ProyectoClinica_ci\index.php(37): CodeIgniter\CodeIgniter->run()
#12 {main}
ERROR - 2022-11-08 22:46:28 --> Unknown column 'usuario.status as status usuario.idPersona' in 'field list'
CRITICAL - 2022-11-08 22:46:28 --> Unknown column 'usuario.status as status usuario.idPersona' in 'field list'
#0 C:\xampp\htdocs\ProyectoClinica_ci\system\Database\MySQLi\Connection.php(292): mysqli->query('SELECT `usuario...', 0)
#1 C:\xampp\htdocs\ProyectoClinica_ci\system\Database\BaseConnection.php(670): CodeIgniter\Database\MySQLi\Connection->execute('SELECT `usuario...')
#2 C:\xampp\htdocs\ProyectoClinica_ci\system\Database\BaseConnection.php(598): CodeIgniter\Database\BaseConnection->simpleQuery('SELECT `usuario...')
#3 C:\xampp\htdocs\ProyectoClinica_ci\system\Database\BaseBuilder.php(1455): CodeIgniter\Database\BaseConnection->query('SELECT `usuario...', Array, false)
#4 C:\xampp\htdocs\ProyectoClinica_ci\system\Model.php(183): CodeIgniter\Database\BaseBuilder->get()
#5 C:\xampp\htdocs\ProyectoClinica_ci\system\BaseModel.php(584): CodeIgniter\Model->doFindAll(0, 0)
#6 C:\xampp\htdocs\ProyectoClinica_ci\app\Models\UsuarioModel.php(57): CodeIgniter\BaseModel->findAll()
#7 C:\xampp\htdocs\ProyectoClinica_ci\app\Controllers\Usuarios.php(25): App\Models\UsuarioModel->getUsuario()
#8 C:\xampp\htdocs\ProyectoClinica_ci\system\CodeIgniter.php(832): App\Controllers\Usuarios->index()
#9 C:\xampp\htdocs\ProyectoClinica_ci\system\CodeIgniter.php(419): CodeIgniter\CodeIgniter->runController(Object(App\Controllers\Usuarios))
#10 C:\xampp\htdocs\ProyectoClinica_ci\system\CodeIgniter.php(326): CodeIgniter\CodeIgniter->handleRequest(NULL, Object(Config\Cache), false)
#11 C:\xampp\htdocs\ProyectoClinica_ci\index.php(37): CodeIgniter\CodeIgniter->run()
#12 {main}
ERROR - 2022-11-08 22:53:11 --> Unknown column 'usuario.status' in 'field list'
CRITICAL - 2022-11-08 22:53:11 --> Unknown column 'usuario.status' in 'field list'
#0 C:\xampp\htdocs\ProyectoClinica_ci\system\Database\MySQLi\Connection.php(292): mysqli->query('SELECT `usuario...', 0)
#1 C:\xampp\htdocs\ProyectoClinica_ci\system\Database\BaseConnection.php(670): CodeIgniter\Database\MySQLi\Connection->execute('SELECT `usuario...')
#2 C:\xampp\htdocs\ProyectoClinica_ci\system\Database\BaseConnection.php(598): CodeIgniter\Database\BaseConnection->simpleQuery('SELECT `usuario...')
#3 C:\xampp\htdocs\ProyectoClinica_ci\system\Database\BaseBuilder.php(1455): CodeIgniter\Database\BaseConnection->query('SELECT `usuario...', Array, false)
#4 C:\xampp\htdocs\ProyectoClinica_ci\system\Model.php(183): CodeIgniter\Database\BaseBuilder->get()
#5 C:\xampp\htdocs\ProyectoClinica_ci\system\BaseModel.php(584): CodeIgniter\Model->doFindAll(0, 0)
#6 C:\xampp\htdocs\ProyectoClinica_ci\app\Models\UsuarioModel.php(57): CodeIgniter\BaseModel->findAll()
#7 C:\xampp\htdocs\ProyectoClinica_ci\app\Controllers\Usuarios.php(25): App\Models\UsuarioModel->getUsuario()
#8 C:\xampp\htdocs\ProyectoClinica_ci\system\CodeIgniter.php(832): App\Controllers\Usuarios->index()
#9 C:\xampp\htdocs\ProyectoClinica_ci\system\CodeIgniter.php(419): CodeIgniter\CodeIgniter->runController(Object(App\Controllers\Usuarios))
#10 C:\xampp\htdocs\ProyectoClinica_ci\system\CodeIgniter.php(326): CodeIgniter\CodeIgniter->handleRequest(NULL, Object(Config\Cache), false)
#11 C:\xampp\htdocs\ProyectoClinica_ci\index.php(37): CodeIgniter\CodeIgniter->run()
#12 {main}
ERROR - 2022-11-08 23:18:24 --> Unknown column 'idUsuaio' in 'field list'
CRITICAL - 2022-11-08 23:18:24 --> Unknown column 'idUsuaio' in 'field list'
#0 C:\xampp\htdocs\ProyectoClinica_ci\system\Database\MySQLi\Connection.php(292): mysqli->query('SELECT `idUsuai...', 0)
#1 C:\xampp\htdocs\ProyectoClinica_ci\system\Database\BaseConnection.php(670): CodeIgniter\Database\MySQLi\Connection->execute('SELECT `idUsuai...')
#2 C:\xampp\htdocs\ProyectoClinica_ci\system\Database\BaseConnection.php(598): CodeIgniter\Database\BaseConnection->simpleQuery('SELECT `idUsuai...')
#3 C:\xampp\htdocs\ProyectoClinica_ci\system\Database\BaseBuilder.php(1455): CodeIgniter\Database\BaseConnection->query('SELECT `idUsuai...', Array, false)
#4 C:\xampp\htdocs\ProyectoClinica_ci\system\Model.php(183): CodeIgniter\Database\BaseBuilder->get()
#5 C:\xampp\htdocs\ProyectoClinica_ci\system\BaseModel.php(584): CodeIgniter\Model->doFindAll(0, 0)
#6 C:\xampp\htdocs\ProyectoClinica_ci\app\Models\UsuarioModel.php(57): CodeIgniter\BaseModel->findAll()
#7 C:\xampp\htdocs\ProyectoClinica_ci\app\Controllers\Usuarios.php(25): App\Models\UsuarioModel->getUsuario()
#8 C:\xampp\htdocs\ProyectoClinica_ci\system\CodeIgniter.php(832): App\Controllers\Usuarios->index()
#9 C:\xampp\htdocs\ProyectoClinica_ci\system\CodeIgniter.php(419): CodeIgniter\CodeIgniter->runController(Object(App\Controllers\Usuarios))
#10 C:\xampp\htdocs\ProyectoClinica_ci\system\CodeIgniter.php(326): CodeIgniter\CodeIgniter->handleRequest(NULL, Object(Config\Cache), false)
#11 C:\xampp\htdocs\ProyectoClinica_ci\index.php(37): CodeIgniter\CodeIgniter->run()
#12 {main}
CRITICAL - 2022-11-08 23:18:52 --> Undefined array key "status"
#0 C:\xampp\htdocs\ProyectoClinica_ci\app\Views\usuarios\usuarios.php(86): CodeIgniter\Debug\Exceptions->errorHandler(2, 'Undefined array...', 'C:\\xampp\\htdocs...', 86)
#1 C:\xampp\htdocs\ProyectoClinica_ci\system\View\View.php(210): include('C:\\xampp\\htdocs...')
#2 C:\xampp\htdocs\ProyectoClinica_ci\system\View\View.php(213): CodeIgniter\View\View->CodeIgniter\View\{closure}()
#3 C:\xampp\htdocs\ProyectoClinica_ci\system\Common.php(1089): CodeIgniter\View\View->render('usuarios/usuari...', Array, true)
#4 C:\xampp\htdocs\ProyectoClinica_ci\app\Views\index.php(134): view('usuarios/usuari...')
#5 C:\xampp\htdocs\ProyectoClinica_ci\system\View\View.php(210): include('C:\\xampp\\htdocs...')
#6 C:\xampp\htdocs\ProyectoClinica_ci\system\View\View.php(213): CodeIgniter\View\View->CodeIgniter\View\{closure}()
#7 C:\xampp\htdocs\ProyectoClinica_ci\system\Common.php(1089): CodeIgniter\View\View->render('index', Array, true)
#8 C:\xampp\htdocs\ProyectoClinica_ci\app\Controllers\Usuarios.php(26): view('index', Array)
#9 C:\xampp\htdocs\ProyectoClinica_ci\system\CodeIgniter.php(832): App\Controllers\Usuarios->index()
#10 C:\xampp\htdocs\ProyectoClinica_ci\system\CodeIgniter.php(419): CodeIgniter\CodeIgniter->runController(Object(App\Controllers\Usuarios))
#11 C:\xampp\htdocs\ProyectoClinica_ci\system\CodeIgniter.php(326): CodeIgniter\CodeIgniter->handleRequest(NULL, Object(Config\Cache), false)
#12 C:\xampp\htdocs\ProyectoClinica_ci\index.php(37): CodeIgniter\CodeIgniter->run()
#13 {main}
ERROR - 2022-11-08 23:19:29 --> Unknown column 'idUsuaio' in 'field list'
CRITICAL - 2022-11-08 23:19:29 --> Unknown column 'idUsuaio' in 'field list'
#0 C:\xampp\htdocs\ProyectoClinica_ci\system\Database\MySQLi\Connection.php(292): mysqli->query('SELECT `idUsuai...', 0)
#1 C:\xampp\htdocs\ProyectoClinica_ci\system\Database\BaseConnection.php(670): CodeIgniter\Database\MySQLi\Connection->execute('SELECT `idUsuai...')
#2 C:\xampp\htdocs\ProyectoClinica_ci\system\Database\BaseConnection.php(598): CodeIgniter\Database\BaseConnection->simpleQuery('SELECT `idUsuai...')
#3 C:\xampp\htdocs\ProyectoClinica_ci\system\Database\BaseBuilder.php(1455): CodeIgniter\Database\BaseConnection->query('SELECT `idUsuai...', Array, false)
#4 C:\xampp\htdocs\ProyectoClinica_ci\system\Model.php(183): CodeIgniter\Database\BaseBuilder->get()
#5 C:\xampp\htdocs\ProyectoClinica_ci\system\BaseModel.php(584): CodeIgniter\Model->doFindAll(0, 0)
#6 C:\xampp\htdocs\ProyectoClinica_ci\app\Models\UsuarioModel.php(57): CodeIgniter\BaseModel->findAll()
#7 C:\xampp\htdocs\ProyectoClinica_ci\app\Controllers\Usuarios.php(25): App\Models\UsuarioModel->getUsuario()
#8 C:\xampp\htdocs\ProyectoClinica_ci\system\CodeIgniter.php(832): App\Controllers\Usuarios->index()
#9 C:\xampp\htdocs\ProyectoClinica_ci\system\CodeIgniter.php(419): CodeIgniter\CodeIgniter->runController(Object(App\Controllers\Usuarios))
#10 C:\xampp\htdocs\ProyectoClinica_ci\system\CodeIgniter.php(326): CodeIgniter\CodeIgniter->handleRequest(NULL, Object(Config\Cache), false)
#11 C:\xampp\htdocs\ProyectoClinica_ci\index.php(37): CodeIgniter\CodeIgniter->run()
#12 {main}
ERROR - 2022-11-08 23:24:08 --> Table 'db_clinica.persona' doesn't exist
CRITICAL - 2022-11-08 23:24:08 --> Table 'db_clinica.persona' doesn't exist
#0 C:\xampp\htdocs\ProyectoClinica_ci\system\Database\MySQLi\Connection.php(292): mysqli->query('SELECT *\nFROM `...', 0)
#1 C:\xampp\htdocs\ProyectoClinica_ci\system\Database\BaseConnection.php(670): CodeIgniter\Database\MySQLi\Connection->execute('SELECT *\nFROM `...')
#2 C:\xampp\htdocs\ProyectoClinica_ci\system\Database\BaseConnection.php(598): CodeIgniter\Database\BaseConnection->simpleQuery('SELECT *\nFROM `...')
#3 C:\xampp\htdocs\ProyectoClinica_ci\system\Database\BaseBuilder.php(1455): CodeIgniter\Database\BaseConnection->query('SELECT *\nFROM `...', Array, false)
#4 C:\xampp\htdocs\ProyectoClinica_ci\system\Model.php(183): CodeIgniter\Database\BaseBuilder->get()
#5 C:\xampp\htdocs\ProyectoClinica_ci\system\BaseModel.php(584): CodeIgniter\Model->doFindAll(0, 0)
#6 C:\xampp\htdocs\ProyectoClinica_ci\app\Controllers\Usuarios.php(34): CodeIgniter\BaseModel->findAll()
#7 C:\xampp\htdocs\ProyectoClinica_ci\system\CodeIgniter.php(832): App\Controllers\Usuarios->registrar()
#8 C:\xampp\htdocs\ProyectoClinica_ci\system\CodeIgniter.php(419): CodeIgniter\CodeIgniter->runController(Object(App\Controllers\Usuarios))
#9 C:\xampp\htdocs\ProyectoClinica_ci\system\CodeIgniter.php(326): CodeIgniter\CodeIgniter->handleRequest(NULL, Object(Config\Cache), false)
#10 C:\xampp\htdocs\ProyectoClinica_ci\index.php(37): CodeIgniter\CodeIgniter->run()
#11 {main}
ERROR - 2022-11-08 23:24:52 --> Table 'db_clinica.persona' doesn't exist
CRITICAL - 2022-11-08 23:24:52 --> Table 'db_clinica.persona' doesn't exist
#0 C:\xampp\htdocs\ProyectoClinica_ci\system\Database\MySQLi\Connection.php(292): mysqli->query('SELECT *\nFROM `...', 0)
#1 C:\xampp\htdocs\ProyectoClinica_ci\system\Database\BaseConnection.php(670): CodeIgniter\Database\MySQLi\Connection->execute('SELECT *\nFROM `...')
#2 C:\xampp\htdocs\ProyectoClinica_ci\system\Database\BaseConnection.php(598): CodeIgniter\Database\BaseConnection->simpleQuery('SELECT *\nFROM `...')
#3 C:\xampp\htdocs\ProyectoClinica_ci\system\Database\BaseBuilder.php(1455): CodeIgniter\Database\BaseConnection->query('SELECT *\nFROM `...', Array, false)
#4 C:\xampp\htdocs\ProyectoClinica_ci\system\Model.php(183): CodeIgniter\Database\BaseBuilder->get()
#5 C:\xampp\htdocs\ProyectoClinica_ci\system\BaseModel.php(584): CodeIgniter\Model->doFindAll(0, 0)
#6 C:\xampp\htdocs\ProyectoClinica_ci\app\Controllers\Usuarios.php(34): CodeIgniter\BaseModel->findAll()
#7 C:\xampp\htdocs\ProyectoClinica_ci\system\CodeIgniter.php(832): App\Controllers\Usuarios->registrar()
#8 C:\xampp\htdocs\ProyectoClinica_ci\system\CodeIgniter.php(419): CodeIgniter\CodeIgniter->runController(Object(App\Controllers\Usuarios))
#9 C:\xampp\htdocs\ProyectoClinica_ci\system\CodeIgniter.php(326): CodeIgniter\CodeIgniter->handleRequest(NULL, Object(Config\Cache), false)
#10 C:\xampp\htdocs\ProyectoClinica_ci\index.php(37): CodeIgniter\CodeIgniter->run()
#11 {main}
CRITICAL - 2022-11-08 23:25:57 --> Undefined variable $tipoDocumento
#0 C:\xampp\htdocs\ProyectoClinica_ci\app\Views\usuarios\registrar.php(59): CodeIgniter\Debug\Exceptions->errorHandler(2, 'Undefined varia...', 'C:\\xampp\\htdocs...', 59)
#1 C:\xampp\htdocs\ProyectoClinica_ci\system\View\View.php(210): include('C:\\xampp\\htdocs...')
#2 C:\xampp\htdocs\ProyectoClinica_ci\system\View\View.php(213): CodeIgniter\View\View->CodeIgniter\View\{closure}()
#3 C:\xampp\htdocs\ProyectoClinica_ci\system\Common.php(1089): CodeIgniter\View\View->render('usuarios/regist...', Array, true)
#4 C:\xampp\htdocs\ProyectoClinica_ci\app\Views\index.php(134): view('usuarios/regist...')
#5 C:\xampp\htdocs\ProyectoClinica_ci\system\View\View.php(210): include('C:\\xampp\\htdocs...')
#6 C:\xampp\htdocs\ProyectoClinica_ci\system\View\View.php(213): CodeIgniter\View\View->CodeIgniter\View\{closure}()
#7 C:\xampp\htdocs\ProyectoClinica_ci\system\Common.php(1089): CodeIgniter\View\View->render('index', Array, true)
#8 C:\xampp\htdocs\ProyectoClinica_ci\app\Controllers\Usuarios.php(27): view('index', Array)
#9 C:\xampp\htdocs\ProyectoClinica_ci\system\CodeIgniter.php(832): App\Controllers\Usuarios->registrar()
#10 C:\xampp\htdocs\ProyectoClinica_ci\system\CodeIgniter.php(419): CodeIgniter\CodeIgniter->runController(Object(App\Controllers\Usuarios))
#11 C:\xampp\htdocs\ProyectoClinica_ci\system\CodeIgniter.php(326): CodeIgniter\CodeIgniter->handleRequest(NULL, Object(Config\Cache), false)
#12 C:\xampp\htdocs\ProyectoClinica_ci\index.php(37): CodeIgniter\CodeIgniter->run()
#13 {main}
CRITICAL - 2022-11-08 23:39:16 --> Undefined property: App\Controllers\Usuarios::$tipoDocumento
#0 C:\xampp\htdocs\ProyectoClinica_ci\app\Controllers\Usuarios.php(34): CodeIgniter\Debug\Exceptions->errorHandler(2, 'Undefined prope...', 'C:\\xampp\\htdocs...', 34)
#1 C:\xampp\htdocs\ProyectoClinica_ci\system\CodeIgniter.php(832): App\Controllers\Usuarios->registrarDatos()
#2 C:\xampp\htdocs\ProyectoClinica_ci\system\CodeIgniter.php(419): CodeIgniter\CodeIgniter->runController(Object(App\Controllers\Usuarios))
#3 C:\xampp\htdocs\ProyectoClinica_ci\system\CodeIgniter.php(326): CodeIgniter\CodeIgniter->handleRequest(NULL, Object(Config\Cache), false)
#4 C:\xampp\htdocs\ProyectoClinica_ci\index.php(37): CodeIgniter\CodeIgniter->run()
#5 {main}
CRITICAL - 2022-11-08 23:39:32 --> There is no data to insert.
#0 C:\xampp\htdocs\ProyectoClinica_ci\system\BaseModel.php(718): CodeIgniter\Database\Exceptions\DataException::forEmptyDataset('insert')
#1 C:\xampp\htdocs\ProyectoClinica_ci\system\Model.php(625): CodeIgniter\BaseModel->insert(Array, false)
#2 C:\xampp\htdocs\ProyectoClinica_ci\system\BaseModel.php(658): CodeIgniter\Model->insert(Array, false)
#3 C:\xampp\htdocs\ProyectoClinica_ci\app\Controllers\Usuarios.php(64): CodeIgniter\BaseModel->save(Array)
#4 C:\xampp\htdocs\ProyectoClinica_ci\system\CodeIgniter.php(832): App\Controllers\Usuarios->registrarDatos()
#5 C:\xampp\htdocs\ProyectoClinica_ci\system\CodeIgniter.php(419): CodeIgniter\CodeIgniter->runController(Object(App\Controllers\Usuarios))
#6 C:\xampp\htdocs\ProyectoClinica_ci\system\CodeIgniter.php(326): CodeIgniter\CodeIgniter->handleRequest(NULL, Object(Config\Cache), false)
#7 C:\xampp\htdocs\ProyectoClinica_ci\index.php(37): CodeIgniter\CodeIgniter->run()
#8 {main}
CRITICAL - 2022-11-08 23:39:57 --> There is no data to insert.
#0 C:\xampp\htdocs\ProyectoClinica_ci\system\BaseModel.php(718): CodeIgniter\Database\Exceptions\DataException::forEmptyDataset('insert')
#1 C:\xampp\htdocs\ProyectoClinica_ci\system\Model.php(625): CodeIgniter\BaseModel->insert(Array, true)
#2 C:\xampp\htdocs\ProyectoClinica_ci\app\Controllers\Usuarios.php(64): CodeIgniter\Model->insert(Array)
#3 C:\xampp\htdocs\ProyectoClinica_ci\system\CodeIgniter.php(832): App\Controllers\Usuarios->registrarDatos()
#4 C:\xampp\htdocs\ProyectoClinica_ci\system\CodeIgniter.php(419): CodeIgniter\CodeIgniter->runController(Object(App\Controllers\Usuarios))
#5 C:\xampp\htdocs\ProyectoClinica_ci\system\CodeIgniter.php(326): CodeIgniter\CodeIgniter->handleRequest(NULL, Object(Config\Cache), false)
#6 C:\xampp\htdocs\ProyectoClinica_ci\index.php(37): CodeIgniter\CodeIgniter->run()
#7 {main}
CRITICAL - 2022-11-08 23:41:47 --> There is no data to insert.
#0 C:\xampp\htdocs\ProyectoClinica_ci\system\BaseModel.php(718): CodeIgniter\Database\Exceptions\DataException::forEmptyDataset('insert')
#1 C:\xampp\htdocs\ProyectoClinica_ci\system\Model.php(625): CodeIgniter\BaseModel->insert(Array, false)
#2 C:\xampp\htdocs\ProyectoClinica_ci\system\BaseModel.php(658): CodeIgniter\Model->insert(Array, false)
#3 C:\xampp\htdocs\ProyectoClinica_ci\app\Controllers\Usuarios.php(64): CodeIgniter\BaseModel->save(Array)
#4 C:\xampp\htdocs\ProyectoClinica_ci\system\CodeIgniter.php(832): App\Controllers\Usuarios->registrarDatos()
#5 C:\xampp\htdocs\ProyectoClinica_ci\system\CodeIgniter.php(419): CodeIgniter\CodeIgniter->runController(Object(App\Controllers\Usuarios))
#6 C:\xampp\htdocs\ProyectoClinica_ci\system\CodeIgniter.php(326): CodeIgniter\CodeIgniter->handleRequest(NULL, Object(Config\Cache), false)
#7 C:\xampp\htdocs\ProyectoClinica_ci\index.php(37): CodeIgniter\CodeIgniter->run()
#8 {main}
CRITICAL - 2022-11-08 23:42:42 --> There is no data to insert.
#0 C:\xampp\htdocs\ProyectoClinica_ci\system\BaseModel.php(718): CodeIgniter\Database\Exceptions\DataException::forEmptyDataset('insert')
#1 C:\xampp\htdocs\ProyectoClinica_ci\system\Model.php(625): CodeIgniter\BaseModel->insert(Array, false)
#2 C:\xampp\htdocs\ProyectoClinica_ci\system\BaseModel.php(658): CodeIgniter\Model->insert(Array, false)
#3 C:\xampp\htdocs\ProyectoClinica_ci\app\Controllers\Usuarios.php(64): CodeIgniter\BaseModel->save(Array)
#4 C:\xampp\htdocs\ProyectoClinica_ci\system\CodeIgniter.php(832): App\Controllers\Usuarios->registrarDatos()
#5 C:\xampp\htdocs\ProyectoClinica_ci\system\CodeIgniter.php(419): CodeIgniter\CodeIgniter->runController(Object(App\Controllers\Usuarios))
#6 C:\xampp\htdocs\ProyectoClinica_ci\system\CodeIgniter.php(326): CodeIgniter\CodeIgniter->handleRequest(NULL, Object(Config\Cache), false)
#7 C:\xampp\htdocs\ProyectoClinica_ci\index.php(37): CodeIgniter\CodeIgniter->run()
#8 {main}
CRITICAL - 2022-11-08 23:42:47 --> There is no data to insert.
#0 C:\xampp\htdocs\ProyectoClinica_ci\system\BaseModel.php(718): CodeIgniter\Database\Exceptions\DataException::forEmptyDataset('insert')
#1 C:\xampp\htdocs\ProyectoClinica_ci\system\Model.php(625): CodeIgniter\BaseModel->insert(Array, false)
#2 C:\xampp\htdocs\ProyectoClinica_ci\system\BaseModel.php(658): CodeIgniter\Model->insert(Array, false)
#3 C:\xampp\htdocs\ProyectoClinica_ci\app\Controllers\Usuarios.php(64): CodeIgniter\BaseModel->save(Array)
#4 C:\xampp\htdocs\ProyectoClinica_ci\system\CodeIgniter.php(832): App\Controllers\Usuarios->registrarDatos()
#5 C:\xampp\htdocs\ProyectoClinica_ci\system\CodeIgniter.php(419): CodeIgniter\CodeIgniter->runController(Object(App\Controllers\Usuarios))
#6 C:\xampp\htdocs\ProyectoClinica_ci\system\CodeIgniter.php(326): CodeIgniter\CodeIgniter->handleRequest(NULL, Object(Config\Cache), false)
#7 C:\xampp\htdocs\ProyectoClinica_ci\index.php(37): CodeIgniter\CodeIgniter->run()
#8 {main}
CRITICAL - 2022-11-08 23:42:57 --> There is no data to insert.
#0 C:\xampp\htdocs\ProyectoClinica_ci\system\BaseModel.php(718): CodeIgniter\Database\Exceptions\DataException::forEmptyDataset('insert')
#1 C:\xampp\htdocs\ProyectoClinica_ci\system\Model.php(625): CodeIgniter\BaseModel->insert(Array, false)
#2 C:\xampp\htdocs\ProyectoClinica_ci\system\BaseModel.php(658): CodeIgniter\Model->insert(Array, false)
#3 C:\xampp\htdocs\ProyectoClinica_ci\app\Controllers\Usuarios.php(64): CodeIgniter\BaseModel->save(Array)
#4 C:\xampp\htdocs\ProyectoClinica_ci\system\CodeIgniter.php(832): App\Controllers\Usuarios->registrarDatos()
#5 C:\xampp\htdocs\ProyectoClinica_ci\system\CodeIgniter.php(419): CodeIgniter\CodeIgniter->runController(Object(App\Controllers\Usuarios))
#6 C:\xampp\htdocs\ProyectoClinica_ci\system\CodeIgniter.php(326): CodeIgniter\CodeIgniter->handleRequest(NULL, Object(Config\Cache), false)
#7 C:\xampp\htdocs\ProyectoClinica_ci\index.php(37): CodeIgniter\CodeIgniter->run()
#8 {main}
CRITICAL - 2022-11-08 23:55:36 --> There is no data to insert.
#0 C:\xampp\htdocs\ProyectoClinica_ci\system\BaseModel.php(718): CodeIgniter\Database\Exceptions\DataException::forEmptyDataset('insert')
#1 C:\xampp\htdocs\ProyectoClinica_ci\system\Model.php(625): CodeIgniter\BaseModel->insert(Array, false)
#2 C:\xampp\htdocs\ProyectoClinica_ci\system\BaseModel.php(658): CodeIgniter\Model->insert(Array, false)
#3 C:\xampp\htdocs\ProyectoClinica_ci\app\Controllers\Usuarios.php(60): CodeIgniter\BaseModel->save(Array)
#4 C:\xampp\htdocs\ProyectoClinica_ci\system\CodeIgniter.php(832): App\Controllers\Usuarios->registrarDatos()
#5 C:\xampp\htdocs\ProyectoClinica_ci\system\CodeIgniter.php(419): CodeIgniter\CodeIgniter->runController(Object(App\Controllers\Usuarios))
#6 C:\xampp\htdocs\ProyectoClinica_ci\system\CodeIgniter.php(326): CodeIgniter\CodeIgniter->handleRequest(NULL, Object(Config\Cache), false)
#7 C:\xampp\htdocs\ProyectoClinica_ci\index.php(37): CodeIgniter\CodeIgniter->run()
#8 {main}
CRITICAL - 2022-11-08 23:56:01 --> There is no data to insert.
#0 C:\xampp\htdocs\ProyectoClinica_ci\system\BaseModel.php(718): CodeIgniter\Database\Exceptions\DataException::forEmptyDataset('insert')
#1 C:\xampp\htdocs\ProyectoClinica_ci\system\Model.php(625): CodeIgniter\BaseModel->insert(Array, false)
#2 C:\xampp\htdocs\ProyectoClinica_ci\system\BaseModel.php(658): CodeIgniter\Model->insert(Array, false)
#3 C:\xampp\htdocs\ProyectoClinica_ci\app\Controllers\Usuarios.php(60): CodeIgniter\BaseModel->save(Array)
#4 C:\xampp\htdocs\ProyectoClinica_ci\system\CodeIgniter.php(832): App\Controllers\Usuarios->registrarDatos()
#5 C:\xampp\htdocs\ProyectoClinica_ci\system\CodeIgniter.php(419): CodeIgniter\CodeIgniter->runController(Object(App\Controllers\Usuarios))
#6 C:\xampp\htdocs\ProyectoClinica_ci\system\CodeIgniter.php(326): CodeIgniter\CodeIgniter->handleRequest(NULL, Object(Config\Cache), false)
#7 C:\xampp\htdocs\ProyectoClinica_ci\index.php(37): CodeIgniter\CodeIgniter->run()
#8 {main}
CRITICAL - 2022-11-08 23:56:06 --> There is no data to insert.
#0 C:\xampp\htdocs\ProyectoClinica_ci\system\BaseModel.php(718): CodeIgniter\Database\Exceptions\DataException::forEmptyDataset('insert')
#1 C:\xampp\htdocs\ProyectoClinica_ci\system\Model.php(625): CodeIgniter\BaseModel->insert(Array, false)
#2 C:\xampp\htdocs\ProyectoClinica_ci\system\BaseModel.php(658): CodeIgniter\Model->insert(Array, false)
#3 C:\xampp\htdocs\ProyectoClinica_ci\app\Controllers\Usuarios.php(60): CodeIgniter\BaseModel->save(Array)
#4 C:\xampp\htdocs\ProyectoClinica_ci\system\CodeIgniter.php(832): App\Controllers\Usuarios->registrarDatos()
#5 C:\xampp\htdocs\ProyectoClinica_ci\system\CodeIgniter.php(419): CodeIgniter\CodeIgniter->runController(Object(App\Controllers\Usuarios))
#6 C:\xampp\htdocs\ProyectoClinica_ci\system\CodeIgniter.php(326): CodeIgniter\CodeIgniter->handleRequest(NULL, Object(Config\Cache), false)
#7 C:\xampp\htdocs\ProyectoClinica_ci\index.php(37): CodeIgniter\CodeIgniter->run()
#8 {main}
