CRITICAL - 2022-11-13 18:18:32 --> Too few arguments to function App\Controllers\PersonalMedico::eliminarRegistro(), 0 passed in C:\laragon\www\ProyectoClinica_ci\system\CodeIgniter.php on line 832 and exactly 1 expected
#0 C:\laragon\www\ProyectoClinica_ci\system\CodeIgniter.php(832): App\Controllers\PersonalMedico->eliminarRegistro()
#1 C:\laragon\www\ProyectoClinica_ci\system\CodeIgniter.php(419): CodeIgniter\CodeIgniter->runController(Object(App\Controllers\PersonalMedico))
#2 C:\laragon\www\ProyectoClinica_ci\system\CodeIgniter.php(326): CodeIgniter\CodeIgniter->handleRequest(NULL, Object(Config\Cache), false)
#3 C:\laragon\www\ProyectoClinica_ci\index.php(37): CodeIgniter\CodeIgniter->run()
#4 {main}
CRITICAL - 2022-11-13 18:29:59 --> Too few arguments to function App\Controllers\PersonalMedico::eliminarRegistro(), 0 passed in C:\laragon\www\ProyectoClinica_ci\system\CodeIgniter.php on line 832 and exactly 1 expected
#0 C:\laragon\www\ProyectoClinica_ci\system\CodeIgniter.php(832): App\Controllers\PersonalMedico->eliminarRegistro()
#1 C:\laragon\www\ProyectoClinica_ci\system\CodeIgniter.php(419): CodeIgniter\CodeIgniter->runController(Object(App\Controllers\PersonalMedico))
#2 C:\laragon\www\ProyectoClinica_ci\system\CodeIgniter.php(326): CodeIgniter\CodeIgniter->handleRequest(NULL, Object(Config\Cache), false)
#3 C:\laragon\www\ProyectoClinica_ci\index.php(37): CodeIgniter\CodeIgniter->run()
#4 {main}
CRITICAL - 2022-11-13 18:33:16 --> Too few arguments to function App\Controllers\PersonalMedico::eliminarRegistro(), 0 passed in C:\laragon\www\ProyectoClinica_ci\system\CodeIgniter.php on line 832 and exactly 1 expected
#0 C:\laragon\www\ProyectoClinica_ci\system\CodeIgniter.php(832): App\Controllers\PersonalMedico->eliminarRegistro()
#1 C:\laragon\www\ProyectoClinica_ci\system\CodeIgniter.php(419): CodeIgniter\CodeIgniter->runController(Object(App\Controllers\PersonalMedico))
#2 C:\laragon\www\ProyectoClinica_ci\system\CodeIgniter.php(326): CodeIgniter\CodeIgniter->handleRequest(NULL, Object(Config\Cache), false)
#3 C:\laragon\www\ProyectoClinica_ci\index.php(37): CodeIgniter\CodeIgniter->run()
#4 {main}
CRITICAL - 2022-11-13 18:50:11 --> Too few arguments to function App\Controllers\PersonalMedico::eliminarRegistro(), 0 passed in C:\laragon\www\ProyectoClinica_ci\system\CodeIgniter.php on line 832 and exactly 1 expected
#0 C:\laragon\www\ProyectoClinica_ci\system\CodeIgniter.php(832): App\Controllers\PersonalMedico->eliminarRegistro()
#1 C:\laragon\www\ProyectoClinica_ci\system\CodeIgniter.php(419): CodeIgniter\CodeIgniter->runController(Object(App\Controllers\PersonalMedico))
#2 C:\laragon\www\ProyectoClinica_ci\system\CodeIgniter.php(326): CodeIgniter\CodeIgniter->handleRequest(NULL, Object(Config\Cache), false)
#3 C:\laragon\www\ProyectoClinica_ci\index.php(37): CodeIgniter\CodeIgniter->run()
#4 {main}
CRITICAL - 2022-11-13 18:50:21 --> Too few arguments to function App\Controllers\PersonalMedico::eliminarRegistro(), 0 passed in C:\laragon\www\ProyectoClinica_ci\system\CodeIgniter.php on line 832 and exactly 1 expected
#0 C:\laragon\www\ProyectoClinica_ci\system\CodeIgniter.php(832): App\Controllers\PersonalMedico->eliminarRegistro()
#1 C:\laragon\www\ProyectoClinica_ci\system\CodeIgniter.php(419): CodeIgniter\CodeIgniter->runController(Object(App\Controllers\PersonalMedico))
#2 C:\laragon\www\ProyectoClinica_ci\system\CodeIgniter.php(326): CodeIgniter\CodeIgniter->handleRequest(NULL, Object(Config\Cache), false)
#3 C:\laragon\www\ProyectoClinica_ci\index.php(37): CodeIgniter\CodeIgniter->run()
#4 {main}
CRITICAL - 2022-11-13 18:50:44 --> Too few arguments to function App\Controllers\PersonalMedico::eliminarRegistro(), 0 passed in C:\laragon\www\ProyectoClinica_ci\system\CodeIgniter.php on line 832 and exactly 1 expected
#0 C:\laragon\www\ProyectoClinica_ci\system\CodeIgniter.php(832): App\Controllers\PersonalMedico->eliminarRegistro()
#1 C:\laragon\www\ProyectoClinica_ci\system\CodeIgniter.php(419): CodeIgniter\CodeIgniter->runController(Object(App\Controllers\PersonalMedico))
#2 C:\laragon\www\ProyectoClinica_ci\system\CodeIgniter.php(326): CodeIgniter\CodeIgniter->handleRequest(NULL, Object(Config\Cache), false)
#3 C:\laragon\www\ProyectoClinica_ci\index.php(37): CodeIgniter\CodeIgniter->run()
#4 {main}
CRITICAL - 2022-11-13 18:52:52 --> Too few arguments to function App\Controllers\PersonalMedico::eliminarRegistro(), 0 passed in C:\laragon\www\ProyectoClinica_ci\system\CodeIgniter.php on line 832 and exactly 1 expected
#0 C:\laragon\www\ProyectoClinica_ci\system\CodeIgniter.php(832): App\Controllers\PersonalMedico->eliminarRegistro()
#1 C:\laragon\www\ProyectoClinica_ci\system\CodeIgniter.php(419): CodeIgniter\CodeIgniter->runController(Object(App\Controllers\PersonalMedico))
#2 C:\laragon\www\ProyectoClinica_ci\system\CodeIgniter.php(326): CodeIgniter\CodeIgniter->handleRequest(NULL, Object(Config\Cache), false)
#3 C:\laragon\www\ProyectoClinica_ci\index.php(37): CodeIgniter\CodeIgniter->run()
#4 {main}
ERROR - 2022-11-13 20:31:13 --> Cannot delete or update a parent row: a foreign key constraint fails (`db_clinica`.`personal`, CONSTRAINT `personal_ibfk_2` FOREIGN KEY (`idTipoTrabajador`) REFERENCES `tipotrabajador` (`idTipoTrabajador`))
ERROR - 2022-11-13 20:31:31 --> Cannot delete or update a parent row: a foreign key constraint fails (`db_clinica`.`personal`, CONSTRAINT `personal_ibfk_2` FOREIGN KEY (`idTipoTrabajador`) REFERENCES `tipotrabajador` (`idTipoTrabajador`))
ERROR - 2022-11-13 20:32:40 --> Cannot delete or update a parent row: a foreign key constraint fails (`db_clinica`.`personal`, CONSTRAINT `personal_ibfk_2` FOREIGN KEY (`idTipoTrabajador`) REFERENCES `tipotrabajador` (`idTipoTrabajador`))
CRITICAL - 2022-11-13 20:52:28 --> Trying to access array offset on value of type null
#0 C:\laragon\www\ProyectoClinica_ci\app\Views\personalmedico\actualizar.php(9): CodeIgniter\Debug\Exceptions->errorHandler(2, 'Trying to acces...', 'C:\\laragon\\www\\...', 9)
#1 C:\laragon\www\ProyectoClinica_ci\system\View\View.php(210): include('C:\\laragon\\www\\...')
#2 C:\laragon\www\ProyectoClinica_ci\system\View\View.php(213): CodeIgniter\View\View->CodeIgniter\View\{closure}()
#3 C:\laragon\www\ProyectoClinica_ci\system\Common.php(1089): CodeIgniter\View\View->render('personalmedico/...', Array, true)
#4 C:\laragon\www\ProyectoClinica_ci\app\Views\index.php(145): view('personalmedico/...')
#5 C:\laragon\www\ProyectoClinica_ci\system\View\View.php(210): include('C:\\laragon\\www\\...')
#6 C:\laragon\www\ProyectoClinica_ci\system\View\View.php(213): CodeIgniter\View\View->CodeIgniter\View\{closure}()
#7 C:\laragon\www\ProyectoClinica_ci\system\Common.php(1089): CodeIgniter\View\View->render('index', Array, true)
#8 C:\laragon\www\ProyectoClinica_ci\app\Controllers\PersonalMedico.php(214): view('index', Array)
#9 C:\laragon\www\ProyectoClinica_ci\system\CodeIgniter.php(832): App\Controllers\PersonalMedico->verRegistro('60')
#10 C:\laragon\www\ProyectoClinica_ci\system\CodeIgniter.php(419): CodeIgniter\CodeIgniter->runController(Object(App\Controllers\PersonalMedico))
#11 C:\laragon\www\ProyectoClinica_ci\system\CodeIgniter.php(326): CodeIgniter\CodeIgniter->handleRequest(NULL, Object(Config\Cache), false)
#12 C:\laragon\www\ProyectoClinica_ci\index.php(37): CodeIgniter\CodeIgniter->run()
#13 {main}
